 EE\ EE\                           EE\       EE\                      
EEE\    EEE |EE | EE  |      EE  _____|                                    EE |\__|                          EE |      \__|                     
EEEE\  EEEE |EE |EE  /       EE |      EEEEEEE\   EEEEEEE\  EEEEEE\   EEEEEEE |EE\ EEEEEEE\   EEEEEE\        EE |      EE\ EE\    EE\  EEEEEE\  
EE\EE\EE EE |EEEEE  /        EEEEE\    EE  __EE\ EE  _____|EE  __EE\ EE  __EE |EE |EE  __EE\ EE  __EE\       EE |      EE |\EE\  EE  |EE  __EE\ 
EE \EEE  EE |EE  EE<         EE  __|   EE |  EE |EE /      EE /  EE |EE /  EE |EE |EE |  EE |EE /  EE |      EE |      EE | \EE\EE  / EEEEEEEE |
EE |\E  /EE |EE |\EE\        EE |      EE |  EE |EE |      EE |  EE |EE |  EE |EE |EE |  EE |EE |  EE |      EE |      EE |  \EEE  /  EE   ____|
EE | \_/ EE |EE | \EE\       EEEEEEEE\ EE |  EE |\EEEEEEE\ \EEEEEE  |\EEEEEEE |EE |EE |  EE |\EEEEEEE |      EEEEEEEE\ EE |   \E  /   \EEEEEEE\ 
\__|     \__|\__|  \__|      \________|\__|  \__| \_______| \______/  \_______|\__|\__|  \__| \____EE |      \________|\__|    \_/     \_______|
                                                                                             EE\   EE |                                         
                                                                                             \EEEEEE  |                                         
                                                                                              \______/                                         
[INFO] Standalone mode detected
[INFO] Configuring el config
[INFO] Configuring el connector
[INFO] Configuring internal pois resiliency
[INFO] Configuring live sources config
[INFO] Configuring automation config
[INFO] Configuring Connector in server daemon
[INFO] Configuring interface discovery
[INFO] Enable Feature in controller
[INFO] Deleting liveencoder rabbitmq queues
[INFO] Deleting alarm-collector rabbitmq queues
[WARNING] Fail to remove queue: alarm-collector
[INFO] Restarting EL services
[INFO] Configuring system
[INFO] Service postfix restart
[INFO] Patch firewalld
MFVPEL controller app: configuration successful
/opt/ericsson/encoding-live-server/setup/configure.sh   --licenseServerIP 192.168.21.52 --controllerIP 192.168.21.52 --localIP 192.168.21.52 --serverID standalone   --enableSyncSysClkToPtp --disableNMOS
EE\      EE\ EE\   EE\       EEEEEEEE\                                     EE\ EE\                           EE\       EE\                      
EEE\    EEE |EE | EE  |      EE  _____|                                    EE |\__|                          EE |      \__|                     
EEEE\  EEEE |EE |EE  /       EE |      EEEEEEE\   EEEEEEE\  EEEEEE\   EEEEEEE |EE\ EEEEEEE\   EEEEEE\        EE |      EE\ EE\    EE\  EEEEEE\  
EE\EE\EE EE |EEEEE  /        EEEEE\    EE  __EE\ EE  _____|EE  __EE\ EE  __EE |EE |EE  __EE\ EE  __EE\       EE |      EE |\EE\  EE  |EE  __EE\ 
EE \EEE  EE |EE  EE<         EE  __|   EE |  EE |EE /      EE /  EE |EE /  EE |EE |EE |  EE |EE /  EE |      EE |      EE | \EE\EE  / EEEEEEEE |
EE |\E  /EE |EE |\EE\        EE |      EE |  EE |EE |      EE |  EE |EE |  EE |EE |EE |  EE |EE |  EE |      EE |      EE |  \EEE  /  EE   ____|
EE | \_/ EE |EE | \EE\       EEEEEEEE\ EE |  EE |\EEEEEEE\ \EEEEEE  |\EEEEEEE |EE |EE |  EE |\EEEEEEE |      EEEEEEEE\ EE |   \E  /   \EEEEEEE\ 
\__|     \__|\__|  \__|      \________|\__|  \__| \_______| \______/  \_______|\__|\__|  \__| \____EE |      \________|\__|    \_/     \_______|
                                                                                             EE\   EE |                                         
                                                                                             \EEEEEE  |                                         
                                                                                              \______/                                         
[INFO] Standalone mode detected
[INFO] No deltacast board detected
[INFO] No VGA compatible controller Intel Corporation detected
[INFO] Executing: /opt/ericsson/encoding-live-worker/setup/setup_system_conf.sh 
Configuring ericsson-encoding-live-worker.conf
Configuring ntp
Configuring firewalld
Service firewalld restart
[INFO] Executing: /opt/ericsson/command/setup/setup_system_conf.sh
Configuring selinux for command
[INFO] Executing: /opt/ericsson/statistic/setup/setup_system_conf.sh
Configuring selinux for statistic
[INFO] Executing: /opt/ericsson/snmp/setup/setup_snmp_conf.sh
system configuration for snmp
Configuring firewall for snmp
[INFO] Configuring support package for encoding-live-server services
[INFO] Service postfix restart
[INFO] Enable and Start monitorix
[INFO] Detecting Replicaset
		[WARNING] Try 1 failed
		[WARNING] Try 2 failed
	[INFO] No replicaset detected on 192.168.21.52:27017
[INFO] Configuring server api
[INFO] Registering serverID : standalone
Server standalone already exists...
Server standalone already supports live_encoding type! or support package url
	[INFO] Checking if standalone exists on controller 192.168.21.52
	[INFO] Getting server list from controller 192.168.21.52
	[INFO] Server standalone declared on controller 192.168.21.52
[INFO] Configuring server daemon
2022-05-12 16:08:56,300 | cfg_soft | INFO     | live_encoding: update name ericsson-encoding-live -> ericsson-encoding-live
2022-05-12 16:08:56,300 | cfg_soft | INFO     | live_encoding : update version 14.0.5.35 -> 14.0.5.35
[INFO] Configuring daemon
Configuring encoding-live-worker
Configuring rsyslog
Service ericsson-encoding-live-worker condrestart
[INFO] Configuring command api
Configuring command
Service ericsson-command-api restart
Service ericsson-command-redis restart
[INFO] Configuring statistic api
Configuring statistic
Service ericsson-statistic-api restart
Service ericsson-statistic-redis restart
[INFO] Configuring snmp
[INFO] Configuring automation scheduler
[INFO] Configuring nmos: enable=false
Keep existing 820-seed.json
Warning: NOT_ENABLED: 3212:tcp
success
Warning: NOT_ENABLED: 5353:udp
success
[INFO] Patch default syslog config
[INFO] Configuring tuned-adm
Disabling ntp tinker panic
Configuring tuned-adm
[INFO] Restarting EL services
[INFO] Stopping ptp4l
[INFO] Stopping phc2sys
[INFO] Restarting ntpd
[INFO] Patch firewalld
[INFO] Updating weak modules
	[INFO] Checking if standalone exists on controller 192.168.21.52
	[INFO] Getting server list from controller 192.168.21.52
	[INFO] Server standalone declared on controller 192.168.21.52
[INFO] Remove Ghost serverId
MFVPEL server app: configuration successful
*******************************************
Tue Jul 12 19:41:23 KST 2022 - configure_standalone
/opt/ericsson/encoding-live-controller/setup/configure.sh   
EE\      EE\ EE\   EE\       EEEEEEEE\                                     EE\ EE\                           EE\       EE\                      
EEE\    EEE |EE | EE  |      EE  _____|                                    EE |\__|                          EE |      \__|                     
EEEE\  EEEE |EE |EE  /       EE |      EEEEEEE\   EEEEEEE\  EEEEEE\   EEEEEEE |EE\ EEEEEEE\   EEEEEE\        EE |      EE\ EE\    EE\  EEEEEE\  
EE\EE\EE EE |EEEEE  /        EEEEE\    EE  __EE\ EE  _____|EE  __EE\ EE  __EE |EE |EE  __EE\ EE  __EE\       EE |      EE |\EE\  EE  |EE  __EE\ 
EE \EEE  EE |EE  EE<         EE  __|   EE |  EE |EE /      EE /  EE |EE /  EE |EE |EE |  EE |EE /  EE |      EE |      EE | \EE\EE  / EEEEEEEE |
EE |\E  /EE |EE |\EE\        EE |      EE |  EE |EE |      EE |  EE |EE |  EE |EE |EE |  EE |EE |  EE |      EE |      EE |  \EEE  /  EE   ____|
EE | \_/ EE |EE | \EE\       EEEEEEEE\ EE |  EE |\EEEEEEE\ \EEEEEE  |\EEEEEEE |EE |EE |  EE |\EEEEEEE |      EEEEEEEE\ EE |   \E  /   \EEEEEEE\ 
\__|     \__|\__|  \__|      \________|\__|  \__| \_______| \______/  \_______|\__|\__|  \__| \____EE |      \________|\__|    \_/     \_______|
                                                                                             EE\   EE |                                         
                                                                                             \EEEEEE  |                                         
                                                                                              \______/                                         
[INFO] Standalone mode detected
[INFO] Configuring el config
[INFO] Configuring el connector
[INFO] Configuring internal pois resiliency
[INFO] Configuring live sources config
[INFO] Configuring automation config
[INFO] Configuring Connector in server daemon
[INFO] Configuring interface discovery
[INFO] Enable Feature in controller
[INFO] Deleting liveencoder rabbitmq queues
[INFO] Deleting alarm-collector rabbitmq queues
[WARNING] Fail to remove queue: alarm-collector
[INFO] Restarting EL services
[INFO] Configuring system
[INFO] Service postfix restart
[INFO] Patch firewalld
MFVPEL controller app: configuration successful
/opt/ericsson/encoding-live-server/setup/configure.sh   --licenseServerIP 192.168.21.51 --controllerIP 192.168.21.51 --localIP 192.168.21.51 --serverID standalone   --enableSyncSysClkToPtp --disableNMOS
EE\      EE\ EE\   EE\       EEEEEEEE\                                     EE\ EE\                           EE\       EE\                      
EEE\    EEE |EE | EE  |      EE  _____|                                    EE |\__|                          EE |      \__|                     
EEEE\  EEEE |EE |EE  /       EE |      EEEEEEE\   EEEEEEE\  EEEEEE\   EEEEEEE |EE\ EEEEEEE\   EEEEEE\        EE |      EE\ EE\    EE\  EEEEEE\  
EE\EE\EE EE |EEEEE  /        EEEEE\    EE  __EE\ EE  _____|EE  __EE\ EE  __EE |EE |EE  __EE\ EE  __EE\       EE |      EE |\EE\  EE  |EE  __EE\ 
EE \EEE  EE |EE  EE<         EE  __|   EE |  EE |EE /      EE /  EE |EE /  EE |EE |EE |  EE |EE /  EE |      EE |      EE | \EE\EE  / EEEEEEEE |
EE |\E  /EE |EE |\EE\        EE |      EE |  EE |EE |      EE |  EE |EE |  EE |EE |EE |  EE |EE |  EE |      EE |      EE |  \EEE  /  EE   ____|
EE | \_/ EE |EE | \EE\       EEEEEEEE\ EE |  EE |\EEEEEEE\ \EEEEEE  |\EEEEEEE |EE |EE |  EE |\EEEEEEE |      EEEEEEEE\ EE |   \E  /   \EEEEEEE\ 
\__|     \__|\__|  \__|      \________|\__|  \__| \_______| \______/  \_______|\__|\__|  \__| \____EE |      \________|\__|    \_/     \_______|
                                                                                             EE\   EE |                                         
                                                                                             \EEEEEE  |                                         
                                                                                              \______/                                         
[INFO] Standalone mode detected
[INFO] No deltacast board detected
[INFO] No VGA compatible controller Intel Corporation detected
[INFO] Executing: /opt/ericsson/encoding-live-worker/setup/setup_system_conf.sh 
Configuring ericsson-encoding-live-worker.conf
Configuring ntp
Configuring firewalld
Service firewalld restart
[INFO] Executing: /opt/ericsson/command/setup/setup_system_conf.sh
Configuring selinux for command
[INFO] Executing: /opt/ericsson/statistic/setup/setup_system_conf.sh
Configuring selinux for statistic
[INFO] Executing: /opt/ericsson/snmp/setup/setup_snmp_conf.sh
system configuration for snmp
Configuring firewall for snmp
[INFO] Configuring support package for encoding-live-server services
[INFO] Service postfix restart
[INFO] Enable and Start monitorix
[INFO] Detecting Replicaset
		[WARNING] Try 1 failed
		[WARNING] Try 2 failed
	[INFO] No replicaset detected on 192.168.21.51:27017
[INFO] Configuring server api
[INFO] Registering serverID : standalone
Server standalone already exists...
Server standalone already supports live_encoding type! or support package url
	[INFO] Checking if standalone exists on controller 192.168.21.51
	[INFO] Getting server list from controller 192.168.21.51
	[INFO] Server standalone declared on controller 192.168.21.51
[INFO] Configuring server daemon
2022-07-12 19:42:44,489 | cfg_soft | INFO     | live_encoding: update name ericsson-encoding-live -> ericsson-encoding-live
2022-07-12 19:42:44,489 | cfg_soft | INFO     | live_encoding : update version 14.0.5.35 -> 14.0.5.35
[INFO] Configuring daemon
Configuring encoding-live-worker
Configuring rsyslog
Service ericsson-encoding-live-worker condrestart
[INFO] Configuring command api
Configuring command
Service ericsson-command-api restart
Service ericsson-command-redis restart
[INFO] Configuring statistic api
Configuring statistic
Service ericsson-statistic-api restart
Service ericsson-statistic-redis restart
[INFO] Configuring snmp
[INFO] Configuring automation scheduler
[INFO] Configuring nmos: enable=false
Keep existing 820-seed.json
success
Warning: NOT_ENABLED: 3212:tcp
Warning: NOT_ENABLED: 5353:udp
success
[INFO] Patch default syslog config
[INFO] Configuring tuned-adm
Disabling ntp tinker panic
Configuring tuned-adm
[INFO] Restarting EL services
[INFO] Stopping ptp4l
[INFO] Stopping phc2sys
[INFO] Restarting ntpd
[INFO] Patch firewalld
[INFO] Updating weak modules
	[INFO] Checking if standalone exists on controller 192.168.21.51
	[INFO] Getting server list from controller 192.168.21.51
	[INFO] Server standalone declared on controller 192.168.21.51
[INFO] Remove Ghost serverId
MFVPEL server app: configuration successful
*******************************************
Tue Jul 12 19:47:47 KST 2022 - configure_standalone
/opt/ericsson/encoding-live-controller/setup/configure.sh   
EE\      EE\ EE\   EE\       EEEEEEEE\                                     EE\ EE\                           EE\       EE\                      
EEE\    EEE |EE | EE  |      EE  _____|                                    EE |\__|                          EE |      \__|                     
EEEE\  EEEE |EE |EE  /       EE |      EEEEEEE\   EEEEEEE\  EEEEEE\   EEEEEEE |EE\ EEEEEEE\   EEEEEE\        EE |      EE\ EE\    EE\  EEEEEE\  
EE\EE\EE EE |EEEEE  /        EEEEE\    EE  __EE\ EE  _____|EE  __EE\ EE  __EE |EE |EE  __EE\ EE  __EE\       EE |      EE |\EE\  EE  |EE  __EE\ 
EE \EEE  EE |EE  EE<         EE  __|   EE |  EE |EE /      EE /  EE |EE /  EE |EE |EE |  EE |EE /  EE |      EE |      EE | \EE\EE  / EEEEEEEE |
EE |\E  /EE |EE |\EE\        EE |      EE |  EE |EE |      EE |  EE |EE |  EE |EE |EE |  EE |EE |  EE |      EE |      EE |  \EEE  /  EE   ____|
EE | \_/ EE |EE | \EE\       EEEEEEEE\ EE |  EE |\EEEEEEE\ \EEEEEE  |\EEEEEEE |EE |EE |  EE |\EEEEEEE |      EEEEEEEE\ EE |   \E  /   \EEEEEEE\ 
\__|     \__|\__|  \__|      \________|\__|  \__| \_______| \______/  \_______|\__|\__|  \__| \____EE |      \________|\__|    \_/     \_______|
                                                                                             EE\   EE |                                         
                                                                                             \EEEEEE  |                                         
                                                                                              \______/                                         
[INFO] Standalone mode detected
[INFO] Configuring el config
[INFO] Configuring el connector
[INFO] Configuring internal pois resiliency
[INFO] Configuring live sources config
[INFO] Configuring automation config
[INFO] Configuring Connector in server daemon
[INFO] Configuring interface discovery
[INFO] Enable Feature in controller
[INFO] Deleting liveencoder rabbitmq queues
[INFO] Deleting alarm-collector rabbitmq queues
[WARNING] Fail to remove queue: alarm-collector
[INFO] Restarting EL services
[INFO] Configuring system
[INFO] Service postfix restart
[INFO] Patch firewalld
MFVPEL controller app: configuration successful
/opt/ericsson/encoding-live-server/setup/configure.sh   --licenseServerIP 192.168.21.51 --controllerIP 192.168.21.51 --localIP 192.168.21.51 --serverID standalone   --enableSyncSysClkToPtp --disableNMOS
EE\      EE\ EE\   EE\       EEEEEEEE\                                     EE\ EE\                           EE\       EE\                      
EEE\    EEE |EE | EE  |      EE  _____|                                    EE |\__|                          EE |      \__|                     
EEEE\  EEEE |EE |EE  /       EE |      EEEEEEE\Remote execution: stdout/stderr will not be logged
*******************************************
Thu May 12 15:41:59 KST 2022 - configure_standalone
/opt/ericsson/encoding-live-controller/setup/configure.sh   
/opt/ericsson/encoding-live-server/setup/configure.sh    --controllerIP 192.168.21.52  --serverID standalone   --enableSyncSysClkToPtp --disableNMOS
*******************************************
Thu May 12 15:51:38 KST 2022 - configure_standalone
/opt/ericsson/encoding-live-controller/setup/configure.sh   
EE\      EE\ EE\   EE\       EEEEEEEE\                                     EE\ EE\                           EE\       EE\                      
EEE\    EEE |EE | EE  |      EE  _____|                                    EE |\__|                          EE |      \__|                     
EEEE\  EEEE |EE |EE  /       EE |      EEEEEEE\   EEEEEEE\  EEEEEE\   EEEEEEE |EE\ EEEEEEE\   EEEEEE\        EE |      EE\ EE\    EE\  EEEEEE\  
EE\EE\EE EE |EEEEE  /        EEEEE\    EE  __EE\ EE  _____|EE  __EE\ EE  __EE |EE |EE  __EE\ EE  __EE\       EE |      EE |\EE\  EE  |EE  __EE\ 
EE \EEE  EE |EE  EE<         EE  __|   EE |  EE |EE /      EE /  EE |EE /  EE |EE |EE |  EE |EE /  EE |      EE |      EE | \EE\EE  / EEEEEEEE |
EE |\E  /EE |EE |\EE\        EE |      EE |  EE |EE |      EE |  EE |EE |  EE |EE |EE |  EE |EE |  EE |      EE |      EE |  \EEE  /  EE   ____|
EE | \_/ EE |EE | \EE\       EEEEEEEE\ EE |  EE |\EEEEEEE\ \EEEEEE  |\EEEEEEE |EE |EE |  EE |\EEEEEEE |      EEEEEEEE\ EE |   \E  /   \EEEEEEE\ 
\__|     \__|\__|  \__|      \________|\__|  \__| \_______| \______/  \_______|\__|\__|  \__| \____EE |      \________|\__|    \_/     \_______|
                                                                                             EE\   EE |                                         
                                                                                             \EEEEEE  |                                         
                                                                                              \______/                                         
[INFO] Standalone mode detected
[INFO] Configuring el config
[INFO] Configuring el connector
[INFO] Configuring internal pois resiliency
[INFO] Configuring live sources config
[INFO] Configuring automation config
[INFO] Configuring Connector in server daemon
[INFO] Configuring interface discovery
[INFO] Enable Feature in controller
[INFO] Deleting liveencoder rabbitmq queues
[INFO] Deleting alarm-collector rabbitmq queues
[WARNING] Fail to remove queue: alarm-collector
[INFO] Restarting EL services
[INFO] Configuring system
[INFO] Service postfix restart
[INFO] Patch firewalld
MFVPEL controller app: configuration successful
/opt/ericsson/encoding-live-server/setup/configure.sh   --licenseServerIP 192.168.21.52 --controllerIP 192.168.21.52 --localIP 192.168.21.52 --serverID standalone   --enableSyncSysClkToPtp --disableNMOS
EE\      EE\ EE\   EE\       EEEEEEEE\                                     EE\ EE\                           EE\       EE\                      
EEE\    EEE |EE | EE  |      EE  _____|                                    EE |\__|                          EE |      \__|                     
EEEE\  EEEE |EE |EE  /       EE |      EEEEEEE\   EEEEEEE\  EEEEEE\   EEEEEEE |EE\ EEEEEEE\   EEEEEE\        EE |      EE\ EE\    EE\  EEEEEE\  
EE\EE\EE EE |EEEEE  /        EEEEE\    EE  __EE\ EE  _____|EE  __EE\ EE  __EE |EE |EE  __EE\ EE  __EE\       EE |      EE |\EE\  EE  |EE  __EE\ 
EE \EEE  EE |EE  EE<         EE  __|   EE |  EE |EE /      EE /  EE |EE /  EE |EE |EE |  EE |EE /  EE |      EE |      EE | \EE\EE  / EEEEEEEE |
EE |\E  /EE |EE |\EE\        EE |      EE |  EE |EE |      EE |  EE |EE |  EE |EE |EE |  EE |EE |  EE |      EE |      EE |  \EEE  /  EE   ____|
EE | \_/ EE |EE | \EE\       EEEEEEEE\ EE |  EE |\EEEEEEE\ \EEEEEE  |\EEEEEEE |EE |EE |  EE |\EEEEEEE |      EEEEEEEE\ EE |   \E  /   \EEEEEEE\ 
\__|     \__|\__|  \__|      \________|\__|  \__| \_______| \______/  \_______|\__|\__|  \__| \____EE |      \________|\__|    \_/     \_______|
                                                                                             EE\   EE |                                         
                                                                                             \EEEEEE  |                                         
                                                                                              \______/                                         
[INFO] Standalone mode detected
[INFO] No deltacast board detected
[INFO] No VGA compatible controller Intel Corporation detected
[INFO] Executing: /opt/ericsson/encoding-live-worker/setup/setup_system_conf.sh 
Configuring ericsson-encoding-live-worker.conf
Configuring ntp
Configuring firewalld
Service firewalld restart
[INFO] Executing: /opt/ericsson/command/setup/setup_system_conf.sh
Configuring selinux for command
[INFO] Executing: /opt/ericsson/statistic/setup/setup_system_conf.sh
Configuring selinux for statistic
[INFO] Executing: /opt/ericsson/snmp/setup/setup_snmp_conf.sh
system configuration for snmp
Configuring firewall for snmp
[INFO] Configuring support package for encoding-live-server services
[INFO] Service postfix restart
[INFO] Enable and Start monitorix
[INFO] Detecting Replicaset
		[WARNING] Try 1 failed
		[WARNING] Try 2 failed
	[INFO] No replicaset detected on 192.168.21.52:27017
[INFO] Configuring server api
[INFO] Registering serverID : standalone
Server standalone already exists...
Server standalone already supports live_encoding type! or support package url
	[INFO] Checking if standalone exists on controller 192.168.21.52
	[INFO] Getting server list from controller 192.168.21.52
	[INFO] Server standalone declared on controller 192.168.21.52
[INFO] Configuring server daemon
2022-05-12 15:52:57,224 | cfg_soft | INFO     | live_encoding: update name ericsson-encoding-live -> ericsson-encoding-live
2022-05-12 15:52:57,224 | cfg_soft | INFO     | live_encoding : update version 14.0.5.35 -> 14.0.5.35
[INFO] Configuring daemon
Configuring encoding-live-worker
Configuring rsyslog
Service ericsson-encoding-live-worker condrestart
[INFO] Configuring command api
Configuring command
Service ericsson-command-api restart
Service ericsson-command-redis restart
[INFO] Configuring statistic api
Configuring statistic
Service ericsson-statistic-api restart
Service ericsson-statistic-redis restart
[INFO] Configuring snmp
[INFO] Configuring automation scheduler
[INFO] Configuring nmos: enable=false
Keep existing 820-seed.json
Warning: NOT_ENABLED: 3212:tcp
success
Warning: NOT_ENABLED: 5353:udp
success
[INFO] Patch default syslog config
[INFO] Configuring tuned-adm
Disabling ntp tinker panic
Configuring tuned-adm
[INFO] Restarting EL services
[INFO] Stopping ptp4l
[INFO] Stopping phc2sys
[INFO] Restarting ntpd
[INFO] Patch firewalld
[INFO] Updating weak modules
	[INFO] Checking if standalone exists on controller 192.168.21.52
	[INFO] Getting server list from controller 192.168.21.52
	[INFO] Server standalone declared on controller 192.168.21.52
[INFO] Remove Ghost serverId
MFVPEL server app: configuration successful
*******************************************
Thu May 12 16:07:36 KST 2022 - configure_standalone
/opt/ericsson/encoding-live-controller/setup/configure.sh   
EE\      EE\ EE\   EE\       EEEEEEEE\                                       EEEEEEE\  EEEEEE\   EEEEEEE |EE\ EEEEEEE\   EEEEEE\        EE |      EE\ EE\    EE\  EEEEEE\  
EE\EE\EE EE |EEEEE  /        EEEEE\    EE  __EE\ EE  _____|EE  __EE\ EE  __EE |EE |EE  __EE\ EE  __EE\       EE |      EE |\EE\  EE  |EE  __EE\ 
EE \EEE  EE |EE  EE<         EE  __|   EE |  EE |EE /      EE /  EE |EE /  EE |EE |EE |  EE |EE /  EE |      EE |      EE | \EE\EE  / EEEEEEEE |
EE |\E  /EE |EE |\EE\        EE |      EE |  EE |EE |      EE |  EE |EE |  EE |EE |EE |  EE |EE |  EE |      EE |      EE |  \EEE  /  EE   ____|
EE | \_/ EE |EE | \EE\       EEEEEEEE\ EE |  EE |\EEEEEEE\ \EEEEEE  |\EEEEEEE |EE |EE |  EE |\EEEEEEE |      EEEEEEEE\ EE |   \E  /   \EEEEEEE\ 
\__|     \__|\__|  \__|      \________|\__|  \__| \_______| \______/  \_______|\__|\__|  \__| \____EE |      \________|\__|    \_/     \_______|
                                                                                             EE\   EE |                                         
                                                                                             \EEEEEE  |                                         
                                                                                              \______/                                         
[INFO] Standalone mode detected
[INFO] No deltacast board detected
[INFO] No VGA compatible controller Intel Corporation detected
[INFO] Executing: /opt/ericsson/encoding-live-worker/setup/setup_system_conf.sh 
Configuring ericsson-encoding-live-worker.conf
Configuring ntp
Configuring firewalld
Service firewalld restart
[INFO] Executing: /opt/ericsson/command/setup/setup_system_conf.sh
Configuring selinux for command
[INFO] Executing: /opt/ericsson/statistic/setup/setup_system_conf.sh
Configuring selinux for statistic
[INFO] Executing: /opt/ericsson/snmp/setup/setup_snmp_conf.sh
system configuration for snmp
Configuring firewall for snmp
[INFO] Configuring support package for encoding-live-server services
[INFO] Service postfix restart
[INFO] Enable and Start monitorix
[INFO] Detecting Replicaset
		[WARNING] Try 1 failed
		[WARNING] Try 2 failed
	[INFO] No replicaset detected on 192.168.21.51:27017
[INFO] Configuring server api
[INFO] Registering serverID : standalone
Server standalone already exists...
Server standalone already supports live_encoding type! or support package url
	[INFO] Checking if standalone exists on controller 192.168.21.51
	[INFO] Getting server list from controller 192.168.21.51
	[INFO] Server standalone declared on controller 192.168.21.51
[INFO] Configuring server daemon
2022-07-12 19:49:07,265 | cfg_soft | INFO     | live_encoding: update name ericsson-encoding-live -> ericsson-encoding-live
2022-07-12 19:49:07,265 | cfg_soft | INFO     | live_encoding : update version 14.0.5.35 -> 14.0.5.35
[INFO] Configuring daemon
Configuring encoding-live-worker
Configuring rsyslog
Service ericsson-encoding-live-worker condrestart
[INFO] Configuring command api
Configuring command
Service ericsson-command-api restart
Service ericsson-command-redis restart
[INFO] Configuring statistic api
Configuring statistic
Service ericsson-statistic-api restart
Service ericsson-statistic-redis restart
[INFO] Configuring snmp
[INFO] Configuring automation scheduler
[INFO] Configuring nmos: enable=false
Keep existing 820-seed.json
Warning: NOT_ENABLED: 3212:tcp
success
Warning: NOT_ENABLED: 5353:udp
success
[INFO] Patch default syslog config
[INFO] Configuring tuned-adm
Disabling ntp tinker panic
Configuring tuned-adm
[INFO] Restarting EL services
[INFO] Stopping ptp4l
[INFO] Stopping phc2sys
[INFO] Restarting ntpd
[INFO] Patch firewalld
[INFO] Updating weak modules
	[INFO] Checking if standalone exists on controller 192.168.21.51
	[INFO] Getting server list from controller 192.168.21.51
	[INFO] Server standalone declared on controller 192.168.21.51
[INFO] Remove Ghost serverId
MFVPEL server app: configuration successful
Remote execution: stdout/stderr will not be logged
*******************************************
Tue Aug  8 00:50:35 KST 2023 - configure_standalone
/opt/ericsson/encoding-live-controller/setup/configure.sh   
/opt/ericsson/encoding-live-server/setup/configure.sh   --licenseServerIP 192.168.21.51 --controllerIP 192.168.21.51 --localIP 192.168.21.51 --serverID standalone   --enableSyncSysClkToPtp --disableNMOS
