[0] mimoIdx[0] healthChanged from HEALTH_STATUS_OK to HEALTH_STATUS_NOK_ES_DATA_LOSS
Feb 26 11:49:05.684131 BS18_TS03_TEST  [SWITCHER 1]  srcIdx[0] mimoIdx[0] healthChanged from HEALTH_STATUS_NOK_ES_DATA_LOSS to HEALTH_STATUS_OK
Feb 26 11:49:05.981184 BS18_TS03_TEST  [SWITCHER 1]  srcIdx[0] mimoIdx[0] healthChanged from HEALTH_STATUS_OK to HEALTH_STATUS_NOK_ES_DATA_LOSS
Feb 26 11:49:06.181916 BS18_TS03_TEST  [SWITCHER 1]  srcIdx[0] mimoIdx[0] healthChanged from HEALTH_STATUS_NOK_ES_DATA_LOSS to HEALTH_STATUS_OK
Feb 26 11:49:07.602877 BS18_TS03_TEST  [SWITCHER 1]  srcIdx[0] mimoIdx[0] healthChanged from HEALTH_STATUS_OK to HEALTH_STATUS_NOK_ES_DATA_LOSS
Feb 26 11:49:07.691119 BS18_TS03_TEST  [SWITCHER 1]  srcIdx[0] mimoIdx[0] healthChanged from HEALTH_STATUS_NOK_ES_DATA_LOSS to HEALTH_STATUS_OK
Feb 26 11:49:08.020305 BS18_TS03_TEST  [SWITCHER 1]  srcIdx[0] mimoIdx[0] healthChanged from HEALTH_STATUS_OK to HEALTH_STATUS_NOK_ES_DATA_LOSS
Feb 26 11:49:08.686739 BS18_TS03_TEST  [SWITCHER 1]  srcIdx[0] mimoIdx[0] healthChanged from HEALTH_STATUS_NOK_ES_DATA_LOSS to HEALTH_STATUS_OK
Feb 26 11:49:08.983674 BS18_TS03_TEST  [SWITCHER 1]  srcIdx[0] mimoIdx[0] healthChanged from HEALTH_STATUS_OK to HEALTH_STATUS_NOK_ES_DATA_LOSS
Feb 26 11:49:09.192475 BS18_TS03_TEST  [SWITCHER 1]  srcIdx[0] mimoIdx[0] healthChanged from HEALTH_STATUS_NOK_ES_DATA_LOSS to HEALTH_STATUS_OK
Feb 26 11:49:09.786534 BS18_TS03_TEST  [SWITCHER 1]  srcIdx[0] mimoIdx[0] healthChanged from HEALTH_STATUS_OK to HEALTH_STATUS_NOK_ES_DATA_LOSS
Feb 26 11:49:10.188009 BS18_TS03_TEST  [SWITCHER 1]  srcIdx[0] mimoIdx[0] healthChanged from HEALTH_STATUS_NOK_ES_DATA_LOSS to HEALTH_STATUS_OK
Feb 26 11:49:10.484950 BS18_TS03_TEST  [SWITCHER 1]  srcIdx[0] mimoIdx[0] healthChanged from HEALTH_STATUS_OK to HEALTH_STATUS_NOK_ES_DATA_LOSS
Feb 26 11:49:10.693682 BS18_TS03_TEST  [SWITCHER 1]  srcIdx[0] mimoIdx[0] healthChanged from HEALTH_STATUS_NOK_ES_DATA_LOSS to HEALTH_STATUS_OK
Feb 26 11:49:11.889899 BS18_TS03_TEST  [SWITCHER 1]  srcIdx[0] mimoIdx[0] healthChanged from HEALTH_STATUS_OK to HEALTH_STATUS_NOK_ES_DATA_LOSS
Feb 26 11:49:12.187021 BS18_TS03_TEST  [SWITCHER 1]  srcIdx[0] mimoIdx[0] healthChanged from HEALTH_STATUS_NOK_ES_DATA_LOSS to HEALTH_STATUS_OK
Feb 26 11:49:13.471491 BS18_TS03_TEST  [SWITCHER 1]  srcIdx[0] mimoIdx[0] healthChanged from HEALTH_STATUS_OK to HEALTH_STATUS_NOK_ES_DATA_LOSS
Feb 26 11:49:13.696255 BS18_TS03_TEST  [SWITCHER 1]  srcIdx[0] mimoIdx[0] healthChanged from HEALTH_STATUS_NOK_ES_DATA_LOSS to HEALTH_STATUS_OK
Feb 26 11:49:13.993339 BS18_TS03_TEST  [SWITCHER 1]  srcIdx[0] mimoIdx[0] healthChanged from HEALTH_STATUS_OK to HEALTH_STATUS_NOK_ES_DATA_LOSS
Feb 26 11:49:14.699911 BS18_TS03_TEST  [SWITCHER 1]  srcIdx[0] mimoIdx[0] healthChanged from HEALTH_STATUS_NOK_ES_DATA_LOSS to HEALTH_STATUS_OK
Feb 26 11:49:14.994810 BS18_TS03_TEST  [SWITCHER 1]  srcIdx[0] mimoIdx[0] healthChanged from HEALTH_STATUS_OK to HEALTH_STATUS_NOK_ES_DATA_LOSS
Feb 26 11:49:15.189677 BS18_TS03_TEST  [SWITCHER 1]  srcIdx[0] mimoIdx[0] healthChanged from HEALTH_STATUS_NOK_ES_DATA_LOSS to HEALTH_STATUS_OK
Feb 26 11:49:16.361678 BS18_TS03_TEST  [SWITCHER 1]  srcIdx[0] mimoIdx[0] healthChanged from HEALTH_STATUS_OK to HEALTH_STATUS_NOK_ES_DATA_LOSS
Feb 26 11:49:16.690865 BS18_TS03_TEST  [SWITCHER 1]  srcIdx[0] mimoIdx[0] healthChanged from HEALTH_STATUS_NOK_ES_DATA_LOSS to HEALTH_STATUS_OK
Feb 26 11:49:17.999415 BS18_TS03_TEST  [SWITCHER 1]  srcIdx[0] mimoIdx[0] healthChanged from HEALTH_STATUS_OK to HEALTH_STATUS_NOK_ES_DATA_LOSS
Feb 26 11:49:18.192180 BS18_TS03_TEST  [SWITCHER 1]  srcIdx[0] mimoIdx[0] healthChanged from HEALTH_STATUS_NOK_ES_DATA_LOSS to HEALTH_STATUS_OK
Feb 26 11:49:18.657719 BS18_TS03_TEST  [SWITCHER 1]  srcIdx[0] mimoIdx[0] healthChanged from HEALTH_STATUS_OK to HEALTH_STATUS_NOK_ES_DATA_LOSS
Feb 26 11:49:18.697879 BS18_TS03_TEST  [SWITCHER 1]  srcIdx[0] mimoIdx[0] healthChanged from HEALTH_STATUS_NOK_ES_DATA_LOSS to HEALTH_STATUS_OK
Feb 26 11:49:19.115415 BS18_TS03_TEST  [SWITCHER 1]  srcIdx[0] mimoIdx[0] healthChanged from HEALTH_STATUS_OK to HEALTH_STATUS_NOK_ES_DATA_LOSS
Feb 26 11:49:19.195795 BS18_TS03_TEST  [SWITCHER 1]  srcIdx[0] mimoIdx[0] healthChanged from HEALTH_STATUS_NOK_ES_DATA_LOSS to HEALTH_STATUS_OK
Feb 26 11:49:19.494794 BS18_TS03_TEST  [SWITCHER 1]  srcIdx[0] mimoIdx[0] healthChanged from HEALTH_STATUS_OK to HEALTH_STATUS_NOK_ES_DATA_LOSS
Feb 26 11:49:23.699570 BS18_TS03_TEST  [SWITCHER 1]  srcIdx[0] mimoIdx[0] healthChanged from HEALTH_STATUS_NOK_ES_DATA_LOSS to HEALTH_STATUS_OK
Feb 26 11:49:24.269559 BS18_TS03_TEST  [SWITCHER 1]  srcIdx[0] mimoIdx[0] healthChanged from HEALTH_STATUS_OK to HEALTH_STATUS_NOK_ES_DATA_LOSS
Feb 26 11:49:25.208895 BS18_TS03_TEST  [SWITCHER 1]  srcIdx[0] mimoIdx[0] healthChanged from HEALTH_STATUS_NOK_ES_DATA_LOSS to HEALTH_STATUS_OK
Feb 26 11:49:25.706644 BS18_TS03_TEST  [SWITCHER 1]  srcIdx[0] mimoIdx[0] healthChanged from HEALTH_STATUS_OK to HEALTH_STATUS_NOK_ES_DATA_LOSS
Feb 26 11:49:26.204614 BS18_TS03_TEST  [SWITCHER 1]  srcIdx[0] mimoIdx[0] healthChanged from HEALTH_STATUS_NOK_ES_DATA_LOSS to HEALTH_STATUS_OK
Feb 26 11:49:26.501387 BS18_TS03_TEST  [SWITCHER 1]  srcIdx[0] mimoIdx[0] healthChanged from HEALTH_STATUS_OK to HEALTH_STATUS_NOK_ES_DATA_LOSS
Feb 26 11:49:26.702144 BS18_TS03_TEST  [SWITCHER 1]  srcIdx[0] mimoIdx[0] healthChanged from HEALTH_STATUS_NOK_ES_DATA_LOSS to HEALTH_STATUS_OK
Feb 26 11:49:27.023314 BS18_TS03_TEST  [SWITCHER 1]  srcIdx[0] mimoIdx[0] healthChanged from HEALTH_STATUS_OK to HEALTH_STATUS_NOK_ES_DATA_LOSS
Feb 26 11:49:27.207999 BS18_TS03_TEST  [SWITCHER 1]  srcIdx[0] mimoIdx[0] healthChanged from HEALTH_STATUS_NOK_ES_DATA_LOSS to HEALTH_STATUS_OK
Feb 26 11:49:27.577215 BS18_TS03_TEST  [SWITCHER 1]  srcIdx[0] mimoIdx[0] healthChanged from HEALTH_STATUS_OK to HEALTH_STATUS_NOK_ES_DATA_LOSS
Feb 26 11:49:28.211518 BS18_TS03_TEST  [SWITCHER 1]  srcIdx[0] mimoIdx[0] healthChanged from HEALTH_STATUS_NOK_ES_DATA_LOSS to HEALTH_STATUS_OK
Feb 26 11:49:28.661043 BS18_TS03_TEST  [SWITCHER 1]  srcIdx[0] mimoIdx[0] healthChanged from HEALTH_STATUS_OK to HEALTH_STATUS_NOK_ES_DATA_LOSS
Feb 26 11:49:29.712745 BS18_TS03_TEST  [SWITCHER 1]  srcIdx[0] mimoIdx[0] healthChanged from HEALTH_STATUS_NOK_ES_DATA_LOSS to HEALTH_STATUS_OK
Feb 26 11:49:30.194440 BS18_TS03_TEST  [SWITCHER 1]  srcIdx[0] mimoIdx[0] healthChanged from HEALTH_STATUS_OK to HEALTH_STATUS_NOK_ES_DATA_LOSS
Feb 26 11:49:30.708264 BS18_TS03_TEST  [SWITCHER 1]  srcIdx[0] mimoIdx[0] healthChanged from HEALTH_STATUS_NOK_ES_DATA_LOSS to HEALTH_STATUS_OK
Feb 26 11:49:31.013436 BS18_TS03_TEST  [SWITCHER 1]  srcIdx[0] mimoIdx[0] healthChanged from HEALTH_STATUS_OK to HEALTH_STATUS_NOK_ES_DATA_LOSS
Feb 26 11:49:31.214108 BS18_TS03_TEST  [SWITCHER 1]  srcIdx[0] mimoIdx[0] healthChanged from HEALTH_STATUS_NOK_ES_DATA_LOSS to HEALTH_STATUS_OK
Feb 26 11:49:31.639568 BS18_TS03_TEST  [SWITCHER 1]  srcIdx[0] mimoIdx[0] healthChanged from HEALTH_STATUS_OK to HEALTH_STATUS_NOK_ES_DATA_LOSS
Feb 26 11:49:33.213102 BS18_TS03_TEST  [SWITCHER 1]  srcIdx[0] mimoIdx[0] healthChanged from HEALTH_STATUS_NOK_ES_DATA_LOSS to HEALTH_STATUS_OK
Feb 26 11:49:33.935607 BS18_TS03_TEST  [SWITCHER 1]  srcIdx[0] mimoIdx[0] healthChanged from HEALTH_STATUS_OK to HEALTH_STATUS_NOK_ES_DATA_LOSS
Feb 26 11:49:34.208649 BS18_TS03_TEST  [SWITCHER 1]  srcIdx[0] mimoIdx[0] healthChanged from HEALTH_STATUS_NOK_ES_DATA_LOSS to HEALTH_STATUS_OK
Feb 26 11:49:34.529676 BS18_TS03_TEST  [SWITCHER 1]  srcIdx[0] mimoIdx[0] healthChanged from HEALTH_STATUS_OK to HEALTH_STATUS_NOK_ES_DATA_LOSS
Feb 26 11:49:34.714465 BS18_TS03_TEST  [SWITCHER 1]  srcIdx[0] mimoIdx[0] healthChanged from HEALTH_STATUS_NOK_ES_DATA_LOSS to HEALTH_STATUS_OK
Feb 26 11:49:35.581432 BS18_TS03_TEST  [SWITCHER 1]  srcIdx[0] mimoIdx[0] healthChanged from HEALTH_STATUS_OK to HEALTH_STATUS_NOK_ES_DATA_LOSS
Feb 26 11:49:35.709810 BS18_TS03_TEST  [SWITCHER 1]  srcIdx[0] mimoIdx[0] healthChanged from HEALTH_STATUS_NOK_ES_DATA_LOSS to HEALTH_STATUS_OK
Feb 26 11:49:36.111259 BS18_TS03_TEST  [SWITCHER 1]  srcIdx[0] mimoIdx[0] healthChanged from HEALTH_STATUS_OK to HEALTH_STATUS_NOK_ES_DATA_LOSS
Feb 26 11:49:36.215724 BS18_TS03_TEST  [SWITCHER 1]  srcIdx[0] mimoIdx[0] healthChanged from HEALTH_STATUS_NOK_ES_DATA_LOSS to HEALTH_STATUS_OK
Feb 26 11:49:36.552845 BS18_TS03_TEST  [SWITCHER 1]  srcIdx[0] mimoIdx[0] healthChanged from HEALTH_STATUS_OK to HEALTH_STATUS_NOK_ES_DATA_LOSS
Feb 26 11:49:37.717020 BS18_TS03_TEST  [SWITCHER 1]  srcIdx[0] mimoIdx[0] healthChanged from HEALTH_STATUS_NOK_ES_DATA_LOSS to HEALTH_STATUS_OK
Feb 26 11:49:38.319044 BS18_TS03_TEST  [SWITCHER 1]  srcIdx[0] mimoIdx[0] healthChanged from HEALTH_STATUS_OK to HEALTH_STATUS_NOK_ES_DATA_LOSS
Feb 26 11:49:38.720510 BS18_TS03_TEST  [SWITCHER 1]  srcIdx[0] mimoIdx[0] healthChanged from HEALTH_STATUS_NOK_ES_DATA_LOSS to HEALTH_STATUS_OK
Feb 26 11:49:39.017531 BS18_TS03_TEST  [SWITCHER 1]  srcIdx[0] mimoIdx[0] healthChanged from HEALTH_STATUS_OK to HEALTH_STATUS_NOK_ES_DATA_LOSS
Feb 26 11:49:39.218353 BS18_TS03_TEST  [SWITCHER 1]  srcIdx[0] mimoIdx[0] healthChanged from HEALTH_STATUS_NOK_ES_DATA_LOSS to HEALTH_STATUS_OK
Feb 26 11:49:39.852463 BS18_TS03_TEST  [SWITCHER 1]  srcIdx[0] mimoIdx[0] healthChanged from HEALTH_STATUS_OK to HEALTH_STATUS_NOK_ES_DATA_LOSS
Feb 26 11:49:40.719549 BS18_TS03_TEST  [SWITCHER 1]  srcIdx[0] mimoIdx[0] healthChanged from HEALTH_STATUS_NOK_ES_DATA_LOSS to HEALTH_STATUS_OK
Feb 26 11:49:41.289572 BS18_TS03_TEST  [SWITCHER 1]  srcIdx[0] mimoIdx[0] healthChanged from HEALTH_STATUS_OK to HEALTH_STATUS_NOK_ES_DATA_LOSS
Feb 26 11:49:42.220819 BS18_TS03_TEST  [SWITCHER 1]  srcIdx[0] mimoIdx[0] healthChanged from HEALTH_STATUS_NOK_ES_DATA_LOSS to HEALTH_STATUS_OK
Feb 26 11:49:42.517826 BS18_TS03_TEST  [SWITCHER 1]  srcIdx[0] mimoIdx[0] healthChanged from HEALTH_STATUS_OK to HEALTH_STATUS_NOK_ES_DATA_LOSS
Feb 26 11:49:43.224391 BS18_TS03_TEST  [SWITCHER 1]  srcIdx[0] mimoIdx[0] healthChanged from HEALTH_STATUS_NOK_ES_DATA_LOSS to HEALTH_STATUS_OK
Feb 26 11:49:43.521463 BS18_TS03_TEST  [SWITCHER 1]  srcIdx[0] mimoIdx[0] healthChanged from HEALTH_STATUS_OK to HEALTH_STATUS_NOK_ES_DATA_LOSS
Feb 26 11:49:43.722106 BS18_TS03_TEST  [SWITCHER 1]  srcIdx[0] mimoIdx[0] healthChanged from HEALTH_STATUS_NOK_ES_DATA_LOSS to HEALTH_STATUS_OK
Feb 26 11:49:44.123512 BS18_TS03_TEST  [SWITCHER 1]  srcIdx[0] mimoIdx[0] healthChanged from HEALTH_STATUS_OK to HEALTH_STATUS_NOK_ES_DATA_LOSS
Feb 26 11:49:45.223449 BS18_TS03_TEST  [SWITCHER 1]  srcIdx[0] mimoIdx[0] healthChanged from HEALTH_STATUS_NOK_ES_DATA_LOSS to HEALTH_STATUS_OK
Feb 26 11:49:46.427607 BS18_TS03_TEST  [SWITCHER 1]  srcIdx[0] mimoIdx[0] healthChanged from HEALTH_STATUS_OK to HEALTH_STATUS_NOK_ES_DATA_LOSS
Feb 26 11:49:46.724675 BS18_TS03_TEST  [SWITCHER 1]  srcIdx[0] mimoIdx[0] healthChanged from HEALTH_STATUS_NOK_ES_DATA_LOSS to HEALTH_STATUS_OK
Feb 26 11:49:47.126127 BS18_TS03_TEST  [SWITCHER 1]  srcIdx[0] mimoIdx[0] healthChanged from HEALTH_STATUS_OK to HEALTH_STATUS_NOK_ES_DATA_LOSS
Feb 26 11:49:47.230548 BS18_TS03_TEST  [SWITCHER 1]  srcIdx[0] mimoIdx[0] healthChanged from HEALTH_STATUS_NOK_ES_DATA_LOSS to HEALTH_STATUS_OK
Feb 26 11:49:48.009174 BS18_TS03_TEST  [SWITCHER 1]  srcIdx[0] mimoIdx[0] healthChanged from HEALTH_STATUS_OK to HEALTH_STATUS_NOK_ES_DATA_LOSS
Feb 26 11:49:48.234073 BS18_TS03_TEST  [SWITCHER 1]  srcIdx[0] mimoIdx[0] healthChanged from HEALTH_STATUS_NOK_ES_DATA_LOSS to HEALTH_STATUS_OK
Feb 26 11:49:48.563153 BS18_TS03_TEST  [SWITCHER 1]  srcIdx[0] mimoIdx[0] healthChanged from HEALTH_STATUS_OK to HEALTH_STATUS_NOK_ES_DATA_LOSS
Feb 26 11:49:48.723678 BS18_TS03_TEST  [SWITCHER 1]  srcIdx[0] mimoIdx[0] healthChanged from HEALTH_STATUS_NOK_ES_DATA_LOSS to HEALTH_STATUS_OK
Feb 26 11:49:49.510478 BS18_TS03_TEST  [SWITCHER 1]  srcIdx[0] mimoIdx[0] healthChanged from HEALTH_STATUS_OK to HEALTH_STATUS_NOK_ES_DATA_LOSS
Feb 26 11:49:49.727207 BS18_TS03_TEST  [SWITCHER 1]  srcIdx[0] mimoIdx[0] healthChanged from HEALTH_STATUS_NOK_ES_DATA_LOSS to HEALTH_STATUS_OK
Feb 26 11:49:50.827116 BS18_TS03_TEST  [SWITCHER 1]  srcIdx[0] mimoIdx[0] healthChanged from HEALTH_STATUS_OK to HEALTH_STATUS_NOK_ES_DATA_LOSS
Feb 26 11:49:51.228585 BS18_TS03_TEST  [SWITCHER 1]  srcIdx[0] mimoIdx[0] healthChanged from HEALTH_STATUS_NOK_ES_DATA_LOSS to HEALTH_STATUS_OK
Feb 26 11:49:51.525617 BS18_TS03_TEST  [SWITCHER 1]  srcIdx[0] mimoIdx[0] healthChanged from HEALTH_STATUS_OK to HEALTH_STATUS_NOK_ES_DATA_LOSS
Feb 26 11:49:52.737894 BS18_TS03_TEST  [SWITCHER 1]  srcIdx[0] mimoIdx[0] healthChanged from HEALTH_STATUS_NOK_ES_DATA_LOSS to HEALTH_STATUS_OK
Feb 26 11:49:53.050951 BS18_TS03_TEST  [SWITCHER 1]  srcIdx[0] mimoIdx[0] healthChanged from HEALTH_STATUS_OK to HEALTH_STATUS_NOK_ES_DATA_LOSS
Feb 26 11:49:53.733411 BS18_TS03_TEST  [SWITCHER 1]  srcIdx[0] mimoIdx[0] healthChanged from HEALTH_STATUS_NOK_ES_DATA_LOSS to HEALTH_STATUS_OK
Feb 26 11:49:54.255253 BS18_TS03_TEST  [SWITCHER 1]  srcIdx[0] mimoIdx[0] healthChanged from HEALTH_STATUS_OK to HEALTH_STATUS_NOK_ES_DATA_LOSS
Feb 26 11:49:55.234685 BS18_TS03_TEST  [SWITCHER 1]  srcIdx[0] mimoIdx[0] healthChanged from HEALTH_STATUS_NOK_ES_DATA_LOSS to HEALTH_STATUS_OK
Feb 26 11:49:55.652136 BS18_TS03_TEST  [SWITCHER 1]  srcIdx[0] mimoIdx[0] healthChanged from HEALTH_STATUS_OK to HEALTH_STATUS_NOK_ES_DATA_LOSS
Feb 26 11:49:55.732429 BS18_TS03_TEST  [SWITCHER 1]  srcIdx[0] mimoIdx[0] healthChanged from HEALTH_STATUS_NOK_ES_DATA_LOSS to HEALTH_STATUS_OK
Feb 26 11:49:56.029473 BS18_TS03_TEST  [SWITCHER 1]  srcIdx[0] mimoIdx[0] healthChanged from HEALTH_STATUS_OK to HEALTH_STATUS_NOK_ES_DATA_LOSS
Feb 26 11:49:58.237303 BS18_TS03_TEST  [SWITCHER 1]  srcIdx[0] mimoIdx[0] healthChanged from HEALTH_STATUS_NOK_ES_DATA_LOSS to HEALTH_STATUS_OK
Feb 26 11:49:58.654732 BS18_TS03_TEST  [SWITCHER 1]  srcIdx[0] mimoIdx[0] healthChanged from HEALTH_STATUS_OK to HEALTH_STATUS_NOK_ES_DATA_LOSS
Feb 26 11:49:59.240824 BS18_TS03_TEST  [SWITCHER 1]  srcIdx[0] mimoIdx[0] healthChanged from HEALTH_STATUS_NOK_ES_DATA_LOSS to HEALTH_STATUS_OK
Feb 26 11:49:59.537795 BS18_TS03_TEST  [SWITCHER 1]  srcIdx[0] mimoIdx[0] healthChanged from HEALTH_STATUS_OK to HEALTH_STATUS_NOK_ES_DATA_LOSS
Feb 26 11:49:59.738516 BS18_TS03_TEST  [SWITCHER 1]  srcIdx[0] mimoIdx[0] healthChanged from HEALTH_STATUS_NOK_ES_DATA_LOSS to HEALTH_STATUS_OK
Feb 26 11:50:00.067733 BS18_TS03_TEST  [SWITCHER 1]  srcIdx[0] mimoIdx[0] healthChanged from HEALTH_STATUS_OK to HEALTH_STATUS_NOK_ES_DATA_LOSS
Feb 26 11:50:02.741147 BS18_TS03_TEST  [SWITCHER 1]  srcIdx[0] mimoIdx[0] healthChanged from HEALTH_STATUS_NOK_ES_DATA_LOSS to HEALTH_STATUS_OK
Feb 26 11:50:03.038178 BS18_TS03_TEST  [SWITCHER 1]  srcIdx[0] mimoIdx[0] healthChanged from HEALTH_STATUS_OK to HEALTH_STATUS_NOK_ES_DATA_LOSS
Feb 26 11:50:03.744740 BS18_TS03_TEST  [SWITCHER 1]  srcIdx[0] mimoIdx[0] healthChanged from HEALTH_STATUS_NOK_ES_DATA_LOSS to HEALTH_STATUS_OK
Feb 26 11:50:04.105934 BS18_TS03_TEST  [SWITCHER 1]  srcIdx[0] mimoIdx[0] healthChanged from HEALTH_STATUS_OK to HEALTH_STATUS_NOK_ES_DATA_LOSS
Feb 26 11:50:04.242430 BS18_TS03_TEST  [SWITCHER 1]  srcIdx[0] mimoIdx[0] healthChanged from HEALTH_STATUS_NOK_ES_DATA_LOSS to HEALTH_STATUS_OK
Feb 26 11:50:04.635757 BS18_TS03_TEST  [SWITCHER 1]  srcIdx[0] mimoIdx[0] healthChanged from HEALTH_STATUS_OK to HEALTH_STATUS_NOK_ES_DATA_LOSS
Feb 26 11:50:04.740140 BS18_TS03_TEST  [SWITCHER 1]  srcIdx[0] mimoIdx[0] healthChanged from HEALTH_STATUS_NOK_ES_DATA_LOSS to HEALTH_STATUS_OK
Feb 26 11:50:05.061305 BS18_TS03_TEST  [SWITCHER 1]  srcIdx[0] mimoIdx[0] healthChanged from HEALTH_STATUS_OK to HEALTH_STATUS_NOK_ES_DATA_LOSS
Feb 26 11:50:05.735679 BS18_TS03_TEST  [SWITCHER 1]  srcIdx[0] mimoIdx[0] healthChanged from HEALTH_STATUS_NOK_ES_DATA_LOSS to HEALTH_STATUS_OK
Feb 26 11:50:06.153136 BS18_TS03_TEST  [SWITCHER 1]  srcIdx[0] mimoIdx[0] healthChanged from HEALTH_STATUS_OK to HEALTH_STATUS_NOK_ES_DATA_LOSS
Feb 26 11:50:06.241465 BS18_TS03_TEST  [SWITCHER 1]  srcIdx[0] mimoIdx[0] healthChanged from HEALTH_STATUS_NOK_ES_DATA_LOSS to HEALTH_STATUS_OK
Feb 26 11:50:06.843549 BS18_TS03_TEST  [SWITCHER 1]  srcIdx[0] mimoIdx[0] healthChanged from HEALTH_STATUS_OK to HEALTH_STATUS_NOK_ES_DATA_LOSS
Feb 26 11:50:07.245072 BS18_TS03_TEST  [SWITCHER 1]  srcIdx[0] mimoIdx[0] healthChanged from HEALTH_STATUS_NOK_ES_DATA_LOSS to HEALTH_STATUS_OK
Feb 26 11:50:07.542041 BS18Feb 26 03:16:03.326006 BS18_TS03_TEST  [SWITCHER 1]  srcIdx[0] mimoIdx[0] healthChanged from HEALTH_STATUS_OK to HEALTH_STATUS_NOK_ES_DATA_LOSS
Feb 26 03:16:03.414288 BS18_TS03_TEST  [SWITCHER 1]  srcIdx[0] mimoIdx[0] healthChanged from HEALTH_STATUS_NOK_ES_DATA_LOSS to HEALTH_STATUS_OK
Feb 26 06:39:54.842508 BS18_TS03_TEST  [SWITCHER 1]  srcIdx[0] mimoIdx[0] healthChanged from HEALTH_STATUS_OK to HEALTH_STATUS_NOK_ES_DATA_LOSS
Feb 26 06:39:55.091449 BS18_TS03_TEST  [SWITCHER 1]  srcIdx[0] mimoIdx[0] healthChanged from HEALTH_STATUS_NOK_ES_DATA_LOSS to HEALTH_STATUS_OK
Feb 26 10:21:17.761264 BS18_TS03_TEST  [SWITCHER 1]  srcIdx[0] mimoIdx[0] healthChanged from HEALTH_STATUS_OK to HEALTH_STATUS_NOK_ES_DATA_LOSS
Feb 26 10:21:17.889703 BS18_TS03_TEST  [SWITCHER 1]  srcIdx[0] mimoIdx[0] healthChanged from HEALTH_STATUS_NOK_ES_DATA_LOSS to HEALTH_STATUS_OK
Feb 26 11:48:44.023763 BS18_TS03_TEST  [SWITCHER 1]  srcIdx[0] mimoIdx[0] healthChanged from HEALTH_STATUS_OK to HEALTH_STATUS_NOK_ES_DATA_LOSS
Feb 26 11:48:44.160235 BS18_TS03_TEST  [SWITCHER 1]  srcIdx[0] mimoIdx[0] healthChanged from HEALTH_STATUS_NOK_ES_DATA_LOSS to HEALTH_STATUS_OK
Feb 26 11:48:44.963062 BS18_TS03_TEST  [SWITCHER 1]  srcIdx[0] mimoIdx[0] healthChanged from HEALTH_STATUS_OK to HEALTH_STATUS_NOK_ES_DATA_LOSS
Feb 26 11:48:45.163829 BS18_TS03_TEST  [SWITCHER 1]  srcIdx[0] mimoIdx[0] healthChanged from HEALTH_STATUS_NOK_ES_DATA_LOSS to HEALTH_STATUS_OK
Feb 26 11:48:45.468839 BS18_TS03_TEST  [SWITCHER 1]  srcIdx[0] mimoIdx[0] healthChanged from HEALTH_STATUS_OK to HEALTH_STATUS_NOK_ES_DATA_LOSS
Feb 26 11:48:45.669548 BS18_TS03_TEST  [SWITCHER 1]  srcIdx[0] mimoIdx[0] healthChanged from HEALTH_STATUS_NOK_ES_DATA_LOSS to HEALTH_STATUS_OK
Feb 26 11:48:48.037897 BS18_TS03_TEST  [SWITCHER 1]  srcIdx[0] mimoIdx[0] healthChanged from HEALTH_STATUS_OK to HEALTH_STATUS_NOK_ES_DATA_LOSS
Feb 26 11:48:48.166412 BS18_TS03_TEST  [SWITCHER 1]  srcIdx[0] mimoIdx[0] healthChanged from HEALTH_STATUS_NOK_ES_DATA_LOSS to HEALTH_STATUS_OK
Feb 26 11:48:48.985206 BS18_TS03_TEST  [SWITCHER 1]  srcIdx[0] mimoIdx[0] healthChanged from HEALTH_STATUS_OK to HEALTH_STATUS_NOK_ES_DATA_LOSS
Feb 26 11:48:50.671221 BS18_TS03_TEST  [SWITCHER 1]  srcIdx[0] mimoIdx[0] healthChanged from HEALTH_STATUS_NOK_ES_DATA_LOSS to HEALTH_STATUS_OK
Feb 26 11:48:51.249243 BS18_TS03_TEST  [SWITCHER 1]  srcIdx[0] mimoIdx[0] healthChanged from HEALTH_STATUS_OK to HEALTH_STATUS_NOK_ES_DATA_LOSS
Feb 26 11:48:51.674709 BS18_TS03_TEST  [SWITCHER 1]  srcIdx[0] mimoIdx[0] healthChanged from HEALTH_STATUS_NOK_ES_DATA_LOSS to HEALTH_STATUS_OK
Feb 26 11:48:51.971754 BS18_TS03_TEST  [SWITCHER 1]  srcIdx[0] mimoIdx[0] healthChanged from HEALTH_STATUS_OK to HEALTH_STATUS_NOK_ES_DATA_LOSS
Feb 26 11:48:52.172473 BS18_TS03_TEST  [SWITCHER 1]  srcIdx[0] mimoIdx[0] healthChanged from HEALTH_STATUS_NOK_ES_DATA_LOSS to HEALTH_STATUS_OK
Feb 26 11:48:52.501582 BS18_TS03_TEST  [SWITCHER 1]  srcIdx[0] mimoIdx[0] healthChanged from HEALTH_STATUS_OK to HEALTH_STATUS_NOK_ES_DATA_LOSS
Feb 26 11:48:53.673870 BS18_TS03_TEST  [SWITCHER 1]  srcIdx[0] mimoIdx[0] healthChanged from HEALTH_STATUS_NOK_ES_DATA_LOSS to HEALTH_STATUS_OK
Feb 26 11:48:54.123356 BS18_TS03_TEST  [SWITCHER 1]  srcIdx[0] mimoIdx[0] healthChanged from HEALTH_STATUS_OK to HEALTH_STATUS_NOK_ES_DATA_LOSS
Feb 26 11:48:54.171574 BS18_TS03_TEST  [SWITCHER 1]  srcIdx[0] mimoIdx[0] healthChanged from HEALTH_STATUS_NOK_ES_DATA_LOSS to HEALTH_STATUS_OK
Feb 26 11:48:54.476595 BS18_TS03_TEST  [SWITCHER 1]  srcIdx[0] mimoIdx[0] healthChanged from HEALTH_STATUS_OK to HEALTH_STATUS_NOK_ES_DATA_LOSS
Feb 26 11:48:55.167064 BS18_TS03_TEST  [SWITCHER 1]  srcIdx[0] mimoIdx[0] healthChanged from HEALTH_STATUS_NOK_ES_DATA_LOSS to HEALTH_STATUS_OK
Feb 26 11:48:55.720958 BS18_TS03_TEST  [SWITCHER 1]  srcIdx[0] mimoIdx[0] healthChanged from HEALTH_STATUS_OK to HEALTH_STATUS_NOK_ES_DATA_LOSS
Feb 26 11:48:56.676413 BS18_TS03_TEST  [SWITCHER 1]  srcIdx[0] mimoIdx[0] healthChanged from HEALTH_STATUS_NOK_ES_DATA_LOSS to HEALTH_STATUS_OK
Feb 26 11:48:57.109845 BS18_TS03_TEST  [SWITCHER 1]  srcIdx[0] mimoIdx[0] healthChanged from HEALTH_STATUS_OK to HEALTH_STATUS_NOK_ES_DATA_LOSS
Feb 26 11:48:57.679950 BS18_TS03_TEST  [SWITCHER 1]  srcIdx[0] mimoIdx[0] healthChanged from HEALTH_STATUS_NOK_ES_DATA_LOSS to HEALTH_STATUS_OK
Feb 26 11:48:57.977003 BS18_TS03_TEST  [SWITCHER 1]  srcIdx[0] mimoIdx[0] healthChanged from HEALTH_STATUS_OK to HEALTH_STATUS_NOK_ES_DATA_LOSS
Feb 26 11:48:58.675469 BS18_TS03_TEST  [SWITCHER 1]  srcIdx[0] mimoIdx[0] healthChanged from HEALTH_STATUS_NOK_ES_DATA_LOSS to HEALTH_STATUS_OK
Feb 26 11:48:59.373850 BS18_TS03_TEST  [SWITCHER 1]  srcIdx[0] mimoIdx[0] healthChanged from HEALTH_STATUS_OK to HEALTH_STATUS_NOK_ES_DATA_LOSS
Feb 26 11:48:59.678905 BS18_TS03_TEST  [SWITCHER 1]  srcIdx[0] mimoIdx[0] healthChanged from HEALTH_STATUS_NOK_ES_DATA_LOSS to HEALTH_STATUS_OK
Feb 26 11:49:00.048158 BS18_TS03_TEST  [SWITCHER 1]  srcIdx[0] mimoIdx[0] healthChanged from HEALTH_STATUS_OK to HEALTH_STATUS_NOK_ES_DATA_LOSS
Feb 26 11:49:01.180255 BS18_TS03_TEST  [SWITCHER 1]  srcIdx[0] mimoIdx[0] healthChanged from HEALTH_STATUS_NOK_ES_DATA_LOSS to HEALTH_STATUS_OK
Feb 26 11:49:01.581618 BS18_TS03_TEST  [SWITCHER 1]  srcIdx[0] mimoIdx[0] healthChanged from HEALTH_STATUS_OK to HEALTH_STATUS_NOK_ES_DATA_LOSS
Feb 26 11:49:02.175737 BS18_TS03_TEST  [SWITCHER 1]  srcIdx[0] mimoIdx[0] healthChanged from HEALTH_STATUS_NOK_ES_DATA_LOSS to HEALTH_STATUS_OK
Feb 26 11:49:02.480752 BS18_TS03_TEST  [SWITCHER 1]  srcIdx[0] mimoIdx[0] healthChanged from HEALTH_STATUS_OK to HEALTH_STATUS_NOK_ES_DATA_LOSS
Feb 26 11:49:02.673557 BS18_TS03_TEST  [SWITCHER 1]  srcIdx[0] mimoIdx[0] healthChanged from HEALTH_STATUS_NOK_ES_DATA_LOSS to HEALTH_STATUS_OK
Feb 26 11:49:03.090963 BS18_TS03_TEST  [SWITCHER 1]  srcIdx[0] mimoIdx[0] healthChanged from HEALTH_STATUS_OK to HEALTH_STATUS_NOK_ES_DATA_LOSS
Feb 26 11:49:03.187298 BS18_TS03_TEST  [SWITCHER 1]  srcIdx[0] mimoIdx[0] healthChanged from HEALTH_STATUS_NOK_ES_DATA_LOSS to HEALTH_STATUS_OK
Feb 26 11:49:03.869692 BS18_TS03_TEST  [SWITCHER 1]  srcIdx[0] mimoIdx[0] healthChanged from HEALTH_STATUS_OK to HEALTH_STATUS_NOK_ES_DATA_LOSS
Feb 26 11:49:04.182852 BS18_TS03_TEST  [SWITCHER 1]  srcIdx[0] mimoIdx[0] healthChanged from HEALTH_STATUS_NOK_ES_DATA_LOSS to HEALTH_STATUS_OK
Feb 26 11:49:04.527940 BS18_TS03_TEST  [SWITCHER 1]  srcIdx[0] mimoIdx[0] healthChanged from HEALTH_STATUS_OK to HEALTH_STATUS_NOK_ES_DATA_LOSS
Feb 26 11:49:04.680558 BS18_TS03_TEST  [SWITCHER 1]  srcIdx[0] mimoIdx[0] healthChanged from HEALTH_STATUS_NOK_ES_DATA_LOSS to HEALTH_STATUS_OK
Feb 26 11:49:05.403083 BS18_TS03_TEST  [SWITCHER 1]  srcIdx_TS03_TEST  [SWITCHER 1]  srcIdx[0] mimoIdx[0] healthChanged from HEALTH_STATUS_OK to HEALTH_STATUS_NOK_ES_DATA_LOSS
Feb 26 11:50:07.742734 BS18_TS03_TEST  [SWITCHER 1]  srcIdx[0] mimoIdx[0] healthChanged from HEALTH_STATUS_NOK_ES_DATA_LOSS to HEALTH_STATUS_OK
Feb 26 11:50:08.545615 BS18_TS03_TEST  [SWITCHER 1]  srcIdx[0] mimoIdx[0] healthChanged from HEALTH_STATUS_OK to HEALTH_STATUS_NOK_ES_DATA_LOSS
Feb 26 11:50:09.252119 BS18_TS03_TEST  [SWITCHER 1]  srcIdx[0] mimoIdx[0] healthChanged from HEALTH_STATUS_NOK_ES_DATA_LOSS to HEALTH_STATUS_OK
Feb 26 11:50:09.814075 BS18_TS03_TEST  [SWITCHER 1]  srcIdx[0] mimoIdx[0] healthChanged from HEALTH_STATUS_OK to HEALTH_STATUS_NOK_ES_DATA_LOSS
Feb 26 11:50:10.745453 BS18_TS03_TEST  [SWITCHER 1]  srcIdx[0] mimoIdx[0] healthChanged from HEALTH_STATUS_NOK_ES_DATA_LOSS to HEALTH_STATUS_OK
Feb 26 11:50:11.226991 BS18_TS03_TEST  [SWITCHER 1]  srcIdx[0] mimoIdx[0] healthChanged from HEALTH_STATUS_OK to HEALTH_STATUS_NOK_ES_DATA_LOSS
Feb 26 11:50:11.748907 BS18_TS03_TEST  [SWITCHER 1]  srcIdx[0] mimoIdx[0] healthChanged from HEALTH_STATUS_NOK_ES_DATA_LOSS to HEALTH_STATUS_OK
Feb 26 11:50:12.053948 BS18_TS03_TEST  [SWITCHER 1]  srcIdx[0] mimoIdx[0] healthChanged from HEALTH_STATUS_OK to HEALTH_STATUS_NOK_ES_DATA_LOSS
Feb 26 11:50:12.254740 BS18_TS03_TEST  [SWITCHER 1]  srcIdx[0] mimoIdx[0] healthChanged from HEALTH_STATUS_NOK_ES_DATA_LOSS to HEALTH_STATUS_OK
Feb 26 11:50:13.049402 BS18_TS03_TEST  [SWITCHER 1]  srcIdx[0] mimoIdx[0] healthChanged from HEALTH_STATUS_OK to HEALTH_STATUS_NOK_ES_DATA_LOSS
Feb 26 11:50:13.747931 BS18_TS03_TEST  [SWITCHER 1]  srcIdx[0] mimoIdx[0] healthChanged from HEALTH_STATUS_NOK_ES_DATA_LOSS to HEALTH_STATUS_OK
Feb 26 11:50:14.590852 BS18_TS03_TEST  [SWITCHER 1]  srcIdx[0] mimoIdx[0] healthChanged from HEALTH_STATUS_OK to HEALTH_STATUS_NOK_ES_DATA_LOSS
Feb 26 11:50:15.249249 BS18_TS03_TEST  [SWITCHER 1]  srcIdx[0] mimoIdx[0] healthChanged from HEALTH_STATUS_NOK_ES_DATA_LOSS to HEALTH_STATUS_OK
Feb 26 11:50:15.682755 BS18_TS03_TEST  [SWITCHER 1]  srcIdx[0] mimoIdx[0] healthChanged from HEALTH_STATUS_OK to HEALTH_STATUS_NOK_ES_DATA_LOSS
Feb 26 11:50:15.754939 BS18_TS03_TEST  [SWITCHER 1]  srcIdx[0] mimoIdx[0] healthChanged from HEALTH_STATUS_NOK_ES_DATA_LOSS to HEALTH_STATUS_OK
Feb 26 11:50:16.549750 BS18_TS03_TEST  [SWITCHER 1]  srcIdx[0] mimoIdx[0] healthChanged from HEALTH_STATUS_OK to HEALTH_STATUS_NOK_ES_DATA_LOSS
Feb 26 11:50:16.758544 BS18_TS03_TEST  [SWITCHER 1]  srcIdx[0] mimoIdx[0] healthChanged from HEALTH_STATUS_NOK_ES_DATA_LOSS to HEALTH_STATUS_OK
Feb 26 11:50:17.071627 BS18_TS03_TEST  [SWITCHER 1]  srcIdx[0] mimoIdx[0] healthChanged from HEALTH_STATUS_OK to HEALTH_STATUS_NOK_ES_DATA_LOSS
Feb 26 11:50:17.256338 BS18_TS03_TEST  [SWITCHER 1]  srcIdx[0] mimoIdx[0] healthChanged from HEALTH_STATUS_NOK_ES_DATA_LOSS to HEALTH_STATUS_OK
Feb 26 11:50:18.043071 BS18_TS03_TEST  [SWITCHER 1]  srcIdx[0] mimoIdx[0] healthChanged from HEALTH_STATUS_OK to HEALTH_STATUS_NOK_ES_DATA_LOSS
Feb 26 11:50:18.259860 BS18_TS03_TEST  [SWITCHER 1]  srcIdx[0] mimoIdx[0] healthChanged from HEALTH_STATUS_NOK_ES_DATA_LOSS to HEALTH_STATUS_OK
Feb 26 11:50:18.604980 BS18_TS03_TEST  [SWITCHER 1]  srcIdx[0] mimoIdx[0] healthChanged from HEALTH_STATUS_OK to HEALTH_STATUS_NOK_ES_DATA_LOSS
Feb 26 11:50:18.757576 BS18_TS03_TEST  [SWITCHER 1]  srcIdx[0] mimoIdx[0] healthChanged from HEALTH_STATUS_NOK_ES_DATA_LOSS to HEALTH_STATUS_OK
Feb 26 11:50:19.456028 BS18_TS03_TEST  [SWITCHER 1]  srcIdx[0] mimoIdx[0] healthChanged from HEALTH_STATUS_OK to HEALTH_STATUS_NOK_ES_DATA_LOSS
Feb 26 11:50:19.761121 BS18_TS03_TEST  [SWITCHER 1]  srcIdx[0] mimoIdx[0] healthChanged from HEALTH_STATUS_NOK_ES_DATA_LOSS to HEALTH_STATUS_OK
Feb 26 11:50:21.194898 BS18_TS03_TEST  [SWITCHER 1]  srcIdx[0] mimoIdx[0] healthChanged from HEALTH_STATUS_OK to HEALTH_STATUS_NOK_ES_DATA_LOSS
Feb 26 11:50:21.254404 BS18_TS03_TEST  [SWITCHER 1]  srcIdx[0] mimoIdx[0] healthChanged from HEALTH_STATUS_NOK_ES_DATA_LOSS to HEALTH_STATUS_OK
Feb 26 11:50:21.575477 BS18_TS03_TEST  [SWITCHER 1]  srcIdx[0] mimoIdx[0] healthChanged from HEALTH_STATUS_OK to HEALTH_STATUS_NOK_ES_DATA_LOSS
Feb 26 11:50:21.752103 BS18_TS03_TEST  [SWITCHER 1]  srcIdx[0] mimoIdx[0] healthChanged from HEALTH_STATUS_NOK_ES_DATA_LOSS to HEALTH_STATUS_OK
Feb 26 11:50:22.402383 BS18_TS03_TEST  [SWITCHER 1]  srcIdx[0] mimoIdx[0] healthChanged from HEALTH_STATUS_OK to HEALTH_STATUS_NOK_ES_DATA_LOSS
Feb 26 11:50:23.261452 BS18_TS03_TEST  [SWITCHER 1]  srcIdx[0] mimoIdx[0] healthChanged from HEALTH_STATUS_NOK_ES_DATA_LOSS to HEALTH_STATUS_OK
Feb 26 11:50:23.959858 BS18_TS03_TEST  [SWITCHER 1]  srcIdx[0] mimoIdx[0] healthChanged from HEALTH_STATUS_OK to HEALTH_STATUS_NOK_ES_DATA_LOSS
Feb 26 11:50:24.265013 BS18_TS03_TEST  [SWITCHER 1]  srcIdx[0] mimoIdx[0] healthChanged from HEALTH_STATUS_NOK_ES_DATA_LOSS to HEALTH_STATUS_OK
Feb 26 11:50:24.610160 BS18_TS03_TEST  [SWITCHER 1]  srcIdx[0] mimoIdx[0] healthChanged from HEALTH_STATUS_OK to HEALTH_STATUS_NOK_ES_DATA_LOSS
Feb 26 11:50:24.762677 BS18_TS03_TEST  [SWITCHER 1]  srcIdx[0] mimoIdx[0] healthChanged from HEALTH_STATUS_NOK_ES_DATA_LOSS to HEALTH_STATUS_OK
Feb 26 11:50:27.083005 BS18_TS03_TEST  [SWITCHER 1]  srcIdx[0] mimoIdx[0] healthChanged from HEALTH_STATUS_OK to HEALTH_STATUS_NOK_ES_DATA_LOSS
Feb 26 11:50:27.259541 BS18_TS03_TEST  [SWITCHER 1]  srcIdx[0] mimoIdx[0] healthChanged from HEALTH_STATUS_NOK_ES_DATA_LOSS to HEALTH_STATUS_OK
Feb 26 11:50:27.594834 BS18_TS03_TEST  [SWITCHER 1]  srcIdx[0] mimoIdx[0] healthChanged from HEALTH_STATUS_OK to HEALTH_STATUS_NOK_ES_DATA_LOSS
Feb 26 11:50:27.765353 BS18_TS03_TEST  [SWITCHER 1]  srcIdx[0] mimoIdx[0] healthChanged from HEALTH_STATUS_NOK_ES_DATA_LOSS to HEALTH_STATUS_OK
Feb 26 11:50:28.552130 BS18_TS03_TEST  [SWITCHER 1]  srcIdx[0] mimoIdx[0] healthChanged from HEALTH_STATUS_OK to HEALTH_STATUS_NOK_ES_DATA_LOSS
Feb 26 11:50:28.760777 BS18_TS03_TEST  [SWITCHER 1]  srcIdx[0] mimoIdx[0] healthChanged from HEALTH_STATUS_NOK_ES_DATA_LOSS to HEALTH_STATUS_OK
Feb 26 11:50:29.065885 BS18_TS03_TEST  [SWITCHER 1]  srcIdx[0] mimoIdx[0] healthChanged from HEALTH_STATUS_OK to HEALTH_STATUS_NOK_ES_DATA_LOSS
Feb 26 11:50:29.266712 BS18_TS03_TEST  [SWITCHER 1]  srcIdx[0] mimoIdx[0] healthChanged from HEALTH_STATUS_NOK_ES_DATA_LOSS to HEALTH_STATUS_OK
Feb 26 11:50:30.719745 BS18_TS03_TEST  [SWITCHER 1]  srcIdx[0] mimoIdx[0] healthChanged from HEALTH_STATUS_OK to HEALTH_STATUS_NOK_ES_DATA_LOSS
Feb 26 11:50:30.767874 BS18_TS03_TEST  [SWITCHER 1]  srcIdx[0] mimoIdx[0] healthChanged from HEALTH_STATUS_NOK_ES_DATA_LOSS to HEALTH_STATUS_OK
Feb 26 11:50:32.148746 BS18_TS03_TEST  [SWITCHER 1]  srcIdx[0] mimoIdx[0] healthChanged from HEALTH_STATUS_OK to HEALTH_STATUS_NOK_ES_DATA_LOSS
Feb 26 11:50:32.269253 BS18_TS03_TEST  [SWITCHER 1]  srcIdx[0] mimoIdx[0] healthChanged from HEALTH_STATUS_NOK_ES_DATA_LOSS to HEALTH_STATUS_OK
Feb 26 11:50:32.702647 BS18_TS03_TEST  [SWITCHER 1]  srcIdx[0] mimoIdx[0] healthChanged from HEALTH_STATUS_OK to HEALTH_STATUS_NOK_ES_DATA_LOSS
Feb 26 11:50:32.774950 BS18_TS03_TEST  [SWITCHER 1]  srcIdx[0] mimoIdx[0] healthChanged from HEALTH_STATUS_NOK_ES_DATA_LOSS to HEALTH_STATUS_OK
Feb 26 11:50:35.255698 BS18_TS03_TEST  [SWITCHER 1]  srcIdx[0] mimoIdx[0] healthChanged from HEALTH_STATUS_OK to HEALTH_STATUS_NOK_ES_DATA_LOSS
Feb 26 11:50:35.271858 BS18_TS03_TEST  [SWITCHER 1]  srcIdx[0] mimoIdx[0] healthChanged from HEALTH_STATUS_NOK_ES_DATA_LOSS to HEALTH_STATUS_OK
Feb 26 13:46:00.676637 BS18_TS03_TEST  [SWITCHER 1]  srcIdx[0] mimoIdx[1] healthChanged from HEALTH_STATUS_OK to HEALTH_STATUS_NOK_ES_DATA_LOSS
Feb 26 13:48:49.110284 BS18_TS03_TEST  [SWITCHER 1]  srcIdx[0] mimoIdx[0] healthChanged from HEALTH_STATUS_NOK_ES_DATA_LOSS to HEALTH_STATUS_OK
Feb 26 13:49:00.365848 BS18_TS03_TEST  [SWITCHER 1]  srcIdx[0] mimoIdx[0] healthChanged from HEALTH_STATUS_OK to HEALTH_STATUS_NOK_ES_DATA_LOSS
Feb 26 13:49:02.076005 BS18_TS03_TEST  [SWITCHER 1]  srcIdx[0] mimoIdx[0] healthChanged from HEALTH_STATUS_NOK_ES_DATA_LOSS to HEALTH_STATUS_OK
Feb 26 13:49:12.894830 BS18_TS03_TEST  [SWITCHER 1]  srcIdx[0] mimoIdx[0] healthChanged from HEALTH_STATUS_OK to HEALTH_STATUS_NOK_ES_DATA_LOSS
Feb 26 13:49:14.535877 BS18_TS03_TEST  [SWITCHER 1]  srcIdx[0] mimoIdx[0] healthChanged from HEALTH_STATUS_NOK_ES_DATA_LOSS to HEALTH_STATUS_OK
Feb 26 14:03:42.894822 BS18_TS03_TEST  [SWITCHER 1]  srcIdx[0] mimoIdx[0] healthChanged from HEALTH_STATUS_OK to HEALTH_STATUS_NOK_ES_DATA_LOSS
Feb 26 14:03:49.694772 BS18_TS03_TEST  [SWITCHER 1]  srcIdx[0] mimoIdx[0] healthChanged from HEALTH_STATUS_NOK_ES_DATA_LOSS to HEALTH_STATUS_NOK_INPUT_LOSS
Feb 26 14:03:49.738414 BS18_TS03_TEST  [CAPTURE 1_0] Connect to url udp://239.10.22.93:5000 using interface 172.16.12.51 
Feb 26 14:03:56.946731 BS18_TS03_TEST  [CAPTURE 1_0] Connect to url udp://239.10.22.93:5000 using interface 172.16.12.51 
Feb 26 14:04:04.155657 BS18_TS03_TEST  [CAPTURE 1_0] Connect to url udp://239.10.22.93:5000 using interface 172.16.12.51 
Feb 26 14:04:11.364888 BS18_TS03_TEST  [CAPTURE 1_0] Connect to url udp://239.10.22.93:5000 using interface 172.16.12.51 
Feb 26 14:04:18.573994 BS18_TS03_TEST  [CAPTURE 1_0] Connect to url udp://239.10.22.93:5000 using interface 172.16.12.51 
Feb 26 14:04:25.782559 BS18_TS03_TEST  [CAPTURE 1_0] Connect to url udp://239.10.22.93:5000 using interface 172.16.12.51 
Feb 26 14:04:32.991720 BS18_TS03_TEST  [CAPTURE 1_0] Connect to url udp://239.10.22.93:5000 using interface 172.16.12.51 
Feb 26 14:04:40.200250 BS18_TS03_TEST  [CAPTURE 1_0] Connect to url udp://239.10.22.93:5000 using interface 172.16.12.51 
Feb 26 14:04:47.408405 BS18_TS03_TEST  [CAPTURE 1_0] Connect to url udp://239.10.22.93:5000 using interface 172.16.12.51 
Feb 26 14:04:47.778109 BS18_TS03_TEST  [SWITCHER 1]  srcIdx[0] mimoIdx[2] healthChanged from HEALTH_STATUS_NOK_INPUT_LOSS to HEALTH_STATUS_NOK_PROGRAM_NOT_FOUND
Feb 26 14:04:47.802184 BS18_TS03_TEST  [SWITCHER 1]  srcIdx[0] mimoIdx[2] healthChanged from HEALTH_STATUS_NOK_PROGRAM_NOT_FOUND to HEALTH_STATUS_NOK_ES_DATA_LOSS
Feb 26 14:04:48.476710 BS18_TS03_TEST  [SWITCHER 1]  srcIdx[0] mimoIdx[0] healthChanged from HEALTH_STATUS_NOK_ES_DATA_LOSS to HEALTH_STATUS_OK
Feb 26 14:04:50.025988 BS18_TS03_TEST  [SWITCHER 1]  srcIdx[0] mimoIdx[0] healthChanged from HEALTH_STATUS_OK to HEALTH_STATUS_NOK_ES_DATA_LOSS
Feb 26 14:04:50.580005 BS18_TS03_TEST  [SWITCHER 1]  srcIdx[0] mimoIdx[0] healthChanged from HEALTH_STATUS_NOK_ES_DATA_LOSS to HEALTH_STATUS_OK
Feb 26 14:04:50.604007 BS18_TS03_TEST  [SWITCHER 1]  srcIdx[0] mimoIdx[1] healthChanged from HEALTH_STATUS_OK to HEALTH_STATUS_NOK_ES_DATA_LOSS
Feb 26 14:04:50.604029 BS18_TS03_TEST  [SWITCHER 1]  srcIdx[0] mimoIdx[1] healthChanged from HEALTH_STATUS_NOK_ES_DATA_LOSS to HEALTH_STATUS_OK
Feb 26 14:05:01.803541 BS18_TS03_TEST  [SWITCHER 1]  srcIdx[0] mimoIdx[0] healthChanged from HEALTH_STATUS_OK to HEALTH_STATUS_NOK_ES_DATA_LOSS
Feb 26 14:05:03.537743 BS18_TS03_TEST  [SWITCHER 1]  srcIdx[0] mimoIdx[0] healthChanged from HEALTH_STATUS_NOK_ES_DATA_LOSS to HEALTH_STATUS_OK
Feb 26 14:05:14.343677 BS18_TS03_TEST  [SWITCHER 1]  srcIdx[0] mimoIdx[0] healthChanged from HEALTH_STATUS_OK to HEALTH_STATUS_NOK_ES_DATA_LOSS
Feb 26 14:05:16.005683 BS18_TS03_TEST  [SWITCHER 1]  srcIdx[0] mimoIdx[0] healthChanged from HEALTH_STATUS_NOK_ES_DATA_LOSS to HEALTH_STATUS_OK
Feb 26 15:52:43.717966 BS18_TS03_TEST  [SWITCHER 1]  srcIdx[0] mimoIdx[1] healthChanged from HEALTH_STATUS_OK to HEALTH_STATUS_NOK_ES_DATA_LOSS
Feb 26 15:52:51.441245 BS18_TS03_TEST  [SWITCHER 1]  srcIdx[0] mimoIdx[0] healthChanged from HEALTH_STATUS_NOK_ES_DATA_LOSS to HEALTH_STATUS_OK
Feb 26 15:53:01.918088 BS18_TS03_TEST  [SWITCHER 1]  srcIdx[0] mimoIdx[0] healthChanged from HEALTH_STATUS_OK to HEALTH_STATUS_NOK_ES_DATA_LOSS
Feb 26 15:53:03.901130 BS18_TS03_TEST  [SWITCHER 1]  srcIdx[0] mimoIdx[0] healthChanged from HEALTH_STATUS_NOK_ES_DATA_LOSS to HEALTH_STATUS_OK
Feb 26 15:53:14.241590 BS18_TS03_TEST  [SWITCHER 1]  srcIdx[0] mimoIdx[0] healthChanged from HEALTH_STATUS_OK to HEALTH_STATUS_NOK_ES_DATA_LOSS
Feb 26 15:53:15.871276 BS18_TS03_TEST  [SWITCHER 1]  srcIdx[0] mimoIdx[0] healthChanged from HEALTH_STATUS_NOK_ES_DATA_LOSS to HEALTH_STATUS_OK
Feb 27 10:06:26.471149 BS18_TS03_TEST  [SWITCHER 1]  FIRST TIME : update reference clock with clock from activeSource 0 and delta 0
Feb 27 10:06:26.486756 BS18_TS03_TEST  [SWITCHER 2]  FIRST TIME : update reference clock with clock from activeSource 0 and delta 0
Feb 27 10:06:26.698222 BS18_TS03_TEST  [SWITCHER 1]  ----------- Start -----------
Feb 27 10:06:26.698241 BS18_TS03_TEST  [SWITCHER 2]  ----------- Start -----------
Feb 27 10:06:26.702210 BS18_TS03_TEST  [CAPTURE 2_1] ----------- Start -----------
Feb 27 10:06:26.702229 BS18_TS03_TEST  [CAPTURE 2_0] ----------- Start -----------
Feb 27 10:06:26.703152 BS18_TS03_TEST  [CAPTURE 1_1] ----------- Start -----------
Feb 27 10:06:26.703165 BS18_TS03_TEST  [CAPTURE 1_0] ----------- Start -----------
Feb 27 10:06:26.944919 BS18_TS03_TEST  [CAPTURE 1_1] Connect to url udp://239.10.20.3:5000 using interface 172.16.12.141 
Feb 27 10:06:26.944925 BS18_TS03_TEST  [CAPTURE 1_0] Connect to url udp://239.10.22.93:5000 using interface 172.16.12.51 
Feb 27 10:06:27.443487 BS18_TS03_TEST  [SWITCHER 1]  Active source reset: Switch active source from 0 to 0
Feb 27 10:06:28.211299 BS18_TS03_TEST  [SWITCHER 1]  First sample received
Feb 27 10:06:31.180543 BS18_TS03_TEST  [SWITCHER 2]  srcIdx[0] mimoIdx[0] healthChanged from HEALTH_STATUS_OK to HEALTH_STATUS_NOK_ES_DATA_LOSS
Feb 27 10:06:31.186341 BS18_TS03_TEST  [SWITCHER 2]  srcIdx[1] mimoIdx[3] healthChanged from HEALTH_STATUS_OK to HEALTH_STATUS_NOK_ES_DATA_LOSS
Feb 27 10:08:09.834292 BS18_TS03_TEST  [CAPTURE 1_0] ----------- Stop -----------
Feb 27 10:08:09.834310 BS18_TS03_TEST  [CAPTURE 1_1] ----------- Stop -----------
Feb 27 10:08:09.834932 BS18_TS03_TEST  [CAPTURE 2_0] ----------- Stop -----------
Feb 27 10:08:09.834957 BS18_TS03_TEST  [CAPTURE 2_1] ----------- Stop -----------
Feb 27 10:08:26.193947 BS18_TS03_TEST  [SWITCHER 1]  FIRST TIME : update reference clock with clock from activeSource 0 and delta 0
Feb 27 10:08:26.208917 BS18_TS03_TEST  [SWITCHER 2]  FIRST TIME : update reference clock with clock from activeSource 0 and delta 0
Feb 27 10:08:26.410402 BS18_TS03_TEST  [SWITCHER 1]  ----------- Start -----------
Feb 27 10:08:26.410421 BS18_TS03_TEST  [SWITCHER 2]  ----------- Start -----------
Feb 27 10:08:26.413881 BS18_TS03_TEST  [CAPTURE 2_1] ----------- Start -----------
Feb 27 10:08:26.413895 BS18_TS03_TEST  [CAPTURE 2_0] ----------- Start -----------
Feb 27 10:08:26.414789 BS18_TS03_TEST  [CAPTURE 1_1] ----------- Start -----------
Feb 27 10:08:26.414800 BS18_TS03_TEST  [CAPTURE 1_0] ----------- Start -----------
Feb 27 10:08:26.472753 BS18_TS03_TEST  [CAPTURE 1_0] Connect to url udp://239.10.22.93:5000 using interface 172.16.12.51 
Feb 27 10:08:26.476539 BS18_TS03_TEST  [CAPTURE 1_1] Connect to url udp://239.10.20.3:5000 using interface 172.16.12.141 
Feb 27 10:08:26.895869 BS18_TS03_TEST  [SWITCHER 1]  Active source reset: Switch active source from 0 to 0
Feb 27 10:08:27.312060 BS18_TS03_TEST  [SWITCHER 1]  First sample received
Feb 27 10:08:30.903372 BS18_TS03_TEST  [SWITCHER 2]  srcIdx[0] mimoIdx[0] healthChanged from HEALTH_STATUS_OK to HEALTH_STATUS_NOK_ES_DATA_LOSS
Feb 27 10:08:30.908636 BS18_TS03_TEST  [SWITCHER 2]  srcIdx[1] mimoIdx[3] healthChanged from HEALTH_STATUS_OK to HEALTH_STATUS_NOK_ES_DATA_LOSS
Feb 27 10:12:33.759712 BS18_TS03_TEST  [SWITCHER 1]  srcIdx[1] mimoIdx[3] healthChanged from HEALTH_STATUS_OK to HEALTH_STATUS_NOK_ES_DATA_LOSS
Feb 27 10:12:33.806742 BS18_TS03_TEST  [SWITCHER 1]  srcIdx[1] mimoIdx[3] healthChanged from HEALTH_STATUS_NOK_ES_DATA_LOSS to HEALTH_STATUS_OK
Feb 27 10:12:39.720389 BS18_TS03_TEST  [SWITCHER 1]  srcIdx[0] mimoIdx[0] healthChanged from HEALTH_STATUS_OK to HEALTH_STATUS_NOK_ES_DATA_LOSS
Feb 27 10:12:39.768503 BS18_TS03_TEST  [SWITCHER 1]  srcIdx[0] mimoIdx[0] healthChanged from HEALTH_STATUS_NOK_ES_DATA_LOSS to HEALTH_STATUS_OK
Feb 27 10:31:24.904913 BS18_TS03_TEST  [SWITCHER 1]  srcIdx[1] mimoIdx[3] healthChanged from HEALTH_STATUS_OK to HEALTH_STATUS_NOK_ES_DATA_LOSS
Feb 27 10:31:24.968015 BS18_TS03_TEST  [SWITCHER 1]  srcIdx[1] mimoIdx[3] healthChanged from HEALTH_STATUS_NOK_ES_DATA_LOSS to HEALTH_STATUS_OK
Mar 13 10:36:42.579342 BS18_TS03_TEST  [CAPTURE 1_0] Connect to url udp://239.10.23.14:5000 using interface 172.16.12.51 
Mar 13 10:36:42.583621 BS18_TS03_TEST  [CAPTURE 1_1] Connect to url udp://239.10.20.3:5000 using interface 172.16.12.141 
Mar 13 10:36:42.876001 BS18_TS03_TEST  [SWITCHER 1]  Active source reset: Switch active source from 0 to 0
Mar 13 10:36:42.876066 BS18_TS03_TEST  [SWITCHER 1]  srcIdx[0] mimoIdx[0] healthChanged from HEALTH_STATUS_OK to HEALTH_STATUS_NOK_ES_DATA_LOSS
Mar 13 10:36:42.879619 BS18_TS03_TEST  [SWITCHER 1]  srcIdx[1] mimoIdx[3] healthChanged from HEALTH_STATUS_OK to HEALTH_STATUS_NOK_ES_DATA_LOSS
Mar 13 10:36:43.578795 BS18_TS03_TEST  [SWITCHER 1]  srcIdx[1] mimoIdx[3] healthChanged from HEALTH_STATUS_NOK_ES_DATA_LOSS to HEALTH_STATUS_OK
Mar 13 10:36:43.578817 BS18_TS03_TEST  [SWITCHER 1]  Switch active source from 0 to 1
Mar 13 10:36:43.579009 BS18_TS03_TEST  [SWITCHER 1]  update reference clock with clock from activeSource 1 and delta -6845
Mar 13 10:36:45.268508 BS18_TS03_TEST  [SWITCHER 1]  srcIdx[0] mimoIdx[0] healthChanged from HEALTH_STATUS_NOK_ES_DATA_LOSS to HEALTH_STATUS_OK
Mar 13 10:37:01.686494 BS18_TS03_TEST  [SWITCHER 1]  Manual Toggle: Switch active source from 1 to 0
Mar 13 10:37:01.686632 BS18_TS03_TEST  [SWITCHER 1]  update reference clock with clock from activeSource 0 and delta 0
Mar 13 10:37:01.703118 BS18_TS03_TEST  [SWITCHER 2]  Manual Toggle: Switch active source from 0 to 1
Mar 13 10:37:01.703246 BS18_TS03_TEST  [SWITCHER 2]  update reference clock with clock from activeSource 1 and delta 5
Mar 13 10:41:23.373653 BS18_TS03_TEST  [CAPTURE 1_0] ----------- Stop -----------
Mar 13 10:41:23.373671 BS18_TS03_TEST  [CAPTURE 1_1] ----------- Stop -----------
Mar 13 10:41:23.374174 BS18_TS03_TEST  [CAPTURE 2_0] ----------- Stop -----------
Mar 13 10:41:23.374197 BS18_TS03_TEST  [CAPTURE 2_1] ----------- Stop -----------
Mar 13 10:41:24.474716 BS18_TS03_TEST  [SWITCHER 1]  FIRST TIME : update reference clock with clock from activeSource 0 and delta 0
Mar 13 10:41:24.494754 BS18_TS03_TEST  [SWITCHER 2]  FIRST TIME : update reference clock with clock from activeSource 0 and delta 0
Mar 13 10:41:24.757992 BS18_TS03_TEST  [SWITCHER 1]  ----------- Start -----------
Mar 13 10:41:24.758019 BS18_TS03_TEST  [SWITCHER 2]  ----------- Start -----------
Mar 13 10:41:24.762812 BS18_TS03_TEST  [CAPTURE 2_1] ----------- Start -----------
Mar 13 10:41:24.762840 BS18_TS03_TEST  [CAPTURE 2_0] ----------- Start -----------
Mar 13 10:41:24.763846 BS18_TS03_TEST  [CAPTURE 1_1] ----------- Start -----------
Mar 13 10:41:24.763864 BS18_TS03_TEST  [CAPTURE 1_0] ----------- Start -----------
Mar 13 10:41:24.861551 BS18_TS03_TEST  [CAPTURE 1_0] Connect to url udp://239.10.23.14:5000 using interface 172.16.12.51 
Mar 13 10:41:24.868428 BS18_TS03_TEST  [CAPTURE 1_1] Connect to url udp://239.10.20.3:5000 using interface 172.16.12.141 
Mar 13 10:41:25.878208 BS18_TS03_TEST  [SWITCHER 1]  Active source reset: Switch active source from 0 to 0
Mar 13 10:41:25.878320 BS18_TS03_TEST  [SWITCHER 1]  First sample received
Mar 13 10:41:29.186713 BS18_TS03_TEST  [SWITCHER 2]  srcIdx[0] mimoIdx[0] healthChanged from HEALTH_STATUS_OK to HEALTH_STATUS_NOK_ES_DATA_LOSS
Mar 13 10:41:29.194060 BS18_TS03_TEST  [SWITCHER 2]  srcIdx[1] mimoIdx[3] healthChanged from HEALTH_STATUS_OK to HEALTH_STATUS_NOK_ES_DATA_LOSS
Mar 13 10:42:35.272756 BS18_TS03_TEST  [CAPTURE 1_0] ----------- Stop -----------
Mar 13 10:42:35.272768 BS18_TS03_TEST  [CAPTURE 1_1] ----------- Stop -----------
Mar 13 10:42:35.273328 BS18_TS03_TEST  [CAPTURE 2_0] ----------- Stop -----------
Mar 13 10:42:35.273350 BS18_TS03_TEST  [CAPTURE 2_1] ----------- Stop -----------
Mar 13 10:42:36.231881 BS18_TS03_TEST  [SWITCHER 1]  FIRST TIME : update reference clock with clock from activeSource 0 and delta 0
Mar 13 10:42:36.251640 BS18_TS03_TEST  [SWITCHER 2]  FIRST TIME : update reference clock with clock from activeSource 0 and delta 0
Mar 13 10:42:36.500503 BS18_TS03_TEST  [SWITCHER 1]  ----------- Start -----------
Mar 13 10:42:36.500541 BS18_TS03_TEST  [SWITCHER 2]  ----------- Start -----------
Mar 13 10:42:36.506263 BS18_TS03_TEST  [CAPTURE 2_1] ----------- Start -----------
Mar 13 10:42:36.506294 BS18_TS03_TEST  [CAPTURE 2_0] ----------- Start -----------
Mar 13 10:42:36.507969 BS18_TS03_TEST  [CAPTURE 1_1] ----------- Start -----------
Mar 13 10:42:36.507995 BS18_TS03_TEST  [CAPTURE 1_0] ----------- Start -----------
Mar 13 10:42:36.594986 BS18_TS03_TEST  [CAPTURE 1_0] Connect to url udp://239.10.23.14:5000 using interface 172.16.12.51 
Mar 13 10:42:36.602190 BS18_TS03_TEST  [CAPTURE 1_1] Connect to url udp://239.10.20.3:5000 using interface 172.16.12.141 
Mar 13 10:42:36.974469 BS18_TS03_TEST  [SWITCHER 1]  Active source reset: Switch active source from 0 to 0
Mar 13 10:42:36.974585 BS18_TS03_TEST  [SWITCHER 1]  First sample received
Mar 13 10:42:40.944372 BS18_TS03_TEST  [SWITCHER 2]  srcIdx[0] mimoIdx[0] healthChanged from HEALTH_STATUS_OK to HEALTH_STATUS_NOK_ES_DATA_LOSS
Mar 13 10:42:40.951179 BS18_TS03_TEST  [SWITCHER 2]  srcIdx[1] mimoIdx[3] healthChanged from HEALTH_STATUS_OK to HEALTH_STATUS_NOK_ES_DATA_LOSS
