Aug  8 00:52:24.838699 CS16_TS15_NS shop Plus  [standalone] Start monitoring (inputSourceId: e3b7eaa65360453990b000653c440869)
Aug  8 00:52:55.296916 CS16_TS15_NS shop Plus  [standalone] Encoder e3b7eaa65360453990b000653c440869.Processings_0.Video_01_enc_1 : encoded 51 samples late
Aug  8 00:52:55.296934 CS16_TS15_NS shop Plus  [standalone] SampleQueue main.processings.processing_0.Video_01_enc_1.encoderQueue_Video_01_enc_1 : skipped 39 samples
Aug  8 00:52:55.296942 CS16_TS15_NS shop Plus  [standalone] SampleQueue splicer.out.Master__Audio_2_decoded : skipped 1 samples
Aug  8 00:59:35.269830 CS16_TS15_NS shop Plus  [standalone] Start monitoring (inputSourceId: e3b7eaa65360453990b000653c440869)
Aug  8 01:04:21.692432 CS16_TS15_NS shop Plus  [standalone] Encoder e3b7eaa65360453990b000653c440869.Processings_0.Video_01_enc_1 : encoded 51 samples late
Aug  8 01:04:21.693250 CS16_TS15_NS shop Plus  [standalone] SampleQueue main.processings.processing_0.Video_01_enc_1.encoderQueue_Video_01_enc_1 : skipped 21 samples
Aug  8 23:10:33.240295 CS16_TS15_NS shop Plus  [standalone] Start monitoring (inputSourceId: e3b7eaa65360453990b000653c440869)
Aug  8 23:11:03.697928 CS16_TS15_NS shop Plus  [standalone] Encoder e3b7eaa65360453990b000653c440869.Processings_0.Video_01_enc_1 : encoded 51 samples late
Aug  8 23:11:03.697942 CS16_TS15_NS shop Plus  [standalone] SampleQueue main.processings.processing_0.Video_01_enc_1.encoderQueue_Video_01_enc_1 : skipped 36 samples
Sep 14 01:22:31.587670 CS16_TS15_NS shop Plus  [standalone] Encoder e3b7eaa65360453990b000653c440869.Processings_0.Video_01_enc_1 : encoded 1 samples late
Sep 14 02:31:04.357060 CS16_TS15_NS shop Plus  [standalone] Start monitoring (inputSourceId: e3b7eaa65360453990b000653c440869)
Sep 14 02:31:34.838396 CS16_TS15_NS shop Plus  [standalone] Encoder e3b7eaa65360453990b000653c440869.Processings_0.Video_01_enc_1 : encoded 51 samples late
Sep 14 02:31:34.838411 CS16_TS15_NS shop Plus  [standalone] SampleQueue main.processings.processing_0.Video_01_enc_1.encoderQueue_Video_01_enc_1 : skipped 38 samples
Sep 14 02:31:34.838419 CS16_TS15_NS shop Plus  [standalone] SampleQueue splicer.out.Master__Audio_1_decoded : skipped 5 samples
Sep 14 02:31:34.838426 CS16_TS15_NS shop Plus  [standalone] SampleQueue splicer.out.Master__Audio_2_decoded : skipped 3 samples
Sep 14 02:39:30.587286 CS16_TS15_NS shop Plus  [standalone] Start monitoring (inputSourceId: e3b7eaa65360453990b000653c440869)
Sep 14 02:40:01.060943 CS16_TS15_NS shop Plus  [standalone] Encoder e3b7eaa65360453990b000653c440869.Processings_0.Video_01_enc_1 : encoded 51 samples late
Sep 14 02:40:01.060966 CS16_TS15_NS shop Plus  [standalone] SampleQueue main.processings.processing_0.Video_01_enc_1.encoderQueue_Video_01_enc_1 : skipped 47 samples
Sep 25 16:35:25.311998 CS16_TS15_NS shop Plus  [standalone] Start monitoring (inputSourceId: e3b7eaa65360453990b000653c440869)
Sep 25 16:35:55.829974 CS16_TS15_NS shop Plus  [standalone] Encoder e3b7eaa65360453990b000653c440869.Processings_0.Video_01_enc_1 : encoded 51 samples late
Sep 25 16:35:55.829998 CS16_TS15_NS shop Plus  [standalone] SampleQueue main.processings.processing_0.Video_01_enc_1.encoderQueue_Video_01_enc_1 : skipped 52 samples
Oct 25 03:27:36.108623 CS16_TS15_NS shop Plus  [standalone] Start monitoring (inputSourceId: e3b7eaa65360453990b000653c440869)
Oct 25 03:32:22.167621 CS16_TS15_NS shop Plus  [standalone] Encoder e3b7eaa65360453990b000653c440869.Processings_0.Video_01_enc_1 : encoded 51 samples late
Oct 25 03:32:22.168377 CS16_TS15_NS shop Plus  [standalone] SampleQueue main.processings.processing_0.Video_01_enc_1.encoderQueue_Video_01_enc_1 : skipped 42 samples
Nov 16 16:47:21.456129 CS16_TS15_NS shop Plus  [standalone] Start monitoring (inputSourceId: e3b7eaa65360453990b000653c440869)
Nov 16 16:47:51.953890 CS16_TS15_NS shop Plus  [standalone] Encoder e3b7eaa65360453990b000653c440869.Processings_0.Video_01_enc_1 : encoded 51 samples late
Nov 16 16:47:51.953922 CS16_TS15_NS shop Plus  [standalone] SampleQueue main.processings.processing_0.Video_01_enc_1.encoderQueue_Video_01_enc_1 : skipped 45 samples
Nov 23 10:21:27.400036 CS16_TS15_NS shop Plus  [standalone] Start monitoring (inputSourceId: e3b7eaa65360453990b000653c440869)
Nov 23 10:21:57.881691 CS16_TS15_NS shop Plus  [standalone] Encoder e3b7eaa65360453990b000653c440869.Processings_0.Video_01_enc_1 : encoded 51 samples late
Nov 23 10:21:57.881710 CS16_TS15_NS shop Plus  [standalone] SampleQueue main.processings.processing_0.Video_01_enc_1.encoderQueue_Video_01_enc_1 : skipped 45 samples
Nov 28 14:34:05.294425 CS16_TS15_NS shop Plus  [standalone] Start monitoring (inputSourceId: e3b7eaa65360453990b000653c440869)
Nov 28 14:34:35.763500 CS16_TS15_NS shop Plus  [standalone] Encoder e3b7eaa65360453990b000653c440869.Processings_0.Video_01_enc_1 : encoded 52 samples late
Nov 28 14:34:35.763515 CS16_TS15_NS shop Plus  [standalone] SampleQueue main.processings.processing_0.Video_01_enc_1.encoderQueue_Video_01_enc_1 : skipped 34 samples
Nov 28 14:34:35.763523 CS16_TS15_NS shop Plus  [standalone] SampleQueue splicer.out.Master__Audio_1_decoded : skipped 4 samples
Nov 28 14:34:35.763531 CS16_TS15_NS shop Plus  [standalone] SampleQueue splicer.out.Master__Audio_2_decoded : skipped 4 samples
Nov 29 10:44:06.627085 CS16_TS15_NS shop Plus  [standalone] Encoder e3b7eaa65360453990b000653c440869.Processings_0.Video_01_enc_1 : encoded 1 samples late
Dec 13 16:53:47.163296 CS16_TS15_NS shop Plus  [standalone] Encoder e3b7eaa65360453990b000653c440869.Processings_0.Video_01_enc_1 : encoded 1 samples late
Dec 18 14:02:49.606992 CS16_TS15_NS shop Plus  [standalone] Start monitoring (inputSourceId: e3b7eaa65360453990b000653c440869)
Dec 18 14:07:35.948662 CS16_TS15_NS shop Plus  [standalone] Encoder e3b7eaa65360453990b000653c440869.Processings_0.Video_01_enc_1 : encoded 51 samples late
Dec 18 14:07:35.948700 CS16_TS15_NS shop Plus  [standalone] SampleQueue main.processings.processing_0.Video_01_enc_1.encoderQueue_Video_01_enc_1 : skipped 24 samples
Dec 19 13:18:55.843672 CS16_TS15_NS shop Plus  [standalone] Encoder e3b7eaa65360453990b000653c440869.Processings_0.Video_01_enc_1 : encoded 1 samples late
Dec 19 13:34:00.042658 CS16_TS15_NS shop Plus  [standalone] Encoder e3b7eaa65360453990b000653c440869.Processings_0.Video_01_enc_1 : encoded 2 samples late
Jan 24 13:30:16.442462 CS16_TS15_NS shop Plus  [standalone] Encoder e3b7eaa65360453990b000653c440869.Processings_0.Video_01_enc_1 : encoded 2 samples late
Jan 24 13:31:39.410878 CS16_TS15_NS shop Plus  [standalone] Start monitoring (inputSourceId: e3b7eaa65360453990b000653c440869)
Jan 24 13:32:09.869246 CS16_TS15_NS shop Plus  [standalone] Encoder e3b7eaa65360453990b000653c440869.Processings_0.Video_01_enc_1 : encoded 51 samples late
Jan 24 13:32:09.869269 CS16_TS15_NS shop Plus  [standalone] SampleQueue main.processings.processing_0.Video_01_enc_1.encoderQueue_Video_01_enc_1 : skipped 47 samples
Feb 19 10:58:11.408711 CS16_TS15_NS shop Plus  [standalone] Encoder e3b7eaa65360453990b000653c440869.Processings_0.Video_01_enc_1 : encoded 1 samples late
Feb 19 11:08:13.851032 CS16_TS15_NS shop Plus  [standalone] Encoder e3b7eaa65360453990b000653c440869.Processings_0.Video_01_enc_1 : encoded 1 samples late
Feb 19 11:13:15.081892 CS16_TS15_NS shop Plus  [standalone] Encoder e3b7eaa65360453990b000653c440869.Processings_0.Video_01_enc_1 : encoded 1 samples late
Feb 21 16:51:09.971298 CS16_TS15_NS shop Plus  [standalone] Encoder e3b7eaa65360453990b000653c440869.Processings_0.Video_01_enc_1 : encoded 1 samples late
Feb 27 10:06:26.456145 CS16_TS15_NS shop Plus  [standalone] Start monitoring (inputSourceId: e3b7eaa65360453990b000653c440869)
Feb 27 10:08:48.258993 CS16_TS15_NS shop Plus  [standalone] Start monitoring (inputSourceId: e3b7eaa65360453990b000653c440869)
Feb 27 10:11:04.263631 CS16_TS15_NS shop Plus  [standalone] Encoder e3b7eaa65360453990b000653c440869.Processings_0.Video_01_enc_1 : encoded 51 samples late
Feb 27 10:11:04.264243 CS16_TS15_NS shop Plus  [standalone] SampleQueue main.processings.processing_0.Video_01_enc_1.encoderQueue_Video_01_enc_1 : skipped 32 samples
Mar 13 10:37:55.966164 CS16_TS15_NS shop Plus  [standalone] Encoder e3b7eaa65360453990b000653c440869.Processings_0.Video_01_enc_1 : encoded 1 samples late
