Aug  8 00:52:24.875565 CS16_TS16_PlayboyTV  [standalone] Start monitoring (inputSourceId: 639990a0dd794986b0de2ac84b000083)
Aug  8 00:52:55.410856 CS16_TS16_PlayboyTV  [standalone] Encoder 639990a0dd794986b0de2ac84b000083.Processings_0.Video_01_enc_1 : encoded 51 samples late
Aug  8 00:52:55.410872 CS16_TS16_PlayboyTV  [standalone] SampleQueue main.processings.processing_0.Video_01_enc_1.encoderQueue_Video_01_enc_1 : skipped 38 samples
Aug  8 00:59:35.270459 CS16_TS16_PlayboyTV  [standalone] Start monitoring (inputSourceId: 639990a0dd794986b0de2ac84b000083)
Aug  8 01:04:21.861795 CS16_TS16_PlayboyTV  [standalone] Encoder 639990a0dd794986b0de2ac84b000083.Processings_0.Video_01_enc_1 : encoded 51 samples late
Aug  8 01:04:21.861834 CS16_TS16_PlayboyTV  [standalone] SampleQueue main.processings.processing_0.Video_01_enc_1.encoderQueue_Video_01_enc_1 : skipped 35 samples
Aug  8 23:10:35.499676 CS16_TS16_PlayboyTV  [standalone] Start monitoring (inputSourceId: 639990a0dd794986b0de2ac84b000083)
Aug  8 23:11:05.929385 CS16_TS16_PlayboyTV  [standalone] Encoder 639990a0dd794986b0de2ac84b000083.Processings_0.Video_01_enc_1 : encoded 51 samples late
Aug  8 23:11:05.929405 CS16_TS16_PlayboyTV  [standalone] SampleQueue main.processings.processing_0.Video_01_enc_1.encoderQueue_Video_01_enc_1 : skipped 55 samples
Sep 14 02:31:03.761343 CS16_TS16_PlayboyTV  [standalone] Start monitoring (inputSourceId: 639990a0dd794986b0de2ac84b000083)
Sep 14 02:31:34.253101 CS16_TS16_PlayboyTV  [standalone] Encoder 639990a0dd794986b0de2ac84b000083.Processings_0.Video_01_enc_1 : encoded 51 samples late
Sep 14 02:31:34.253115 CS16_TS16_PlayboyTV  [standalone] SampleQueue main.processings.processing_0.Video_01_enc_1.encoderQueue_Video_01_enc_1 : skipped 30 samples
Sep 14 02:39:33.705314 CS16_TS16_PlayboyTV  [standalone] Start monitoring (inputSourceId: 639990a0dd794986b0de2ac84b000083)
Sep 14 02:40:04.129368 CS16_TS16_PlayboyTV  [standalone] Encoder 639990a0dd794986b0de2ac84b000083.Processings_0.Video_01_enc_1 : encoded 51 samples late
Sep 14 02:40:04.129397 CS16_TS16_PlayboyTV  [standalone] SampleQueue main.processings.processing_0.Video_01_enc_1.encoderQueue_Video_01_enc_1 : skipped 45 samples
Sep 25 16:35:27.467799 CS16_TS16_PlayboyTV  [standalone] Start monitoring (inputSourceId: 639990a0dd794986b0de2ac84b000083)
Sep 25 16:35:57.923749 CS16_TS16_PlayboyTV  [standalone] Encoder 639990a0dd794986b0de2ac84b000083.Processings_0.Video_01_enc_1 : encoded 51 samples late
Sep 25 16:35:57.923772 CS16_TS16_PlayboyTV  [standalone] SampleQueue main.processings.processing_0.Video_01_enc_1.encoderQueue_Video_01_enc_1 : skipped 64 samples
Oct 25 03:27:36.108024 CS16_TS16_PlayboyTV  [standalone] Start monitoring (inputSourceId: 639990a0dd794986b0de2ac84b000083)
Oct 25 03:32:22.164534 CS16_TS16_PlayboyTV  [standalone] Encoder 639990a0dd794986b0de2ac84b000083.Processings_0.Video_01_enc_1 : encoded 51 samples late
Oct 25 03:32:22.164564 CS16_TS16_PlayboyTV  [standalone] SampleQueue main.processings.processing_0.Video_01_enc_1.encoderQueue_Video_01_enc_1 : skipped 44 samples
Nov 16 16:47:24.447684 CS16_TS16_PlayboyTV  [standalone] Start monitoring (inputSourceId: 639990a0dd794986b0de2ac84b000083)
Nov 16 16:47:54.895540 CS16_TS16_PlayboyTV  [standalone] Encoder 639990a0dd794986b0de2ac84b000083.Processings_0.Video_01_enc_1 : encoded 51 samples late
Nov 16 16:47:54.895559 CS16_TS16_PlayboyTV  [standalone] SampleQueue main.processings.processing_0.Video_01_enc_1.encoderQueue_Video_01_enc_1 : skipped 53 samples
Nov 23 10:21:30.785627 CS16_TS16_PlayboyTV  [standalone] Start monitoring (inputSourceId: 639990a0dd794986b0de2ac84b000083)
Nov 23 10:22:01.253594 CS16_TS16_PlayboyTV  [standalone] Encoder 639990a0dd794986b0de2ac84b000083.Processings_0.Video_01_enc_1 : encoded 51 samples late
Nov 23 10:22:01.253617 CS16_TS16_PlayboyTV  [standalone] SampleQueue main.processings.processing_0.Video_01_enc_1.encoderQueue_Video_01_enc_1 : skipped 55 samples
Nov 28 14:34:07.016860 CS16_TS16_PlayboyTV  [standalone] Start monitoring (inputSourceId: 639990a0dd794986b0de2ac84b000083)
Nov 28 14:34:37.474525 CS16_TS16_PlayboyTV  [standalone] Encoder 639990a0dd794986b0de2ac84b000083.Processings_0.Video_01_enc_1 : encoded 51 samples late
Nov 28 14:34:37.474549 CS16_TS16_PlayboyTV  [standalone] SampleQueue main.processings.processing_0.Video_01_enc_1.encoderQueue_Video_01_enc_1 : skipped 40 samples
Dec 18 14:02:49.607008 CS16_TS16_PlayboyTV  [standalone] Start monitoring (inputSourceId: 639990a0dd794986b0de2ac84b000083)
Dec 18 14:07:36.218699 CS16_TS16_PlayboyTV  [standalone] Encoder 639990a0dd794986b0de2ac84b000083.Processings_0.Video_01_enc_1 : encoded 51 samples late
Dec 18 14:07:36.218716 CS16_TS16_PlayboyTV  [standalone] SampleQueue main.processings.processing_0.Video_01_enc_1.encoderQueue_Video_01_enc_1 : skipped 34 samples
Jan 24 13:31:40.848470 CS16_TS16_PlayboyTV  [standalone] Start monitoring (inputSourceId: 639990a0dd794986b0de2ac84b000083)
Jan 24 13:32:11.299968 CS16_TS16_PlayboyTV  [standalone] Encoder 639990a0dd794986b0de2ac84b000083.Processings_0.Video_01_enc_1 : encoded 51 samples late
Jan 24 13:32:11.299992 CS16_TS16_PlayboyTV  [standalone] SampleQueue main.processings.processing_0.Video_01_enc_1.encoderQueue_Video_01_enc_1 : skipped 35 samples
Feb 27 10:06:26.455899 CS16_TS16_PlayboyTV  [standalone] Start monitoring (inputSourceId: 639990a0dd794986b0de2ac84b000083)
Feb 27 10:08:51.248927 CS16_TS16_PlayboyTV  [standalone] Start monitoring (inputSourceId: 639990a0dd794986b0de2ac84b000083)
Feb 27 10:11:07.155234 CS16_TS16_PlayboyTV  [standalone] Encoder 639990a0dd794986b0de2ac84b000083.Processings_0.Video_01_enc_1 : encoded 51 samples late
Feb 27 10:11:07.155253 CS16_TS16_PlayboyTV  [standalone] SampleQueue main.processings.processing_0.Video_01_enc_1.encoderQueue_Video_01_enc_1 : skipped 36 samples
