5.292374 CS18_TS12_Lotte  Continuity counter errors for Output_1-OT0.pid6384(Video_01_enc_1): 1 (new cc errors: 0)  

Mar 13 11:04:43.962482 CS18_TS12_Lotte  Continuity counter errors for source 0 (primary): 0 (new cc errors: 0)
Mar 13 11:04:43.963201 CS18_TS12_Lotte  Continuity counter errors for source 0 (primary): 0 (new cc errors: 0)
Mar 13 11:09:23.877894 CS18_TS12_Lotte  Continuity counter errors for Output_1-OT0.pid6385(Audio_1_encoded_1): 2 (new cc errors: 0)  

Mar 13 11:09:25.302140 CS18_TS12_Lotte  Continuity counter errors for Output_1-OT0.pid6384(Video_01_enc_1): 1 (new cc errors: 0)  

Mar 13 11:19:44.340300 CS18_TS12_Lotte  Continuity counter errors for source 0 (primary): 0 (new cc errors: 0)
Mar 13 11:19:44.341023 CS18_TS12_Lotte  Continuity counter errors for source 0 (primary): 0 (new cc errors: 0)
Mar 13 11:24:23.913367 CS18_TS12_Lotte  Continuity counter errors for Output_1-OT0.pid6385(Audio_1_encoded_1): 2 (new cc errors: 0)  

Mar 13 11:24:25.326815 CS18_TS12_Lotte  Continuity counter errors for Output_1-OT0.pid6384(Video_01_enc_1): 1 (new cc errors: 0)  

Mar 13 11:34:44.772697 CS18_TS12_Lotte  Continuity counter errors for source 0 (primary): 0 (new cc errors: 0)
Mar 13 11:34:44.773591 CS18_TS12_Lotte  Continuity counter errors for source 0 (primary): 0 (new cc errors: 0)
Mar 13 11:39:23.940859 CS18_TS12_Lotte  Continuity counter errors for Output_1-OT0.pid6385(Audio_1_encoded_1): 2 (new cc errors: 0)  

Mar 13 11:39:25.328899 CS18_TS12_Lotte  Continuity counter errors for Output_1-OT0.pid6384(Video_01_enc_1): 1 (new cc errors: 0)  

Mar 13 11:49:45.161771 CS18_TS12_Lotte  Continuity counter errors for source 0 (primary): 0 (new cc errors: 0)
Mar 13 11:49:45.162282 CS18_TS12_Lotte  Continuity counter errors for source 0 (primary): 0 (new cc errors: 0)
Mar 13 11:54:23.944146 CS18_TS12_Lotte  Continuity counter errors for Output_1-OT0.pid6385(Audio_1_encoded_1): 2 (new cc errors: 0)  

Mar 13 11:54:25.337454 CS18_TS12_Lotte  Continuity counter errors for Output_1-OT0.pid6384(Video_01_enc_1): 1 (new cc errors: 0)  

Mar 13 12:04:45.494657 CS18_TS12_Lotte  Continuity counter errors for source 0 (primary): 0 (new cc errors: 0)
Mar 13 12:04:45.495282 CS18_TS12_Lotte  Continuity counter errors for source 0 (primary): 0 (new cc errors: 0)
Mar 13 12:09:23.971652 CS18_TS12_Lotte  Continuity counter errors for Output_1-OT0.pid6385(Audio_1_encoded_1): 2 (new cc errors: 0)  

Mar 13 12:09:25.342259 CS18_TS12_Lotte  Continuity counter errors for Output_1-OT0.pid6384(Video_01_enc_1): 1 (new cc errors: 0)  

Mar 13 12:19:46.050146 CS18_TS12_Lotte  Continuity counter errors for source 0 (primary): 0 (new cc errors: 0)
Mar 13 12:19:46.051153 CS18_TS12_Lotte  Continuity counter errors for source 0 (primary): 0 (new cc errors: 0)
Mar 13 12:24:23.974976 CS18_TS12_Lotte  Continuity counter errors for Output_1-OT0.pid6385(Audio_1_encoded_1): 2 (new cc errors: 0)  

Mar 13 12:24:25.368171 CS18_TS12_Lotte  Continuity counter errors for Output_1-OT0.pid6384(Video_01_enc_1): 1 (new cc errors: 0)  

Mar 13 12:34:46.506844 CS18_TS12_Lotte  Continuity counter errors for source 0 (primary): 0 (new cc errors: 0)
Mar 13 12:34:46.507427 CS18_TS12_Lotte  Continuity counter errors for source 0 (primary): 0 (new cc errors: 0)
Mar 13 12:39:24.002520 CS18_TS12_Lotte  Continuity counter errors for Output_1-OT0.pid6385(Audio_1_encoded_1): 2 (new cc errors: 0)  

Mar 13 12:39:25.388242 CS18_TS12_Lotte  Continuity counter errors for Output_1-OT0.pid6384(Video_01_enc_1): 1 (new cc errors: 0)  

Mar 13 12:49:46.960398 CS18_TS12_Lotte  Continuity counter errors for source 0 (primary): 0 (new cc errors: 0)
Mar 13 12:49:46.961185 CS18_TS12_Lotte  Continuity counter errors for source 0 (primary): 0 (new cc errors: 0)
Mar 13 12:54:24.005850 CS18_TS12_Lotte  Continuity counter errors for Output_1-OT0.pid6385(Audio_1_encoded_1): 2 (new cc errors: 0)  

Mar 13 12:54:25.419003 CS18_TS12_Lotte  Continuity counter errors for Output_1-OT0.pid6384(Video_01_enc_1): 1 (new cc errors: 0)  

Mar 13 13:04:47.361078 CS18_TS12_Lotte  Continuity counter errors for source 0 (primary): 0 (new cc errors: 0)
Mar 13 13:04:47.361782 CS18_TS12_Lotte  Continuity counter errors for source 0 (primary): 0 (new cc errors: 0)
Mar 13 13:09:24.033098 CS18_TS12_Lotte  Continuity counter errors for Output_1-OT0.pid6385(Audio_1_encoded_1): 2 (new cc errors: 0)  

Mar 13 13:09:25.428438 CS18_TS12_Lotte  Continuity counter errors for Output_1-OT0.pid6384(Video_01_enc_1): 1 (new cc errors: 0)  

Mar 13 13:19:47.770461 CS18_TS12_Lotte  Continuity counter errors for source 0 (primary): 0 (new cc errors: 0)
Mar 13 13:19:47.771243 CS18_TS12_Lotte  Continuity counter errors for source 0 (primary): 0 (new cc errors: 0)
Mar 13 13:24:24.036337 CS18_TS12_Lotte  Continuity counter errors for Output_1-OT0.pid6385(Audio_1_encoded_1): 2 (new cc errors: 0)  

Mar 13 13:24:25.443347 CS18_TS12_Lotte  Continuity counter errors for Output_1-OT0.pid6384(Video_01_enc_1): 1 (new cc errors: 0)  

Mar 13 13:34:48.207372 CS18_TS12_Lotte  Continuity counter errors for source 0 (primary): 0 (new cc errors: 0)
Mar 13 13:34:48.208197 CS18_TS12_Lotte  Continuity counter errors for source 0 (primary): 0 (new cc errors: 0)
Mar 13 13:39:24.063871 CS18_TS12_Lotte  Continuity counter errors for Output_1-OT0.pid6385(Audio_1_encoded_1): 2 (new cc errors: 0)  

Mar 13 13:39:25.451344 CS18_TS12_Lotte  Continuity counter errors for Output_1-OT0.pid6384(Video_01_enc_1): 1 (new cc errors: 0)  

Mar 13 13:49:48.598335 CS18_TS12_Lotte  Continuity counter errors for source 0 (primary): 0 (new cc errors: 0)
Mar 13 13:49:48.599091 CS18_TS12_Lotte  Continuity counter errors for source 0 (primary): 0 (new cc errors: 0)
Mar 13 13:54:24.067856 CS18_TS12_Lotte  Continuity counter errors for Output_1-OT0.pid6385(Audio_1_encoded_1): 2 (new cc errors: 0)  

Mar 13 13:54:25.459230 CS18_TS12_Lotte  Continuity counter errors for Output_1-OT0.pid6384(Video_01_enc_1): 1 (new cc errors: 0)  

Mar 13 14:04:48.947159 CS18_TS12_Lotte  Continuity counter errors for source 0 (primary): 0 (new cc errors: 0)
Mar 13 14:04:48.947700 CS18_TS12_Lotte  Continuity counter errors for source 0 (primary): 0 (new cc errors: 0)
Mar 13 14:09:24.102593 CS18_TS12_Lotte  Continuity counter errors for Output_1-OT0.pid6385(Audio_1_encoded_1): 2 (new cc errors: 0)  

Mar 13 14:09:25.499785 CS18_TS12_Lotte  Continuity counter errors for Output_1-OT0.pid6384(Video_01_enc_1): 1 (new cc errors: 0)  

Mar 13 14:19:49.225933 CS18_TS12_Lotte  Continuity counter errors for source 0 (primary): 0 (new cc errors: 0)
Mar 13 14:19:49.226488 CS18_TS12_Lotte  Continuity counter errors for source 0 (primary): 0 (new cc errors: 0)
Mar 13 14:24:24.130010 CS18_TS12_Lotte  Continuity counter errors for Output_1-OT0.pid6385(Audio_1_encoded_1): 2 (new cc errors: 0)  

Mar 13 14:24:25.515309 CS18_TS12_Lotte  Continuity counter errors for Output_1-OT0.pid6384(Video_01_enc_1): 1 (new cc errors: 0)  

Mar 13 14:34:49.525617 CS18_TS12_Lotte  Continuity counter errors for source 0 (primary): 0 (new cc errors: 0)
Mar 13 14:34:49.526139 CS18_TS12_Lotte  Continuity counter errors for source 0 (primary): 0 (new cc errors: 0)
Mar 13 14:39:24.133198 CS18_TS12_Lotte  Continuity counter errors for Output_1-OT0.pid6385(Audio_1_encoded_1): 2 (new cc errors: 0)  

Mar 13 14:39:25.563431 CS18_TS12_Lotte  Continuity counter errors for Output_1-OT0.pid6384(Video_01_enc_1): 1 (new cc errors: 0)  

Mar 13 14:49:50.032893 CS18_TS12_Lotte  Continuity counter errors for source 0 (primary): 0 (new cc errors: 0)
Mar 13 14:49:50.033406 CS18_TS12_Lotte  Continuity counter errors for source 0 (primary): 0 (new cc errors: 0)
Mar 13 14:54:24.160759 CS18_TS12_Lotte  Continuity counter errors for Output_1-OT0.pid6385(Audio_1_encoded_1): 2 (new cc errors: 0)  

Mar 13 14:54:25.579375 CS18_TS12_Lotte  Continuity counter errors for Output_1-OT0.pid6384(Video_01_enc_1): 1 (new cc errors: 0)  

Mar 13 15:04:50.548609 CS18_TS12_Lotte  Continuity counter errors for source 0 (primary): 0 (new cc errors: 0)
Mar 13 15:04:50.549104 CS18_TS12_Lotte  Continuity counter errors for source 0 (primary): 0 (new cc errors: 0)
Mar 13 15:09:24.164031 CS18_TS12_Lotte  Continuity counter errors for Output_1-OT0.pid6385(Audio_1_encoded_1): 2 (new cc errors: 0)  

Mar 13 15:09:25.612117 CS18_TS12_Lotte  Continuity counter errors for Output_1-OT0.pid6384(Video_01_enc_1): 1 (new cc errors: 0)  

Mar 13 15:19:50.998622 CS18_TS12_Lotte  Continuity counter errors for source 0 (primary): 0 (new cc errors: 0)
Mar 13 15:19:50.999406 CS18_TS12_Lotte  Continuity counter errors for source 0 (primary): 0 (new cc errors: 0)
Mar 13 15:24:24.191575 CS18_TS12_Lotte  Continuity counter errors for Output_1-OT0.pid6385(Audio_1_encoded_1): 2 (new cc errors: 0)  

Mar 13 15:24:25.624110 CS18_TS12_Lotte  Continuity counter errors for Output_1-OT0.pid6384(Video_01_enc_1): 1 (new cc errors: 0)  

Mar 13 15:34:51.465107 CS18_TS12_Lotte  Continuity counter errors for source 0 (primary): 0 (new cc errors: 0)
Mar 13 15:34:51.465601 CS18_TS12_Lotte  Continuity counter errors for source 0 (primary): 0 (new cc errors: 0)
Mar 13 15:39:24.194996 CS18_TS12_Lotte  Continuity counter errors for Output_1-OT0.pid6385(Audio_1_encoded_1): 2 (new cc errors: 0)  

Mar 13 15:39:25.654671 CS18_TS12_Lotte  Continuity counter errors for Output_1-OT0.pid6384(Video_01_enc_1): 1 (new cc errors: 0)  

Mar 13 15:49:51.993848 CS18_TS12_Lotte  Continuity counter errors for source 0 (primary): 0 (new cc errors: 0)
Mar 13 15:49:51.994613 CS18_TS12_Lotte  Continuity counter errors for source 0 (primary): 0 (new cc errors: 0)
Mar 13 15:54:24.222636 CS18_TS12_Lotte  Continuity counter errors for Output_1-OT0.pid6385(Audio_1_encoded_1): 2 (new cc errors: 0)  

Mar 13 15:54:25.680936 CS18_TS12_Lotte  Continuity counter errors for Output_1-OT0.pid6384(Video_01_enc_1): 1 (new cc errors: 0)  

Mar 13 16:04:52.582269 CS18_TS12_Lotte  Continuity counter errors for source 0 (primary): 0 (new cc errors: 0)
Mar 13 16:04:52.583007 CS18_TS12_Lotte  Continuity counter errors for source 0 (primary): 0 (new cc errors: 0)
Mar 13 16:09:24.225914 CS18_TS12_Lotte  Continuity counter errors for Output_1-OT0.pid6385(Audio_1_encoded_1): 2 (new cc errors: 0)  

Mar 13 16:09:25.715142 CS18_TS12_Lotte  Continuity counter errors for Output_1-OT0.pid6384(Video_01_enc_1): 1 (new cc errors: 0)  

Mar 13 16:19:53.065854 CS18_TS12_Lotte  Continuity counter errors for source 0 (primary): 0 (new cc errors: 0)
Mar 13 16:19:53.066372 CS18_TS12_Lotte  Continuity counter errors for source 0 (primary): 0 (new cc errors: 0)
Mar 13 16:24:24.253631 CS18_TS12_Lotte  Continuity counter errors for Output_1-OT0.pid6385(Audio_1_encoded_1): 2 (new cc errors: 0)  

Mar 13 16:24:25.724162 CS18_TS12_Lotte  Continuity counter errors for Output_1-OT0.pid6384(Video_01_enc_1): 1 (new cc errors: 0)  

Mar 13 16:34:53.424917 CS18_TS12_Lotte  Continuity counter errors for source 0 (primary): 0 (new cc errors: 0)
Mar 13 16:34:53.425832 CS18_TS12_Lotte  Continuity counter errors for source 0 (primary): 0 (new cc errors: 0)
Mar 13 16:39:24.257009 CS18_TS12_Lotte  Continuity counter errors for Output_1-OT0.pid6385(Audio_1_encoded_1): 2 (new cc errors: 0)  

Mar 13 16:39:25.754263 CS18_TS12_Lotte  Continuity counter errors for Output_1-OT0.pid6384(Video_01_enc_1): 1 (new cc errors: 0)  

Mar 13 16:49:53.736753 CS18_TS12_Lotte  Continuity counter errors for source 0 (primary): 0 (new cc errors: 0)
Mar 13 16:49:53.737232 CS18_TS12_Lotte  Continuity counter errors for source 0 (primary): 0 (new cc errors: 0)
Mar 13 16:54:24.284581 CS18_TS12_Lotte  Continuity counter errors for Output_1-OT0.pid6385(Audio_1_encoded_1): 2 (new cc errors: 0)  

Mar 13 16:54:25.774410 CS18_TS12_Lotte  Continuity counter errors for Output_1-OT0.pid6384(Video_01_enc_1): 1 (new cc errors: 0)  

Mar 13 17:04:54.112026 CS18_TS12_Lotte  Continuity counter errors for source 0 (primary): 0 (new cc errors: 0)
Mar 13 17:04:54.112826 CS18_TS12_Lotte  Continuity counter errors for source 0 (primary): 0 (new cc errors: 0)
Mar 13 17:09:24.288030 CS18_TS12_Lotte  Continuity counter errors for Output_1-OT0.pid6385(Audio_1_encoded_1): 2 (new cc errors: 0)  

Mar 13 17:09:25.815320 CS18_TS12_Lotte  Continuity counter errors for Output_1-OT0.pid6384(Video_01_enc_1): 1 (new cc errors: 0)  

Mar 13 17:19:54.567570 CS18_TS12_Lotte  Continuity counter errors for source 0 (primary): 0 (new cc errors: 0)
Mar 13 17:19:54.568074 CS18_TS12_Lotte  Continuity counter errors for source 0 (primary): 0 (new cc errors: 0)
Mar 13 17:24:24.323564 CS18_TS12_Lotte  Continuity counter errors for Output_1-OT0.pid6385(Audio_1_encoded_1): 2 (new cc errors: 0)  

Mar 13 17:24:25.838253 CS18_TS12_Lotte  Continuity counter errors for Output_1-OT0.pid6384(Video_01_enc_1): 1 (new cc errors: 0)  

Mar 13 17:34:55.016076 CS18_TS12_Lotte  Continuity counter errors for source 0 (primary): 0 (new cc errors: 0)
Mar 13 17:34:55.016860 CS18_TS12_Lotte  Continuity counter errors for source 0 (primary): 0 (new cc errors: 0)
Mar 13 17:39:24.350904 CS18_TS12_Lotte  Continuity counter errors for Output_1-OT0.pid6385(Audio_1_encoded_1): 2 (new cc errors: 0)  

Mar 13 17:39:25.845789 CS18_TS12_Lotte  Continuity counter errors for Output_1-OT0.pid6384(Video_01_enc_1): 1 (new cc errors: 0)  

Mar 13 17:49:55.363916 CS18_TS12_Lotte  Continuity counter errors for source 0 (primary): 0 (new cc errors: 0)
Mar 13 17:49:55.364562 CS18_TS12_Lotte  Continuity counter errors for source 0 (primary): 0 (new cc errors: 0)
Mar 13 17:54:24.354385 CS18_TS12_Lotte  Continuity counter errors for Output_1-OT0.pid6385(Audio_1_encoded_1): 2 (new cc errors: 0)  

Mar 13 17:54:25.877839 CS18_TS12_Lotte  Continuity counter errors for Output_1-OT0.pid6384(Video_01_enc_1): 1 (new cc errors: 0)  

Mar 13 18:04:55.677824 CS18_TS12_Lotte  Continuity counter errors for source 0 (primary): 0 (new cc errors: 0)
Mar 13 18:04:55.678373 CS18_TS12_Lotte  Continuity counter errors for source 0 (primary): 0 (new cc errors: 0)
Mar 13 18:09:24.382002 CS18_TS12_Lotte  Continuity counter errors for Output_1-OT0.pid6385(Audio_1_encoded_1): 2 (new cc errors: 0)  

Mar 13 18:09:25.900709 CS18_TS12_Lotte  Continuity counter errors for Output_1-OT0.pid6384(Video_01_enc_1): 1 (new cc errors: 0)  

Mar 13 18:19:56.158296 CS18_TS12_Lotte  Continuity counter errors for source 0 (primary): 0 (new cc errors: 0)
Mar 13 18:19:56.158798 CS18_TS12_Lotte  Continuity counter errors for source 0 (primary): 0 (new cc errors: 0)
Mar 13 18:24:24.385635 CS18_TS12_Lotte  Continuity counter errors for Output_1-OT0.pid6385(Audio_1_encoded_1): 2 (new cc errors: 0)  

Mar 13 18:24:25.903344 CS18_TS12_Lotte  Continuity counter errors for Output_1-OT0.pid6384(Video_01_enc_1): 1 (new cc errors: 0)  

Mar 13 18:34:56.778950 CS18_TS12_Lotte  Continuity counter errors for source 0 (primary): 0 (new cc errors: 0)
Mar 13 18:34:56.779720 CS18_TS12_Lotte  Continuity counter errors for source 0 (primary): 0 (new cc errors: 0)
Mar 13 18:39:24.413601 CS18_TS12_Lotte  Continuity counter errors for Output_1-OT0.pid6385(Audio_1_encoded_1): 2 (new cc errors: 0)  

Mar 13 18:39:25.912765 CS18_TS12_Lotte  Continuity counter errors for Output_1-OT0.pid6384(Video_01_enc_1): 1 (new cc errors: 0)  

Mar 13 18:49:57.243814 CS18_TS12_Lotte  Continuity counter errors for source 0 (primary): 0 (new cc errors: 0)
Mar 13 18:49:57.244315 CS18_TS12_Lotte  Continuity counter errors for source 0 (primary): 0 (new cc errors: 0)
Mar 13 18:54:24.416829 CS18_TS12_Lotte  Continuity counter errors for Output_1-OT0.pid6385(Audio_1_encoded_1): 2 (new cc errors: 0)  

Mar 13 18:54:25.932929 CS18_TS12_Lotte  Continuity counter errors for Output_1-OT0.pid6384(Video_01_enc_1): 1 (new cc errors: 0)  

Mar 13 19:04:57.613777 CS18_TS12_Lotte  Continuity counter errors for source 0 (primary): 0 (new cc errors: 0)
Mar 13 19:04:57.614530 CS18_TS12_Lotte  Continuity counter errors for source 0 (primary): 0 (new cc errors: 0)
Mar 13 19:09:24.444270 CS18_TS12_Lotte  Continuity counter errors for Output_1-OT0.pid6385(Audio_1_encoded_1): 2 (new cc errors: 0)  

Mar 13 19:09:25.958186 CS18_TS12_Lotte  Continuity counter errors for Output_1-OT0.pid6384(Video_01_enc_1): 1 (new cc errors: 0)  

Mar 13 19:19:58.090545 CS18_TS12_Lotte  Continuity counter errors for source 0 (primary): 0 (new cc errors: 0)
Mar 13 19:19:58.09Mar 13 09:04:40.355333 CS18_TS12_Lotte  Continuity counter errors for source 0 (primary): 0 (new cc errors: 0)
Mar 13 09:04:40.355815 CS18_TS12_Lotte  Continuity counter errors for source 0 (primary): 0 (new cc errors: 0)
Mar 13 09:09:23.779084 CS18_TS12_Lotte  Continuity counter errors for Output_1-OT0.pid6385(Audio_1_encoded_1): 2 (new cc errors: 0)  

Mar 13 09:09:25.103025 CS18_TS12_Lotte  Continuity counter errors for Output_1-OT0.pid6384(Video_01_enc_1): 1 (new cc errors: 0)  

Mar 13 09:19:40.843691 CS18_TS12_Lotte  Continuity counter errors for source 0 (primary): 0 (new cc errors: 0)
Mar 13 09:19:40.844165 CS18_TS12_Lotte  Continuity counter errors for source 0 (primary): 0 (new cc errors: 0)
Mar 13 09:24:23.782590 CS18_TS12_Lotte  Continuity counter errors for Output_1-OT0.pid6385(Audio_1_encoded_1): 2 (new cc errors: 0)  

Mar 13 09:24:25.133961 CS18_TS12_Lotte  Continuity counter errors for Output_1-OT0.pid6384(Video_01_enc_1): 1 (new cc errors: 0)  

Mar 13 09:34:41.260393 CS18_TS12_Lotte  Continuity counter errors for source 0 (primary): 0 (new cc errors: 0)
Mar 13 09:34:41.260907 CS18_TS12_Lotte  Continuity counter errors for source 0 (primary): 0 (new cc errors: 0)
Mar 13 09:39:23.810125 CS18_TS12_Lotte  Continuity counter errors for Output_1-OT0.pid6385(Audio_1_encoded_1): 2 (new cc errors: 0)  

Mar 13 09:39:25.134134 CS18_TS12_Lotte  Continuity counter errors for Output_1-OT0.pid6384(Video_01_enc_1): 1 (new cc errors: 0)  

Mar 13 09:49:41.776967 CS18_TS12_Lotte  Continuity counter errors for source 0 (primary): 0 (new cc errors: 0)
Mar 13 09:49:41.777490 CS18_TS12_Lotte  Continuity counter errors for source 0 (primary): 0 (new cc errors: 0)
Mar 13 09:54:23.813405 CS18_TS12_Lotte  Continuity counter errors for Output_1-OT0.pid6385(Audio_1_encoded_1): 2 (new cc errors: 0)  

Mar 13 09:54:25.180886 CS18_TS12_Lotte  Continuity counter errors for Output_1-OT0.pid6384(Video_01_enc_1): 1 (new cc errors: 0)  

Mar 13 10:04:42.364129 CS18_TS12_Lotte  Continuity counter errors for source 0 (primary): 0 (new cc errors: 0)
Mar 13 10:04:42.364801 CS18_TS12_Lotte  Continuity counter errors for source 0 (primary): 0 (new cc errors: 0)
Mar 13 10:09:23.816694 CS18_TS12_Lotte  Continuity counter errors for Output_1-OT0.pid6385(Audio_1_encoded_1): 2 (new cc errors: 0)  

Mar 13 10:09:25.195727 CS18_TS12_Lotte  Continuity counter errors for Output_1-OT0.pid6384(Video_01_enc_1): 1 (new cc errors: 0)  

Mar 13 10:19:42.889718 CS18_TS12_Lotte  Continuity counter errors for source 0 (primary): 0 (new cc errors: 0)
Mar 13 10:19:42.890233 CS18_TS12_Lotte  Continuity counter errors for source 0 (primary): 0 (new cc errors: 0)
Mar 13 10:24:23.844028 CS18_TS12_Lotte  Continuity counter errors for Output_1-OT0.pid6385(Audio_1_encoded_1): 2 (new cc errors: 0)  

Mar 13 10:24:25.231366 CS18_TS12_Lotte  Continuity counter errors for Output_1-OT0.pid6384(Video_01_enc_1): 1 (new cc errors: 0)  

Mar 13 10:34:43.338734 CS18_TS12_Lotte  Continuity counter errors for source 0 (primary): 0 (new cc errors: 0)
Mar 13 10:34:43.339469 CS18_TS12_Lotte  Continuity counter errors for source 0 (primary): 0 (new cc errors: 0)
Mar 13 10:39:23.847284 CS18_TS12_Lotte  Continuity counter errors for Output_1-OT0.pid6385(Audio_1_encoded_1): 2 (new cc errors: 0)  

Mar 13 10:39:25.264811 CS18_TS12_Lotte  Continuity counter errors for Output_1-OT0.pid6384(Video_01_enc_1): 1 (new cc errors: 0)  

Mar 13 10:49:43.689711 CS18_TS12_Lotte  Continuity counter errors for source 0 (primary): 0 (new cc errors: 0)
Mar 13 10:49:43.690466 CS18_TS12_Lotte  Continuity counter errors for source 0 (primary): 0 (new cc errors: 0)
Mar 13 10:54:23.850480 CS18_TS12_Lotte  Continuity counter errors for Output_1-OT0.pid6385(Audio_1_encoded_1): 2 (new cc errors: 0)  

Mar 13 10:54:21119 CS18_TS12_Lotte  Continuity counter errors for source 0 (primary): 0 (new cc errors: 0)
Mar 13 19:24:24.447711 CS18_TS12_Lotte  Continuity counter errors for Output_1-OT0.pid6385(Audio_1_encoded_1): 2 (new cc errors: 0)  

Mar 13 19:24:25.969956 CS18_TS12_Lotte  Continuity counter errors for Output_1-OT0.pid6384(Video_01_enc_1): 1 (new cc errors: 0)  

Mar 13 19:34:58.719147 CS18_TS12_Lotte  Continuity counter errors for source 0 (primary): 0 (new cc errors: 0)
Mar 13 19:34:58.719983 CS18_TS12_Lotte  Continuity counter errors for source 0 (primary): 0 (new cc errors: 0)
Mar 13 19:39:24.475416 CS18_TS12_Lotte  Continuity counter errors for Output_1-OT0.pid6385(Audio_1_encoded_1): 2 (new cc errors: 0)  

Mar 13 19:39:25.992199 CS18_TS12_Lotte  Continuity counter errors for Output_1-OT0.pid6384(Video_01_enc_1): 1 (new cc errors: 0)  

Mar 13 19:49:59.255265 CS18_TS12_Lotte  Continuity counter errors for source 0 (primary): 0 (new cc errors: 0)
Mar 13 19:49:59.255814 CS18_TS12_Lotte  Continuity counter errors for source 0 (primary): 0 (new cc errors: 0)
Mar 13 19:54:24.479088 CS18_TS12_Lotte  Continuity counter errors for Output_1-OT0.pid6385(Audio_1_encoded_1): 2 (new cc errors: 0)  

Mar 13 19:54:25.995324 CS18_TS12_Lotte  Continuity counter errors for Output_1-OT0.pid6384(Video_01_enc_1): 1 (new cc errors: 0)  

Mar 13 20:04:59.630395 CS18_TS12_Lotte  Continuity counter errors for source 0 (primary): 0 (new cc errors: 0)
Mar 13 20:04:59.631107 CS18_TS12_Lotte  Continuity counter errors for source 0 (primary): 0 (new cc errors: 0)
Mar 13 20:09:24.506420 CS18_TS12_Lotte  Continuity counter errors for Output_1-OT0.pid6385(Audio_1_encoded_1): 2 (new cc errors: 0)  

Mar 13 20:09:25.995560 CS18_TS12_Lotte  Continuity counter errors for Output_1-OT0.pid6384(Video_01_enc_1): 1 (new cc errors: 0)  

Mar 13 20:20:00.020428 CS18_TS12_Lotte  Continuity counter errors for source 0 (primary): 0 (new cc errors: 0)
Mar 13 20:20:00.020988 CS18_TS12_Lotte  Continuity counter errors for source 0 (primary): 0 (new cc errors: 0)
Mar 13 20:24:24.510001 CS18_TS12_Lotte  Continuity counter errors for Output_1-OT0.pid6385(Audio_1_encoded_1): 2 (new cc errors: 0)  

Mar 13 20:24:26.006519 CS18_TS12_Lotte  Continuity counter errors for Output_1-OT0.pid6384(Video_01_enc_1): 1 (new cc errors: 0)  

Mar 13 20:35:00.385656 CS18_TS12_Lotte  Continuity counter errors for source 0 (primary): 0 (new cc errors: 0)
Mar 13 20:35:00.386186 CS18_TS12_Lotte  Continuity counter errors for source 0 (primary): 0 (new cc errors: 0)
Mar 13 20:39:24.545700 CS18_TS12_Lotte  Continuity counter errors for Output_1-OT0.pid6385(Audio_1_encoded_1): 2 (new cc errors: 0)  

Mar 13 20:39:26.022001 CS18_TS12_Lotte  Continuity counter errors for Output_1-OT0.pid6384(Video_01_enc_1): 1 (new cc errors: 0)  

Mar 13 20:50:00.864314 CS18_TS12_Lotte  Continuity counter errors for source 0 (primary): 0 (new cc errors: 0)
Mar 13 20:50:00.864873 CS18_TS12_Lotte  Continuity counter errors for source 0 (primary): 0 (new cc errors: 0)
Mar 13 20:54:24.573451 CS18_TS12_Lotte  Continuity counter errors for Output_1-OT0.pid6385(Audio_1_encoded_1): 2 (new cc errors: 0)  

Mar 13 20:54:26.032524 CS18_TS12_Lotte  Continuity counter errors for Output_1-OT0.pid6384(Video_01_enc_1): 1 (new cc errors: 0)  

Mar 13 21:05:01.265659 CS18_TS12_Lotte  Continuity counter errors for source 0 (primary): 0 (new cc errors: 0)
Mar 13 21:05:01.266245 CS18_TS12_Lotte  Continuity counter errors for source 0 (primary): 0 (new cc errors: 0)
Mar 13 21:09:24.576929 CS18_TS12_Lotte  Continuity counter errors for Output_1-OT0.pid6385(Audio_1_encoded_1): 2 (new cc errors: 0)  

Mar 13 21:09:26.054175 CS18_TS12_Lotte  Continuity counter errors for Output_1-OT0.pid6384(Video_01_enc_1): 1 (new cc errors: 0)  

Mar 13 21:20:01.527995 CS18_TS12_Lotte  Continuity counter errors for source 0 (primary): 0 (new cc errors: 0)
Mar 13 21:20:01.528509 CS18_TS12_Lotte  Continuity counter errors for source 0 (primary): 0 (new cc errors: 0)
Mar 13 21:24:24.604584 CS18_TS12_Lotte  Continuity counter errors for Output_1-OT0.pid6385(Audio_1_encoded_1): 2 (new cc errors: 0)  

Mar 13 21:24:26.055349 CS18_TS12_Lotte  Continuity counter errors for Output_1-OT0.pid6384(Video_01_enc_1): 1 (new cc errors: 0)  

Mar 13 21:35:01.792841 CS18_TS12_Lotte  Continuity counter errors for source 0 (primary): 0 (new cc errors: 0)
Mar 13 21:35:01.793609 CS18_TS12_Lotte  Continuity counter errors for source 0 (primary): 0 (new cc errors: 0)
Mar 13 21:39:24.608128 CS18_TS12_Lotte  Continuity counter errors for Output_1-OT0.pid6385(Audio_1_encoded_1): 2 (new cc errors: 0)  

Mar 13 21:39:26.056469 CS18_TS12_Lotte  Continuity counter errors for Output_1-OT0.pid6384(Video_01_enc_1): 1 (new cc errors: 0)  

Mar 13 21:50:02.218331 CS18_TS12_Lotte  Continuity counter errors for source 0 (primary): 0 (new cc errors: 0)
Mar 13 21:50:02.218898 CS18_TS12_Lotte  Continuity counter errors for source 0 (primary): 0 (new cc errors: 0)
Mar 13 21:54:24.635385 CS18_TS12_Lotte  Continuity counter errors for Output_1-OT0.pid6385(Audio_1_encoded_1): 2 (new cc errors: 0)  

Mar 13 21:54:26.058035 CS18_TS12_Lotte  Continuity counter errors for Output_1-OT0.pid6384(Video_01_enc_1): 1 (new cc errors: 0)  

Mar 13 22:05:02.812528 CS18_TS12_Lotte  Continuity counter errors for source 0 (primary): 0 (new cc errors: 0)
Mar 13 22:05:02.813188 CS18_TS12_Lotte  Continuity counter errors for source 0 (primary): 0 (new cc errors: 0)
Mar 13 22:09:24.638530 CS18_TS12_Lotte  Continuity counter errors for Output_1-OT0.pid6385(Audio_1_encoded_1): 2 (new cc errors: 0)  

Mar 13 22:09:26.095810 CS18_TS12_Lotte  Continuity counter errors for Output_1-OT0.pid6384(Video_01_enc_1): 1 (new cc errors: 0)  

Mar 13 22:20:03.316877 CS18_TS12_Lotte  Continuity counter errors for source 0 (primary): 0 (new cc errors: 0)
Mar 13 22:20:03.317676 CS18_TS12_Lotte  Continuity counter errors for source 0 (primary): 0 (new cc errors: 0)
Mar 13 22:24:24.674068 CS18_TS12_Lotte  Continuity counter errors for Output_1-OT0.pid6385(Audio_1_encoded_1): 2 (new cc errors: 0)  

Mar 13 22:24:26.133253 CS18_TS12_Lotte  Continuity counter errors for Output_1-OT0.pid6384(Video_01_enc_1): 1 (new cc errors: 0)  

Mar 13 22:35:03.726029 CS18_TS12_Lotte  Continuity counter errors for source 0 (primary): 0 (new cc errors: 0)
Mar 13 22:35:03.726513 CS18_TS12_Lotte  Continuity counter errors for source 0 (primary): 0 (new cc errors: 0)
Mar 13 22:39:24.701455 CS18_TS12_Lotte  Continuity counter errors for Output_1-OT0.pid6385(Audio_1_encoded_1): 2 (new cc errors: 0)  

Mar 13 22:39:26.135997 CS18_TS12_Lotte  Continuity counter errors for Output_1-OT0.pid6384(Video_01_enc_1): 1 (new cc errors: 0)  

Mar 13 22:50:04.100588 CS18_TS12_Lotte  Continuity counter errors for source 0 (primary): 0 (new cc errors: 0)
Mar 13 22:50:04.101162 CS18_TS12_Lotte  Continuity counter errors for source 0 (primary): 0 (new cc errors: 0)
Mar 13 22:54:24.704949 CS18_TS12_Lotte  Continuity counter errors for Output_1-OT0.pid6385(Audio_1_encoded_1): 2 (new cc errors: 0)  

Mar 13 22:54:26.160918 CS18_TS12_Lotte  Continuity counter errors for Output_1-OT0.pid6384(Video_01_enc_1): 1 (new cc errors: 0)  

Mar 13 23:05:04.557783 CS18_TS12_Lotte  Continuity counter errors for source 0 (primary): 0 (new cc errors: 0)
Mar 13 23:05:04.558283 CS18_TS12_Lotte  Continuity counter errors for source 0 (primary): 0 (new cc errors: 0)
Mar 13 23:09:24.732238 CS18_TS12_Lotte  Continuity counter errors for Output_1-OT0.pid6385(Audio_1_encoded_1): 2 (new cc errors: 0)  

Mar 13 23:09:26.161801 CS18_TS12_Lotte  Continuity counter errors for Output_1-OT0.pid6384(Video_01_enc_1): 1 (new cc errors: 0)  

Mar 13 23:20:05.024195 CS18_TS12_Lotte  Continuity counter errors for source 0 (primary): 0 (new cc errors: 0)
Mar 13 23:20:05.024718 CS18_TS12_Lotte  Continuity counter errors for source 0 (primary): 0 (new cc errors: 0)
Mar 13 23:24:24.735779 CS18_TS12_Lotte  Continuity counter errors for Output_1-OT0.pid6385(Audio_1_encoded_1): 2 (new cc errors: 0)  

Mar 13 23:24:26.180613 CS18_TS12_Lotte  Continuity counter errors for Output_1-OT0.pid6384(Video_01_enc_1): 1 (new cc errors: 0)  

Mar 13 23:35:05.431773 CS18_TS12_Lotte  Continuity counter errors for source 0 (primary): 0 (new cc errors: 0)
Mar 13 23:35:05.432265 CS18_TS12_Lotte  Continuity counter errors for source 0 (primary): 0 (new cc errors: 0)
Mar 13 23:39:24.762975 CS18_TS12_Lotte  Continuity counter errors for Output_1-OT0.pid6385(Audio_1_encoded_1): 2 (new cc errors: 0)  

Mar 13 23:39:26.185381 CS18_TS12_Lotte  Continuity counter errors for Output_1-OT0.pid6384(Video_01_enc_1): 1 (new cc errors: 0)  

Mar 13 23:50:05.820286 CS18_TS12_Lotte  Continuity counter errors for source 0 (primary): 0 (new cc errors: 0)
Mar 13 23:50:05.820969 CS18_TS12_Lotte  Continuity counter errors for source 0 (primary): 0 (new cc errors: 0)
Mar 13 23:54:24.766270 CS18_TS12_Lotte  Continuity counter errors for Output_1-OT0.pid6385(Audio_1_encoded_1): 2 (new cc errors: 0)  

Mar 13 23:54:26.189867 CS18_TS12_Lotte  Continuity counter errors for Output_1-OT0.pid6384(Video_01_enc_1): 1 (new cc errors: 0)  

Mar 14 00:05:06.154844 CS18_TS12_Lotte  Continuity counter errors for source 0 (primary): 0 (new cc errors: 0)
Mar 14 00:05:06.155549 CS18_TS12_Lotte  Continuity counter errors for source 0 (primary): 0 (new cc errors: 0)
Mar 14 00:09:24.793453 CS18_TS12_Lotte  Continuity counter errors for Output_1-OT0.pid6385(Audio_1_encoded_1): 2 (new cc errors: 0)  

Mar 14 00:09:26.219503 CS18_TS12_Lotte  Continuity counter errors for Output_1-OT0.pid6384(Video_01_enc_1): 1 (new cc errors: 0)  

Mar 14 00:20:06.509363 CS18_TS12_Lotte  Continuity counter errors for source 0 (primary): 0 (new cc errors: 0)
Mar 14 00:20:06.510231 CS18_TS12_Lotte  Continuity counter errors for source 0 (primary): 0 (new cc errors: 0)
Mar 14 00:24:24.797017 CS18_TS12_Lotte  Continuity counter errors for Output_1-OT0.pid6385(Audio_1_encoded_1): 2 (new cc errors: 0)  

Mar 14 00:24:26.232867 CS18_TS12_Lotte  Continuity counter errors for Output_1-OT0.pid6384(Video_01_enc_1): 1 (new cc errors: 0)  

Mar 14 00:35:06.859953 CS18_TS12_Lotte  Continuity counter errors for source 0 (primary): 0 (new cc errors: 0)
Mar 14 00:35:06.860448 CS18_TS12_Lotte  Continuity counter errors for source 0 (primary): 0 (new cc errors: 0)
Mar 14 00:39:24.831932 CS18_TS12_Lotte  Continuity counter errors for Output_1-OT0.pid6385(Audio_1_encoded_1): 2 (new cc errors: 0)  

Mar 14 00:39:26.244070 CS18_TS12_Lotte  Continuity counter errors for Output_1-OT0.pid6384(Video_01_enc_1): 1 (new cc errors: 0)  

Mar 14 00:50:07.242589 CS18_TS12_Lotte  Continuity counter errors for source 0 (primary): 0 (new cc errors: 0)
Mar 14 00:50:07.243171 CS18_TS12_Lotte  Continuity counter errors for source 0 (primary): 0 (new cc errors: 0)
Mar 14 00:54:24.859159 CS18_TS12_Lotte  Continuity counter errors for Output_1-OT0.pid6385(Audio_1_encoded_1): 2 (new cc errors: 0)  

Mar 14 00:54:26.285177 CS18_TS12_Lotte  Continuity counter errors for Output_1-OT0.pid6384(Video_01_enc_1): 1 (new cc errors: 0)  

Mar 14 01:05:07.518839 CS18_TS12_Lotte  Continuity counter errors for source 0 (primary): 0 (new cc errors: 0)
Mar 14 01:05:07.519607 CS18_TS12_Lotte  Continuity counter errors for source 0 (primary): 0 (new cc errors: 0)
Mar 14 01:09:24.862388 CS18_TS12_Lotte  Continuity counter errors for Output_1-OT0.pid6385(Audio_1_encoded_1): 2 (new cc errors: 0)  

Mar 14 01:09:26.308844 CS18_TS12_Lotte  Continuity counter errors for Output_1-OT0.pid6384(Video_01_enc_1): 1 (new cc errors: 0)  

Mar 14 01:20:07.950596 CS18_TS12_Lotte  Continuity counter errors for source 0 (primary): 0 (new cc errors: 0)
Mar 14 01:20:07.951202 CS18_TS12_Lotte  Continuity counter errors for source 0 (primary): 0 (new cc errors: 0)
Mar 14 01:24:24.889872 CS18_TS12_Lotte  Continuity counter errors for Output_1-OT0.pid6385(Audio_1_encoded_1): 2 (new cc errors: 0)  

Mar 14 01:24:26.324007 CS18_TS12_Lotte  Continuity counter errors for Output_1-OT0.pid6384(Video_01_enc_1): 1 (new cc errors: 0)  

Mar 14 01:35:08.449926 CS18_TS12_Lotte  Continuity counter errors for source 0 (primary): 0 (new cc errors: 0)
Mar 14 01:35:08.450414 CS18_TS12_Lotte  Continuity counter errors for source 0 (primary): 0 (new cc errors: 0)
Mar 14 01:39:24.893267 CS18_TS12_Lotte  Continuity counter errors for Output_1-OT0.pid6385(Audio_1_encoded_1): 2 (new cc errors: 0)  

Mar 14 01:39:26.329448 CS18_TS12_Lotte  Continuity counter errors for Output_1-OT0.pid6384(Video_01_enc_1): 1 (new cc errors: 0)  

Mar 14 01:50:08.896531 CS18_TS12_Lotte  Continuity counter errors for source 0 (primary): 0 (new cc errors: 0)
Mar 14 01:50:08.897246 CS18_TS12_Lotte  Continuity counter errors for source 0 (primary): 0 (new cc errors: 0)
Mar 14 01:54:24.920822 CS18_TS12_Lotte  Continuity counter errors for Output_1-OT0.pid6385(Audio_1_encoded_1): 2 (new cc errors: 0)  

Mar 14 01:54:26.340980 CS18_TS12_Lotte  Continuity counter errors for Output_1-OT0.pid6384(Video_01_enc_1): 1 (new cc errors: 0)  

Mar 14 02:05:09.315011 CS18_TS12_Lotte  Continuity counter errors for source 0 (primary): 0 (new cc errors: 0)
Mar 14 02:05:09.315731 CS18_TS12_Lotte  Continuity counter errors for source 0 (primary): 0 (new cc errors: 0)
Mar 14 02:09:24.924307 CS18_TS12_Lotte  Continuity counter errors for Output_1-OT0.pid6385(Audio_1_encoded_1): 2 (new cc errors: 0)  

Mar 14 02:09:26.369842 CS18_TS12_Lotte  Continuity counter errors for Output_1-OT0.pid6384(Video_01_enc_1): 1 (new cc errors: 0)  

Mar 14 02:20:09.374900 CS18_TS12_Lotte  Continuity counter errors for source 0 (primary): 0 (new cc errors: 0)
Mar 14 02:20:09.375405 CS18_TS12_Lotte  Continuity counter errors for source 0 (primary): 0 (new cc errors: 0)
Mar 14 02:24:24.951764 CS18_TS12_Lotte  Continuity counter errors for Output_1-OT0.pid6385(Audio_1_encoded_1): 2 (new cc errors: 0)  

Mar 14 02:24:26.370027 CS18_TS12_Lotte  Continuity counter errors for Output_1-OT0.pid6384(Video_01_enc_1): 1 (new cc errors: 0)  

Mar 14 02:35:09.478989 CS18_TS12_Lotte  Continuity counter errors for source 0 (primary): 0 (new cc errors: 0)
Mar 14 02:35:09.479614 CS18_TS12_Lotte  Continuity counter errors for source 0 (primary): 0 (new cc errors: 0)
Mar 14 02:39:24.955154 CS18_TS12_Lotte  Continuity counter errors for Output_1-OT0.pid6385(Audio_1_encoded_1): 2 (new cc errors: 0)  

Mar 14 02:39:26.428697 CS18_TS12_Lotte  Continuity counter errors for Output_1-OT0.pid6384(Video_01_enc_1): 1 (new cc errors: 0)  

Mar 14 02:50:09.605753 CS18_TS12_Lotte  Continuity counter errors for source 0 (primary): 0 (new cc errors: 0)
Mar 14 02:50:09.606568 CS18_TS12_Lotte  Continuity counter errors for source 0 (primary): 0 (new cc errors: 0)
Mar 14 02:54:24.982814 CS18_TS12_Lotte  Continuity counter errors for Output_1-OT0.pid6385(Audio_1_encoded_1): 2 (new cc errors: 0)  

Mar 14 02:54:26.432907 CS18_TS12_Lotte  Continuity counter errors for Output_1-OT0.pid6384(Video_01_enc_1): 1 (new cc errors: 0)  

Mar 14 03:05:09.620846 CS18_TS12_Lotte  Continuity counter errors for source 0 (primary): 0 (new cc errors: 0)
Mar 14 03:05:09.621678 CS18_TS12_Lotte  Continuity counter errors for source 0 (primary): 0 (new cc errors: 0)
Mar 14 03:09:24.986299 CS18_TS12_Lotte  Continuity counter errors for Output_1-OT0.pid6385(Audio_1_encoded_1): 2 (new cc errors: 0)  

Mar 14 03:09:26.439715 CS18_TS12_Lotte  Continuity counter errors for Output_1-OT0.pid6384(Video_01_enc_1): 1 (new cc errors: 0)  

Mar 14 03:20:09.689785 CS18_TS12_Lotte  Continuity counter errors for source 0 (primary): 0 (new cc errors: 0)
Mar 14 03:20:09.690497 CS18_TS12_Lotte  Continuity counter errors for source 0 (primary): 0 (new cc errors: 0)
Mar 14 03:24:25.014048 CS18_TS12_Lotte  Continuity counter errors for Output_1-OT0.pid6385(Audio_1_encoded_1): 2 (new cc errors: 0)  

Mar 14 03:24:26.439923 CS18_TS12_Lotte  Continuity counter errors for Output_1-OT0.pid6384(Video_01_enc_1): 1 (new cc errors: 0)  

Mar 14 03:35:09.779251 CS18_TS12_Lotte  Continuity counter errors for source 0 (primary): 0 (new cc errors: 0)
Mar 14 03:35:09.779872 CS18_TS12_Lotte  Continuity counter errors for source 0 (primary): 0 (new cc errors: 0)
Mar 14 03:39:25.017636 CS18_TS12_Lotte  Continuity counter errors for Output_1-OT0.pid6385(Audio_1_encoded_1): 2 (new cc errors: 0)  

Mar 14 03:39:26.464683 CS18_TS12_Lotte  Continuity counter errors for Output_1-OT0.pid6384(Video_01_enc_1): 1 (new cc errors: 0)  

Mar 14 03:50:09.801304 CS18_TS12_Lotte  Continuity counter errors for source 0 (primary): 0 (new cc errors: 0)
Mar 14 03:50:09.802066 CS18_TS12_Lotte  Continuity counter errors for source 0 (primary): 0 (new cc errors: 0)
Mar 14 03:54:25.045118 CS18_TS12_Lotte  Continuity counter errors for Output_1-OT0.pid6385(Audio_1_encoded_1): 2 (new cc errors: 0)  

Mar 14 03:54:26.470098 CS18_TS12_Lotte  Continuity counter errors for Output_1-OT0.pid6384(Video_01_enc_1): 1 (new cc errors: 0)  

Mar 14 04:05:09.835010 CS18_TS12_Lotte  Continuity counter errors for source 0 (primary): 0 (new cc errors: 0)
Mar 14 04:05:09.835719 CS18_TS12_Lotte  Continuity counter errors for source 0 (primary): 0 (new cc errors: 0)
Mar 14 04:09:25.049104 CS18_TS12_Lotte  Continuity counter errors for Output_1-OT0.pid6385(Audio_1_encoded_1): 2 (new cc errors: 0)  

Mar 14 04:09:26.497979 CS18_TS12_Lotte  Continuity counter errors for Output_1-OT0.pid6384(Video_01_enc_1): 1 (new cc errors: 0)  

Mar 14 04:20:09.948725 CS18_TS12_Lotte  Continuity counter errors for source 0 (primary): 0 (new cc errors: 0)
Mar 14 04:20:09.949504 CS18_TS12_Lotte  Continuity counter errors for source 0 (primary): 0 (new cc errors: 0)
Mar 14 04:24:25.084346 CS18_TS12_Lotte  Continuity counter errors for Output_1-OT0.pid6385(Audio_1_encoded_1): 2 (new cc errors: 0)  

Mar 14 04:24:26.499079 CS18_TS12_Lotte  Continuity counter errors for Output_1-OT0.pid6384(Video_01_enc_1): 1 (new cc errors: 0)  

Mar 14 04:35:09.993035 CS18_TS12_Lotte  Continuity counter errors for source 0 (primary): 0 (new cc errors: 0)
Mar 14 04:35:09.993611 CS18_TS12_Lotte  Continuity counter errors for source 0 (primary): 0 (new cc errors: 0)
Mar 14 04:39:25.112048 CS18_TS12_Lotte  Continuity counter errors for Output_1-OT0.pid6385(Audio_1_encoded_1): 2 (new cc errors: 0)  

Mar 14 04:39:26.514827 CS18_TS12_Lotte  Continuity counter errors for Output_1-OT0.pid6384(Video_01_enc_1): 1 (new cc errors: 0)  

Mar 14 04:50:10.135554 CS18_TS12_Lotte  Continuity counter errors for source 0 (primary): 0 (new cc errors: 0)
Mar 14 04:50:10.136132 CS18_TS12_Lotte  Continuity counter errors for source 0 (primary): 0 (new cc errors: 0)
Mar 14 04:54:25.115698 CS18_TS12_Lotte  Continuity counter errors for Output_1-OT0.pid6385(Audio_1_encoded_1): 2 (new cc errors: 0)  

Mar 14 04:54:26.526555 CS18_TS12_Lotte  Continuity counter errors for Output_1-OT0.pid6384(Video_01_enc_1): 1 (new cc errors: 0)  

Mar 14 05:05:10.514943 CS18_TS12_Lotte  Continuity counter errors for source 0 (primary): 0 (new cc errors: 0)
Mar 14 05:05:10.515511 CS18_TS12_Lotte  Continuity counter errors for source 0 (primary): 0 (new cc errors: 0)
Mar 14 05:09:25.143112 CS18_TS12_Lotte  Continuity counter errors for Output_1-OT0.pid6385(Audio_1_encoded_1): 2 (new cc errors: 0)  

Mar 14 05:09:26.530601 CS18_TS12_Lotte  Continuity counter errors for Output_1-OT0.pid6384(Video_01_enc_1): 1 (new cc errors: 0)  

Mar 14 05:20:10.947172 CS18_TS12_Lotte  Continuity counter errors for source 0 (primary): 0 (new cc errors: 0)
Mar 14 05:20:10.948012 CS18_TS12_Lotte  Continuity counter errors for source 0 (primary): 0 (new cc errors: 0)
Mar 14 05:24:25.146943 CS18_TS12_Lotte  Continuity counter errors for Output_1-OT0.pid6385(Audio_1_encoded_1): 2 (new cc errors: 0)  

Mar 14 05:24:26.555813 CS18_TS12_Lotte  Continuity counter errors for Output_1-OT0.pid6384(Video_01_enc_1): 1 (new cc errors: 0)  

Mar 14 05:35:11.462797 CS18_TS12_Lotte  Continuity counter errors for source 0 (primary): 0 (new cc errors: 0)
Mar 14 05:35:11.463327 CS18_TS12_Lotte  Continuity counter errors for source 0 (primary): 0 (new cc errors: 0)
Mar 14 05:39:25.174650 CS18_TS12_Lotte  Continuity counter errors for Output_1-OT0.pid6385(Audio_1_encoded_1): 2 (new cc errors: 0)  

Mar 14 05:39:26.563697 CS18_TS12_Lotte  Continuity counter errors for Output_1-OT0.pid6384(Video_01_enc_1): 1 (new cc errors: 0)  

Mar 14 05:50:11.925525 CS18_TS12_Lotte  Continuity counter errors for source 0 (primary): 0 (new cc errors: 0)
Mar 14 05:50:11.926263 CS18_TS12_Lotte  Continuity counter errors for source 0 (primary): 0 (new cc errors: 0)
Mar 14 05:54:25.177936 CS18_TS12_Lotte  Continuity counter errors for Output_1-OT0.pid6385(Audio_1_encoded_1): 2 (new cc errors: 0)  

Mar 14 05:54:26.589577 CS18_TS12_Lotte  Continuity counter errors for Output_1-OT0.pid6384(Video_01_enc_1): 1 (new cc errors: 0)  

Mar 14 06:05:12.361191 CS18_TS12_Lotte  Continuity counter errors for source 0 (primary): 0 (new cc errors: 0)
Mar 14 06:05:12.362017 CS18_TS12_Lotte  Continuity counter errors for source 0 (primary): 0 (new cc errors: 0)
Mar 14 06:09:25.205370 CS18_TS12_Lotte  Continuity counter errors for Output_1-OT0.pid6385(Audio_1_encoded_1): 2 (new cc errors: 0)  

Mar 14 06:09:26.592936 CS18_TS12_Lotte  Continuity counter errors for Output_1-OT0.pid6384(Video_01_enc_1): 1 (new cc errors: 0)  

Mar 14 06:20:12.606486 CS18_TS12_Lotte  Continuity counter errors for source 0 (primary): 0 (new cc errors: 0)
Mar 14 06:20:12.607085 CS18_TS12_Lotte  Continuity counter errors for source 0 (primary): 0 (new cc errors: 0)
Mar 14 06:24:25.208976 CS18_TS12_Lotte  Continuity counter errors for Output_1-OT0.pid6385(Audio_1_encoded_1): 2 (new cc errors: 0)  

Mar 14 06:24:26.634561 CS18_TS12_Lotte  Continuity counter errors for Output_1-OT0.pid6384(Video_01_enc_1): 1 (new cc errors: 0)  

Mar 14 06:35:12.872010 CS18_TS12_Lotte  Continuity counter errors for source 0 (primary): 0 (new cc errors: 0)
Mar 14 06:35:12.872618 CS18_TS12_Lotte  Continuity counter errors for source 0 (primary): 0 (new cc errors: 0)
Mar 14 06:39:25.244499 CS18_TS12_Lotte  Continuity counter errors for Output_1-OT0.pid6385(Audio_1_encoded_1): 2 (new cc errors: 0)  

Mar 14 06:39:26.656860 CS18_TS12_Lotte  Continuity counter errors for Output_1-OT0.pid6384(Video_01_enc_1): 1 (new cc errors: 0)  

Mar 14 06:50:13.252409 CS18_TS12_Lotte  Continuity counter errors for source 0 (primary): 0 (new cc errors: 0)
Mar 14 06:50:13.253223 CS18_TS12_Lotte  Continuity counter errors for source 0 (primary): 0 (new cc errors: 0)
Mar 14 06:54:25.272310 CS18_TS12_Lotte  Continuity counter errors for Output_1-OT0.pid6385(Audio_1_encoded_1): 2 (new cc errors: 0)  

Mar 14 06:54:26.688650 CS18_TS12_Lotte  Continuity counter errors for Output_1-OT0.pid6384(Video_01_enc_1): 1 (new cc errors: 0)  

Mar 14 07:05:13.571106 CS18_TS12_Lotte  Continuity counter errors for source 0 (primary): 0 (new cc errors: 0)
Mar 14 07:05:13.571597 CS18_TS12_Lotte  Continuity counter errors for source 0 (primary): 0 (new cc errors: 0)
Mar 14 07:09:25.275841 CS18_TS12_Lotte  Continuity counter errors for Output_1-OT0.pid6385(Audio_1_encoded_1): 2 (new cc errors: 0)  

Mar 14 07:09:26.729952 CS18_TS12_Lotte  Continuity counter errors for Output_1-OT0.pid6384(Video_01_enc_1): 1 (new cc errors: 0)  

Mar 14 07:20:13.809532 CS18_TS12_Lotte  Continuity counter errors for source 0 (primary): 0 (new cc errors: 0)
Mar 14 07:20:13.810310 CS18_TS12_Lotte  Continuity counter errors for source 0 (primary): 0 (new cc errors: 0)
Mar 14 07:24:25.303576 CS18_TS12_Lotte  Continuity counter errors for Output_1-OT0.pid6385(Audio_1_encoded_1): 2 (new cc errors: 0)  

Mar 14 07:24:26.734457 CS18_TS12_Lotte  Continuity counter errors for Output_1-OT0.pid6384(Video_01_enc_1): 1 (new cc errors: 0)  

Mar 14 07:35:14.068409 CS18_TS12_Lotte  Continuity counter errors for source 0 (primary): 0 (new cc errors: 0)
Mar 14 07:35:14.069018 CS18_TS12_Lotte  Continuity counter errors for source 0 (primary): 0 (new cc errors: 0)
Mar 14 07:39:25.307053 CS18_TS12_Lotte  Continuity counter errors for Output_1-OT0.pid6385(Audio_1_encoded_1): 2 (new cc errors: 0)  

Mar 14 07:39:26.760624 CS18_TS12_Lotte  Continuity counter errors for Output_1-OT0.pid6384(Video_01_enc_1): 1 (new cc errors: 0)  

Mar 14 07:50:14.481968 CS18_TS12_Lotte  Continuity counter errors for source 0 (primary): 0 (new cc errors: 0)
Mar 14 07:50:14.482662 CS18_TS12_Lotte  Continuity counter errors for source 0 (primary): 0 (new cc errors: 0)
Mar 14 07:54:25.334653 CS18_TS12_Lotte  Continuity counter errors for Output_1-OT0.pid6385(Audio_1_encoded_1): 2 (new cc errors: 0)  

Mar 14 07:54:26.797436 CS18_TS12_Lotte  Continuity counter errors for Output_1-OT0.pid6384(Video_01_enc_1): 1 (new cc errors: 0)  

Mar 14 08:05:14.905724 CS18_TS12_Lotte  Continuity counter errors for source 0 (primary): 0 (new cc errors: 0)
Mar 14 08:05:14.906522 CS18_TS12_Lotte  Continuity counter errors for source 0 (primary): 0 (new cc errors: 0)
Mar 14 08:09:25.337857 CS18_TS12_Lotte  Continuity counter errors for Output_1-OT0.pid6385(Audio_1_encoded_1): 2 (new cc errors: 0)  

Mar 14 08:09:26.820779 CS18_TS12_Lotte  Continuity counter errors for Output_1-OT0.pid6384(Video_01_enc_1): 1 (new cc errors: 0)  

Mar 14 08:20:15.309314 CS18_TS12_Lotte  Continuity counter errors for source 0 (primary): 0 (new cc errors: 0)
Mar 14 08:20:15.310042 CS18_TS12_Lotte  Continuity counter errors for source 0 (primary): 0 (new cc errors: 0)
Mar 14 08:24:25.365448 CS18_TS12_Lotte  Continuity counter errors for Output_1-OT0.pid6385(Audio_1_encoded_1): 2 (new cc errors: 0)  

Mar 14 08:24:26.830984 CS18_TS12_Lotte  Continuity counter errors for Output_1-OT0.pid6384(Video_01_enc_1): 1 (new cc errors: 0)  

Mar 14 08:35:15.680570 CS18_TS12_Lotte  Continuity counter errors for source 0 (primary): 0 (new cc errors: 0)
Mar 14 08:35:15.681260 CS18_TS12_Lotte  Continuity counter errors for source 0 (primary): 0 (new cc errors: 0)
Mar 14 08:39:25.368702 CS18_TS12_Lotte  Continuity counter errors for Output_1-OT0.pid6385(Audio_1_encoded_1): 2 (new cc errors: 0)  

Mar 14 08:39:26.865623 CS18_TS12_Lotte  Continuity counter errors for Output_1-OT0.pid6384(Video_01_enc_1): 1 (new cc errors: 0)  

Mar 14 08:50:16.081786 CS18_TS12_Lotte  Continuity counter errors for source 0 (primary): 0 (new cc errors: 0)
Mar 14 08:50:16.082610 CS18_TS12_Lotte  Continuity counter errors for source 0 (primary): 0 (new cc errors: 0)
Mar 14 08:54:25.396574 CS18_TS12_Lotte  Continuity counter errors for Output_1-OT0.pid6385(Audio_1_encoded_1): 2 (new cc errors: 0)  

Mar 14 08:54:26.900151 CS18_TS12_Lotte  Continuity counter errors for Output_1-OT0.pid6384(Video_01_enc_1): 1 (new cc errors: 0)  

Mar 14 09:05:16.435589 CS18_TS12_Lotte  Continuity counter errors for source 0 (primary): 0 (new cc errors: 0)
Mar 14 09:05:16.436117 CS18_TS12_Lotte  Continuity counter errors for source 0 (primary): 0 (new cc errors: 0)
Mar 14 09:09:25.399580 CS18_TS12_Lotte  Continuity counter errors for Output_1-OT0.pid6385(Audio_1_encoded_1): 2 (new cc errors: 0)  

Mar 14 09:09:26.921876 CS18_TS12_Lotte  Continuity counter errors for Output_1-OT0.pid6384(Video_01_enc_1): 1 (new cc errors: 0)  

Mar 14 09:20:17.021087 CS18_TS12_Lotte  Continuity counter errors for source 0 (primary): 0 (new cc errors: 0)
Mar 14 09:20:17.021912 CS18_TS12_Lotte  Continuity counter errors for source 0 (primary): 0 (new cc errors: 0)
Mar 14 09:24:25.434931 CS18_TS12_Lotte  Continuity counter errors for Output_1-OT0.pid6385(Audio_1_encoded_1): 2 (new cc errors: 0)  

Mar 14 09:24:26.922981 CS18_TS12_Lotte  Continuity counter errors for Output_1-OT0.pid6384(Video_01_enc_1): 1 (new cc errors: 0)  

Mar 14 09:35:17.629493 CS18_TS12_Lotte  Continuity counter errors for source 0 (primary): 0 (new cc errors: 0)
Mar 14 09:35:17.630300 CS18_TS12_Lotte  Continuity counter errors for source 0 (primary): 0 (new cc errors: 0)
Mar 14 09:39:25.462172 CS18_TS12_Lotte  Continuity counter errors for Output_1-OT0.pid6385(Audio_1_encoded_1): 2 (new cc errors: 0)  

Mar 14 09:39:26.926465 CS18_TS12_Lotte  Continuity counter errors for Output_1-OT0.pid6384(Video_01_enc_1): 1 (new cc errors: 0)  

Mar 14 09:50:18.167183 CS18_TS12_Lotte  Continuity counter errors for source 0 (primary): 0 (new cc errors: 0)
Mar 14 09:50:18.167954 CS18_TS12_Lotte  Continuity counter errors for source 0 (primary): 0 (new cc errors: 0)
Mar 14 09:54:25.465485 CS18_TS12_Lotte  Continuity counter errors for Output_1-OT0.pid6385(Audio_1_encoded_1): 2 (new cc errors: 0)  

Mar 14 09:54:26.949872 CS18_TS12_Lotte  Continuity counter errors for Output_1-OT0.pid6384(Video_01_enc_1): 1 (new cc errors: 0)  

Mar 14 10:05:18.636415 CS18_TS12_Lotte  Continuity counter errors for source 0 (primary): 0 (new cc errors: 0)
Mar 14 10:05:18.637018 CS18_TS12_Lotte  Continuity counter errors for source 0 (primary): 0 (new cc errors: 0)
Mar 14 10:09:25.492786 CS18_TS12_Lotte  Continuity counter errors for Output_1-OT0.pid6385(Audio_1_encoded_1): 2 (new cc errors: 0)  

Mar 14 10:09:26.960955 CS18_TS12_Lotte  Continuity counter errors for Output_1-OT0.pid6384(Video_01_enc_1): 1 (new cc errors: 0)  

Mar 14 10:20:19.180156 CS18_TS12_Lotte  Continuity counter errors for source 0 (primary): 0 (new cc errors: 0)
Mar 14 10:20:19.180751 CS18_TS12_Lotte  Continuity counter errors for source 0 (primary): 0 (new cc errors: 0)
Mar 14 10:24:25.495838 CS18_TS12_Lotte  Continuity counter errors for Output_1-OT0.pid6385(Audio_1_encoded_1): 2 (new cc errors: 0)  

Mar 14 10:24:26.965256 CS18_TS12_Lotte  Continuity counter errors for Output_1-OT0.pid6384(Video_01_enc_1): 1 (new cc errors: 0)  

Mar 14 10:35:19.619513 CS18_TS12_Lotte  Continuity counter errors for source 0 (primary): 0 (new cc errors: 0)
Mar 14 10:35:19.620329 CS18_TS12_Lotte  Continuity counter errors for source 0 (primary): 0 (new cc errors: 0)
Mar 14 10:39:25.522879 CS18_TS12_Lotte  Continuity counter errors for Output_1-OT0.pid6385(Audio_1_encoded_1): 2 (new cc errors: 0)  

Mar 14 10:39:26.976797 CS18_TS12_Lotte  Continuity counter errors for Output_1-OT0.pid6384(Video_01_enc_1): 1 (new cc errors: 0)  

Mar 14 10:50:19.930627 CS18_TS12_Lotte  Continuity counter errors for source 0 (primary): 0 (new cc errors: 0)
Mar 14 10:50:19.931115 CS18_TS12_Lotte  Continuity counter errors for source 0 (primary): 0 (new cc errors: 0)
Mar 14 10:54:25.526126 CS18_TS12_Lotte  Continuity counter errors for Output_1-OT0.pid6385(Audio_1_encoded_1): 2 (new cc errors: 0)  

Mar 14 10:54:26.982358 CS18_TS12_Lotte  Continuity counter errors for Output_1-OT0.pid6384(Video_01_enc_1): 1 (new cc errors: 0)  

Mar 14 11:05:20.257234 CS18_TS12_Lotte  Continuity counter errors for source 0 (primary): 0 (new cc errors: 0)
Mar 14 11:05:20.257736 CS18_TS12_Lotte  Continuity counter errors for source 0 (primary): 0 (new cc errors: 0)
Mar 14 11:09:25.553386 CS18_TS12_Lotte  Continuity counter errors for Output_1-OT0.pid6385(Audio_1_encoded_1): 2 (new cc errors: 0)  

Mar 14 11:09:26.982973 CS18_TS12_Lotte  Continuity counter errors for Output_1-OT0.pid6384(Video_01_enc_1): 1 (new cc errors: 0)  

Mar 14 11:20:20.678030 CS18_TS12_Lotte  Continuity counter errors for source 0 (primary): 0 (new cc errors: 0)
Mar 14 11:20:20.678630 CS18_TS12_Lotte  Continuity counter errors for source 0 (primary): 0 (new cc errors: 0)
Mar 14 11:24:25.556602 CS18_TS12_Lotte  Continuity counter errors for Output_1-OT0.pid6385(Audio_1_encoded_1): 2 (new cc errors: 0)  

Mar 14 11:24:27.009266 CS18_TS12_Lotte  Continuity counter errors for Output_1-OT0.pid6384(Video_01_enc_1): 1 (new cc errors: 0)  

Mar 14 11:35:21.138221 CS18_TS12_Lotte  Continuity counter errors for source 0 (primary): 0 (new cc errors: 0)
Mar 14 11:35:21.138849 CS18_TS12_Lotte  Continuity counter errors for source 0 (primary): 0 (new cc errors: 0)
Mar 14 11:39:25.559804 CS18_TS12_Lotte  Continuity counter errors for Output_1-OT0.pid6385(Audio_1_encoded_1): 2 (new cc errors: 0)  

Mar 14 11:39:27.036853 CS18_TS12_Lotte  Continuity counter errors for Output_1-OT0.pid6384(Video_01_enc_1): 1 (new cc errors: 0)  

Mar 14 11:50:21.599256 CS18_TS12_Lotte  Continuity counter errors for source 0 (primary): 0 (new cc errors: 0)
Mar 14 11:50:21.599922 CS18_TS12_Lotte  Continuity counter errors for source 0 (primary): 0 (new cc errors: 0)
Mar 14 11:54:25.587109 CS18_TS12_Lotte  Continuity counter errors for Output_1-OT0.pid6385(Audio_1_encoded_1): 2 (new cc errors: 0)  

Mar 14 11:54:27.049816 CS18_TS12_Lotte  Continuity counter errors for Output_1-OT0.pid6384(Video_01_enc_1): 1 (new cc errors: 0)  

Mar 14 12:05:21.957961 CS18_TS12_Lotte  Continuity counter errors for source 0 (primary): 0 (new cc errors: 0)
Mar 14 12:05:21.958492 CS18_TS12_Lotte  Continuity counter errors for source 0 (primary): 0 (new cc errors: 0)
Mar 14 12:09:25.622565 CS18_TS12_Lotte  Continuity counter errors for Output_1-OT0.pid6385(Audio_1_encoded_1): 2 (new cc errors: 0)  

Mar 14 12:09:27.067281 CS18_TS12_Lotte  Continuity counter errors for Output_1-OT0.pid6384(Video_01_enc_1): 1 (new cc errors: 0)  

Mar 14 12:20:22.424626 CS18_TS12_Lotte  Continuity counter errors for source 0 (primary): 0 (new cc errors: 0)
Mar 14 12:20:22.425446 CS18_TS12_Lotte  Continuity counter errors for source 0 (primary): 0 (new cc errors: 0)
Mar 14 12:24:25.650158 CS18_TS12_Lotte  Continuity counter errors for Output_1-OT0.pid6385(Audio_1_encoded_1): 2 (new cc errors: 0)  

Mar 14 12:24:27.069508 CS18_TS12_Lotte  Continuity counter errors for Output_1-OT0.pid6384(Video_01_enc_1): 1 (new cc errors: 0)  

Mar 14 12:35:22.843931 CS18_TS12_Lotte  Continuity counter errors for source 0 (primary): 0 (new cc errors: 0)
Mar 14 12:35:22.844460 CS18_TS12_Lotte  Continuity counter errors for source 0 (primary): 0 (new cc errors: 0)
Mar 14 12:39:25.653545 CS18_TS12_Lotte  Continuity counter errors for Output_1-OT0.pid6385(Audio_1_encoded_1): 2 (new cc errors: 0)  

Mar 14 12:39:27.097943 CS18_TS12_Lotte  Continuity counter errors for Output_1-OT0.pid6384(Video_01_enc_1): 1 (new cc errors: 0)  

Mar 14 12:50:23.251841 CS18_TS12_Lotte  Continuity counter errors for source 0 (primary): 0 (new cc errors: 0)
Mar 14 12:50:23.252626 CS18_TS12_Lotte  Continuity counter errors for source 0 (primary): 0 (new cc errors: 0)
Mar 14 12:54:25.681415 CS18_TS12_Lotte  Continuity counter errors for Output_1-OT0.pid6385(Audio_1_encoded_1): 2 (new cc errors: 0)  

Mar 14 12:54:27.102552 CS18_TS12_Lotte  Continuity counter errors for Output_1-OT0.pid6384(Video_01_enc_1): 1 (new cc errors: 0)  

Mar 14 13:05:23.605946 CS18_TS12_Lotte  Continuity counter errors for source 0 (primary): 0 (new cc errors: 0)
Mar 14 13:05:23.606437 CS18_TS12_Lotte  Continuity counter errors for source 0 (primary): 0 (new cc errors: 0)
Mar 14 13:09:25.684991 CS18_TS12_Lotte  Continuity counter errors for Output_1-OT0.pid6385(Audio_1_encoded_1): 2 (new cc errors: 0)  

Mar 14 13:09:27.113683 CS18_TS12_Lotte  Continuity counter errors for Output_1-OT0.pid6384(Video_01_enc_1): 1 (new cc errors: 0)  

Mar 14 13:20:23.993011 CS18_TS12_Lotte  Continuity counter errors for source 0 (primary): 0 (new cc errors: 0)
Mar 14 13:20:23.993798 CS18_TS12_Lotte  Continuity counter errors for source 0 (primary): 0 (new cc errors: 0)
Mar 14 13:24:25.712864 CS18_TS12_Lotte  Continuity counter errors for Output_1-OT0.pid6385(Audio_1_encoded_1): 2 (new cc errors: 0)  

Mar 14 13:24:27.143426 CS18_TS12_Lotte  Continuity counter errors for Output_1-OT0.pid6384(Video_01_enc_1): 1 (new cc errors: 0)  

Mar 14 13:35:24.373144 CS18_TS12_Lotte  Continuity counter errors for source 0 (primary): 0 (new cc errors: 0)
Mar 14 13:35:24.373903 CS18_TS12_Lotte  Continuity counter errors for source 0 (primary): 0 (new cc errors: 0)
Mar 14 13:39:25.716137 CS18_TS12_Lotte  Continuity counter errors for Output_1-OT0.pid6385(Audio_1_encoded_1): 2 (new cc errors: 0)  

Mar 14 13:39:27.158592 CS18_TS12_Lotte  Continuity counter errors for Output_1-OT0.pid6384(Video_01_enc_1): 1 (new cc errors: 0)  

Mar 14 13:50:24.758349 CS18_TS12_Lotte  Continuity counter errors for source 0 (primary): 0 (new cc errors: 0)
Mar 14 13:50:24.758879 CS18_TS12_Lotte  Continuity counter errors for source 0 (primary): 0 (new cc errors: 0)
Mar 14 13:54:25.743820 CS18_TS12_Lotte  Continuity counter errors for Output_1-OT0.pid6385(Audio_1_encoded_1): 2 (new cc errors: 0)  

Mar 14 13:54:27.163777 CS18_TS12_Lotte  Continuity counter errors for Output_1-OT0.pid6384(Video_01_enc_1): 1 (new cc errors: 0)  

Mar 14 14:05:25.094508 CS18_TS12_Lotte  Continuity counter errors for source 0 (primary): 0 (new cc errors: 0)
Mar 14 14:05:25.095256 CS18_TS12_Lotte  Continuity counter errors for source 0 (primary): 0 (new cc errors: 0)
Mar 14 14:09:25.747382 CS18_TS12_Lotte  Continuity counter errors for Output_1-OT0.pid6385(Audio_1_encoded_1): 2 (new cc errors: 0)  

Mar 14 14:09:27.190240 CS18_TS12_Lotte  Continuity counter errors for Output_1-OT0.pid6384(Video_01_enc_1): 1 (new cc errors: 0)  

Mar 14 14:20:25.402277 CS18_TS12_Lotte  Continuity counter errors for source 0 (primary): 0 (new cc errors: 0)
Mar 14 14:20:25.403026 CS18_TS12_Lotte  Continuity counter errors for source 0 (primary): 0 (new cc errors: 0)
Mar 14 14:24:25.775178 CS18_TS12_Lotte  Continuity counter errors for Output_1-OT0.pid6385(Audio_1_encoded_1): 2 (new cc errors: 0)  

Mar 14 14:24:27.210649 CS18_TS12_Lotte  Continuity counter errors for Output_1-OT0.pid6384(Video_01_enc_1): 1 (new cc errors: 0)  

Mar 14 14:35:25.744912 CS18_TS12_Lotte  Continuity counter errors for source 0 (primary): 0 (new cc errors: 0)
Mar 14 14:35:25.745416 CS18_TS12_Lotte  Continuity counter errors for source 0 (primary): 0 (new cc errors: 0)
Mar 14 14:39:25.778979 CS18_TS12_Lotte  Continuity counter errors for Output_1-OT0.pid6385(Audio_1_encoded_1): 2 (new cc errors: 0)  

Mar 14 14:39:27.233983 CS18_TS12_Lotte  Continuity counter errors for Output_1-OT0.pid6384(Video_01_enc_1): 1 (new cc errors: 0)  

Mar 14 14:50:26.137473 CS18_TS12_Lotte  Continuity counter errors for source 0 (primary): 0 (new cc errors: 0)
Mar 14 14:50:26.138003 CS18_TS12_Lotte  Continuity counter errors for source 0 (primary): 0 (new cc errors: 0)
Mar 14 14:54:25.806942 CS18_TS12_Lotte  Continuity counter errors for Output_1-OT0.pid6385(Audio_1_encoded_1): 2 (new cc errors: 0)  

Mar 14 14:54:27.257007 CS18_TS12_Lotte  Continuity counter errors for Output_1-OT0.pid6384(Video_01_enc_1): 1 (new cc errors: 0)  

Mar 14 15:05:26.525155 CS18_TS12_Lotte  Continuity counter errors for source 0 (primary): 0 (new cc errors: 0)
Mar 14 15:05:26.525981 CS18_TS12_Lotte  Continuity counter errors for source 0 (primary): 0 (new cc errors: 0)
Mar 14 15:09:25.810803 CS18_TS12_Lotte  Continuity counter errors for Output_1-OT0.pid6385(Audio_1_encoded_1): 2 (new cc errors: 0)  

Mar 14 15:09:27.270639 CS18_TS12_Lotte  Continuity counter errors for Output_1-OT0.pid6384(Video_01_enc_1): 1 (new cc errors: 0)  

Mar 14 15:20:26.872146 CS18_TS12_Lotte  Continuity counter errors for source 0 (primary): 0 (new cc errors: 0)
Mar 14 15:20:26.872697 CS18_TS12_Lotte  Continuity counter errors for source 0 (primary): 0 (new cc errors: 0)
Mar 14 15:24:25.838422 CS18_TS12_Lotte  Continuity counter errors for Output_1-OT0.pid6385(Audio_1_encoded_1): 2 (new cc errors: 0)  

Mar 14 15:24:27.293759 CS18_TS12_Lotte  Continuity counter errors for Output_1-OT0.pid6384(Video_01_enc_1): 1 (new cc errors: 0)  

Mar 14 15:35:27.213302 CS18_TS12_Lotte  Continuity counter errors for source 0 (primary): 0 (new cc errors: 0)
Mar 14 15:35:27.214051 CS18_TS12_Lotte  Continuity counter errors for source 0 (primary): 0 (new cc errors: 0)
Mar 14 15:39:25.842177 CS18_TS12_Lotte  Continuity counter errors for Output_1-OT0.pid6385(Audio_1_encoded_1): 2 (new cc errors: 0)  

Mar 14 15:39:27.306326 CS18_TS12_Lotte  Continuity counter errors for Output_1-OT0.pid6384(Video_01_enc_1): 1 (new cc errors: 0)  

Mar 14 15:50:27.608568 CS18_TS12_Lotte  Continuity counter errors for source 0 (primary): 0 (new cc errors: 0)
Mar 14 15:50:27.609135 CS18_TS12_Lotte  Continuity counter errors for source 0 (primary): 0 (new cc errors: 0)
Mar 14 15:54:25.878097 CS18_TS12_Lotte  Continuity counter errors for Output_1-OT0.pid6385(Audio_1_encoded_1): 2 (new cc errors: 0)  

Mar 14 15:54:27.336960 CS18_TS12_Lotte  Continuity counter errors for Output_1-OT0.pid6384(Video_01_enc_1): 1 (new cc errors: 0)  

Mar 14 16:05:27.917728 CS18_TS12_Lotte  Continuity counter errors for source 0 (primary): 0 (new cc errors: 0)
Mar 14 16:05:27.918249 CS18_TS12_Lotte  Continuity counter errors for source 0 (primary): 0 (new cc errors: 0)
Mar 14 16:09:25.906126 CS18_TS12_Lotte  Continuity counter errors for Output_1-OT0.pid6385(Audio_1_encoded_1): 2 (new cc errors: 0)  

Mar 14 16:09:27.340073 CS18_TS12_Lotte  Continuity counter errors for Output_1-OT0.pid6384(Video_01_enc_1): 1 (new cc errors: 0)  

Mar 14 16:20:28.180795 CS18_TS12_Lotte  Continuity counter errors for source 0 (primary): 0 (new cc errors: 0)
Mar 14 16:20:28.181347 CS18_TS12_Lotte  Continuity counter errors for source 0 (primary): 0 (new cc errors: 0)
Mar 14 16:24:25.909915 CS18_TS12_Lotte  Continuity counter errors for Output_1-OT0.pid6385(Audio_1_encoded_1): 2 (new cc errors: 0)  

Mar 14 16:24:27.352473 CS18_TS12_Lotte  Continuity counter errors for Output_1-OT0.pid6384(Video_01_enc_1): 1 (new cc errors: 0)  

Mar 14 16:35:28.422501 CS18_TS12_Lotte  Continuity counter errors for source 0 (primary): 0 (new cc errors: 0)
Mar 14 16:35:28.423178 CS18_TS12_Lotte  Continuity counter errors for source 0 (primary): 0 (new cc errors: 0)
Mar 14 16:39:25.937505 CS18_TS12_Lotte  Continuity counter errors for Output_1-OT0.pid6385(Audio_1_encoded_1): 2 (new cc errors: 0)  

Mar 14 16:39:27.360125 CS18_TS12_Lotte  Continuity counter errors for Output_1-OT0.pid6384(Video_01_enc_1): 1 (new cc errors: 0)  

Mar 14 16:50:28.747349 CS18_TS12_Lotte  Continuity counter errors for source 0 (primary): 0 (new cc errors: 0)
Mar 14 16:50:28.748036 CS18_TS12_Lotte  Continuity counter errors for source 0 (primary): 0 (new cc errors: 0)
Mar 14 16:54:25.941097 CS18_TS12_Lotte  Continuity counter errors for Output_1-OT0.pid6385(Audio_1_encoded_1): 2 (new cc errors: 0)  

Mar 14 16:54:27.363278 CS18_TS12_Lotte  Continuity counter errors for Output_1-OT0.pid6384(Video_01_enc_1): 1 (new cc errors: 0)  

Mar 14 17:05:29.213558 CS18_TS12_Lotte  Continuity counter errors for source 0 (primary): 0 (new cc errors: 0)
Mar 14 17:05:29.214084 CS18_TS12_Lotte  Continuity counter errors for source 0 (primary): 0 (new cc errors: 0)
Mar 14 17:09:25.968654 CS18_TS12_Lotte  Continuity counter errors for Output_1-OT0.pid6385(Audio_1_encoded_1): 2 (new cc errors: 0)  

Mar 14 17:09:27.365558 CS18_TS12_Lotte  Continuity counter errors for Output_1-OT0.pid6384(Video_01_enc_1): 1 (new cc errors: 0)  

Mar 14 17:20:29.547795 CS18_TS12_Lotte  Continuity counter errors for source 0 (primary): 0 (new cc errors: 0)
Mar 14 17:20:29.548475 CS18_TS12_Lotte  Continuity counter errors for source 0 (primary): 0 (new cc errors: 0)
Mar 14 17:24:25.972069 CS18_TS12_Lotte  Continuity counter errors for Output_1-OT0.pid6385(Audio_1_encoded_1): 2 (new cc errors: 0)  

Mar 14 17:24:27.368084 CS18_TS12_Lotte  Continuity counter errors for Output_1-OT0.pid6384(Video_01_enc_1): 1 (new cc errors: 0)  

Mar 14 17:35:29.837714 CS18_TS12_Lotte  Continuity counter errors for source 0 (primary): 0 (new cc errors: 0)
Mar 14 17:35:29.838654 CS18_TS12_Lotte  Continuity counter errors for source 0 (primary): 0 (new cc errors: 0)
Mar 14 17:39:25.999758 CS18_TS12_Lotte  Continuity counter errors for Output_1-OT0.pid6385(Audio_1_encoded_1): 2 (new cc errors: 0)  

Mar 14 17:39:27.389246 CS18_TS12_Lotte  Continuity counter errors for Output_1-OT0.pid6384(Video_01_enc_1): 1 (new cc errors: 0)  

Mar 14 17:50:30.186936 CS18_TS12_Lotte  Continuity counter errors for source 0 (primary): 0 (new cc errors: 0)
Mar 14 17:50:30.187436 CS18_TS12_Lotte  Continuity counter errors for source 0 (primary): 0 (new cc errors: 0)
Mar 14 17:54:26.003394 CS18_TS12_Lotte  Continuity counter errors for Output_1-OT0.pid6385(Audio_1_encoded_1): 2 (new cc errors: 0)  

Mar 14 17:54:27.416583 CS18_TS12_Lotte  Continuity counter errors for Output_1-OT0.pid6384(Video_01_enc_1): 1 (new cc errors: 0)  

Mar 14 18:05:30.753333 CS18_TS12_Lotte  Continuity counter errors for source 0 (primary): 0 (new cc errors: 0)
Mar 14 18:05:30.754113 CS18_TS12_Lotte  Continuity counter errors for source 0 (primary): 0 (new cc errors: 0)
Mar 14 18:09:26.030852 CS18_TS12_Lotte  Continuity counter errors for Output_1-OT0.pid6385(Audio_1_encoded_1): 2 (new cc errors: 0)  

Mar 14 18:09:27.432172 CS18_TS12_Lotte  Continuity counter errors for Output_1-OT0.pid6384(Video_01_enc_1): 1 (new cc errors: 0)  

Mar 14 18:20:31.273142 CS18_TS12_Lotte  Continuity counter errors for source 0 (primary): 0 (new cc errors: 0)
Mar 14 18:20:31.273771 CS18_TS12_Lotte  Continuity counter errors for source 0 (primary): 0 (new cc errors: 0)
Mar 14 18:24:26.034222 CS18_TS12_Lotte  Continuity counter errors for Output_1-OT0.pid6385(Audio_1_encoded_1): 2 (new cc errors: 0)  

Mar 14 18:24:27.446445 CS18_TS12_Lotte  Continuity counter errors for Output_1-OT0.pid6384(Video_01_enc_1): 1 (new cc errors: 0)  

Mar 14 18:35:31.664876 CS18_TS12_Lotte  Continuity counter errors for source 0 (primary): 0 (new cc errors: 0)
Mar 14 18:35:31.665405 CS18_TS12_Lotte  Continuity counter errors for source 0 (primary): 0 (new cc errors: 0)
Mar 14 18:39:26.069644 CS18_TS12_Lotte  Continuity counter errors for Output_1-OT0.pid6385(Audio_1_encoded_1): 2 (new cc errors: 0)  

Mar 14 18:39:27.477577 CS18_TS12_Lotte  Continuity counter errors for Output_1-OT0.pid6384(Video_01_enc_1): 1 (new cc errors: 0)  

Mar 14 18:50:31.930557 CS18_TS12_Lotte  Continuity counter errors for source 0 (primary): 0 (new cc errors: 0)
Mar 14 18:50:31.931108 CS18_TS12_Lotte  Continuity counter errors for source 0 (primary): 0 (new cc errors: 0)
Mar 14 18:54:26.097513 CS18_TS12_Lotte  Continuity counter errors for Output_1-OT0.pid6385(Audio_1_encoded_1): 2 (new cc errors: 0)  

Mar 14 18:54:27.485740 CS18_TS12_Lotte  Continuity counter errors for Output_1-OT0.pid6384(Video_01_enc_1): 1 (new cc errors: 0)  

Mar 14 19:05:32.180960 CS18_TS12_Lotte  Continuity counter errors for source 0 (primary): 0 (new cc errors: 0)
Mar 14 19:05:32.181584 CS18_TS12_Lotte  Continuity counter errors for source 0 (primary): 0 (new cc errors: 0)
Mar 14 19:09:26.100727 CS18_TS12_Lotte  Continuity counter errors for Output_1-OT0.pid6385(Audio_1_encoded_1): 2 (new cc errors: 0)  

Mar 14 19:09:27.511677 CS18_TS12_Lotte  Continuity counter errors for Output_1-OT0.pid6384(Video_01_enc_1): 1 (new cc errors: 0)  

Mar 14 19:20:32.504861 CS18_TS12_Lotte  Continuity counter errors for source 0 (primary): 0 (new cc errors: 0)
Mar 14 19:20:32.505368 CS18_TS12_Lotte  Continuity counter errors for source 0 (primary): 0 (new cc errors: 0)
Mar 14 19:24:26.128005 CS18_TS12_Lotte  Continuity counter errors for Output_1-OT0.pid6385(Audio_1_encoded_1): 2 (new cc errors: 0)  

Mar 14 19:24:27.514779 CS18_TS12_Lotte  Continuity counter errors for Output_1-OT0.pid6384(Video_01_enc_1): 1 (new cc errors: 0)  

Mar 14 19:35:32.807354 CS18_TS12_Lotte  Continuity counter errors for source 0 (primary): 0 (new cc errors: 0)
Mar 14 19:35:32.807879 CS18_TS12_Lotte  Continuity counter errors for source 0 (primary): 0 (new cc errors: 0)
Mar 14 19:39:26.132014 CS18_TS12_Lotte  Continuity counter errors for Output_1-OT0.pid6385(Audio_1_encoded_1): 2 (new cc errors: 0)  

Mar 14 19:39:27.541712 CS18_TS12_Lotte  Continuity counter errors for Output_1-OT0.pid6384(Video_01_enc_1): 1 (new cc errors: 0)  

Mar 14 19:50:33.086872 CS18_TS12_Lotte  Continuity counter errors for source 0 (primary): 0 (new cc errors: 0)
Mar 14 19:50:33.087463 CS18_TS12_Lotte  Continuity counter errors for source 0 (primary): 0 (new cc errors: 0)
Mar 14 19:54:26.158824 CS18_TS12_Lotte  Continuity counter errors for Output_1-OT0.pid6385(Audio_1_encoded_1): 2 (new cc errors: 0)  

Mar 14 19:54:27.545478 CS18_TS12_Lotte  Continuity counter errors for Output_1-OT0.pid6384(Video_01_enc_1): 1 (new cc errors: 0)  

Mar 14 20:05:33.328690 CS18_TS12_Lotte  Continuity counter errors for source 0 (primary): 0 (new cc errors: 0)
Mar 14 20:05:33.329460 CS18_TS12_Lotte  Continuity counter errors for source 0 (primary): 0 (new cc errors: 0)
Mar 14 20:09:26.162064 CS18_TS12_Lotte  Continuity counter errors for Output_1-OT0.pid6385(Audio_1_encoded_1): 2 (new cc errors: 0)  

Mar 14 20:09:27.557878 CS18_TS12_Lotte  Continuity counter errors for Output_1-OT0.pid6384(Video_01_enc_1): 1 (new cc errors: 0)  

Mar 14 20:20:33.655666 CS18_TS12_Lotte  Continuity counter errors for source 0 (primary): 0 (new cc errors: 0)
Mar 14 20:20:33.656396 CS18_TS12_Lotte  Continuity counter errors for source 0 (primary): 0 (new cc errors: 0)
Mar 14 20:24:26.189442 CS18_TS12_Lotte  Continuity counter errors for Output_1-OT0.pid6385(Audio_1_encoded_1): 2 (new cc errors: 0)  

Mar 14 20:24:27.557820 CS18_TS12_Lotte  Continuity counter errors for Output_1-OT0.pid6384(Video_01_enc_1): 1 (new cc errors: 0)  

Mar 14 20:35:34.141593 CS18_TS12_Lotte  Continuity counter errors for source 0 (primary): 0 (new cc errors: 0)
Mar 14 20:35:34.142308 CS18_TS12_Lotte  Continuity counter errors for source 0 (primary): 0 (new cc errors: 0)
Mar 14 20:39:26.192991 CS18_TS12_Lotte  Continuity counter errors for Output_1-OT0.pid6385(Audio_1_encoded_1): 2 (new cc errors: 0)  

Mar 14 20:39:27.571099 CS18_TS12_Lotte  Continuity counter errors for Output_1-OT0.pid6384(Video_01_enc_1): 1 (new cc errors: 0)  

Mar 14 20:50:34.652597 CS18_TS12_Lotte  Continuity counter errors for source 0 (primary): 0 (new cc errors: 0)
Mar 14 20:50:34.653153 CS18_TS12_Lotte  Continuity counter errors for source 0 (primary): 0 (new cc errors: 0)
Mar 14 20:54:26.220559 CS18_TS12_Lotte  Continuity counter errors for Output_1-OT0.pid6385(Audio_1_encoded_1): 2 (new cc errors: 0)  

Mar 14 20:54:27.589200 CS18_TS12_Lotte  Continuity counter errors for Output_1-OT0.pid6384(Video_01_enc_1): 1 (new cc errors: 0)  

Mar 14 21:05:35.069074 CS18_TS12_Lotte  Continuity counter errors for source 0 (primary): 0 (new cc errors: 0)
Mar 14 21:05:35.069802 CS18_TS12_Lotte  Continuity counter errors for source 0 (primary): 0 (new cc errors: 0)
Mar 14 21:09:26.223908 CS18_TS12_Lotte  Continuity counter errors for Output_1-OT0.pid6385(Audio_1_encoded_1): 2 (new cc errors: 0)  

Mar 14 21:09:27.624478 CS18_TS12_Lotte  Continuity counter errors for Output_1-OT0.pid6384(Video_01_enc_1): 1 (new cc errors: 0)  

Mar 14 21:20:35.453532 CS18_TS12_Lotte  Continuity counter errors for source 0 (primary): 0 (new cc errors: 0)
Mar 14 21:20:35.454072 CS18_TS12_Lotte  Continuity counter errors for source 0 (primary): 0 (new cc errors: 0)
Mar 14 21:24:26.251574 CS18_TS12_Lotte  Continuity counter errors for Output_1-OT0.pid6385(Audio_1_encoded_1): 2 (new cc errors: 0)  

Mar 14 21:24:27.637043 CS18_TS12_Lotte  Continuity counter errors for Output_1-OT0.pid6384(Video_01_enc_1): 1 (new cc errors: 0)  

Mar 14 21:35:36.031723 CS18_TS12_Lotte  Continuity counter errors for source 0 (primary): 0 (new cc errors: 0)
Mar 14 21:35:36.032529 CS18_TS12_Lotte  Continuity counter errors for source 0 (primary): 0 (new cc errors: 0)
Mar 14 21:39:26.254978 CS18_TS12_Lotte  Continuity counter errors for Output_1-OT0.pid6385(Audio_1_encoded_1): 2 (new cc errors: 0)  

Mar 14 21:39:27.698551 CS18_TS12_Lotte  Continuity counter errors for Output_1-OT0.pid6384(Video_01_enc_1): 1 (new cc errors: 0)  

Mar 14 21:50:36.541643 CS18_TS12_Lotte  Continuity counter errors for source 0 (primary): 0 (new cc errors: 0)
Mar 14 21:50:36.542131 CS18_TS12_Lotte  Continuity counter errors for source 0 (primary): 0 (new cc errors: 0)
Mar 14 21:54:26.282329 CS18_TS12_Lotte  Continuity counter errors for Output_1-OT0.pid6385(Audio_1_encoded_1): 2 (new cc errors: 0)  

Mar 14 21:54:27.709088 CS18_TS12_Lotte  Continuity counter errors for Output_1-OT0.pid6384(Video_01_enc_1): 1 (new cc errors: 0)  

Mar 14 22:05:36.935267 CS18_TS12_Lotte  Continuity counter errors for source 0 (primary): 0 (new cc errors: 0)
Mar 14 22:05:36.935764 CS18_TS12_Lotte  Continuity counter errors for source 0 (primary): 0 (new cc errors: 0)
Mar 14 22:09:26.286017 CS18_TS12_Lotte  Continuity counter errors for Output_1-OT0.pid6385(Audio_1_encoded_1): 2 (new cc errors: 0)  

Mar 14 22:09:27.758072 CS18_TS12_Lotte  Continuity counter errors for Output_1-OT0.pid6384(Video_01_enc_1): 1 (new cc errors: 0)  

Mar 14 22:20:37.272911 CS18_TS12_Lotte  Continuity counter errors for source 0 (primary): 0 (new cc errors: 0)
Mar 14 22:20:37.273401 CS18_TS12_Lotte  Continuity counter errors for source 0 (primary): 0 (new cc errors: 0)
Mar 14 22:24:26.321344 CS18_TS12_Lotte  Continuity counter errors for Output_1-OT0.pid6385(Audio_1_encoded_1): 2 (new cc errors: 0)  

Mar 14 22:24:27.763176 CS18_TS12_Lotte  Continuity counter errors for Output_1-OT0.pid6384(Video_01_enc_1): 1 (new cc errors: 0)  

Mar 14 22:35:37.728958 CS18_TS12_Lotte  Continuity counter errors for source 0 (primary): 0 (new cc errors: 0)
Mar 14 22:35:37.729471 CS18_TS12_Lotte  Continuity counter errors for source 0 (primary): 0 (new cc errors: 0)
Mar 14 22:39:26.348762 CS18_TS12_Lotte  Continuity counter errors for Output_1-OT0.pid6385(Audio_1_encoded_1): 2 (new cc errors: 0)  

Mar 14 22:39:27.765776 CS18_TS12_Lotte  Continuity counter errors for Output_1-OT0.pid6384(Video_01_enc_1): 1 (new cc errors: 0)  

Mar 14 22:50:38.264089 CS18_TS12_Lotte  Continuity counter errors for source 0 (primary): 0 (new cc errors: 0)
Mar 14 22:50:38.264854 CS18_TS12_Lotte  Continuity counter errors for source 0 (primary): 0 (new cc errors: 0)
Mar 14 22:54:26.352401 CS18_TS12_Lotte  Continuity counter errors for Output_1-OT0.pid6385(Audio_1_encoded_1): 2 (new cc errors: 0)  

Mar 14 22:54:27.796844 CS18_TS12_Lotte  Continuity counter errors for Output_1-OT0.pid6384(Video_01_enc_1): 1 (new cc errors: 0)  

Mar 14 23:05:38.804403 CS18_TS12_Lotte  Continuity counter errors for source 0 (primary): 0 (new cc errors: 0)
Mar 14 23:05:38.804928 CS18_TS12_Lotte  Continuity counter errors for source 0 (primary): 0 (new cc errors: 0)
Mar 14 23:09:26.380019 CS18_TS12_Lotte  Continuity counter errors for Output_1-OT0.pid6385(Audio_1_encoded_1): 2 (new cc errors: 0)  

Mar 14 23:09:27.806957 CS18_TS12_Lotte  Continuity counter errors for Output_1-OT0.pid6384(Video_01_enc_1): 1 (new cc errors: 0)  

Mar 14 23:20:39.265441 CS18_TS12_Lotte  Continuity counter errors for source 0 (primary): 0 (new cc errors: 0)
Mar 14 23:20:39.265989 CS18_TS12_Lotte  Continuity counter errors for source 0 (primary): 0 (new cc errors: 0)
Mar 14 23:24:26.383357 CS18_TS12_Lotte  Continuity counter errors for Output_1-OT0.pid6385(Audio_1_encoded_1): 2 (new cc errors: 0)  

Mar 14 23:24:27.829365 CS18_TS12_Lotte  Continuity counter errors for Output_1-OT0.pid6384(Video_01_enc_1): 1 (new cc errors: 0)  

Mar 14 23:35:39.671438 CS18_TS12_Lotte  Continuity counter errors for source 0 (primary): 0 (new cc errors: 0)
Mar 14 23:35:39.672168 CS18_TS12_Lotte  Continuity counter errors for source 0 (primary): 0 (new cc errors: 0)
Mar 14 23:39:26.411062 CS18_TS12_Lotte  Continuity counter errors for Output_1-OT0.pid6385(Audio_1_encoded_1): 2 (new cc errors: 0)  

Mar 14 23:39:27.831729 CS18_TS12_Lotte  Continuity counter errors for Output_1-OT0.pid6384(Video_01_enc_1): 1 (new cc errors: 0)  

Mar 14 23:50:40.180784 CS18_TS12_Lotte  Continuity counter errors for source 0 (primary): 0 (new cc errors: 0)
Mar 14 23:50:40.181481 CS18_TS12_Lotte  Continuity counter errors for source 0 (primary): 0 (new cc errors: 0)
Mar 14 23:54:26.414597 CS18_TS12_Lotte  Continuity counter errors for Output_1-OT0.pid6385(Audio_1_encoded_1): 2 (new cc errors: 0)  

Mar 14 23:54:27.844000 CS18_TS12_Lotte  Continuity counter errors for Output_1-OT0.pid6384(Video_01_enc_1): 1 (new cc errors: 0)  

Mar 15 00:05:40.781193 CS18_TS12_Lotte  Continuity counter errors for source 0 (primary): 0 (new cc errors: 0)
Mar 15 00:05:40.781742 CS18_TS12_Lotte  Continuity counter errors for source 0 (primary): 0 (new cc errors: 0)
Mar 15 00:09:26.441951 CS18_TS12_Lotte  Continuity counter errors for Output_1-OT0.pid6385(Audio_1_encoded_1): 2 (new cc errors: 0)  

Mar 15 00:09:27.860559 CS18_TS12_Lotte  Continuity counter errors for Output_1-OT0.pid6384(Video_01_enc_1): 1 (new cc errors: 0)  

Mar 15 00:20:41.366734 CS18_TS12_Lotte  Continuity counter errors for source 0 (primary): 0 (new cc errors: 0)
Mar 15 00:20:41.367298 CS18_TS12_Lotte  Continuity counter errors for source 0 (primary): 0 (new cc errors: 0)
Mar 15 00:24:26.445442 CS18_TS12_Lotte  Continuity counter errors for Output_1-OT0.pid6385(Audio_1_encoded_1): 2 (new cc errors: 0)  

Mar 15 00:24:27.897367 CS18_TS12_Lotte  Continuity counter errors for Output_1-OT0.pid6384(Video_01_enc_1): 1 (new cc errors: 0)  

Mar 15 00:35:41.928135 CS18_TS12_Lotte  Continuity counter errors for source 0 (primary): 0 (new cc errors: 0)
Mar 15 00:35:41.928842 CS18_TS12_Lotte  Continuity counter errors for source 0 (primary): 0 (new cc errors: 0)
Mar 15 00:39:26.473128 CS18_TS12_Lotte  Continuity counter errors for Output_1-OT0.pid6385(Audio_1_encoded_1): 2 (new cc errors: 0)  

Mar 15 00:39:27.897549 CS18_TS12_Lotte  Continuity counter errors for Output_1-OT0.pid6384(Video_01_enc_1): 1 (new cc errors: 0)  

Mar 15 00:50:42.582880 CS18_TS12_Lotte  Continuity counter errors for source 0 (primary): 0 (new cc errors: 0)
Mar 15 00:50:42.583609 CS18_TS12_Lotte  Continuity counter errors for source 0 (primary): 0 (new cc errors: 0)
Mar 15 00:54:26.476677 CS18_TS12_Lotte  Continuity counter errors for Output_1-OT0.pid6385(Audio_1_encoded_1): 2 (new cc errors: 0)  

Mar 15 00:54:27.901413 CS18_TS12_Lotte  Continuity counter errors for Output_1-OT0.pid6384(Video_01_enc_1): 1 (new cc errors: 0)  

Mar 15 01:05:43.225193 CS18_TS12_Lotte  Continuity counter errors for source 0 (primary): 0 (new cc errors: 0)
Mar 15 01:05:43.225791 CS18_TS12_Lotte  Continuity counter errors for source 0 (primary): 0 (new cc errors: 0)
Mar 15 01:09:26.504300 CS18_TS12_Lotte  Continuity counter errors for Output_1-OT0.pid6385(Audio_1_encoded_1): 2 (new cc errors: 0)  

Mar 15 01:09:27.927976 CS18_TS12_Lotte  Continuity counter errors for Output_1-OT0.pid6384(Video_01_enc_1): 1 (new cc errors: 0)  

Mar 15 01:20:43.841834 CS18_TS12_Lotte  Continuity counter errors for source 0 (primary): 0 (new cc errors: 0)
Mar 15 01:20:43.842604 CS18_TS12_Lotte  Continuity counter errors for source 0 (primary): 0 (new cc errors: 0)
Mar 15 01:24:26.508204 CS18_TS12_Lotte  Continuity counter errors for Output_1-OT0.pid6385(Audio_1_encoded_1): 2 (new cc errors: 0)  

Mar 15 01:24:27.928236 CS18_TS12_Lotte  Continuity counter errors for Output_1-OT0.pid6384(Video_01_enc_1): 1 (new cc errors: 0)  

Mar 15 01:35:44.311986 CS18_TS12_Lotte  Continuity counter errors for source 0 (primary): 0 (new cc errors: 0)
Mar 15 01:35:44.312416 CS18_TS12_Lotte  Continuity counter errors for source 0 (primary): 0 (new cc errors: 0)
Mar 15 01:39:26.543510 CS18_TS12_Lotte  Continuity counter errors for Output_1-OT0.pid6385(Audio_1_encoded_1): 2 (new cc errors: 0)  

Mar 15 01:39:27.931437 CS18_TS12_Lotte  Continuity counter errors for Output_1-OT0.pid6384(Video_01_enc_1): 1 (new cc errors: 0)  

Mar 15 01:50:44.538328 CS18_TS12_Lotte  Continuity counter errors for source 0 (primary): 0 (new cc errors: 0)
Mar 15 01:50:44.538805 CS18_TS12_Lotte  Continuity counter errors for source 0 (primary): 0 (new cc errors: 0)
Mar 15 01:54:26.571122 CS18_TS12_Lotte  Continuity counter errors for Output_1-OT0.pid6385(Audio_1_encoded_1): 2 (new cc errors: 0)  

Mar 15 01:54:27.951726 CS18_TS12_Lotte  Continuity counter errors for Output_1-OT0.pid6384(Video_01_enc_1): 1 (new cc errors: 0)  

Mar 15 02:05:44.657642 CS18_TS12_Lotte  Continuity counter errors for source 0 (primary): 0 (new cc errors: 0)
Mar 15 02:05:44.658221 CS18_TS12_Lotte  Continuity counter errors for source 0 (primary): 0 (new cc errors: 0)
Mar 15 02:09:26.574584 CS18_TS12_Lotte  Continuity counter errors for Output_1-OT0.pid6385(Audio_1_encoded_1): 2 (new cc errors: 0)  

Mar 15 02:09:27.958202 CS18_TS12_Lotte  Continuity counter errors for Output_1-OT0.pid6384(Video_01_enc_1): 1 (new cc errors: 0)  

Mar 15 02:20:44.844120 CS18_TS12_Lotte  Continuity counter errors for source 0 (primary): 0 (new cc errors: 0)
Mar 15 02:20:44.844607 CS18_TS12_Lotte  Continuity counter errors for source 0 (primary): 0 (new cc errors: 0)
Mar 15 02:24:26.602212 CS18_TS12_Lotte  Continuity counter errors for Output_1-OT0.pid6385(Audio_1_encoded_1): 2 (new cc errors: 0)  

Mar 15 02:24:27.995775 CS18_TS12_Lotte  Continuity counter errors for Output_1-OT0.pid6384(Video_01_enc_1): 1 (new cc errors: 0)  

Mar 15 02:35:45.037979 CS18_TS12_Lotte  Continuity counter errors for source 0 (primary): 0 (new cc errors: 0)
Mar 15 02:35:45.038686 CS18_TS12_Lotte  Continuity counter errors for source 0 (primary): 0 (new cc errors: 0)
Mar 15 02:39:26.605748 CS18_TS12_Lotte  Continuity counter errors for Output_1-OT0.pid6385(Audio_1_encoded_1): 2 (new cc errors: 0)  

Mar 15 02:39:28.028629 CS18_TS12_Lotte  Continuity counter errors for Output_1-OT0.pid6384(Video_01_enc_1): 1 (new cc errors: 0)  

Mar 15 02:50:45.114761 CS18_TS12_Lotte  Continuity counter errors for source 0 (primary): 0 (new cc errors: 0)
Mar 15 02:50:45.115375 CS18_TS12_Lotte  Continuity counter errors for source 0 (primary): 0 (new cc errors: 0)
Mar 15 02:54:26.633292 CS18_TS12_Lotte  Continuity counter errors for Output_1-OT0.pid6385(Audio_1_encoded_1): 2 (new cc errors: 0)  

Mar 15 02:54:28.051975 CS18_TS12_Lotte  Continuity counter errors for Output_1-OT0.pid6384(Video_01_enc_1): 1 (new cc errors: 0)  

Mar 15 03:05:45.210330 CS18_TS12_Lotte  Continuity counter errors for source 0 (primary): 0 (new cc errors: 0)
Mar 15 03:05:45.210861 CS18_TS12_Lotte  Continuity counter errors for source 0 (primary): 0 (new cc errors: 0)
Mar 15 03:09:26.636921 CS18_TS12_Lotte  Continuity counter errors for Output_1-OT0.pid6385(Audio_1_encoded_1): 2 (new cc errors: 0)  

Mar 15 03:09:28.100962 CS18_TS12_Lotte  Continuity counter errors for Output_1-OT0.pid6384(Video_01_enc_1): 1 (new cc errors: 0)  

Mar 15 03:20:45.337148 CS18_TS12_Lotte  Continuity counter errors for source 0 (primary): 0 (new cc errors: 0)
Mar 15 03:20:45.337819 CS18_TS12_Lotte  Continuity counter errors for source 0 (primary): 0 (new cc errors: 0)
Mar 15 03:24:26.664547 CS18_TS12_Lotte  Continuity counter errors for Output_1-OT0.pid6385(Audio_1_encoded_1): 2 (new cc errors: 0)  

Mar 15 03:24:28.120364 CS18_TS12_Lotte  Continuity counter errors for Output_1-OT0.pid6384(Video_01_enc_1): 1 (new cc errors: 0)  

Mar 15 03:35:45.427158 CS18_TS12_Lotte  Continuity counter errors for source 0 (primary): 0 (new cc errors: 0)
Mar 15 03:35:45.427662 CS18_TS12_Lotte  Continuity counter errors for source 0 (primary): 0 (new cc errors: 0)
Mar 15 03:39:26.667922 CS18_TS12_Lotte  Continuity counter errors for Output_1-OT0.pid6385(Audio_1_encoded_1): 2 (new cc errors: 0)  

Mar 15 03:39:28.131008 CS18_TS12_Lotte  Continuity counter errors for Output_1-OT0.pid6384(Video_01_enc_1): 1 (new cc errors: 0)  

Mar 15 03:50:45.587337 CS18_TS12_Lotte  Continuity counter errors for source 0 (primary): 0 (new cc errors: 0)
Mar 15 03:50:45.588206 CS18_TS12_Lotte  Continuity counter errors for source 0 (primary): 0 (new cc errors: 0)
Mar 15 03:54:26.695639 CS18_TS12_Lotte  Continuity counter errors for Output_1-OT0.pid6385(Audio_1_encoded_1): 2 (new cc errors: 0)  

Mar 15 03:54:28.158264 CS18_TS12_Lotte  Continuity counter errors for Output_1-OT0.pid6384(Video_01_enc_1): 1 (new cc errors: 0)  

Mar 15 04:05:45.730804 CS18_TS12_Lotte  Continuity counter errors for source 0 (primary): 0 (new cc errors: 0)
Mar 15 04:05:45.731290 CS18_TS12_Lotte  Continuity counter errors for source 0 (primary): 0 (new cc errors: 0)
Mar 15 04:09:26.699014 CS18_TS12_Lotte  Continuity counter errors for Output_1-OT0.pid6385(Audio_1_encoded_1): 2 (new cc errors: 0)  

Mar 15 04:09:28.159166 CS18_TS12_Lotte  Continuity counter errors for Output_1-OT0.pid6384(Video_01_enc_1): 1 (new cc errors: 0)  

Mar 15 04:20:45.841770 CS18_TS12_Lotte  Continuity counter errors for source 0 (primary): 0 (new cc errors: 0)
Mar 15 04:20:45.842343 CS18_TS12_Lotte  Continuity counter errors for source 0 (primary): 0 (new cc errors: 0)
Mar 15 04:24:26.726688 CS18_TS12_Lotte  Continuity counter errors for Output_1-OT0.pid6385(Audio_1_encoded_1): 2 (new cc errors: 0)  

Mar 15 04:24:28.179779 CS18_TS12_Lotte  Continuity counter errors for Output_1-OT0.pid6384(Video_01_enc_1): 1 (new cc errors: 0)  

Mar 15 04:35:45.999371 CS18_TS12_Lotte  Continuity counter errors for source 0 (primary): 0 (new cc errors: 0)
Mar 15 04:35:45.999959 CS18_TS12_Lotte  Continuity counter errors for source 0 (primary): 0 (new cc errors: 0)
Mar 15 04:39:26.729777 CS18_TS12_Lotte  Continuity counter errors for Output_1-OT0.pid6385(Audio_1_encoded_1): 2 (new cc errors: 0)  

Mar 15 04:39:28.207199 CS18_TS12_Lotte  Continuity counter errors for Output_1-OT0.pid6384(Video_01_enc_1): 1 (new cc errors: 0)  

Mar 15 04:50:46.161964 CS18_TS12_Lotte  Continuity counter errors for source 0 (primary): 0 (new cc errors: 0)
Mar 15 04:50:46.162441 CS18_TS12_Lotte  Continuity counter errors for source 0 (primary): 0 (new cc errors: 0)
Mar 15 04:54:26.757356 CS18_TS12_Lotte  Continuity counter errors for Output_1-OT0.pid6385(Audio_1_encoded_1): 2 (new cc errors: 0)  

Mar 15 04:54:28.211195 CS18_TS12_Lotte  Continuity counter errors for Output_1-OT0.pid6384(Video_01_enc_1): 1 (new cc errors: 0)  

Mar 15 05:05:46.631872 CS18_TS12_Lotte  Continuity counter errors for source 0 (primary): 0 (new cc errors: 0)
Mar 15 05:05:46.632616 CS18_TS12_Lotte  Continuity counter errors for source 0 (primary): 0 (new cc errors: 0)
Mar 15 05:09:26.760751 CS18_TS12_Lotte  Continuity counter errors for Output_1-OT0.pid6385(Audio_1_encoded_1): 2 (new cc errors: 0)  

Mar 15 05:09:28.218704 CS18_TS12_Lotte  Continuity counter errors for Output_1-OT0.pid6384(Video_01_enc_1): 1 (new cc errors: 0)  

Mar 15 05:20:47.005906 CS18_TS12_Lotte  Continuity counter errors for source 0 (primary): 0 (new cc errors: 0)
Mar 15 05:20:47.006508 CS18_TS12_Lotte  Continuity counter errors for source 0 (primary): 0 (new cc errors: 0)
Mar 15 05:24:26.788336 CS18_TS12_Lotte  Continuity counter errors for Output_1-OT0.pid6385(Audio_1_encoded_1): 2 (new cc errors: 0)  

Mar 15 05:24:28.241220 CS18_TS12_Lotte  Continuity counter errors for Output_1-OT0.pid6384(Video_01_enc_1): 1 (new cc errors: 0)  

Mar 15 05:35:47.462143 CS18_TS12_Lotte  Continuity counter errors for source 0 (primary): 0 (new cc errors: 0)
Mar 15 05:35:47.462900 CS18_TS12_Lotte  Continuity counter errors for source 0 (primary): 0 (new cc errors: 0)
Mar 15 05:39:26.792050 CS18_TS12_Lotte  Continuity counter errors for Output_1-OT0.pid6385(Audio_1_encoded_1): 2 (new cc errors: 0)  

Mar 15 05:39:28.249972 CS18_TS12_Lotte  Continuity counter errors for Output_1-OT0.pid6384(Video_01_enc_1): 1 (new cc errors: 0)  

Mar 15 05:50:47.886622 CS18_TS12_Lotte  Continuity counter errors for source 0 (primary): 0 (new cc errors: 0)
Mar 15 05:50:47.887363 CS18_TS12_Lotte  Continuity counter errors for source 0 (primary): 0 (new cc errors: 0)
Mar 15 05:54:26.827617 CS18_TS12_Lotte  Continuity counter errors for Output_1-OT0.pid6385(Audio_1_encoded_1): 2 (new cc errors: 0)  

Mar 15 05:54:28.273075 CS18_TS12_Lotte  Continuity counter errors for Output_1-OT0.pid6384(Video_01_enc_1): 1 (new cc errors: 0)  

Mar 15 06:05:48.174086 CS18_TS12_Lotte  Continuity counter errors for source 0 (primary): 0 (new cc errors: 0)
Mar 15 06:05:48.174925 CS18_TS12_Lotte  Continuity counter errors for source 0 (primary): 0 (new cc errors: 0)
Mar 15 06:09:26.855403 CS18_TS12_Lotte  Continuity counter errors for Output_1-OT0.pid6385(Audio_1_encoded_1): 2 (new cc errors: 0)  

Mar 15 06:09:28.280106 CS18_TS12_Lotte  Continuity counter errors for Output_1-OT0.pid6384(Video_01_enc_1): 1 (new cc errors: 0)  

Mar 15 06:20:48.454978 CS18_TS12_Lotte  Continuity counter errors for source 0 (primary): 0 (new cc errors: 0)
Mar 15 06:20:48.455676 CS18_TS12_Lotte  Continuity counter errors for source 0 (primary): 0 (new cc errors: 0)
Mar 15 06:24:26.858844 CS18_TS12_Lotte  Continuity counter errors for Output_1-OT0.pid6385(Audio_1_encoded_1): 2 (new cc errors: 0)  

Mar 15 06:24:28.304495 CS18_TS12_Lotte  Continuity counter errors for Output_1-OT0.pid6384(Video_01_enc_1): 1 (new cc errors: 0)  

Mar 15 06:35:48.755259 CS18_TS12_Lotte  Continuity counter errors for source 0 (primary): 0 (new cc errors: 0)
Mar 15 06:35:48.755749 CS18_TS12_Lotte  Continuity counter errors for source 0 (primary): 0 (new cc errors: 0)
Mar 15 06:39:26.886626 CS18_TS12_Lotte  Continuity counter errors for Output_1-OT0.pid6385(Audio_1_encoded_1): 2 (new cc errors: 0)  

Mar 15 06:39:28.310864 CS18_TS12_Lotte  Continuity counter errors for Output_1-OT0.pid6384(Video_01_enc_1): 1 (new cc errors: 0)  

Mar 15 06:50:49.103436 CS18_TS12_Lotte  Continuity counter errors for source 0 (primary): 0 (new cc errors: 0)
Mar 15 06:50:49.104048 CS18_TS12_Lotte  Continuity counter errors for source 0 (primary): 0 (new cc errors: 0)
Mar 15 06:54:26.890204 CS18_TS12_Lotte  Continuity counter errors for Output_1-OT0.pid6385(Audio_1_encoded_1): 2 (new cc errors: 0)  

Mar 15 06:54:28.349387 CS18_TS12_Lotte  Continuity counter errors for Output_1-OT0.pid6384(Video_01_enc_1): 1 (new cc errors: 0)  

Mar 15 07:05:49.345764 CS18_TS12_Lotte  Continuity counter errors for source 0 (primary): 0 (new cc errors: 0)
Mar 15 07:05:49.346542 CS18_TS12_Lotte  Continuity counter errors for source 0 (primary): 0 (new cc errors: 0)
Mar 15 07:09:26.917567 CS18_TS12_Lotte  Continuity counter errors for Output_1-OT0.pid6385(Audio_1_encoded_1): 2 (new cc errors: 0)  

Mar 15 07:09:28.385332 CS18_TS12_Lotte  Continuity counter errors for Output_1-OT0.pid6384(Video_01_enc_1): 1 (new cc errors: 0)  

Mar 15 07:20:49.667854 CS18_TS12_Lotte  Continuity counter errors for source 0 (primary): 0 (new cc errors: 0)
Mar 15 07:20:49.668325 CS18_TS12_Lotte  Continuity counter errors for source 0 (primary): 0 (new cc errors: 0)
Mar 15 07:24:26.920984 CS18_TS12_Lotte  Continuity counter errors for Output_1-OT0.pid6385(Audio_1_encoded_1): 2 (new cc errors: 0)  

Mar 15 07:24:28.405992 CS18_TS12_Lotte  Continuity counter errors for Output_1-OT0.pid6384(Video_01_enc_1): 1 (new cc errors: 0)  

Mar 15 07:35:50.015396 CS18_TS12_Lotte  Continuity counter errors for source 0 (primary): 0 (new cc errors: 0)
Mar 15 07:35:50.016161 CS18_TS12_Lotte  Continuity counter errors for source 0 (primary): 0 (new cc errors: 0)
Mar 15 07:39:26.956391 CS18_TS12_Lotte  Continuity counter errors for Output_1-OT0.pid6385(Audio_1_encoded_1): 2 (new cc errors: 0)  

Mar 15 07:39:28.433080 CS18_TS12_Lotte  Continuity counter errors for Output_1-OT0.pid6384(Video_01_enc_1): 1 (new cc errors: 0)  

Mar 15 07:50:50.310417 CS18_TS12_Lotte  Continuity counter errors for source 0 (primary): 0 (new cc errors: 0)
Mar 15 07:50:50.310933 CS18_TS12_Lotte  Continuity counter errors for source 0 (primary): 0 (new cc errors: 0)
Mar 15 07:54:26.983959 CS18_TS12_Lotte  Continuity counter errors for Output_1-OT0.pid6385(Audio_1_encoded_1): 2 (new cc errors: 0)  

Mar 15 07:54:28.441490 CS18_TS12_Lotte  Continuity counter errors for Output_1-OT0.pid6384(Video_01_enc_1): 1 (new cc errors: 0)  

Mar 15 08:05:50.613561 CS18_TS12_Lotte  Continuity counter errors for source 0 (primary): 0 (new cc errors: 0)
Mar 15 08:05:50.614321 CS18_TS12_Lotte  Continuity counter errors for source 0 (primary): 0 (new cc errors: 0)
Mar 15 08:09:26.987301 CS18_TS12_Lotte  Continuity counter errors for Output_1-OT0.pid6385(Audio_1_encoded_1): 2 (new cc errors: 0)  

Mar 15 08:09:28.472830 CS18_TS12_Lotte  Continuity counter errors for Output_1-OT0.pid6384(Video_01_enc_1): 1 (new cc errors: 0)  

Mar 15 08:20:50.871418 CS18_TS12_Lotte  Continuity counter errors for source 0 (primary): 0 (new cc errors: 0)
Mar 15 08:20:50.871987 CS18_TS12_Lotte  Continuity counter errors for source 0 (primary): 0 (new cc errors: 0)
Mar 15 08:24:27.014886 CS18_TS12_Lotte  Continuity counter errors for Output_1-OT0.pid6385(Audio_1_encoded_1): 2 (new cc errors: 0)  

Mar 15 08:24:28.501894 CS18_TS12_Lotte  Continuity counter errors for Output_1-OT0.pid6384(Video_01_enc_1): 1 (new cc errors: 0)  

Mar 15 08:35:51.095963 CS18_TS12_Lotte  Continuity counter errors for source 0 (primary): 0 (new cc errors: 0)
Mar 15 08:35:51.096798 CS18_TS12_Lotte  Continuity counter errors for source 0 (primary): 0 (new cc errors: 0)
Mar 15 08:39:27.018376 CS18_TS12_Lotte  Continuity counter errors for Output_1-OT0.pid6385(Audio_1_encoded_1): 2 (new cc errors: 0)  

Mar 15 08:39:28.510265 CS18_TS12_Lotte  Continuity counter errors for Output_1-OT0.pid6384(Video_01_enc_1): 1 (new cc errors: 0)  

Mar 15 08:50:51.379446 CS18_TS12_Lotte  Continuity counter errors for source 0 (primary): 0 (new cc errors: 0)
Mar 15 08:50:51.379973 CS18_TS12_Lotte  Continuity counter errors for source 0 (primary): 0 (new cc errors: 0)
Mar 15 08:54:27.045862 CS18_TS12_Lotte  Continuity counter errors for Output_1-OT0.pid6385(Audio_1_encoded_1): 2 (new cc errors: 0)  

Mar 15 08:54:28.531850 CS18_TS12_Lotte  Continuity counter errors for Output_1-OT0.pid6384(Video_01_enc_1): 1 (new cc errors: 0)  

Mar 15 09:05:51.689520 CS18_TS12_Lotte  Continuity counter errors for source 0 (primary): 0 (new cc errors: 0)
Mar 15 09:05:51.690245 CS18_TS12_Lotte  Continuity counter errors for source 0 (primary): 0 (new cc errors: 0)
Mar 15 09:09:27.049322 CS18_TS12_Lotte  Continuity counter errors for Output_1-OT0.pid6385(Audio_1_encoded_1): 2 (new cc errors: 0)  

Mar 15 09:09:28.548756 CS18_TS12_Lotte  Continuity counter errors for Output_1-OT0.pid6384(Video_01_enc_1): 1 (new cc errors: 0)  

Mar 15 09:20:52.023905 CS18_TS12_Lotte  Continuity counter errors for source 0 (primary): 0 (new cc errors: 0)
Mar 15 09:20:52.024847 CS18_TS12_Lotte  Continuity counter errors for source 0 (primary): 0 (new cc errors: 0)
Mar 15 09:24:27.076969 CS18_TS12_Lotte  Continuity counter errors for Output_1-OT0.pid6385(Audio_1_encoded_1): 2 (new cc errors: 0)  

Mar 15 09:24:28.561531 CS18_TS12_Lotte  Continuity counter errors for Output_1-OT0.pid6384(Video_01_enc_1): 1 (new cc errors: 0)  

Mar 15 09:35:52.239723 CS18_TS12_Lotte  Continuity counter errors for source 0 (primary): 0 (new cc errors: 0)
Mar 15 09:35:52.240404 CS18_TS12_Lotte  Continuity counter errors for source 0 (primary): 0 (new cc errors: 0)
Mar 15 09:39:27.080405 CS18_TS12_Lotte  Continuity counter errors for Output_1-OT0.pid6385(Audio_1_encoded_1): 2 (new cc errors: 0)  

Mar 15 09:39:28.569975 CS18_TS12_Lotte  Continuity counter errors for Output_1-OT0.pid6384(Video_01_enc_1): 1 (new cc errors: 0)  

Mar 15 09:50:52.473615 CS18_TS12_Lotte  Continuity counter errors for source 0 (primary): 0 (new cc errors: 0)
Mar 15 09:50:52.474109 CS18_TS12_Lotte  Continuity counter errors for source 0 (primary): 0 (new cc errors: 0)
Mar 15 09:54:27.107958 CS18_TS12_Lotte  Continuity counter errors for Output_1-OT0.pid6385(Audio_1_encoded_1): 2 (new cc errors: 0)  

Mar 15 09:54:28.591981 CS18_TS12_Lotte  Continuity counter errors for Output_1-OT0.pid6384(Video_01_enc_1): 1 (new cc errors: 0)  

Mar 15 10:05:52.783941 CS18_TS12_Lotte  Continuity counter errors for source 0 (primary): 0 (new cc errors: 0)
Mar 15 10:05:52.784756 CS18_TS12_Lotte  Continuity counter errors for source 0 (primary): 0 (new cc errors: 0)
Mar 15 10:09:27.111398 CS18_TS12_Lotte  Continuity counter errors for Output_1-OT0.pid6385(Audio_1_encoded_1): 2 (new cc errors: 0)  

Mar 15 10:09:28.595484 CS18_TS12_Lotte  Continuity counter errors for Output_1-OT0.pid6384(Video_01_enc_1): 1 (new cc errors: 0)  

Mar 15 10:20:53.049693 CS18_TS12_Lotte  Continuity counter errors for source 0 (primary): 0 (new cc errors: 0)
Mar 15 10:20:53.050372 CS18_TS12_Lotte  Continuity counter errors for source 0 (primary): 0 (new cc errors: 0)
Mar 15 10:24:27.139076 CS18_TS12_Lotte  Continuity counter errors for Output_1-OT0.pid6385(Audio_1_encoded_1): 2 (new cc errors: 0)  

Mar 15 10:24:28.637237 CS18_TS12_Lotte  Continuity counter errors for Output_1-OT0.pid6384(Video_01_enc_1): 1 (new cc errors: 0)  

Mar 15 10:35:53.268180 CS18_TS12_Lotte  Continuity counter errors for source 0 (primary): 0 (new cc errors: 0)
Mar 15 10:35:53.268869 CS18_TS12_Lotte  Continuity counter errors for source 0 (primary): 0 (new cc errors: 0)
Mar 15 10:39:27.142302 CS18_TS12_Lotte  Continuity counter errors for Output_1-OT0.pid6385(Audio_1_encoded_1): 2 (new cc errors: 0)  

Mar 15 10:39:28.665231 CS18_TS12_Lotte  Continuity counter errors for Output_1-OT0.pid6384(Video_01_enc_1): 1 (new cc errors: 0)  

Mar 15 10:50:53.499619 CS18_TS12_Lotte  Continuity counter errors for source 0 (primary): 0 (new cc errors: 0)
Mar 15 10:50:53.500358 CS18_TS12_Lotte  Continuity counter errors for source 0 (primary): 0 (new cc errors: 0)
Mar 15 10:54:27.170162 CS18_TS12_Lotte  Continuity counter errors for Output_1-OT0.pid6385(Audio_1_encoded_1): 2 (new cc errors: 0)  

Mar 15 10:54:28.700855 CS18_TS12_Lotte  Continuity counter errors for Output_1-OT0.pid6384(Video_01_enc_1): 1 (new cc errors: 0)  

Mar 15 11:05:53.813329 CS18_TS12_Lotte  Continuity counter errors for source 0 (primary): 0 (new cc errors: 0)
Mar 15 11:05:53.813965 CS18_TS12_Lotte  Continuity counter errors for source 0 (primary): 0 (new cc errors: 0)
Mar 15 11:09:27.173461 CS18_TS12_Lotte  Continuity counter errors for Output_1-OT0.pid6385(Audio_1_encoded_1): 2 (new cc errors: 0)  

Mar 15 11:09:28.737819 CS18_TS12_Lotte  Continuity counter errors for Output_1-OT0.pid6384(Video_01_enc_1): 1 (new cc errors: 0)  

Mar 15 11:20:54.244896 CS18_TS12_Lotte  Continuity counter errors for source 0 (primary): 0 (new cc errors: 0)
Mar 15 11:20:54.245384 CS18_TS12_Lotte  Continuity counter errors for source 0 (primary): 0 (new cc errors: 0)
Mar 15 11:24:27.201265 CS18_TS12_Lotte  Continuity counter errors for Output_1-OT0.pid6385(Audio_1_encoded_1): 2 (new cc errors: 0)  

Mar 15 11:24:28.757242 CS18_TS12_Lotte  Continuity counter errors for Output_1-OT0.pid6384(Video_01_enc_1): 1 (new cc errors: 0)  

Mar 15 11:35:54.583357 CS18_TS12_Lotte  Continuity counter errors for source 0 (primary): 0 (new cc errors: 0)
Mar 15 11:35:54.584173 CS18_TS12_Lotte  Continuity counter errors for source 0 (primary): 0 (new cc errors: 0)
