Aug  8 00:52:24.966805 CS24_TS16_SBS FIL  (Master__input_1_scte35_oob) ----------- Starting SpliceInserter ------------
Aug  8 00:52:24.981004 CS24_TS16_SBS FIL  (AlternateDynamicLive2__input_1_scte35_oob) ----------- Starting SpliceInserter ------------
Aug  8 00:52:24.983762 CS24_TS16_SBS FIL  (input_1) ----------- Starting AutomationFilter ------------
Aug  8 00:52:25.012702 CS24_TS16_SBS FIL  (auto.Processings_0) ----------- Starting EsamStatusNotifier ------------
Aug  8 00:52:25.559909 CS24_TS16_SBS FIL  (input_1) [AUTOMATION_FILTER] Starting default service TC16_TS09 on AlternateDynamicLive1 (Master__input_1)
Aug  8 00:59:35.286109 CS24_TS16_SBS FIL  (Master__input_1_scte35_oob) ----------- Starting SpliceInserter ------------
Aug  8 00:59:35.299345 CS24_TS16_SBS FIL  (AlternateDynamicLive2__input_1_scte35_oob) ----------- Starting SpliceInserter ------------
Aug  8 00:59:35.301030 CS24_TS16_SBS FIL  (input_1) ----------- Starting AutomationFilter ------------
Aug  8 00:59:35.334536 CS24_TS16_SBS FIL  (auto.Processings_0) ----------- Starting EsamStatusNotifier ------------
Aug  8 00:59:36.458318 CS24_TS16_SBS FIL  (input_1) [AUTOMATION_FILTER] Starting default service TC16_TS09 on AlternateDynamicLive1 (Master__input_1)
Aug  8 23:10:44.133846 CS24_TS16_SBS FIL  (Master__input_1_scte35_oob) ----------- Starting SpliceInserter ------------
Aug  8 23:10:44.149081 CS24_TS16_SBS FIL  (AlternateDynamicLive2__input_1_scte35_oob) ----------- Starting SpliceInserter ------------
Aug  8 23:10:44.151313 CS24_TS16_SBS FIL  (input_1) ----------- Starting AutomationFilter ------------
Aug  8 23:10:44.181611 CS24_TS16_SBS FIL  (auto.Processings_0) ----------- Starting EsamStatusNotifier ------------
Aug  8 23:10:44.638446 CS24_TS16_SBS FIL  (input_1) [AUTOMATION_FILTER] Starting default service TC16_TS09 on AlternateDynamicLive1 (Master__input_1)
Sep 14 02:31:05.160748 CS24_TS16_SBS FIL  (Master__input_1_scte35_oob) ----------- Starting SpliceInserter ------------
Sep 14 02:31:05.175095 CS24_TS16_SBS FIL  (AlternateDynamicLive2__input_1_scte35_oob) ----------- Starting SpliceInserter ------------
Sep 14 02:31:05.177553 CS24_TS16_SBS FIL  (input_1) ----------- Starting AutomationFilter ------------
Sep 14 02:31:05.206997 CS24_TS16_SBS FIL  (auto.Processings_0) ----------- Starting EsamStatusNotifier ------------
Sep 14 02:31:05.638139 CS24_TS16_SBS FIL  (input_1) [AUTOMATION_FILTER] Starting default service TC16_TS09 on AlternateDynamicLive1 (Master__input_1)
Sep 14 02:39:45.062668 CS24_TS16_SBS FIL  (Master__input_1_scte35_oob) ----------- Starting SpliceInserter ------------
Sep 14 02:39:45.077166 CS24_TS16_SBS FIL  (AlternateDynamicLive2__input_1_scte35_oob) ----------- Starting SpliceInserter ------------
Sep 14 02:39:45.079432 CS24_TS16_SBS FIL  (input_1) ----------- Starting AutomationFilter ------------
Sep 14 02:39:45.111604 CS24_TS16_SBS FIL  (auto.Processings_0) ----------- Starting EsamStatusNotifier ------------
Sep 14 02:39:45.563667 CS24_TS16_SBS FIL  (input_1) [AUTOMATION_FILTER] Starting default service TC16_TS09 on AlternateDynamicLive1 (Master__input_1)
Sep 25 16:35:36.220165 CS24_TS16_SBS FIL  (Master__input_1_scte35_oob) ----------- Starting SpliceInserter ------------
Sep 25 16:35:36.238940 CS24_TS16_SBS FIL  (AlternateDynamicLive2__input_1_scte35_oob) ----------- Starting SpliceInserter ------------
Sep 25 16:35:36.241255 CS24_TS16_SBS FIL  (input_1) ----------- Starting AutomationFilter ------------
Sep 25 16:35:36.269712 CS24_TS16_SBS FIL  (auto.Processings_0) ----------- Starting EsamStatusNotifier ------------
Sep 25 16:35:36.715163 CS24_TS16_SBS FIL  (input_1) [AUTOMATION_FILTER] Starting default service TC16_TS09 on AlternateDynamicLive1 (Master__input_1)
Oct 25 03:27:36.125025 CS24_TS16_SBS FIL  (Master__input_1_scte35_oob) ----------- Starting SpliceInserter ------------
Oct 25 03:27:36.138646 CS24_TS16_SBS FIL  (AlternateDynamicLive2__input_1_scte35_oob) ----------- Starting SpliceInserter ------------
Oct 25 03:27:36.140404 CS24_TS16_SBS FIL  (input_1) ----------- Starting AutomationFilter ------------
Oct 25 03:27:36.167512 CS24_TS16_SBS FIL  (auto.Processings_0) ----------- Starting EsamStatusNotifier ------------
Oct 25 03:27:37.033624 CS24_TS16_SBS FIL  (input_1) [AUTOMATION_FILTER] Starting default service TC16_TS09 on AlternateDynamicLive1 (Master__input_1)
Nov 16 16:47:35.975379 CS24_TS16_SBS FIL  (Master__input_1_scte35_oob) ----------- Starting SpliceInserter ------------
Nov 16 16:47:35.988601 CS24_TS16_SBS FIL  (AlternateDynamicLive2__input_1_scte35_oob) ----------- Starting SpliceInserter ------------
Nov 16 16:47:35.990608 CS24_TS16_SBS FIL  (input_1) ----------- Starting AutomationFilter ------------
Nov 16 16:47:36.022434 CS24_TS16_SBS FIL  (auto.Processings_0) ----------- Starting EsamStatusNotifier ------------
Nov 16 16:47:36.477388 CS24_TS16_SBS FIL  (input_1) [AUTOMATION_FILTER] Starting default service TC16_TS09 on AlternateDynamicLive1 (Master__input_1)
Nov 23 10:21:38.313349 CS24_TS16_SBS FIL  (Master__input_1_scte35_oob) ----------- Starting SpliceInserter ------------
Nov 23 10:21:38.327617 CS24_TS16_SBS FIL  (AlternateDynamicLive2__input_1_scte35_oob) ----------- Starting SpliceInserter ------------
Nov 23 10:21:38.329713 CS24_TS16_SBS FIL  (input_1) ----------- Starting AutomationFilter ------------
Nov 23 10:21:38.369666 CS24_TS16_SBS FIL  (auto.Processings_0) ----------- Starting EsamStatusNotifier ------------
Nov 23 10:21:38.808830 CS24_TS16_SBS FIL  (input_1) [AUTOMATION_FILTER] Starting default service TC16_TS09 on AlternateDynamicLive1 (Master__input_1)
Nov 28 14:34:13.955118 CS24_TS16_SBS FIL  (Master__input_1_scte35_oob) ----------- Starting SpliceInserter ------------
Nov 28 14:34:13.969383 CS24_TS16_SBS FIL  (AlternateDynamicLive2__input_1_scte35_oob) ----------- Starting SpliceInserter ------------
Nov 28 14:34:13.971883 CS24_TS16_SBS FIL  (input_1) ----------- Starting AutomationFilter ------------
Nov 28 14:34:14.004051 CS24_TS16_SBS FIL  (auto.Processings_0) ----------- Starting EsamStatusNotifier ------------
Nov 28 14:34:14.461624 CS24_TS16_SBS FIL  (input_1) [AUTOMATION_FILTER] Starting default service TC16_TS09 on AlternateDynamicLive1 (Master__input_1)
Dec 18 14:02:49.622972 CS24_TS16_SBS FIL  (Master__input_1_scte35_oob) ----------- Starting SpliceInserter ------------
Dec 18 14:02:49.636452 CS24_TS16_SBS FIL  (AlternateDynamicLive2__input_1_scte35_oob) ----------- Starting SpliceInserter ------------
Dec 18 14:02:49.638741 CS24_TS16_SBS FIL  (input_1) ----------- Starting AutomationFilter ------------
Dec 18 14:02:49.673732 CS24_TS16_SBS FIL  (auto.Processings_0) ----------- Starting EsamStatusNotifier ------------
Dec 18 14:02:50.849703 CS24_TS16_SBS FIL  (input_1) [AUTOMATION_FILTER] Starting default service TC16_TS09 on AlternateDynamicLive1 (Master__input_1)
Jan 24 13:31:46.944299 CS24_TS16_SBS FIL  (Master__input_1_scte35_oob) ----------- Starting SpliceInserter ------------
Jan 24 13:31:46.960220 CS24_TS16_SBS FIL  (AlternateDynamicLive2__input_1_scte35_oob) ----------- Starting SpliceInserter ------------
Jan 24 13:31:46.962303 CS24_TS16_SBS FIL  (input_1) ----------- Starting AutomationFilter ------------
Jan 24 13:31:46.990429 CS24_TS16_SBS FIL  (auto.Processings_0) ----------- Starting EsamStatusNotifier ------------
Jan 24 13:31:47.462095 CS24_TS16_SBS FIL  (input_1) [AUTOMATION_FILTER] Starting default service TC16_TS09 on AlternateDynamicLive1 (Master__input_1)
Feb 27 10:06:26.472284 CS24_TS16_SBS FIL  (Master__input_1_scte35_oob) ----------- Starting SpliceInserter ------------
Feb 27 10:06:26.485563 CS24_TS16_SBS FIL  (AlternateDynamicLive2__input_1_scte35_oob) ----------- Starting SpliceInserter ------------
Feb 27 10:06:26.487794 CS24_TS16_SBS FIL  (input_1) ----------- Starting AutomationFilter ------------
Feb 27 10:06:26.514719 CS24_TS16_SBS FIL  (auto.Processings_0) ----------- Starting EsamStatusNotifier ------------
Feb 27 10:06:27.318263 CS24_TS16_SBS FIL  (input_1) [AUTOMATION_FILTER] Starting default service TC16_TS09 on AlternateDynamicLive1 (Master__input_1)
Feb 27 10:09:00.872775 CS24_TS16_SBS FIL  (Master__input_1_scte35_oob) ----------- Starting SpliceInserter ------------
Feb 27 10:09:00.887716 CS24_TS16_SBS FIL  (AlternateDynamicLive2__input_1_scte35_oob) ----------- Starting SpliceInserter ------------
Feb 27 10:09:00.890502 CS24_TS16_SBS FIL  (input_1) ----------- Starting AutomationFilter ------------
Feb 27 10:09:00.924945 CS24_TS16_SBS FIL  (auto.Processings_0) ----------- Starting EsamStatusNotifier ------------
Feb 27 10:09:01.413939 CS24_TS16_SBS FIL  (input_1) [AUTOMATION_FILTER] Starting default service TC16_TS09 on AlternateDynamicLive1 (Master__input_1)
