__input_1_scte35_oob) ----------- Starting SpliceInserter ------------
Mar 13 10:41:24.502851 BS18_TS03_TEST  (input_1) ----------- Starting AutomationFilter ------------
Mar 13 10:41:24.550294 BS18_TS03_TEST  (auto.Processings_0) ----------- Starting EsamStatusNotifier ------------
Mar 13 10:41:24.868137 BS18_TS03_TEST  (input_1) [AUTOMATION_FILTER] Starting default service TC16_TS03 on AlternateDynamicLive1 (Master__input_1)
Mar 13 10:42:36.234966 BS18_TS03_TEST  (Master__input_1_scte35_oob) ----------- Starting SpliceInserter ------------
Mar 13 10:42:36.254482 BS18_TS03_TEST  (AlternateDynamicLive2__input_1_scte35_oob) ----------- Starting SpliceInserter ------------
Mar 13 10:42:36.256767 BS18_TS03_TEST  (input_1) ----------- Starting AutomationFilter ------------
Mar 13 10:42:36.291578 BS18_TS03_TEST  (auto.Processings_0) ----------- Starting EsamStatusNotifier ------------
Mar 13 10:42:36.601840 BS18_TS03_TEST  (input_1) [AUTOMATION_FILTER] Starting default service TC16_TS03 on AlternateDynamicLive1 (Master__input_1)
Aug  8 00:52:25.155426 BS18_TS03_TEST  (Master__input_1_scte35_oob) ----------- Starting SpliceInserter ------------
Aug  8 00:52:25.170069 BS18_TS03_TEST  (AlternateDynamicLive2__input_1_scte35_oob) ----------- Starting SpliceInserter ------------
Aug  8 00:52:25.172484 BS18_TS03_TEST  (input_1) ----------- Starting AutomationFilter ------------
Aug  8 00:52:25.201765 BS18_TS03_TEST  (auto.Processings_0) ----------- Starting EsamStatusNotifier ------------
Aug  8 00:52:25.608833 BS18_TS03_TEST  (input_1) [AUTOMATION_FILTER] Starting default service TC16_TS03 on AlternateDynamicLive1 (Master__input_1)
Aug  8 00:59:35.682401 BS18_TS03_TEST  (Master__input_1_scte35_oob) ----------- Starting SpliceInserter ------------
Aug  8 00:59:35.695451 BS18_TS03_TEST  (AlternateDynamicLive2__input_1_scte35_oob) ----------- Starting SpliceInserter ------------
Aug  8 00:59:35.697193 BS18_TS03_TEST  (input_1) ----------- Starting AutomationFilter ------------
Aug  8 00:59:35.722006 BS18_TS03_TEST  (auto.Processings_0) ----------- Starting EsamStatusNotifier ------------
Aug  8 00:59:36.522487 BS18_TS03_TEST  (input_1) [AUTOMATION_FILTER] Starting default service TC16_TS03 on AlternateDynamicLive1 (Master__input_1)
Aug  8 23:10:20.614095 BS18_TS03_TEST  (Master__input_1_scte35_oob) ----------- Starting SpliceInserter ------------
Aug  8 23:10:20.627278 BS18_TS03_TEST  (AlternateDynamicLive2__input_1_scte35_oob) ----------- Starting SpliceInserter ------------
Aug  8 23:10:20.629177 BS18_TS03_TEST  (input_1) ----------- Starting AutomationFilter ------------
Aug  8 23:10:20.654558 BS18_TS03_TEST  (auto.Processings_0) ----------- Starting EsamStatusNotifier ------------
Aug  8 23:10:20.893301 BS18_TS03_TEST  (input_1) [AUTOMATION_FILTER] Starting default service TC16_TS03 on AlternateDynamicLive1 (Master__input_1)
Sep 14 02:31:01.296217 BS18_TS03_TEST  (Master__input_1_scte35_oob) ----------- Starting SpliceInserter ------------
Sep 14 02:31:01.310941 BS18_TS03_TEST  (AlternateDynamicLive2__input_1_scte35_oob) ----------- Starting SpliceInserter ------------
Sep 14 02:31:01.313456 BS18_TS03_TEST  (input_1) ----------- Starting AutomationFilter ------------
Sep 14 02:31:01.347930 BS18_TS03_TEST  (auto.Processings_0) ----------- Starting EsamStatusNotifier ------------
Sep 14 02:31:01.618671 BS18_TS03_TEST  (input_1) [AUTOMATION_FILTER] Starting default service TC16_TS03 on AlternateDynamicLive1 (Master__input_1)
Sep 14 02:39:13.758052 BS18_TS03_TEST  (Master__input_1_scte35_oob) ----------- Starting SpliceInserter ------------
Sep 14 02:39:13.770899 BS18_TS03_TEST  (AlternateDynamicLive2__input_1_scte35_oob) ----------- Starting SpliceInserter ------------
Sep 14 02:39:13.772739 BS18_TS03_TEST  (input_1) ----------- Starting AutomationFilter ------------
Sep 14 02:39:13.798614 BS18_TS03_TEST  (auto.Processings_0) ----------- Starting EsamStatusNotifier ------------
Sep 14 02:39:14.036689 BS18_TS03_TEST  (input_1) [AUTOMATION_FILTER] Starting default service TC16_TS03 on AlternateDynamicLive1 (Master__input_1)
Sep 25 16:35:12.215077 BS18_TS03_TEST  (Master__input_1_scte35_oob) ----------- Starting SpliceInserter ------------
Sep 25 16:35:12.228140 BS18_TS03_TEST  (AlternateDynamicLive2__input_1_scte35_oob) ----------- Starting SpliceInserter ------------
Sep 25 16:35:12.229935 BS18_TS03_TEST  (input_1) ----------- Starting AutomationFilter ------------
Sep 25 16:35:12.255831 BS18_TS03_TEST  (auto.Processings_0) ----------- Starting EsamStatusNotifier ------------
Sep 25 16:35:12.492903 BS18_TS03_TEST  (input_1) [AUTOMATION_FILTER] Starting default service TC16_TS03 on AlternateDynamicLive1 (Master__input_1)
Oct 25 03:27:36.125648 BS18_TS03_TEST  (Master__input_1_scte35_oob) ----------- Starting SpliceInserter ------------
Oct 25 03:27:36.139302 BS18_TS03_TEST  (AlternateDynamicLive2__input_1_scte35_oob) ----------- Starting SpliceInserter ------------
Oct 25 03:27:36.140956 BS18_TS03_TEST  (input_1) ----------- Starting AutomationFilter ------------
Oct 25 03:27:36.167315 BS18_TS03_TEST  (auto.Processings_0) ----------- Starting EsamStatusNotifier ------------
Oct 25 03:27:36.966595 BS18_TS03_TEST  (input_1) [AUTOMATION_FILTER] Starting default service TC16_TS03 on AlternateDynamicLive1 (Master__input_1)
Nov 16 16:47:06.225248 BS18_TS03_TEST  (Master__input_1_scte35_oob) ----------- Starting SpliceInserter ------------
Nov 16 16:47:06.238393 BS18_TS03_TEST  (AlternateDynamicLive2__input_1_scte35_oob) ----------- Starting SpliceInserter ------------
Nov 16 16:47:06.240568 BS18_TS03_TEST  (input_1) ----------- Starting AutomationFilter ------------
Nov 16 16:47:06.267269 BS18_TS03_TEST  (auto.Processings_0) ----------- Starting EsamStatusNotifier ------------
Nov 16 16:47:06.495100 BS18_TS03_TEST  (input_1) [AUTOMATION_FILTER] Starting default service TC16_TS03 on AlternateDynamicLive1 (Master__input_1)
Nov 23 10:21:18.722494 BS18_TS03_TEST  (Master__input_1_scte35_oob) ----------- Starting SpliceInserter ------------
Nov 23 10:21:18.735685 BS18_TS03_TEST  (AlternateDynamicLive2__input_1_scte35_oob) ----------- Starting SpliceInserter ------------
Nov 23 10:21:18.737373 BS18_TS03_TEST  (input_1) ----------- Starting AutomationFilter ------------
Nov 23 10:21:18.761892 BS18_TS03_TEST  (auto.Processings_0) ----------- Starting EsamStatusNotifier ------------
Nov 23 10:21:18.995229 BS18_TS03_TEST  (input_1) [AUTOMATION_FILTER] Starting default service TC16_TS03 on AlternateDynamicLive1 (Master__input_1)
Nov 28 14:33:55.098881 BS18_TS03_TEST  (Master__input_1_scte35_oob) ----------- Starting SpliceInserter ------------
Nov 28 14:33:55.111973 BS18_TS03_TEST  (AlternateDynamicLive2__input_1_scte35_oob) ----------- Starting SpliceInserter ------------
Nov 28 14:33:55.113710 BS18_TS03_TEST  (input_1) ----------- Starting AutomationFilter ------------
Nov 28 14:33:55.139486 BS18_TS03_TEST  (auto.Processings_0) ----------- Starting EsamStatusNotifier ------------
Nov 28 14:33:55.388112 BS18_TS03_TEST  (input_1) [AUTOMATION_FILTER] Starting default service TC16_TS03 on AlternateDynamicLive1 (Master__input_1)
Nov 28 14:44:50.486504 BS18_TS03_TEST  (Master__input_1_scte35_oob) ----------- Starting SpliceInserter ------------
Nov 28 14:44:50.504359 BS18_TS03_TEST  (AlternateDynamicLive2__input_1_scte35_oob) ----------- Starting SpliceInserter ------------
Nov 28 14:44:50.506457 BS18_TS03_TEST  (input_1) ----------- Starting AutomationFilter ------------
Nov 28 14:44:50.540999 BS18_TS03_TEST  (auto.Processings_0) ----------- Starting EsamStatusNotifier ------------
Nov 28 14:44:50.829203 BS18_TS03_TEST  (input_1) [AUTOMATION_FILTER] Starting default service TC16_TS03 on AlternateDynamicLive1 (Master__input_1)
Nov 28 14:47:25.811771 BS18_TS03_TEST  (Master__input_1_scte35_oob) ----------- Starting SpliceInserter ------------
Nov 28 14:47:25.830248 BS18_TS03_TEST  (AlternateDynamicLive2__input_1_scte35_oob) ----------- Starting SpliceInserter ------------
Nov 28 14:47:25.833017 BS18_TS03_TEST  (input_1) ----------- Starting AutomationFilter ------------
Nov 28 14:47:25.865387 BS18_TS03_TEST  (auto.Processings_0) ----------- Starting EsamStatusNotifier ------------
Nov 28 14:47:26.170192 BS18_TS03_TEST  (input_1) [AUTOMATION_FILTER] Starting default service TC16_TS03 on AlternateDynamicLive1 (Master__input_1)
Dec 18 14:02:50.289264 BS18_TS03_TEST  (Master__input_1_scte35_oob) ----------- Starting SpliceInserter ------------
Dec 18 14:02:50.302241 BS18_TS03_TEST  (AlternateDynamicLive2__input_1_scte35_oob) ----------- Starting SpliceInserter ------------
Dec 18 14:02:50.304078 BS18_TS03_TEST  (input_1) ----------- Starting AutomationFilter ------------
Dec 18 14:02:50.330269 BS18_TS03_TEST  (auto.Processings_0) ----------- Starting EsamStatusNotifier ------------
Dec 18 14:02:51.131119 BS18_TS03_TEST  (input_1) [AUTOMATION_FILTER] Starting default service TC16_TS03 on AlternateDynamicLive1 (Master__input_1)
Dec 28 11:11:35.903083 BS18_TS03_TEST  (Master__input_1_scte35_oob) ----------- Starting SpliceInserter ------------
Dec 28 11:11:35.922201 BS18_TS03_TEST  (AlternateDynamicLive2__input_1_scte35_oob) ----------- Starting SpliceInserter ------------
Dec 28 11:11:35.924885 BS18_TS03_TEST  (input_1) ----------- Starting AutomationFilter ------------
Dec 28 11:11:35.971518 BS18_TS03_TEST  (auto.Processings_0) ----------- Starting EsamStatusNotifier ------------
Dec 28 11:11:36.265075 BS18_TS03_TEST  (input_1) [AUTOMATION_FILTER] Starting default service TC16_TS03 on AlternateDynamicLive1 (Master__input_1)
Dec 28 14:28:18.628885 BS18_TS03_TEST  (Master__input_1_scte35_oob) ----------- Starting SpliceInserter ------------
Dec 28 14:28:18.649749 BS18_TS03_TEST  (AlternateDynamicLive2__input_1_scte35_oob) ----------- Starting SpliceInserter ------------
Dec 28 14:28:18.652728 BS18_TS03_TEST  (input_1) ----------- Starting AutomationFilter ------------
Dec 28 14:28:18.694939 BS18_TS03_TEST  (auto.Processings_0) ----------- Starting EsamStatusNotifier ------------
Dec 28 14:28:18.991908 BS18_TS03_TEST  (input_1) [AUTOMATION_FILTER] Starting default service TC16_TS03 on AlternateDynamicLive1 (Master__input_1)
Dec 29 10:46:17.507057 BS18_TS03_TEST  (Master__input_1_scte35_oob) ----------- Starting SpliceInserter ------------
Dec 29 10:46:17.523765 BS18_TS03_TEST  (AlternateDynamicLive2__input_1_scte35_oob) ----------- Starting SpliceInserter ------------
Dec 29 10:46:17.525972 BS18_TS03_TEST  (input_1) ----------- Starting AutomationFilter ------------
Dec 29 10:46:17.565602 BS18_TS03_TEST  (auto.Processings_0) ----------- Starting EsamStatusNotifier ------------
Dec 29 10:46:17.879167 BS18_TS03_TEST  (input_1) [AUTOMATION_FILTER] Starting default service TC16_TS03 on AlternateDynamicLive1 (Master__input_1)
Jan 24 13:29:52.968891 BS18_TS03_TEST  (Master__input_1_scte35_oob) ----------- Starting SpliceInserter ------------
Jan 24 13:29:52.986523 BS18_TS03_TEST  (AlternateDynamicLive2__input_1_scte35_oob) ----------- Starting SpliceInserter ------------
Jan 24 13:29:52.988904 BS18_TS03_TEST  (input_1) ----------- Starting AutomationFilter ------------
Jan 24 13:29:53.021352 BS18_TS03_TEST  (auto.Processings_0) ----------- Starting EsamStatusNotifier ------------
Jan 24 13:29:53.302455 BS18_TS03_TEST  (input_1) [AUTOMATION_FILTER] Starting default service TC16_TS03 on AlternateDynamicLive1 (Master__input_1)
Jan 24 13:31:28.701256 BS18_TS03_TEST  (Master__input_1_scte35_oob) ----------- Starting SpliceInserter ------------
Jan 24 13:31:28.716242 BS18_TS03_TEST  (AlternateDynamicLive2__input_1_scte35_oob) ----------- Starting SpliceInserter ------------
Jan 24 13:31:28.718289 BS18_TS03_TEST  (input_1) ----------- Starting AutomationFilter ------------
Jan 24 13:31:28.748135 BS18_TS03_TEST  (auto.Processings_0) ----------- Starting EsamStatusNotifier ------------
Jan 24 13:31:28.996560 BS18_TS03_TEST  (input_1) [AUTOMATION_FILTER] Starting default service TC16_TS03 on AlternateDynamicLive1 (Master__input_1)
Feb 27 10:06:26.473805 BS18_TS03_TEST  (Master__input_1_scte35_oob) ----------- Starting SpliceInserter ------------
Feb 27 10:06:26.489216 BS18_TS03_TEST  (AlternateDynamicLive2__input_1_scte35_oob) ----------- Starting SpliceInserter ------------
Feb 27 10:06:26.491053 BS18_TS03_TEST  (input_1) ----------- Starting AutomationFilter ------------
Feb 27 10:06:26.519943 BS18_TS03_TEST  (auto.Processings_0) ----------- Starting EsamStatusNotifier ------------
Feb 27 10:06:26.821035 BS18_TS03_TEST  (input_1) [AUTOMATION_FILTER] Starting default service TC16_TS03 on AlternateDynamicLive1 (Master__input_1)
Feb 27 10:08:26.197047 BS18_TS03_TEST  (Master__input_1_scte35_oob) ----------- Starting SpliceInserter ------------
Feb 27 10:08:26.211716 BS18_TS03_TEST  (AlternateDynamicLive2__input_1_scte35_oob) ----------- Starting SpliceInserter ------------
Feb 27 10:08:26.213664 BS18_TS03_TEST  (input_1) ----------- Starting AutomationFilter ------------
Feb 27 10:08:26.241773 BS18_TS03_TEST  (auto.Processings_0) ----------- Starting EsamStatusNotifier ------------
Feb 27 10:08:26.476256 BS18_TS03_TEST  (input_1) [AUTOMATION_FILTER] Starting default service TC16_TS03 on AlternateDynamicLive1 (Master__input_1)
Mar 13 10:41:24.478568 BS18_TS03_TEST  (Master__input_1_scte35_oob) ----------- Starting SpliceInserter ------------
Mar 13 10:41:24.499207 BS18_TS03_TEST  (AlternateDynamicLive2