01_enc_1 Timestamp jitter -13. ts=88402609969 tsPrev=88402607980
Mar 15 11:25:30.958904 BS18_TS06_shinhome  ENC_XecEncoder.cpp(2028) warning a4d0285e3df84c3584d4f04a8da44332.Processings_0.Video_01_enc_1 Timestamp jitter -13. ts=88404255600 tsPrev=88404253611
Mar 15 11:25:54.481861 BS18_TS06_shinhome  ENC_XecEncoder.cpp(2028) warning a4d0285e3df84c3584d4f04a8da44332.Processings_0.Video_01_enc_1 Timestamp jitter -14. ts=88405666996 tsPrev=88405665008
Mar 15 11:26:09.326892 BS18_TS06_shinhome  ENC_XecEncoder.cpp(2028) warning a4d0285e3df84c3584d4f04a8da44332.Processings_0.Video_01_enc_1 Timestamp jitter -13. ts=88406557873 tsPrev=88406555884
Mar 15 11:26:33.154007 BS18_TS06_shinhome  ENC_XecEncoder.cpp(2028) warning a4d0285e3df84c3584d4f04a8da44332.Processings_0.Video_01_enc_1 Timestamp jitter -13. ts=88407987288 tsPrev=88407985299
Mar 15 11:27:10.292898 BS18_TS06_shinhome  ENC_XecEncoder.cpp(2028) warning a4d0285e3df84c3584d4f04a8da44332.Processings_0.Video_01_enc_1 Timestamp jitter -14. ts=88410215500 tsPrev=88410213512
Mar 15 11:27:11.320815 BS18_TS06_shinhome  ENC_XecEncoder.cpp(2028) warning a4d0285e3df84c3584d4f04a8da44332.Processings_0.Video_01_enc_1 Timestamp jitter -13. ts=88410277549 tsPrev=88410275560
Mar 15 11:27:48.523688 BS18_TS06_shinhome  ENC_XecEncoder.cpp(2028) warning a4d0285e3df84c3584d4f04a8da44332.Processings_0.Video_01_enc_1 Timestamp jitter -13. ts=88412509766 tsPrev=88412507777
Mar 15 11:28:03.608959 BS18_TS06_shinhome  ENC_XecEncoder.cpp(2028) warning a4d0285e3df84c3584d4f04a8da44332.Processings_0.Video_01_enc_1 Timestamp jitter -14. ts=88413414656 tsPrev=88413412668
Mar 15 11:28:27.132320 BS18_TS06_shinhome  ENC_XecEncoder.cpp(2028) warning a4d0285e3df84c3584d4f04a8da44332.Processings_0.Video_01_enc_1 Timestamp jitter -13. ts=88414826053 tsPrev=88414824064
Mar 15 11:29:04.302698 BS18_TS06_shinhome  ENC_XecEncoder.cpp(2028) warning a4d0285e3df84c3584d4f04a8da44332.Processings_0.Video_01_enc_1 Timestamp jitter -13. ts=88417056268 tsPrev=88417054279
Mar 15 11:29:19.050827 BS18_TS06_shinhome  ENC_XecEncoder.cpp(2028) warning a4d0285e3df84c3584d4f04a8da44332.Processings_0.Video_01_enc_1 Timestamp jitter -14. ts=88417941138 tsPrev=88417939150
Mar 15 11:29:22.413095 BS18_TS06_shinhome  TS_PcrClock.cpp(347) info  ready=1 sys=1473803.4 s pcr=91291.6 s med=1473635.6 s err=-3.8 ms [-35.0..+34.6] aveErr=-0.2 ms [-30.1..+30.0] estErr=-0.0 ms [-36.8..+29.9] rate=-9.5 ppm [-25.0..+0.0] estRate=-9.7 ppm [-98.9..+1.3] estRateErr=-0.2 ppm [-98.0..+19.0] rateChange=-0.4 ppm/hr corr=113.3 table=100% disc=4
Mar 15 11:29:42.878664 BS18_TS06_shinhome  ENC_XecEncoder.cpp(2028) warning a4d0285e3df84c3584d4f04a8da44332.Processings_0.Video_01_enc_1 Timestamp jitter -13. ts=88419370553 tsPrev=88419368564
Mar 15 11:30:04.392491 BS18_TS06_shinhome  UT_LogLimiter.cpp(183) info a4d0285e3df84c3584d4f04a8da44332.Processings_0.Video_01_enc_1 1 times during 60 seconds: Timestamp jitter
Mar 15 11:30:21.253729 BS18_TS06_shinhome  ENC_XecEncoder.cpp(2028) warning a4d0285e3df84c3584d4f04a8da44332.Processings_0.Video_01_enc_1 Timestamp jitter -14. ts=88421672826 tsPrev=88421670838
Mar 15 11:30:58.649720 BS18_TS06_shinhome  ENC_XecEncoder.cpp(2028) warning a4d0285e3df84c3584d4f04a8da44332.Processings_0.Video_01_enc_1 Timestamp jitter -13. ts=88423917055 tsPrev=88423915066
Mar 15 11:31:13.229113 BS18_TS06_shinhome  ENC_XecEncoder.cpp(2028) warning a4d0285e3df84c3584d4f04a8da44332.Processings_0.Video_01_enc_1 Timestamp jitter -13. ts=88424791916 tsPrev=88424789927
Mar 15 11:31:36.920559 BS18_TS06_shinhome  ENC_XecEncoder.cpp(2028) warning a4d0285e3df84c3584d4f04a8da44332.Processings_0.Video_01_enc_1 Timestamp jitter -14. ts=88426213322 tsPrev=88426211334
Mar 15 11:32:05.019806 BS18_TS06_shinhome  ENC_XecEncoder.cpp(2028) warning a4d0285e3df84c3584d4f04a8da44332.Processings_0.Video_01_enc_1 Timestamp jitter -13. ts=88427898993 tsPrev=88427897004
Mar 15 11:32:29.040360 BS18_TS06_shinhome  ENC_XecEncoder.cpp(2028) warning a4d0285e3df84c3584d4f04a8da44332.Processings_0.Video_01_enc_1 Timestamp jitter -13. ts=88429340420 tsPrev=88429338431
Mar 15 11:32:43.587294 BS18_TS06_shinhome  ENC_XecEncoder.cpp(2028) warning a4d0285e3df84c3584d4f04a8da44332.Processings_0.Video_01_enc_1 Timestamp jitter -14. ts=88430213278 tsPrev=88430211290
Mar 15 11:33:07.313575 BS18_TS06_shinhome  ENC_XecEncoder.cpp(2028) warning a4d0285e3df84c3584d4f04a8da44332.Processings_0.Video_01_enc_1 Timestamp jitter -13. ts=88431636687 tsPrev=88431634698
Mar 15 11:33:42.980385 BS18_TS06_shinhome  CWA_SignalAnalyzer.cpp(461) info main.inputs.input_0.Video_01.stillImage.stillImageAnalyzer [SMX] Still image detected after a of duration 15015 > 15000
Mar 15 11:33:44.482137 BS18_TS06_shinhome  ENC_XecEncoder.cpp(2028) warning a4d0285e3df84c3584d4f04a8da44332.Processings_0.Video_01_enc_1 Timestamp jitter -13. ts=88433866902 tsPrev=88433864913
Mar 15 11:33:53.995368 BS18_TS06_shinhome  CWA_SignalAnalyzer.cpp(470) info main.inputs.input_0.Video_01.stillImage.stillImageAnalyzer [SMX] Active image detected
Mar 15 11:33:59.230062 BS18_TS06_shinhome  ENC_XecEncoder.cpp(2028) warning a4d0285e3df84c3584d4f04a8da44332.Processings_0.Video_01_enc_1 Timestamp jitter -14. ts=88434751772 tsPrev=88434749784
Mar 15 11:34:22.711388 BS18_TS06_shinhome  TS_PcrClock.cpp(347) info  ready=1 sys=1474103.7 s pcr=91591.9 s med=1473935.9 s err=+1.2 ms [-35.0..+34.6] aveErr=-0.2 ms [-30.1..+30.0] estErr=-0.0 ms [-36.8..+29.9] rate=-9.5 ppm [-25.0..+0.0] estRate=-9.7 ppm [-98.9..+1.3] estRateErr=-0.2 ppm [-98.0..+19.0] rateChange=-0.4 ppm/hr corr=113.4 table=100% disc=4
Mar 15 11:34:22.720812 BS18_TS06_shinhome  ENC_XecEncoder.cpp(2028) warning a4d0285e3df84c3584d4f04a8da44332.Processings_0.Video_01_enc_1 Timestamp jitter -13. ts=88436161167 tsPrev=88436159178
Mar 15 11:34:47.280193 BS18_TS06_shinhome  ENC_XecEncoder.cpp(2028) warning a4d0285e3df84c3584d4f04a8da44332.Processings_0.Video_01_enc_1 Timestamp jitter -13. ts=88437634626 tsPrev=88437632637
Mar 15 11:35:01.393161 BS18_TS06_shinhome  ENC_XecEncoder.cpp(2028) warning a4d0285e3df84c3584d4f04a8da44332.Processings_0.Video_01_enc_1 Timestamp jitter -14. ts=88438481458 tsPrev=88438479470
Mar 15 11:35:25.550276 BS18_TS06_shinhome  ENC_XecEncoder.cpp(2028) warning a4d0285e3df84c3584d4f04a8da44332.Processings_0.Video_01_enc_1 Timestamp jitter -13. ts=88439930893 tsPrev=88439928904
Mar 15 11:35:53.376726 BS18_TS06_shinhome  ENC_XecEncoder.cpp(2028) warning a4d0285e3df84c3584d4f04a8da44332.Processings_0.Video_01_enc_1 Timestamp jitter -13. ts=88441600548 tsPrev=88441598559
Mar 15 11:36:16.834886 BS18_TS06_shinhome  ENC_XecEncoder.cpp(2028) warning a4d0285e3df84c3584d4f04a8da44332.Processings_0.Video_01_enc_1 Timestamp jitter -14. ts=88443007940 tsPrev=88443005952
Mar 15 11:36:53.973770 BS18_TS06_shinhome  ENC_XecEncoder.cpp(2028) warning a4d0285e3df84c3584d4f04a8da44332.Processings_0.Video_01_enc_1 Timestamp jitter -13. ts=88445236153 tsPrev=88445234164
Mar 15 11:36:55.675833 BS18_TS06_shinhome  ENC_XecEncoder.cpp(2028) warning a4d0285e3df84c3584d4f04a8da44332.Processings_0.Video_01_enc_1 Timestamp jitter -13. ts=88445338242 tsPrev=88445336253
Mar 15 11:37:32.646156 BS18_TS06_shinhome  ENC_XecEncoder.cpp(2028) warning a4d0285e3df84c3584d4f04a8da44332.Processings_0.Video_01_enc_1 Timestamp jitter -14. ts=88447556444 tsPrev=88447554456
Mar 15 11:37:53.976837 BS18_TS06_shinhome  UT_LogLimiter.cpp(183) info a4d0285e3df84c3584d4f04a8da44332.Processings_0.Video_01_enc_1 1 times during 60 seconds: Timestamp jitter
Mar 15 11:38:24.565064 BS18_TS06_shinhome  ENC_XecEncoder.cpp(2028) warning a4d0285e3df84c3584d4f04a8da44332.Processings_0.Video_01_enc_1 Timestamp jitter -13. ts=88450671530 tsPrev=88450669541
Mar 15 11:38:39.144367 BS18_TS06_shinhome  ENC_XecEncoder.cpp(2028) warning a4d0285e3df84c3584d4f04a8da44332.Processings_0.Video_01_enc_1 Timestamp jitter -14. ts=88451546390 tsPrev=88451544402
Mar 15 11:39:02.868088 BS18_TS06_shinhome  ENC_XecEncoder.cpp(2028) warning a4d0285e3df84c3584d4f04a8da44332.Processings_0.Video_01_enc_1 Timestamp jitter -13. ts=88452969799 tsPrev=88452967810
Mar 15 11:01:23.314005 BS18_TS06_shinhome  ENC_XecEncoder.cpp(2028) warning a4d0285e3df84c3584d4f04a8da44332.Processings_0.Video_01_enc_1 Timestamp jitter -14. ts=88317397654 tsPrev=88317395666
Mar 15 11:01:47.134124 BS18_TS06_shinhome  ENC_XecEncoder.cpp(2028) warning a4d0285e3df84c3584d4f04a8da44332.Processings_0.Video_01_enc_1 Timestamp jitter -13. ts=88318827069 tsPrev=88318825080
Mar 15 11:02:11.354991 BS18_TS06_shinhome  ENC_XecEncoder.cpp(2028) warning a4d0285e3df84c3584d4f04a8da44332.Processings_0.Video_01_enc_1 Timestamp jitter -13. ts=88320280508 tsPrev=88320278519
Mar 15 11:02:25.340646 BS18_TS06_shinhome  ENC_XecEncoder.cpp(2028) warning a4d0285e3df84c3584d4f04a8da44332.Processings_0.Video_01_enc_1 Timestamp jitter -14. ts=88321119332 tsPrev=88321117344
Mar 15 11:03:02.607998 BS18_TS06_shinhome  ENC_XecEncoder.cpp(2028) warning a4d0285e3df84c3584d4f04a8da44332.Processings_0.Video_01_enc_1 Timestamp jitter -13. ts=88323355553 tsPrev=88323353564
Mar 15 11:03:17.492072 BS18_TS06_shinhome  ENC_XecEncoder.cpp(2028) warning a4d0285e3df84c3584d4f04a8da44332.Processings_0.Video_01_enc_1 Timestamp jitter -13. ts=88324248432 tsPrev=88324246443
Mar 15 11:03:40.950947 BS18_TS06_shinhome  ENC_XecEncoder.cpp(2028) warning a4d0285e3df84c3584d4f04a8da44332.Processings_0.Video_01_enc_1 Timestamp jitter -14. ts=88325655824 tsPrev=88325653836
Mar 15 11:04:05.139906 BS18_TS06_shinhome  ENC_XecEncoder.cpp(2028) warning a4d0285e3df84c3584d4f04a8da44332.Processings_0.Video_01_enc_1 Timestamp jitter -13. ts=88327107261 tsPrev=88327105272
Mar 15 11:04:19.382532 BS18_TS06_shinhome  ENC_XecEncoder.cpp(2028) warning a4d0285e3df84c3584d4f04a8da44332.Processings_0.Video_01_enc_1 Timestamp jitter -13. ts=88327962102 tsPrev=88327960113
Mar 15 11:04:20.898015 BS18_TS06_shinhome  TS_PcrClock.cpp(347) info  ready=1 sys=1472301.9 s pcr=89790.1 s med=1472134.1 s err=-3.3 ms [-35.0..+34.6] aveErr=+0.2 ms [-30.1..+30.0] estErr=+0.1 ms [-36.8..+29.9] rate=-9.5 ppm [-25.0..+0.0] estRate=-9.4 ppm [-98.9..+1.3] estRateErr=+0.1 ppm [-98.0..+19.0] rateChange=+0.3 ppm/hr corr=114.1 table=100% disc=4
Mar 15 11:04:56.521622 BS18_TS06_shinhome  ENC_XecEncoder.cpp(2028) warning a4d0285e3df84c3584d4f04a8da44332.Processings_0.Video_01_enc_1 Timestamp jitter -14. ts=88330190314 tsPrev=88330188326
Mar 15 11:05:11.301050 BS18_TS06_shinhome  ENC_XecEncoder.cpp(2028) warning a4d0285e3df84c3584d4f04a8da44332.Processings_0.Video_01_enc_1 Timestamp jitter -13. ts=88331077187 tsPrev=88331075198
Mar 15 11:05:35.225475 BS18_TS06_shinhome  ENC_XecEncoder.cpp(2028) warning a4d0285e3df84c3584d4f04a8da44332.Processings_0.Video_01_enc_1 Timestamp jitter -13. ts=88332512608 tsPrev=88332510619
Mar 15 11:06:12.701746 BS18_TS06_shinhome  ENC_XecEncoder.cpp(2028) warning a4d0285e3df84c3584d4f04a8da44332.Processings_0.Video_01_enc_1 Timestamp jitter -14. ts=88334760840 tsPrev=88334758852
Mar 15 11:06:26.911773 BS18_TS06_shinhome  ENC_XecEncoder.cpp(2028) warning a4d0285e3df84c3584d4f04a8da44332.Processings_0.Video_01_enc_1 Timestamp jitter -13. ts=88335613679 tsPrev=88335611690
Mar 15 11:06:51.470693 BS18_TS06_shinhome  ENC_XecEncoder.cpp(2028) warning a4d0285e3df84c3584d4f04a8da44332.Processings_0.Video_01_enc_1 Timestamp jitter -13. ts=88337087138 tsPrev=88337085149
Mar 15 11:07:12.713579 BS18_TS06_shinhome  UT_LogLimiter.cpp(183) info a4d0285e3df84c3584d4f04a8da44332.Processings_0.Video_01_enc_1 1 times during 60 seconds: Timestamp jitter
Mar 15 11:07:42.353440 BS18_TS06_shinhome  ENC_XecEncoder.cpp(2028) warning a4d0285e3df84c3584d4f04a8da44332.Processings_0.Video_01_enc_1 Timestamp jitter -13. ts=88340140161 tsPrev=88340138172
Mar 15 11:07:57.301904 BS18_TS06_shinhome  ENC_XecEncoder.cpp(2028) warning a4d0285e3df84c3584d4f04a8da44332.Processings_0.Video_01_enc_1 Timestamp jitter -13. ts=88341037044 tsPrev=88341035055
Mar 15 11:08:21.025759 BS18_TS06_shinhome  ENC_XecEncoder.cpp(2028) warning a4d0285e3df84c3584d4f04a8da44332.Processings_0.Video_01_enc_1 Timestamp jitter -14. ts=88342460452 tsPrev=88342458464
Mar 15 11:08:45.384028 BS18_TS06_shinhome  ENC_XecEncoder.cpp(2028) warning a4d0285e3df84c3584d4f04a8da44332.Processings_0.Video_01_enc_1 Timestamp jitter -13. ts=88343921899 tsPrev=88343919910
Mar 15 11:08:48.114113 BS18_TS06_shinhome  CAP_MediaHandler.cpp(771) info a4d0285e3df84c3584d4f04a8da44332.padding currentTime 132516149940 deviceEndOfStreamCount 4, firstTimestamp 0 startTime 35550 stopTime 9223372036854775807
Mar 15 11:08:48.114135 BS18_TS06_shinhome  CAP_MediaHandler.cpp(776) info a4d0285e3df84c3584d4f04a8da44332.padding device (nil) device Type 1 deviceIndex 0, lastTimeStamp 0
Mar 15 11:08:48.114145 BS18_TS06_shinhome  CAP_MediaHandler.cpp(776) info a4d0285e3df84c3584d4f04a8da44332.padding device (nil) device Type 1 deviceIndex 1, lastTimeStamp 0
Mar 15 11:08:48.114154 BS18_TS06_shinhome  CAP_MediaHandler.cpp(776) info a4d0285e3df84c3584d4f04a8da44332.padding device (nil) device Type 2 deviceIndex 2, lastTimeStamp 0
Mar 15 11:08:48.114163 BS18_TS06_shinhome  CAP_MediaHandler.cpp(776) info a4d0285e3df84c3584d4f04a8da44332.padding device (nil) device Type 2 deviceIndex 3, lastTimeStamp 0
Mar 15 11:09:13.081118 BS18_TS06_shinhome  ENC_XecEncoder.cpp(2028) warning a4d0285e3df84c3584d4f04a8da44332.Processings_0.Video_01_enc_1 Timestamp jitter -13. ts=88345583546 tsPrev=88345581557
Mar 15 11:09:21.196352 BS18_TS06_shinhome  TS_PcrClock.cpp(347) info  ready=1 sys=1472602.2 s pcr=90090.4 s med=1472434.4 s err=+1.9 ms [-35.0..+34.6] aveErr=+0.3 ms [-30.1..+30.0] estErr=+0.1 ms [-36.8..+29.9] rate=-9.5 ppm [-25.0..+0.0] estRate=-9.5 ppm [-98.9..+1.3] estRateErr=+0.0 ppm [-98.0..+19.0] rateChange=+0.1 ppm/hr corr=113.8 table=100% disc=4
Mar 15 11:09:36.869345 BS18_TS06_shinhome  ENC_XecEncoder.cpp(2028) warning a4d0285e3df84c3584d4f04a8da44332.Processings_0.Video_01_enc_1 Timestamp jitter -14. ts=88347010958 tsPrev=88347008970
Mar 15 11:09:51.552716 BS18_TS06_shinhome  ENC_XecEncoder.cpp(2028) warning a4d0285e3df84c3584d4f04a8da44332.Processings_0.Video_01_enc_1 Timestamp jitter -13. ts=88347891825 tsPrev=88347889836
Mar 15 11:10:15.372530 BS18_TS06_shinhome  ENC_XecEncoder.cpp(2028) warning a4d0285e3df84c3584d4f04a8da44332.Processings_0.Video_01_enc_1 Timestamp jitter -13. ts=88349321240 tsPrev=88349319251
Mar 15 11:10:52.215174 BS18_TS06_shinhome  ENC_XecEncoder.cpp(2028) warning a4d0285e3df84c3584d4f04a8da44332.Processings_0.Video_01_enc_1 Timestamp jitter -14. ts=88351531434 tsPrev=88351529446
Mar 15 11:10:53.611450 BS18_TS06_shinhome  ENC_XecEncoder.cpp(2028) warning a4d0285e3df84c3584d4f04a8da44332.Processings_0.Video_01_enc_1 Timestamp jitter -13. ts=88351615505 tsPrev=88351613516
Mar 15 11:11:30.750197 BS18_TS06_shinhome  ENC_XecEncoder.cpp(2028) warning a4d0285e3df84c3584d4f04a8da44332.Processings_0.Video_01_enc_1 Timestamp jitter -13. ts=88353843718 tsPrev=88353841729
Mar 15 11:11:52.226684 BS18_TS06_shinhome  UT_LogLimiter.cpp(183) info a4d0285e3df84c3584d4f04a8da44332.Processings_0.Video_01_enc_1 1 times during 60 seconds: Timestamp jitter
Mar 15 11:12:09.318322 BS18_TS06_shinhome  ENC_XecEncoder.cpp(2028) warning a4d0285e3df84c3584d4f04a8da44332.Processings_0.Video_01_enc_1 Timestamp jitter -13. ts=88356158003 tsPrev=88356156014
Mar 15 11:12:33.443324 BS18_TS06_shinhome  ENC_XecEncoder.cpp(2028) warning a4d0285e3df84c3584d4f04a8da44332.Processings_0.Video_01_enc_1 Timestamp jitter -13. ts=88357605436 tsPrev=88357603447
Mar 15 11:12:57.366990 BS18_TS06_shinhome  CWA_SignalAnalyzer.cpp(461) info main.inputs.input_0.Video_01.stillImage.stillImageAnalyzer [SMX] Still image detected after a of duration 15015 > 15000
Mar 15 11:13:01.309375 BS18_TS06_shinhome  ENC_XecEncoder.cpp(2028) warning a4d0285e3df84c3584d4f04a8da44332.Processings_0.Video_01_enc_1 Timestamp jitter -14. ts=88359277092 tsPrev=88359275104
Mar 15 11:13:18.192825 BS18_TS06_shinhome  CWA_SignalAnalyzer.cpp(470) info main.inputs.input_0.Video_01.stillImage.stillImageAnalyzer [SMX] Active image detected
Mar 15 11:13:24.727750 BS18_TS06_shinhome  ENC_XecEncoder.cpp(2028) warning a4d0285e3df84c3584d4f04a8da44332.Processings_0.Video_01_enc_1 Timestamp jitter -13. ts=88360682483 tsPrev=88360680494
Mar 15 11:13:49.158386 BS18_TS06_shinhome  ENC_XecEncoder.cpp(2028) warning a4d0285e3df84c3584d4f04a8da44332.Processings_0.Video_01_enc_1 Timestamp jitter -13. ts=88362147934 tsPrev=88362145945
Mar 15 11:14:03.568598 BS18_TS06_shinhome  ENC_XecEncoder.cpp(2028) warning a4d0285e3df84c3584d4f04a8da44332.Processings_0.Video_01_enc_1 Timestamp jitter -14. ts=88363012784 tsPrev=88363010796
Mar 15 11:14:21.502548 BS18_TS06_shinhome  TS_PcrClock.cpp(347) info  ready=1 sys=1472902.5 s pcr=90390.7 s med=1472734.7 s err=-1.2 ms [-35.0..+34.6] aveErr=+0.2 ms [-30.1..+30.0] estErr=+0.1 ms [-36.8..+29.9] rate=-9.5 ppm [-25.0..+0.0] estRate=-9.3 ppm [-98.9..+1.3] estRateErr=+0.2 ppm [-98.0..+19.0] rateChange=+0.5 ppm/hr corr=114.7 table=100% disc=4
Mar 15 11:14:40.306017 BS18_TS06_shinhome  ENC_XecEncoder.cpp(2028) warning a4d0285e3df84c3584d4f04a8da44332.Processings_0.Video_01_enc_1 Timestamp jitter -13. ts=88365216973 tsPrev=88365214984
Mar 15 11:14:55.222700 BS18_TS06_shinhome  ENC_XecEncoder.cpp(2028) warning a4d0285e3df84c3584d4f04a8da44332.Processings_0.Video_01_enc_1 Timestamp jitter -13. ts=88366111854 tsPrev=88366109865
Mar 15 11:15:18.946323 BS18_TS06_shinhome  ENC_XecEncoder.cpp(2028) warning a4d0285e3df84c3584d4f04a8da44332.Processings_0.Video_01_enc_1 Timestamp jitter -14. ts=88367535262 tsPrev=88367533274
Mar 15 11:15:56.751659 BS18_TS06_shinhome  ENC_XecEncoder.cpp(2028) warning a4d0285e3df84c3584d4f04a8da44332.Processings_0.Video_01_enc_1 Timestamp jitter -13. ts=88369803515 tsPrev=88369801526
Mar 15 11:16:10.696912 BS18_TS06_shinhome  ENC_XecEncoder.cpp(2028) warning a4d0285e3df84c3584d4f04a8da44332.Processings_0.Video_01_enc_1 Timestamp jitter -13. ts=88370640338 tsPrev=88370638349
Mar 15 11:16:35.287734 BS18_TS06_shinhome  ENC_XecEncoder.cpp(2028) warning a4d0285e3df84c3584d4f04a8da44332.Processings_0.Video_01_enc_1 Timestamp jitter -14. ts=88372115798 tsPrev=88372113810
Mar 15 11:16:56.796136 BS18_TS06_shinhome  UT_LogLimiter.cpp(183) info a4d0285e3df84c3584d4f04a8da44332.Processings_0.Video_01_enc_1 1 times during 60 seconds: Timestamp jitter
Mar 15 11:17:13.493957 BS18_TS06_shinhome  ENC_XecEncoder.cpp(2028) warning a4d0285e3df84c3584d4f04a8da44332.Processings_0.Video_01_enc_1 Timestamp jitter -13. ts=88374408062 tsPrev=88374406073
Mar 15 11:17:41.093114 BS18_TS06_shinhome  ENC_XecEncoder.cpp(2028) warning a4d0285e3df84c3584d4f04a8da44332.Processings_0.Video_01_enc_1 Timestamp jitter -14. ts=88376063702 tsPrev=88376061714
Mar 15 11:18:04.811024 BS18_TS06_shinhome  ENC_XecEncoder.cpp(2028) warning a4d0285e3df84c3584d4f04a8da44332.Processings_0.Video_01_enc_1 Timestamp jitter -13. ts=88377487111 tsPrev=88377485122
Mar 15 11:18:29.265073 BS18_TS06_shinhome  ENC_XecEncoder.cpp(2028) warning a4d0285e3df84c3584d4f04a8da44332.Processings_0.Video_01_enc_1 Timestamp jitter -13. ts=88378954564 tsPrev=88378952575
Mar 15 11:18:43.580014 BS18_TS06_shinhome  ENC_XecEncoder.cpp(2028) warning a4d0285e3df84c3584d4f04a8da44332.Processings_0.Video_01_enc_1 Timestamp jitter -14. ts=88379813408 tsPrev=88379811420
Mar 15 11:19:20.485602 BS18_TS06_shinhome  ENC_XecEncoder.cpp(2028) warning a4d0285e3df84c3584d4f04a8da44332.Processings_0.Video_01_enc_1 Timestamp jitter -13. ts=88382027607 tsPrev=88382025618
Mar 15 11:19:21.800919 BS18_TS06_shinhome  TS_PcrClock.cpp(347) info  ready=1 sys=1473202.8 s pcr=90691.0 s med=1473035.0 s err=+2.6 ms [-35.0..+34.6] aveErr=+0.2 ms [-30.1..+30.0] estErr=+0.1 ms [-36.8..+29.9] rate=-9.5 ppm [-25.0..+0.0] estRate=-9.4 ppm [-98.9..+1.3] estRateErr=+0.1 ppm [-98.0..+19.0] rateChange=+0.2 ppm/hr corr=116.6 table=100% disc=4
Mar 15 11:19:35.402426 BS18_TS06_shinhome  ENC_XecEncoder.cpp(2028) warning a4d0285e3df84c3584d4f04a8da44332.Processings_0.Video_01_enc_1 Timestamp jitter -13. ts=88382922488 tsPrev=88382920499
Mar 15 11:19:59.061703 BS18_TS06_shinhome  ENC_XecEncoder.cpp(2028) warning a4d0285e3df84c3584d4f04a8da44332.Processings_0.Video_01_enc_1 Timestamp jitter -14. ts=88384341892 tsPrev=88384339904
Mar 15 11:20:23.411482 BS18_TS06_shinhome  ENC_XecEncoder.cpp(2028) warning a4d0285e3df84c3584d4f04a8da44332.Processings_0.Video_01_enc_1 Timestamp jitter -13. ts=88385803339 tsPrev=88385801350
Mar 15 11:20:37.532941 BS18_TS06_shinhome  ENC_XecEncoder.cpp(2028) warning a4d0285e3df84c3584d4f04a8da44332.Processings_0.Video_01_enc_1 Timestamp jitter -13. ts=88386650172 tsPrev=88386648183
Mar 15 11:21:14.703981 BS18_TS06_shinhome  ENC_XecEncoder.cpp(2028) warning a4d0285e3df84c3584d4f04a8da44332.Processings_0.Video_01_enc_1 Timestamp jitter -14. ts=88388880386 tsPrev=88388878398
Mar 15 11:21:29.412010 BS18_TS06_shinhome  ENC_XecEncoder.cpp(2028) warning a4d0285e3df84c3584d4f04a8da44332.Processings_0.Video_01_enc_1 Timestamp jitter -13. ts=88389763255 tsPrev=88389761266
Mar 15 11:21:53.038925 BS18_TS06_shinhome  ENC_XecEncoder.cpp(2028) warning a4d0285e3df84c3584d4f04a8da44332.Processings_0.Video_01_enc_1 Timestamp jitter -13. ts=88391180658 tsPrev=88391178669
Mar 15 11:22:30.177792 BS18_TS06_shinhome  ENC_XecEncoder.cpp(2028) warning a4d0285e3df84c3584d4f04a8da44332.Processings_0.Video_01_enc_1 Timestamp jitter -14. ts=88393408870 tsPrev=88393406882
Mar 15 11:22:44.925749 BS18_TS06_shinhome  ENC_XecEncoder.cpp(2028) warning a4d0285e3df84c3584d4f04a8da44332.Processings_0.Video_01_enc_1 Timestamp jitter -13. ts=88394293741 tsPrev=88394291752
Mar 15 11:23:09.251555 BS18_TS06_shinhome  ENC_XecEncoder.cpp(2028) warning a4d0285e3df84c3584d4f04a8da44332.Processings_0.Video_01_enc_1 Timestamp jitter -13. ts=88395753186 tsPrev=88395751197
Mar 15 11:23:23.461639 BS18_TS06_shinhome  ENC_XecEncoder.cpp(2028) warning a4d0285e3df84c3584d4f04a8da44332.Processings_0.Video_01_enc_1 Timestamp jitter -14. ts=88396606024 tsPrev=88396604036
Mar 15 11:23:47.554624 BS18_TS06_shinhome  ENC_XecEncoder.cpp(2028) warning a4d0285e3df84c3584d4f04a8da44332.Processings_0.Video_01_enc_1 Timestamp jitter -13. ts=88398051455 tsPrev=88398049466
Mar 15 11:24:15.316518 BS18_TS06_shinhome  ENC_XecEncoder.cpp(2028) warning a4d0285e3df84c3584d4f04a8da44332.Processings_0.Video_01_enc_1 Timestamp jitter -13. ts=88399717106 tsPrev=88399715117
Mar 15 11:24:22.106972 BS18_TS06_shinhome  TS_PcrClock.cpp(347) info  ready=1 sys=1473503.1 s pcr=90991.3 s med=1473335.3 s err=-0.7 ms [-35.0..+34.6] aveErr=-0.2 ms [-30.1..+30.0] estErr=+0.0 ms [-36.8..+29.9] rate=-9.5 ppm [-25.0..+0.0] estRate=-9.7 ppm [-98.9..+1.3] estRateErr=-0.2 ppm [-98.0..+19.0] rateChange=-0.4 ppm/hr corr=115.1 table=100% disc=4
Mar 15 11:24:38.967549 BS18_TS06_shinhome  ENC_XecEncoder.cpp(2028) warning a4d0285e3df84c3584d4f04a8da44332.Processings_0.Video_01_enc_1 Timestamp jitter -14. ts=88401136510 tsPrev=88401134522
Mar 15 11:25:03.526670 BS18_TS06_shinhome  ENC_XecEncoder.cpp(2028) warning a4d0285e3df84c3584d4f04a8da44332.Processings_0.Video_