.04.26  2.2 M
 python3-setools                x86_64  4.3.0-3.el8                              alma-updates-8.7-2023.04.26  623 k

Transaction Summary
===================================================================================================================
Install  8 Packages

Total size: 3.7 M
Installed size: 10 M
Downloading Packages:
Running transaction check
Transaction check succeeded.
Running transaction test
Transaction test succeeded.
Running transaction
  Preparing        :                                                        1/1 
  Installing       : python3-setools-4.3.0-3.el8.x86_64                     1/8 
  Installing       : python3-libsemanage-2.9-9.el8_6.x86_64                 2/8 
  Installing       : python3-audit-3.0.7-4.el8.x86_64                       3/8 
  Installing       : checkpolicy-2.9-1.el8.x86_64                           4/8 
  Installing       : python3-policycoreutils-2.9-20.el8.noarch              5/8 
  Installing       : policycoreutils-python-utils-2.9-20.el8.noarch         6/8 
  Running scriptlet: container-selinux-2:2.167.0-1.module_el8.5.0+2586+01   7/8 
  Installing       : container-selinux-2:2.167.0-1.module_el8.5.0+2586+01   7/8 
  Running scriptlet: container-selinux-2:2.167.0-1.module_el8.5.0+2586+01   7/8 
  Running scriptlet: k3s-selinux-0.5-1.el8.noarch                           8/8 
  Installing       : k3s-selinux-0.5-1.el8.noarch                           8/8 
  Running scriptlet: k3s-selinux-0.5-1.el8.noarch                           8/8 
  Running scriptlet: container-selinux-2:2.167.0-1.module_el8.5.0+2586+01   8/8 
  Running scriptlet: k3s-selinux-0.5-1.el8.noarch                           8/8 
  Verifying        : checkpolicy-2.9-1.el8.x86_64                           1/8 
  Verifying        : policycoreutils-python-utils-2.9-20.el8.noarch         2/8 
  Verifying        : python3-audit-3.0.7-4.el8.x86_64                       3/8 
  Verifying        : python3-libsemanage-2.9-9.el8_6.x86_64                 4/8 
  Verifying        : python3-policycoreutils-2.9-20.el8.noarch              5/8 
  Verifying        : python3-setools-4.3.0-3.el8.x86_64                     6/8 
  Verifying        : container-selinux-2:2.167.0-1.module_el8.5.0+2586+01   7/8 
  Verifying        : k3s-selinux-0.5-1.el8.noarch                           8/8 

Installed:
  checkpolicy-2.9-1.el8.x86_64                                                  
  container-selinux-2:2.167.0-1.module_el8.5.0+2586+018f24d7.noarch             
  k3s-selinux-0.5-1.el8.noarch                                                  
  policycoreutils-python-utils-2.9-20.el8.noarch                                
  python3-audit-3.0.7-4.el8.x86_64                                              
  python3-libsemanage-2.9-9.el8_6.x86_64                                        
  python3-policycoreutils-2.9-20.el8.noarch                                     
  python3-setools-4.3.0-3.el8.x86_64                                            

Complete!
Last metadata expiration check: 0:00:45 ago on Thu 14 Dec 2023 06:47:19 AM UTC.
Dependencies resolved.
================================================================================
 Package     Architecture  Version               Repository                Size
================================================================================
Installing:
 zstd        x86_64        1.5.5-1.el7           k3s-pre-reqs_repo        449 k

Transaction Summary
================================================================================
Install  1 Package

Total size: 449 k
Installed size: 1.7 M
Downloading Packages:
Running transaction check
Transaction check succeeded.
Running transaction test
Transaction test succeeded.
Running transaction
  Preparing        :                                                        1/1 
  Installing       : zstd-1.5.5-1.el7.x86_64                                1/1 
  Running scriptlet: zstd-1.5.5-1.el7.x86_64                                1/1 
  Verifying        : zstd-1.5.5-1.el7.x86_64                                1/1 

Installed:
  zstd-1.5.5-1.el7.x86_64                                                       

Complete!
Packages k3s-pre-reqs completed successfully
*** Script: check-if-k3s-new-install ***
Script check-if-k3s-new-install completed successfully
*** Files: copy-k3s ***
Files copy-k3s completed successfully
*** Files: copy-k3s-files ***
Files copy-k3s-files completed successfully
*** Files: reAdd-resolv-conf ***
Files reAdd-resolv-conf completed successfully
*** Files: check-for-resolv-conf-and-update-CoreDNS ***
Files check-for-resolv-conf-and-update-CoreDNS completed successfully
*** Script: create-internal-network-interface-device-and-config-k3s-server-config ***
Connection 'dummy-internalk3s0' (961d4319-241d-43e0-8f4a-d9e2aeeac66d) successfully added.
K3S_CLUSTER_CIDR=10.42.0.0/16
K3S_SERVICE_CIDR=10.43.0.0/16
K3S_CLUSTER_DNS=10.43.0.10
Script create-internal-network-interface-device-and-config-k3s-server-config completed successfully
*** Script: install-k3s ***
[INFO]  Skipping k3s download and verify
[INFO]  Skipping installation of SELinux RPM
[INFO]  Creating /usr/local/bin/kubectl symlink to k3s
[INFO]  Creating /usr/local/bin/crictl symlink to k3s
[INFO]  Creating /usr/local/bin/ctr symlink to k3s
[INFO]  Creating killall script /usr/local/bin/k3s-killall.sh
[INFO]  Creating uninstall script /usr/local/bin/k3s-uninstall.sh
[INFO]  env: Creating environment file /etc/systemd/system/k3s.service.env
[INFO]  systemd: Creating service file /etc/systemd/system/k3s.service
[INFO]  systemd: Enabling k3s unit
Created symlink /etc/systemd/system/multi-user.target.wants/k3s.service → /etc/systemd/system/k3s.service.
[INFO]  systemd: Starting k3s
Script install-k3s completed successfully
*** Script: clean-support-pack-service ***
Error from server (NotFound): services "crpm-support-package" not found
Script clean-support-pack-service completed successfully
*** Files: start-k3s-after-firewall ***
Files start-k3s-after-firewall completed successfully
*** Script: install-helm ***
Script install-helm completed successfully
*** Files: get-k9s ***
Files get-k9s completed successfully
*** Script: install-k9s ***
Script install-k9s completed successfully
*** Files: ignore-carrier ***
Files ignore-carrier completed successfully
*** Files: logrotate-policy ***
Files logrotate-policy completed successfully
*** Script: logrotate-hourly-config ***
Script logrotate-hourly-config completed successfully
*** Files: dmesg-rsyslog ***
Files dmesg-rsyslog completed successfully
*** Script: dmesg-first-log ***
Script dmesg-first-log completed successfully
*** Script: restart-rsyslog ***
Script restart-rsyslog completed successfully
*** Script: ssh-timeout-interval ***
Script ssh-timeout-interval completed successfully
*** Files: get-bark ***
Files get-bark completed successfully
*** Script: install-bark ***
Script install-bark completed successfully
*** Files: add-k9s-plugins ***
Files add-k9s-plugins completed successfully
*** Script: update-config-ownership ***
Script update-config-ownership completed successfully
*** Script: expose-etc-hosts-from-host-to-coreDNS ***
K3s version has not changed, continuing...
Rechecking the presence of /etc/resolv.conf file...
grep: /etc/resolv.conf: No such file or directory
grep: /etc/resolv.conf: No such file or directory
/etc/resolv.conf is an empty file. Renaming to .empty
mv: cannot stat '/etc/resolv.conf': No such file or directory
/etc/resolv.conf does NOT exist. Removing from CoreDNS Yaml...
mediakind-k3s does not already exist in /etc/hosts - adding now
Script expose-etc-hosts-from-host-to-coreDNS completed successfully
*** Script: check-k3s-running ***
Checking for node readiness - try 1
Checking for node readiness - try 2
Checking for node readiness - try 3
Checking for node readiness - try 4
** k3s Nodes ready **
Checking for system pod readiness - try 1
Checking for system pod readiness - try 2
Checking for system pod readiness - try 3
** k3s System pods ready **
** k3s Installation completed! **
Script check-k3s-running completed successfully
Writing /var/install/controller-20.0.2+183/host/last_configure.sh
*** Script: logo_host ***
[34m
[34m
[34m
                                                                                [34m
                          .@@@=                              -@@@-              [34m
         ...            .=@@@@*                              -@@@-              [34m
         +@@=.         :*@@@@@*                              -@@@-              [34m
         @@@@+-      .-*@@@@@@*      .-=====:        .-====- -@@@-  :--.    -===[34m
         @@@@@*=    .*@@@@+@@@*    .+*@@@@@@*+:    .+*@@@@@@*+@@@- .*@@:   +@@@@[34m
         @@@@@@@+. :@@@@@: @@@*   -@@@@@++*@@@*:  .@@@@@@@@@@@@@@- :@@@-   @@@**[34m
         @@@@*@@@@*@@@@*.  @@@*  :*@@*.    .@@@-  @@@@+    :+@@@@- :@@@-    .   [34m
         @@@+:=@@@@@@*-.   @@@*  -@@@.    .-@@@- -@@@=       *@@@- :@@@-    :---[34m
         @@@+  =*@@@*:     @@@*  *@@@=====+@@@+. *@@@-       =@@@- :@@@-  .=*@@@[34m
         @@@+   :+@-.      @@@*  *@@@@@@@@@@*-.  *@@@-       =@@@- :@@@-  *@@@+:[34m
         @@@+              @@@*  -@@@.           -@@@=       @@@*. :@@@-  @@@-  [34m
         @@@+              @@@*  .*@@@:..  ....   *@@@=....:*@@@-  :@@@- .@@@=. [34m
         @@@+              @@@*   :*@@@*+=+*@@=   .+@@@@***@@@@=   :@@@-  +@@@+-[34m
         @@@-             .@@@=    :=@@@@@@@@*-    .-*@@@@@@@+:    :@@@-  .-*@@@[34m
[34m
[34m
[34m
[34m
[34m
[34m
                                                            ██╗░░██╗░█████╗░░███[34m
                                                            ██║░░██║██╔══██╗██╔═[34m
                                                            ███████║██║░░██║╚███[34m
                                                            ██╔══██║██║░░██║░╚══[34m
                                                            ██║░░██║╚█████╔╝████[34m
                                                            ╚═╝░░╚═╝░╚════╝░╚═══[34m
(B[m
Script logo_host completed successfully
*** Files: add_k3s_ipvs_conf ***
Files add_k3s_ipvs_conf completed successfully
*** Script: restart_sysctl ***
* Applying /usr/lib/sysctl.d/10-default-yama-scope.conf ...
kernel.yama.ptrace_scope = 0
* Applying /usr/lib/sysctl.d/50-coredump.conf ...
kernel.core_pattern = |/usr/lib/systemd/systemd-coredump %P %u %g %s %t %c %h %e
kernel.core_pipe_limit = 16
* Applying /usr/lib/sysctl.d/50-default.conf ...
kernel.sysrq = 16
kernel.core_uses_pid = 1
kernel.kptr_restrict = 1
net.ipv4.conf.all.rp_filter = 1
net.ipv4.conf.all.accept_source_route = 0
net.ipv4.conf.all.promote_secondaries = 1
net.core.default_qdisc = fq_codel
fs.protected_hardlinks = 1
fs.protected_symlinks = 1
* Applying /usr/lib/sysctl.d/50-libkcapi-optmem_max.conf ...
net.core.optmem_max = 81920
* Applying /usr/lib/sysctl.d/50-pid-max.conf ...
kernel.pid_max = 4194304
* Applying /usr/lib/sysctl.d/99-k3s-ipvs.conf ...
kernel.printk = 3 4 1 3
* Applying /etc/sysctl.d/99-sysctl.conf ...
* Applying /etc/sysctl.conf ...
Script restart_sysctl completed successfully
*** Script: check-iptables-version ***
Optional environment variable 'autoremove' set to: true
Will automatically remove known bad versions of iptables, if installed
Installed package: iptables version is: 1.8.4 which is a earlier than the minimum allowed version: 1.8.5.
Will remove the package and continue
Dependencies resolved.
================================================================================
 Package           Arch   Version            Repository                    Size
================================================================================
Removing:
 iptables          x86_64 1.8.4-23.el8_7.1   @alma-updates-8.7-2023.04.26 1.9 M
Removing dependent packages:
 firewalld         noarch 0.9.3-13.el8       @alma-updates-8.7-2023.04.26 2.0 M
 iptables-ebtables x86_64 1.8.4-23.el8_7.1   @alma-updates-8.7-2023.04.26  14 k

Transaction Summary
================================================================================
Remove  3 Packages

Freed space: 3.9 M
Running transaction check
Transaction check succeeded.
Running transaction test
Transaction test succeeded.
Running transaction
  Preparing        :                                                        1/1 
  Running scriptlet: firewalld-0.9.3-13.el8.noarch                          1/1 
  Running scriptlet: firewalld-0.9.3-13.el8.noarch                          1/3 
  Erasing          : firewalld-0.9.3-13.el8.noarch                          1/3 
  Running scriptlet: firewalld-0.9.3-13.el8.noarch                          1/3 
  Running scriptlet: iptables-ebtables-1.8.4-23.el8_7.1.x86_64              2/3 
  Erasing          : iptables-ebtables-1.8.4-23.el8_7.1.x86_64              2/3 
  Running scriptlet: iptables-ebtables-1.8.4-23.el8_7.1.x86_64              2/3 
  Erasing          : iptables-1.8.4-23.el8_7.1.x86_64                       3/3 
  Running scriptlet: iptables-1.8.4-23.el8_7.1.x86_64                       3/3 
  Verifying        : firewalld-0.9.3-13.el8.noarch                          1/3 
  Verifying        : iptables-1.8.4-23.el8_7.1.x86_64                       2/3 
  Verifying        : iptables-ebtables-1.8.4-23.el8_7.1.x86_64              3/3 

Removed:
  firewalld-0.9.3-13.el8.noarch               iptables-1.8.4-23.el8_7.1.x86_64  
  iptables-ebtables-1.8.4-23.el8_7.1.x86_64  

Complete!
Script check-iptables-version completed successfully
*** Files: load-modules-on-boot ***
Files load-modules-on-boot completed successfully
*** Script: modprobe-modules ***
Script modprobe-modules completed successfully
*** Script: create-user-mediakind ***
users list is: mediakind
id: ‘mediakind’: no such user
id: ‘mediakind’: no such user
Changing password for user mediakind.
passwd: all authentication tokens updated successfully.
Created user: mediakind
added user 'mediakind' to wheel group
Adding user: mediakind to sudoers
not able to add user 'mediakind' to /etc/sudoers
creating file: /etc/sudoers.d/extra_path
need to add /sbin to /etc/sudoers.d/extra_path
need to add /bin to /etc/sudoers.d/extra_path
need to add /usr/sbin to /etc/sudoers.d/extra_path
need to add /usr/bin to /etc/sudoers.d/extra_path
need to add /usr/local/bin to /etc/sudoers.d/extra_path
adding: '/sbin:/bin:/usr/sbin:/usr/bin:/usr/local/bin' to /etc/sudoers.d/extra_path
Script create-user-mediakind completed successfully
*** Script: history-enhancements ***
Script history-enhancements completed successfully
*** Script: disable-firewalld ***
Failed to stop firewalld.service: Unit firewalld.service not loaded.
Failed to disable unit: Unit file firewalld.service does not exist.
Unit firewalld.service does not exist, proceeding anyway.
Created symlink /etc/systemd/system/firewalld.service → /dev/null.
Script disable-firewalld completed successfully
*** Files: add-nftables-config ***
Files add-nftables-config completed successfully
*** Script: enable-nftables-mediakind-service ***
Created symlink /etc/systemd/system/multi-user.target.wants/nftables-mediakind.service → /etc/systemd/system/nftables-mediakind.service.
Script enable-nftables-mediakind-service completed successfully
*** Script: remove-unwanted-packages ***
No match for argument: kernel-devel
No match for argument: libwbclient
No match for argument: libsmbclient
No match for argument: samba-*
No packages marked for removal.
Dependencies resolved.
Nothing to do.
Complete!
Script remove-unwanted-packages completed successfully
*** Script: purge-older-kernel-packages ***
Script purge-older-kernel-packages completed successfully
*** Packages: install-utils ***
install-utils_repo repo                         2.7 MB/s |  36 kB     00:00    
Dependencies resolved.
================================================================================
 Package       Arch       Version         Repository                       Size
================================================================================
Installing:
 jq            x86_64     1.6-3.el8       alma-updates-8.7-2023.04.26     201 k
Installing dependencies:
 oniguruma     x86_64     6.8.2-2.el8     alma-updates-8.7-2023.04.26     187 k

Transaction Summary
================================================================================
Install  2 Packages

Total size: 388 k
Installed size: 1.1 M
Downloading Packages:
Running transaction check
Transaction check succeeded.
Running transaction test
Transaction test succeeded.
Running transaction
  Preparing        :                                                        1/1 
  Installing       : oniguruma-6.8.2-2.el8.x86_64                           1/2 
  Running scriptlet: oniguruma-6.8.2-2.el8.x86_64                           1/2 
  Installing       : jq-1.6-3.el8.x86_64                                    2/2 
  Running scriptlet: jq-1.6-3.el8.x86_64                                    2/2 
  Verifying        : jq-1.6-3.el8.x86_64                                    1/2 
  Verifying        : oniguruma-6.8.2-2.el8.x86_64                           2/2 

Installed:
  jq-1.6-3.el8.x86_64                oniguruma-6.8.2-2.el8.x86_64               

Complete!
Last metadata expiration check: 0:00:01 ago on Thu 14 Dec 2023 06:47:14 AM UTC.
Dependencies resolved.
================================================================================
 Package    Arch      Version              Repository                      Size
================================================================================
Installing:
 tcpdump    x86_64    14:4.9.3-3.el8       alma-updates-8.7-2023.04.26    452 k

Transaction Summary
================================================================================
Install  1 Package

Total size: 452 k
Installed size: 1.1 M
Downloading Packages:
Running transaction check
Transaction check succeeded.
Running transaction test
Transaction test succeeded.
Running transaction
  Preparing        :                                                        1/1 
  Running scriptlet: tcpdump-14:4.9.3-3.el8.x86_64                          1/1 
  Installing       : tcpdump-14:4.9.3-3.el8.x86_64                          1/1 
  Running scriptlet: tcpdump-14:4.9.3-3.el8.x86_64                          1/1 
  Verifying        : tcpdump-14:4.9.3-3.el8.x86_64                          1/1 

Installed:
  tcpdump-14:4.9.3-3.el8.x86_64                                                 

Complete!
Last metadata expiration check: 0:00:03 ago on Thu 14 Dec 2023 06:47:14 AM UTC.
Dependencies resolved.
================================================================================
 Package    Arch       Version            Repository                       Size
================================================================================
Installing:
 telnet     x86_64     1:0.17-76.el8      alma-updates-8.7-2023.04.26      71 k

Transaction Summary
================================================================================
Install  1 Package

Total size: 71 k
Installed size: 119 k
Downloading Packages:
Running transaction check
Transaction check succeeded.
Running transaction test
Transaction test succeeded.
Running transaction
  Preparing        :                                                        1/1 
  Installing       : telnet-1:0.17-76.el8.x86_64                            1/1 
  Running scriptlet: telnet-1:0.17-76.el8.x86_64                            1/1 
  Verifying        : telnet-1:0.17-76.el8.x86_64                            1/1 

Installed:
  telnet-1:0.17-76.el8.x86_64                                                   

Complete!
Last metadata expiration check: 0:00:03 ago on Thu 14 Dec 2023 06:47:14 AM UTC.
Dependencies resolved.
================================================================================
 Package      Arch      Version            Repository                      Size
================================================================================
Installing:
 logrotate    x86_64    3.14.0-4.el8       alma-updates-8.7-2023.04.26     85 k

Transaction Summary
================================================================================
Install  1 Package

Total size: 85 k
Installed size: 142 k
Downloading Packages:
Running transaction check
Transaction check succeeded.
Running transaction test
Transaction test succeeded.
Running transaction
  Preparing        :                                                        1/1 
  Running scriptlet: logrotate-3.14.0-4.el8.x86_64                          1/1 
  Installing       : logrotate-3.14.0-4.el8.x86_64                          1/1 
  Running scriptlet: logrotate-3.14.0-4.el8.x86_64                          1/1 
  Verifying        : logrotate-3.14.0-4.el8.x86_64                          1/1 

Installed:
  logrotate-3.14.0-4.el8.x86_64                                                 

Complete!
Last metadata expiration check: 0:00:04 ago on Thu 14 Dec 2023 06:47:14 AM UTC.
Dependencies resolved.
================================================================================
 Package       Arch     Version             Repository                     Size
================================================================================
Installing:
 rsyslog       x86_64   8.2102.0-10.el8     alma-updates-8.7-2023.04.26   753 k
Installing dependencies:
 libestr       x86_64   0.1.10-3.el8        alma-updates-8.7-2023.04.26    27 k
 libfastjson   x86_64   0.99.9-1.el8        alma-updates-8.7-2023.04.26    37 k

Transaction Summary
================================================================================
Install  3 Packages

Total size: 816 k
Installed size: 2.5 M
Downloading Packages:
Running transaction check
Transaction check succeeded.
Running transaction test
Transaction test succeeded.
Running transaction
  Preparing        :                                                        1/1 
  Installing       : libfastjson-0.99.9-1.el8.x86_64                        1/3 
  Running scriptlet: libfastjson-0.99.9-1.el8.x86_64                        1/3 
  Installing       : libestr-0.1.10-3.el8.x86_64                            2/3 
  Running scriptlet: libestr-0.1.10-3.el8.x86_64                            2/3 
  Installing       : rsyslog-8.2102.0-10.el8.x86_64                         3/3 
  Running scriptlet: rsyslog-8.2102.0-10.el8.x86_64                         3/3 
  Verifying        : libestr-0.1.10-3.el8.x86_64                            1/3 
  Verifying        : libfastjson-0.99.9-1.el8.x86_64                        2/3 
  Verifying        : rsyslog-8.2102.0-10.el8.x86_64                         3/3 

Installed:
  libestr-0.1.10-3.el8.x86_64            libfastjson-0.99.9-1.el8.x86_64        
  rsyslog-8.2102.0-10.el8.x86_64        

Complete!
Packages install-utils completed successfully
*** Packages: k3s-pre-reqs ***
k3s-pre-reqs_repo repo                          3.7 MB/s |  36 kB     00:00    
Last metadata expiration check: 0:00:01 ago on Thu 14 Dec 2023 06:47:19 AM UTC.
Dependencies resolved.
===================================================================================================================
 Package                        Arch    Version                                  Repository                    Size
===================================================================================================================
Installing:
 k3s-selinux                    noarch  0.5-1.el8                                k3s-pre-reqs_repo             19 k
Installing dependencies:
 checkpolicy                    x86_64  2.9-1.el8                                alma-updates-8.7-2023.04.26  347 k
 container-selinux              noarch  2:2.167.0-1.module_el8.5.0+2586+018f24d7 k3s-pre-reqs_repo             53 k
 policycoreutils-python-utils   noarch  2.9-20.el8                               alma-updates-8.7-2023.04.26  252 k
 python3-audit                  x86_64  3.0.7-4.el8                              alma-updates-8.7-2023.04.26   86 k
 python3-libsemanage            x86_64  2.9-9.el8_6                              alma-updates-8.7-2023.04.26  127 k
 python3-policycoreutils        noarch  2.9-20.el8                               alma-updates-8.7-2023