Writing /var/install/multiplexer-20.0.3-29/simulcrypt-control/last_configure.sh
*** Script: check-controller ***
INFO: serverID: 'mksp1'
INFO: controllerIP: '10.69.8.31'
INFO: mongo service found: mongodb-replicaset-controller1
Script check-controller completed successfully
*** Script: prepare-simulcrypt-control-vars.sh ***
Updating EIS port with 9000
Updating PSIG port with 9090
Updating OpenCAS port with 9009
Script prepare-simulcrypt-control-vars.sh completed successfully
*** HelmDeployment: multiplexer-simulcrypt-control ***
Release "stream-processor-simulcrypt-control" does not exist. Installing it now.
NAME: stream-processor-simulcrypt-control
LAST DEPLOYED: Thu Dec 14 10:49:01 2023
NAMESPACE: mediakind
STATUS: deployed
REVISION: 1
TEST SUITE: None
HelmDeployment multiplexer-simulcrypt-control completed successfully
*** Files: add-nftables-config ***
Files add-nftables-config completed successfully
*** Script: set-simulcrypt-control-nft-rules ***
Script set-simulcrypt-control-nft-rules completed successfully
*** Script: apply-firewall-rules ***
Script apply-firewall-rules completed successfully
