min@localhost:8080/rabbitmq)
Deleting stuck queues (URL: http://admin:admin@localhost:8080/rabbitmq)
Deleting stuck queues (URL: http://admin:admin@localhost:8080/rabbitmq)
Deleting stuck queues (URL: http://admin:admin@localhost:8080/rabbitmq)
Deleting stuck queues (URL: http://admin:admin@localhost:8080/rabbitmq)
Deleting stuck queues (URL: http://admin:admin@localhost:8080/rabbitmq)
Deleting stuck queues (URL: http://admin:admin@localhost:8080/rabbitmq)
Deleting stuck queues (URL: http://admin:admin@localhost:8080/rabbitmq)
Deleting stuck queues (URL: http://admin:admin@localhost:8080/rabbitmq)
Deleting stuck queues (URL: http://admin:admin@localhost:8080/rabbitmq)
Deleting stuck queues (URL: http://admin:admin@localhost:8080/rabbitmq)
Deleting stuck queues (URL: http://admin:admin@localhost:8080/rabbitmq)
Deleting stuck queues (URL: http://admin:admin@localhost:8080/rabbitmq)
Deleting stuck queues (URL: http://admin:admin@localhost:8080/rabbitmq)
Deleting stuck queues (URL: http://admin:admin@localhost:8080/rabbitmq)
Deleting stuck queues (URL: http://admin:admin@localhost:8080/rabbitmq)
Deleting stuck queues (URL: http://admin:admin@localhost:8080/rabbitmq)
Deleting stuck queues (URL: http://admin:admin@localhost:8080/rabbitmq)
Deleting stuck queues (URL: http://admin:admin@localhost:8080/rabbitmq)
Deleting stuck queues (URL: http://admin:admin@localhost:8080/rabbitmq)
Deleting stuck queues (URL: http://admin:admin@localhost:8080/rabbitmq)
Deleting stuck queues (URL: http://admin:admin@localhost:8080/rabbitmq)
Deleting stuck queues (URL: http://admin:admin@localhost:8080/rabbitmq)
Deleting stuck queues (URL: http://admin:admin@localhost:8080/rabbitmq)
Deleting stuck queues (URL: http://admin:admin@localhost:8080/rabbitmq)
Error while deleting queues: HTTP Error 503: Service Unavailable
Retries left: 10
Error while deleting queues: HTTP Error 503: Service Unavailable
Retries left: 9
Error while deleting queues: HTTP Error 503: Service Unavailable
Retries left: 8
Error while deleting queues: HTTP Error 503: Service Unavailable
Retries left: 7
Error while deleting queues: HTTP Error 503: Service Unavailable
Retries left: 6
Error while deleting queues: HTTP Error 503: Service Unavailable
Retries left: 5
Error while deleting queues: HTTP Error 503: Service Unavailable
Retries left: 4
Error while deleting queues: HTTP Error 503: Service Unavailable
Retries left: 3
Error while deleting queues: HTTP Error 503: Service Unavailable
Retries left: 2
Error while deleting queues: HTTP Error 503: Service Unavailable
Retries left: 1
Deleting stuck queues (URL: http://admin:admin@localhost:8080/rabbitmq)
Deleting stuck queues (URL: http://admin:admin@localhost:8080/rabbitmq)
Deleting stuck queues (URL: http://admin:ad