Aug  8 00:52:25.021420 BS18_TS05_TEST_02  [standalone] Start monitoring (inputSourceId: e9c9447699d94ad9a463e0b93d3e8f55)
Aug  8 00:52:55.571289 BS18_TS05_TEST_02  [standalone] SampleQueue main.processings.processing_0.Video_01_enc_1.encoderQueue_Video_01_enc_1 : skipped 59 samples
Aug  8 00:52:55.571315 BS18_TS05_TEST_02  [standalone] Encoder main.processings.processing_0.Video_01_enc_1.h264_encoder_Video_01_enc_1 : encoded 51 samples late
Aug  8 00:59:35.671789 BS18_TS05_TEST_02  [standalone] Start monitoring (inputSourceId: e9c9447699d94ad9a463e0b93d3e8f55)
Aug  8 01:04:22.082020 BS18_TS05_TEST_02  [standalone] SampleQueue main.processings.processing_0.Video_01_enc_1.encoderQueue_Video_01_enc_1 : skipped 27 samples
Aug  8 01:04:22.082048 BS18_TS05_TEST_02  [standalone] Encoder main.processings.processing_0.Video_01_enc_1.h264_encoder_Video_01_enc_1 : encoded 51 samples late
Aug  8 23:10:24.972996 BS18_TS05_TEST_02  [standalone] Start monitoring (inputSourceId: e9c9447699d94ad9a463e0b93d3e8f55)
Aug  8 23:10:55.506775 BS18_TS05_TEST_02  [standalone] SampleQueue main.processings.processing_0.Video_01_enc_1.encoderQueue_Video_01_enc_1 : skipped 37 samples
Aug  8 23:10:55.506802 BS18_TS05_TEST_02  [standalone] Encoder main.processings.processing_0.Video_01_enc_1.h264_encoder_Video_01_enc_1 : encoded 51 samples late
Sep 14 02:39:19.018589 BS18_TS05_TEST_02  [standalone] Start monitoring (inputSourceId: e9c9447699d94ad9a463e0b93d3e8f55)
Sep 14 02:39:49.537222 BS18_TS05_TEST_02  [standalone] SampleQueue main.processings.processing_0.Video_01_enc_1.encoderQueue_Video_01_enc_1 : skipped 33 samples
Sep 14 02:39:49.537237 BS18_TS05_TEST_02  [standalone] Encoder main.processings.processing_0.Video_01_enc_1.h264_encoder_Video_01_enc_1 : encoded 51 samples late
Sep 25 16:35:16.797071 BS18_TS05_TEST_02  [standalone] Start monitoring (inputSourceId: e9c9447699d94ad9a463e0b93d3e8f55)
Sep 25 16:35:47.255141 BS18_TS05_TEST_02  [standalone] SampleQueue main.processings.processing_0.Video_01_enc_1.encoderQueue_Video_01_enc_1 : skipped 35 samples
Sep 25 16:35:47.255156 BS18_TS05_TEST_02  [standalone] Encoder main.processings.processing_0.Video_01_enc_1.h264_encoder_Video_01_enc_1 : encoded 51 samples late
Oct 25 03:27:36.108776 BS18_TS05_TEST_02  [standalone] Start monitoring (inputSourceId: e9c9447699d94ad9a463e0b93d3e8f55)
Oct 25 03:32:22.118773 BS18_TS05_TEST_02  [standalone] SampleQueue main.processings.processing_0.Video_01_enc_1.encoderQueue_Video_01_enc_1 : skipped 36 samples
Oct 25 03:32:22.118788 BS18_TS05_TEST_02  [standalone] Encoder main.processings.processing_0.Video_01_enc_1.h264_encoder_Video_01_enc_1 : encoded 51 samples late
Nov 16 16:47:10.726354 BS18_TS05_TEST_02  [standalone] Start monitoring (inputSourceId: e9c9447699d94ad9a463e0b93d3e8f55)
Nov 16 16:47:41.255895 BS18_TS05_TEST_02  [standalone] SampleQueue main.processings.processing_0.Video_01_enc_1.encoderQueue_Video_01_enc_1 : skipped 64 samples
Nov 16 16:47:41.255909 BS18_TS05_TEST_02  [standalone] Encoder main.processings.processing_0.Video_01_enc_1.h264_encoder_Video_01_enc_1 : encoded 51 samples late
Nov 23 10:21:21.730671 BS18_TS05_TEST_02  [standalone] Start monitoring (inputSourceId: e9c9447699d94ad9a463e0b93d3e8f55)
Nov 23 10:21:52.183963 BS18_TS05_TEST_02  [standalone] SampleQueue main.processings.processing_0.Video_01_enc_1.encoderQueue_Video_01_enc_1 : skipped 53 samples
Nov 23 10:21:52.183979 BS18_TS05_TEST_02  [standalone] Encoder main.processings.processing_0.Video_01_enc_1.h264_encoder_Video_01_enc_1 : encoded 51 samples late
Nov 28 14:33:58.609395 BS18_TS05_TEST_02  [standalone] Start monitoring (inputSourceId: e9c9447699d94ad9a463e0b93d3e8f55)
Nov 28 14:34:29.044718 BS18_TS05_TEST_02  [standalone] SampleQueue main.processings.processing_0.Video_01_enc_1.encoderQueue_Video_01_enc_1 : skipped 44 samples
Nov 28 14:34:29.044742 BS18_TS05_TEST_02  [standalone] Encoder main.processings.processing_0.Video_01_enc_1.h264_encoder_Video_01_enc_1 : encoded 51 samples late
Dec 18 14:02:49.619056 BS18_TS05_TEST_02  [standalone] Start monitoring (inputSourceId: e9c9447699d94ad9a463e0b93d3e8f55)
Dec 18 14:07:36.232148 BS18_TS05_TEST_02  [standalone] SampleQueue main.processings.processing_0.Video_01_enc_1.encoderQueue_Video_01_enc_1 : skipped 19 samples
Dec 18 14:07:36.232176 BS18_TS05_TEST_02  [standalone] Encoder main.processings.processing_0.Video_01_enc_1.h264_encoder_Video_01_enc_1 : encoded 51 samples late
Jan 24 13:31:32.647816 BS18_TS05_TEST_02  [standalone] Start monitoring (inputSourceId: e9c9447699d94ad9a463e0b93d3e8f55)
Jan 24 13:32:03.105509 BS18_TS05_TEST_02  [standalone] SampleQueue main.processings.processing_0.Video_01_enc_1.encoderQueue_Video_01_enc_1 : skipped 52 samples
Jan 24 13:32:03.105529 BS18_TS05_TEST_02  [standalone] Encoder main.processings.processing_0.Video_01_enc_1.h264_encoder_Video_01_enc_1 : encoded 51 samples late
Feb 27 10:06:26.455837 BS18_TS05_TEST_02  [standalone] Start monitoring (inputSourceId: e9c9447699d94ad9a463e0b93d3e8f55)
Feb 27 10:08:29.872944 BS18_TS05_TEST_02  [standalone] Start monitoring (inputSourceId: e9c9447699d94ad9a463e0b93d3e8f55)
Feb 27 10:11:00.939350 BS18_TS05_TEST_02  [standalone] SampleQueue main.processings.processing_0.Video_01_enc_1.encoderQueue_Video_01_enc_1 : skipped 49 samples
Feb 27 10:11:00.939368 BS18_TS05_TEST_02  [standalone] Encoder main.processings.processing_0.Video_01_enc_1.h264_encoder_Video_01_enc_1 : encoded 51 samples late
