Aug  8 00:52:24.850279 CS16_TS15_NS shop Plus  (Master__input_1_scte35_oob) ----------- Starting SpliceInserter ------------
Aug  8 00:52:24.867241 CS16_TS15_NS shop Plus  (AlternateDynamicLive2__input_1_scte35_oob) ----------- Starting SpliceInserter ------------
Aug  8 00:52:24.870451 CS16_TS15_NS shop Plus  (input_1) ----------- Starting AutomationFilter ------------
Aug  8 00:52:24.906478 CS16_TS15_NS shop Plus  (auto.Processings_0) ----------- Starting EsamStatusNotifier ------------
Aug  8 00:52:25.403394 CS16_TS15_NS shop Plus  (input_1) [AUTOMATION_FILTER] Starting default service TC16_TS10 on AlternateDynamicLive1 (Master__input_1)
Aug  8 00:59:35.286854 CS16_TS15_NS shop Plus  (Master__input_1_scte35_oob) ----------- Starting SpliceInserter ------------
Aug  8 00:59:35.303665 CS16_TS15_NS shop Plus  (AlternateDynamicLive2__input_1_scte35_oob) ----------- Starting SpliceInserter ------------
Aug  8 00:59:35.306846 CS16_TS15_NS shop Plus  (input_1) ----------- Starting AutomationFilter ------------
Aug  8 00:59:35.341799 CS16_TS15_NS shop Plus  (auto.Processings_0) ----------- Starting EsamStatusNotifier ------------
Aug  8 00:59:36.436174 CS16_TS15_NS shop Plus  (input_1) [AUTOMATION_FILTER] Starting default service TC16_TS10 on AlternateDynamicLive1 (Master__input_1)
Aug  8 23:10:33.252391 CS16_TS15_NS shop Plus  (Master__input_1_scte35_oob) ----------- Starting SpliceInserter ------------
Aug  8 23:10:33.268758 CS16_TS15_NS shop Plus  (AlternateDynamicLive2__input_1_scte35_oob) ----------- Starting SpliceInserter ------------
Aug  8 23:10:33.272321 CS16_TS15_NS shop Plus  (input_1) ----------- Starting AutomationFilter ------------
Aug  8 23:10:33.308522 CS16_TS15_NS shop Plus  (auto.Processings_0) ----------- Starting EsamStatusNotifier ------------
Aug  8 23:10:33.732306 CS16_TS15_NS shop Plus  (input_1) [AUTOMATION_FILTER] Starting default service TC16_TS10 on AlternateDynamicLive1 (Master__input_1)
Sep 14 02:31:04.370079 CS16_TS15_NS shop Plus  (Master__input_1_scte35_oob) ----------- Starting SpliceInserter ------------
Sep 14 02:31:04.388514 CS16_TS15_NS shop Plus  (AlternateDynamicLive2__input_1_scte35_oob) ----------- Starting SpliceInserter ------------
Sep 14 02:31:04.392790 CS16_TS15_NS shop Plus  (input_1) ----------- Starting AutomationFilter ------------
Sep 14 02:31:04.431428 CS16_TS15_NS shop Plus  (auto.Processings_0) ----------- Starting EsamStatusNotifier ------------
Sep 14 02:31:04.833304 CS16_TS15_NS shop Plus  (input_1) [AUTOMATION_FILTER] Starting default service TC16_TS10 on AlternateDynamicLive1 (Master__input_1)
Sep 14 02:39:30.598859 CS16_TS15_NS shop Plus  (Master__input_1_scte35_oob) ----------- Starting SpliceInserter ------------
Sep 14 02:39:30.615644 CS16_TS15_NS shop Plus  (AlternateDynamicLive2__input_1_scte35_oob) ----------- Starting SpliceInserter ------------
Sep 14 02:39:30.619383 CS16_TS15_NS shop Plus  (input_1) ----------- Starting AutomationFilter ------------
Sep 14 02:39:30.656610 CS16_TS15_NS shop Plus  (auto.Processings_0) ----------- Starting EsamStatusNotifier ------------
Sep 14 02:39:31.108306 CS16_TS15_NS shop Plus  (input_1) [AUTOMATION_FILTER] Starting default service TC16_TS10 on AlternateDynamicLive1 (Master__input_1)
Sep 25 16:35:25.323826 CS16_TS15_NS shop Plus  (Master__input_1_scte35_oob) ----------- Starting SpliceInserter ------------
Sep 25 16:35:25.340907 CS16_TS15_NS shop Plus  (AlternateDynamicLive2__input_1_scte35_oob) ----------- Starting SpliceInserter ------------
Sep 25 16:35:25.345032 CS16_TS15_NS shop Plus  (input_1) ----------- Starting AutomationFilter ------------
Sep 25 16:35:25.382394 CS16_TS15_NS shop Plus  (auto.Processings_0) ----------- Starting EsamStatusNotifier ------------
Sep 25 16:35:25.821597 CS16_TS15_NS shop Plus  (input_1) [AUTOMATION_FILTER] Starting default service TC16_TS10 on AlternateDynamicLive1 (Master__input_1)
Oct 25 03:27:36.126717 CS16_TS15_NS shop Plus  (Master__input_1_scte35_oob) ----------- Starting SpliceInserter ------------
Oct 25 03:27:36.143406 CS16_TS15_NS shop Plus  (AlternateDynamicLive2__input_1_scte35_oob) ----------- Starting SpliceInserter ------------
Oct 25 03:27:36.146615 CS16_TS15_NS shop Plus  (input_1) ----------- Starting AutomationFilter ------------
Oct 25 03:27:36.180946 CS16_TS15_NS shop Plus  (auto.Processings_0) ----------- Starting EsamStatusNotifier ------------
Oct 25 03:27:37.159343 CS16_TS15_NS shop Plus  (input_1) [AUTOMATION_FILTER] Starting default service TC16_TS10 on AlternateDynamicLive1 (Master__input_1)
Nov 16 16:47:21.468829 CS16_TS15_NS shop Plus  (Master__input_1_scte35_oob) ----------- Starting SpliceInserter ------------
Nov 16 16:47:21.486351 CS16_TS15_NS shop Plus  (AlternateDynamicLive2__input_1_scte35_oob) ----------- Starting SpliceInserter ------------
Nov 16 16:47:21.490038 CS16_TS15_NS shop Plus  (input_1) ----------- Starting AutomationFilter ------------
Nov 16 16:47:21.527576 CS16_TS15_NS shop Plus  (auto.Processings_0) ----------- Starting EsamStatusNotifier ------------
Nov 16 16:47:21.991953 CS16_TS15_NS shop Plus  (input_1) [AUTOMATION_FILTER] Starting default service TC16_TS10 on AlternateDynamicLive1 (Master__input_1)
Nov 23 10:21:27.411522 CS16_TS15_NS shop Plus  (Master__input_1_scte35_oob) ----------- Starting SpliceInserter ------------
Nov 23 10:21:27.427420 CS16_TS15_NS shop Plus  (AlternateDynamicLive2__input_1_scte35_oob) ----------- Starting SpliceInserter ------------
Nov 23 10:21:27.430970 CS16_TS15_NS shop Plus  (input_1) ----------- Starting AutomationFilter ------------
Nov 23 10:21:27.466722 CS16_TS15_NS shop Plus  (auto.Processings_0) ----------- Starting EsamStatusNotifier ------------
Nov 23 10:21:27.922631 CS16_TS15_NS shop Plus  (input_1) [AUTOMATION_FILTER] Starting default service TC16_TS10 on AlternateDynamicLive1 (Master__input_1)
Nov 28 14:34:05.307088 CS16_TS15_NS shop Plus  (Master__input_1_scte35_oob) ----------- Starting SpliceInserter ------------
Nov 28 14:34:05.324052 CS16_TS15_NS shop Plus  (AlternateDynamicLive2__input_1_scte35_oob) ----------- Starting SpliceInserter ------------
Nov 28 14:34:05.327672 CS16_TS15_NS shop Plus  (input_1) ----------- Starting AutomationFilter ------------
Nov 28 14:34:05.363177 CS16_TS15_NS shop Plus  (auto.Processings_0) ----------- Starting EsamStatusNotifier ------------
Nov 28 14:34:05.782555 CS16_TS15_NS shop Plus  (input_1) [AUTOMATION_FILTER] Starting default service TC16_TS10 on AlternateDynamicLive1 (Master__input_1)
Dec 18 14:02:49.624724 CS16_TS15_NS shop Plus  (Master__input_1_scte35_oob) ----------- Starting SpliceInserter ------------
Dec 18 14:02:49.641676 CS16_TS15_NS shop Plus  (AlternateDynamicLive2__input_1_scte35_oob) ----------- Starting SpliceInserter ------------
Dec 18 14:02:49.644840 CS16_TS15_NS shop Plus  (input_1) ----------- Starting AutomationFilter ------------
Dec 18 14:02:49.680439 CS16_TS15_NS shop Plus  (auto.Processings_0) ----------- Starting EsamStatusNotifier ------------
Dec 18 14:02:51.047019 CS16_TS15_NS shop Plus  (input_1) [AUTOMATION_FILTER] Starting default service TC16_TS10 on AlternateDynamicLive1 (Master__input_1)
Jan 24 13:31:39.422864 CS16_TS15_NS shop Plus  (Master__input_1_scte35_oob) ----------- Starting SpliceInserter ------------
Jan 24 13:31:39.438897 CS16_TS15_NS shop Plus  (AlternateDynamicLive2__input_1_scte35_oob) ----------- Starting SpliceInserter ------------
Jan 24 13:31:39.442362 CS16_TS15_NS shop Plus  (input_1) ----------- Starting AutomationFilter ------------
Jan 24 13:31:39.478173 CS16_TS15_NS shop Plus  (auto.Processings_0) ----------- Starting EsamStatusNotifier ------------
Jan 24 13:31:39.886413 CS16_TS15_NS shop Plus  (input_1) [AUTOMATION_FILTER] Starting default service TC16_TS10 on AlternateDynamicLive1 (Master__input_1)
Feb 27 10:06:26.473434 CS16_TS15_NS shop Plus  (Master__input_1_scte35_oob) ----------- Starting SpliceInserter ------------
Feb 27 10:06:26.489928 CS16_TS15_NS shop Plus  (AlternateDynamicLive2__input_1_scte35_oob) ----------- Starting SpliceInserter ------------
Feb 27 10:06:26.493487 CS16_TS15_NS shop Plus  (input_1) ----------- Starting AutomationFilter ------------
Feb 27 10:06:26.527692 CS16_TS15_NS shop Plus  (auto.Processings_0) ----------- Starting EsamStatusNotifier ------------
Feb 27 10:06:27.554965 CS16_TS15_NS shop Plus  (input_1) [AUTOMATION_FILTER] Starting default service TC16_TS10 on AlternateDynamicLive1 (Master__input_1)
Feb 27 10:08:48.270357 CS16_TS15_NS shop Plus  (Master__input_1_scte35_oob) ----------- Starting SpliceInserter ------------
Feb 27 10:08:48.286578 CS16_TS15_NS shop Plus  (AlternateDynamicLive2__input_1_scte35_oob) ----------- Starting SpliceInserter ------------
Feb 27 10:08:48.290523 CS16_TS15_NS shop Plus  (input_1) ----------- Starting AutomationFilter ------------
Feb 27 10:08:48.326930 CS16_TS15_NS shop Plus  (auto.Processings_0) ----------- Starting EsamStatusNotifier ------------
Feb 27 10:08:48.768045 CS16_TS15_NS shop Plus  (input_1) [AUTOMATION_FILTER] Starting default service TC16_TS10 on AlternateDynamicLive1 (Master__input_1)
