Aug  8 00:52:24.838232 BS18_TS01_ENA_TEST  [standalone] Start monitoring (inputSourceId: b9b4c7e17da448ad918dc91469452a66)
Aug  8 00:52:55.192171 BS18_TS01_ENA_TEST  [standalone] SampleQueue main.processings.processing_0.Video_01_enc_1.encoderQueue_Video_01_enc_1 : skipped 37 samples
Aug  8 00:52:55.192198 BS18_TS01_ENA_TEST  [standalone] Encoder main.processings.processing_0.Video_01_enc_1.h264_encoder_Video_01_enc_1 : encoded 71 samples late
Aug  8 00:59:35.270561 BS18_TS01_ENA_TEST  [standalone] Start monitoring (inputSourceId: b9b4c7e17da448ad918dc91469452a66)
Aug  8 01:00:47.896460 BS18_TS01_ENA_TEST  [standalone] Start monitoring (inputSourceId: b9b4c7e17da448ad918dc91469452a66)
Aug  8 01:04:18.956371 BS18_TS01_ENA_TEST  [standalone] Encoder main.processings.processing_0.Video_01_enc_1.h264_encoder_Video_01_enc_1 : encoded 1 samples late
Aug  8 23:10:16.174789 BS18_TS01_ENA_TEST  [standalone] Start monitoring (inputSourceId: b9b4c7e17da448ad918dc91469452a66)
Aug  8 23:10:46.530064 BS18_TS01_ENA_TEST  [standalone] SampleQueue main.processings.processing_0.Video_01_enc_1.encoderQueue_Video_01_enc_1 : skipped 29 samples
Aug  8 23:10:46.530079 BS18_TS01_ENA_TEST  [standalone] Encoder main.processings.processing_0.Video_01_enc_1.h264_encoder_Video_01_enc_1 : encoded 51 samples late
Aug  8 23:10:46.530088 BS18_TS01_ENA_TEST  [standalone] SampleQueue splicer.out.Master__Audio_1_decoded : skipped 1 samples
Sep 14 02:31:00.508798 BS18_TS01_ENA_TEST  [standalone] Start monitoring (inputSourceId: b9b4c7e17da448ad918dc91469452a66)
Sep 14 02:31:30.855498 BS18_TS01_ENA_TEST  [standalone] SampleQueue main.processings.processing_0.Video_01_enc_1.encoderQueue_Video_01_enc_1 : skipped 48 samples
Sep 14 02:31:30.855515 BS18_TS01_ENA_TEST  [standalone] Encoder main.processings.processing_0.Video_01_enc_1.h264_encoder_Video_01_enc_1 : encoded 58 samples late
Sep 14 02:39:08.733255 BS18_TS01_ENA_TEST  [standalone] Start monitoring (inputSourceId: b9b4c7e17da448ad918dc91469452a66)
Sep 14 02:39:39.093430 BS18_TS01_ENA_TEST  [standalone] SampleQueue main.processings.processing_0.Video_01_enc_1.encoderQueue_Video_01_enc_1 : skipped 40 samples
Sep 14 02:39:39.093444 BS18_TS01_ENA_TEST  [standalone] Encoder main.processings.processing_0.Video_01_enc_1.h264_encoder_Video_01_enc_1 : encoded 51 samples late
Sep 14 02:39:39.093452 BS18_TS01_ENA_TEST  [standalone] SampleQueue splicer.out.Master__Audio_1_decoded : skipped 3 samples
Sep 25 16:35:05.258791 BS18_TS01_ENA_TEST  [standalone] Start monitoring (inputSourceId: b9b4c7e17da448ad918dc91469452a66)
Sep 25 16:35:35.607860 BS18_TS01_ENA_TEST  [standalone] Encoder main.processings.processing_0.Video_01_enc_1.h264_encoder_Video_01_enc_1 : encoded 39 samples late
Sep 25 16:35:35.607873 BS18_TS01_ENA_TEST  [standalone] SampleQueue splicer.out.Master__Audio_1_decoded : skipped 35 samples
Sep 25 16:48:19.894015 BS18_TS01_ENA_TEST  [standalone] Start monitoring (inputSourceId: b9b4c7e17da448ad918dc91469452a66)
Sep 25 16:48:50.327461 BS18_TS01_ENA_TEST  [standalone] Encoder main.processings.processing_0.Video_01_enc_1.h264_encoder_Video_01_enc_1 : encoded 44 samples late
Sep 25 16:48:50.327481 BS18_TS01_ENA_TEST  [standalone] SampleQueue splicer.out.Master__Audio_1_decoded : skipped 38 samples
Sep 25 17:11:06.237048 BS18_TS01_ENA_TEST  [standalone] Start monitoring (inputSourceId: b9b4c7e17da448ad918dc91469452a66)
Sep 25 17:11:36.637730 BS18_TS01_ENA_TEST  [standalone] SampleQueue main.processings.processing_0.Video_01_enc_1.encoderQueue_Video_01_enc_1 : skipped 2 samples
Sep 25 17:11:36.637751 BS18_TS01_ENA_TEST  [standalone] Encoder main.processings.processing_0.Video_01_enc_1.h264_encoder_Video_01_enc_1 : encoded 77 samples late
Sep 25 17:11:36.637764 BS18_TS01_ENA_TEST  [standalone] SampleQueue splicer.out.Master__Audio_1_decoded : skipped 41 samples
Sep 25 17:12:33.028022 BS18_TS01_ENA_TEST  [standalone] Start monitoring (inputSourceId: b9b4c7e17da448ad918dc91469452a66)
Sep 25 17:13:03.457208 BS18_TS01_ENA_TEST  [standalone] Encoder main.processings.processing_0.Video_01_enc_1.h264_encoder_Video_01_enc_1 : encoded 77 samples late
Sep 25 17:13:03.457230 BS18_TS01_ENA_TEST  [standalone] SampleQueue splicer.out.Master__Audio_1_decoded : skipped 43 samples
Sep 26 17:33:40.270187 BS18_TS01_ENA_TEST  [standalone] SampleQueue splicer.out.Master__Audio_1_decoded : skipped 7 samples
Sep 27 11:12:36.497934 BS18_TS01_ENA_TEST  [standalone] Encoder main.processings.processing_0.Video_01_enc_1.h264_encoder_Video_01_enc_1 : encoded 212 samples late
Sep 27 11:12:36.497956 BS18_TS01_ENA_TEST  [standalone] SampleQueue splicer.out.Master__Audio_1_decoded : skipped 8 samples
Sep 27 11:17:37.696667 BS18_TS01_ENA_TEST  [standalone] Encoder main.processings.processing_0.Video_01_enc_1.h264_encoder_Video_01_enc_1 : encoded 1 samples late
Sep 27 11:17:37.696692 BS18_TS01_ENA_TEST  [standalone] SampleQueue splicer.out.Master__Audio_1_decoded : skipped 116 samples
Sep 27 11:22:38.907429 BS18_TS01_ENA_TEST  [standalone] Encoder main.processings.processing_0.Video_01_enc_1.h264_encoder_Video_01_enc_1 : encoded 1 samples late
Sep 27 11:22:38.907452 BS18_TS01_ENA_TEST  [standalone] SampleQueue splicer.out.Master__Audio_1_decoded : skipped 34 samples
Sep 27 11:27:40.067850 BS18_TS01_ENA_TEST  [standalone] Encoder main.processings.processing_0.Video_01_enc_1.h264_encoder_Video_01_enc_1 : encoded 16 samples late
Sep 27 11:27:40.067871 BS18_TS01_ENA_TEST  [standalone] SampleQueue splicer.out.Master__Audio_1_decoded : skipped 17 samples
Sep 27 11:32:41.233962 BS18_TS01_ENA_TEST  [standalone] Encoder main.processings.processing_0.Video_01_enc_1.h264_encoder_Video_01_enc_1 : encoded 10 samples late
Sep 27 11:32:41.233988 BS18_TS01_ENA_TEST  [standalone] SampleQueue splicer.out.Master__Audio_1_decoded : skipped 24 samples
Sep 27 11:42:43.558459 BS18_TS01_ENA_TEST  [standalone] SampleQueue splicer.out.Master__Audio_1_decoded : skipped 10 samples
Oct  6 09:41:42.120406 BS18_TS01_ENA_TEST  [standalone] SampleQueue splicer.out.Master__Audio_1_decoded : skipped 1 samples
Oct  6 09:46:43.297795 BS18_TS01_ENA_TEST  [standalone] SampleQueue splicer.out.Master__Audio_1_decoded : skipped 124 samples
Oct  8 09:37:51.222064 BS18_TS01_ENA_TEST  [standalone] SampleQueue splicer.out.Master__Audio_1_decoded : skipped 3 samples
Oct 25 02:58:37.572881 BS18_TS01_ENA_TEST  [standalone] Start monitoring (inputSourceId: b9b4c7e17da448ad918dc91469452a66)
Oct 25 02:59:08.010598 BS18_TS01_ENA_TEST  [standalone] Encoder main.processings.processing_0.Video_01_enc_1.h264_encoder_Video_01_enc_1 : encoded 49 samples late
Oct 25 02:59:08.010611 BS18_TS01_ENA_TEST  [standalone] SampleQueue splicer.out.Master__Audio_1_decoded : skipped 55 samples
Oct 25 03:27:36.108469 BS18_TS01_ENA_TEST  [standalone] Start monitoring (inputSourceId: b9b4c7e17da448ad918dc91469452a66)
Oct 25 03:32:21.960123 BS18_TS01_ENA_TEST  [standalone] Encoder main.processings.processing_0.Video_01_enc_1.h264_encoder_Video_01_enc_1 : encoded 45 samples late
Oct 25 03:32:21.960149 BS18_TS01_ENA_TEST  [standalone] SampleQueue splicer.out.Master__Audio_1_decoded : skipped 40 samples
Nov 16 16:47:01.505624 BS18_TS01_ENA_TEST  [standalone] Start monitoring (inputSourceId: b9b4c7e17da448ad918dc91469452a66)
Nov 16 16:47:31.876176 BS18_TS01_ENA_TEST  [standalone] Encoder main.processings.processing_0.Video_01_enc_1.h264_encoder_Video_01_enc_1 : encoded 41 samples late
Nov 16 16:47:31.876190 BS18_TS01_ENA_TEST  [standalone] SampleQueue splicer.out.Master__Audio_1_decoded : skipped 49 samples
Nov 23 10:21:15.617032 BS18_TS01_ENA_TEST  [standalone] Start monitoring (inputSourceId: b9b4c7e17da448ad918dc91469452a66)
Nov 23 10:21:45.991673 BS18_TS01_ENA_TEST  [standalone] Encoder main.processings.processing_0.Video_01_enc_1.h264_encoder_Video_01_enc_1 : encoded 40 samples late
Nov 23 10:21:45.991686 BS18_TS01_ENA_TEST  [standalone] SampleQueue splicer.out.Master__Audio_1_decoded : skipped 52 samples
Nov 28 14:33:52.158153 BS18_TS01_ENA_TEST  [standalone] Start monitoring (inputSourceId: b9b4c7e17da448ad918dc91469452a66)
Nov 28 14:34:22.525970 BS18_TS01_ENA_TEST  [standalone] Encoder main.processings.processing_0.Video_01_enc_1.h264_encoder_Video_01_enc_1 : encoded 26 samples late
Nov 28 14:34:22.525985 BS18_TS01_ENA_TEST  [standalone] SampleQueue splicer.out.Master__Audio_1_decoded : skipped 48 samples
Nov 29 10:39:50.376857 BS18_TS01_ENA_TEST  [standalone] Start monitoring (inputSourceId: b9b4c7e17da448ad918dc91469452a66)
Nov 29 10:40:20.714067 BS18_TS01_ENA_TEST  [standalone] SampleQueue main.processings.processing_0.Video_01_enc_1.encoderQueue_Video_01_enc_1 : skipped 48 samples
Nov 29 10:40:20.714089 BS18_TS01_ENA_TEST  [standalone] Encoder main.processings.processing_0.Video_01_enc_1.h264_encoder_Video_01_enc_1 : encoded 79 samples late
Dec 13 10:50:50.334665 BS18_TS01_ENA_TEST  [standalone] Encoder main.processings.processing_0.Video_01_enc_1.h264_encoder_Video_01_enc_1 : encoded 1 samples late
Dec 13 14:09:26.627246 BS18_TS01_ENA_TEST  [standalone] Start monitoring (inputSourceId: b9b4c7e17da448ad918dc91469452a66)
Dec 13 14:09:57.001312 BS18_TS01_ENA_TEST  [standalone] SampleQueue main.processings.processing_0.Video_01_enc_1.encoderQueue_Video_01_enc_1 : skipped 57 samples
Dec 13 14:09:57.001326 BS18_TS01_ENA_TEST  [standalone] Encoder main.processings.processing_0.Video_01_enc_1.h264_encoder_Video_01_enc_1 : encoded 77 samples late
Dec 13 16:50:31.624755 BS18_TS01_ENA_TEST  [standalone] Encoder main.processings.processing_0.Video_01_enc_1.h264_encoder_Video_01_enc_1 : encoded 1 samples late
Dec 18 14:02:49.607295 BS18_TS01_ENA_TEST  [standalone] Start monitoring (inputSourceId: b9b4c7e17da448ad918dc91469452a66)
Dec 18 14:02:52.770741 BS18_TS01_ENA_TEST  [standalone] Start monitoring (inputSourceId: b9b4c7e17da448ad918dc91469452a66)
Dec 18 14:07:24.075070 BS18_TS01_ENA_TEST  [standalone] SampleQueue main.processings.processing_0.Video_01_enc_1.encoderQueue_Video_01_enc_1 : skipped 50 samples
Dec 18 14:07:24.075112 BS18_TS01_ENA_TEST  [standalone] Encoder main.processings.processing_0.Video_01_enc_1.h264_encoder_Video_01_enc_1 : encoded 114 samples late
Dec 19 13:18:07.692983 BS18_TS01_ENA_TEST  [standalone] Encoder main.processings.processing_0.Video_01_enc_1.h264_encoder_Video_01_enc_1 : encoded 1 samples late
Dec 19 13:33:11.608105 BS18_TS01_ENA_TEST  [standalone] Encoder main.processings.processing_0.Video_01_enc_1.h264_encoder_Video_01_enc_1 : encoded 2 samples late
Dec 19 13:37:47.370397 BS18_TS01_ENA_TEST  [standalone] Start monitoring (inputSourceId: b9b4c7e17da448ad918dc91469452a66)
Dec 19 13:38:17.792565 BS18_TS01_ENA_TEST  [standalone] SampleQueue main.processings.processing_0.Video_01_enc_1.encoderQueue_Video_01_enc_1 : skipped 38 samples
Dec 19 13:38:17.792580 BS18_TS01_ENA_TEST  [standalone] Encoder main.processings.processing_0.Video_01_enc_1.h264_encoder_Video_01_enc_1 : encoded 80 samples late
Dec 19 13:38:17.792588 BS18_TS01_ENA_TEST  [standalone] SampleQueue splicer.out.Master__Audio_1_decoded : skipped 3 samples
Dec 19 14:33:33.206010 BS18_TS01_ENA_TEST  [standalone] Encoder main.processings.processing_0.Video_01_enc_1.h264_encoder_Video_01_enc_1 : encoded 1 samples late
Dec 20 14:39:51.424950 BS18_TS01_ENA_TEST  [standalone] Encoder main.processings.processing_0.Video_01_enc_1.h264_encoder_Video_01_enc_1 : encoded 1 samples late
Jan 24 13:29:50.374660 BS18_TS01_ENA_TEST  [standalone] Start monitoring (inputSourceId: b9b4c7e17da448ad918dc91469452a66)
Jan 24 13:30:20.751710 BS18_TS01_ENA_TEST  [standalone] SampleQueue main.processings.processing_0.Video_01_enc_1.encoderQueue_Video_01_enc_1 : skipped 46 samples
Jan 24 13:30:20.751733 BS18_TS01_ENA_TEST  [standalone] Encoder main.processings.processing_0.Video_01_enc_1.h264_encoder_Video_01_enc_1 : encoded 114 samples late
Jan 24 13:31:23.830481 BS18_TS01_ENA_TEST  [standalone] Start monitoring (inputSourceId: b9b4c7e17da448ad918dc91469452a66)
Jan 24 13:31:54.195841 BS18_TS01_ENA_TEST  [standalone] SampleQueue main.processings.processing_0.Video_01_enc_1.encoderQueue_Video_01_enc_1 : skipped 51 samples
Jan 24 13:31:54.195857 BS18_TS01_ENA_TEST  [standalone] Encoder main.processings.processing_0.Video_01_enc_1.h264_encoder_Video_01_enc_1 : encoded 53 samples late
Feb  2 00:02:00.680605 BS18_TS01_ENA_TEST  [standalone] Encoder main.processings.processing_0.Video_01_enc_1.h264_encoder_Video_01_enc_1 : encoded 1 samples late
Feb 19 10:35:20.135361 BS18_TS01_ENA_TEST  [standalone] Encoder main.processings.processing_0.Video_01_enc_1.h264_encoder_Video_01_enc_1 : encoded 27 samples late
Feb 19 10:35:20.135377 BS18_TS01_ENA_TEST  [standalone] SampleQueue splicer.out.Master__Audio_1_decoded : skipped 2945 samples
Feb 19 10:40:21.111482 BS18_TS01_ENA_TEST  [standalone] Encoder main.processings.processing_0.Video_01_enc_1.h264_encoder_Video_01_enc_1 : encoded 38 samples late
Feb 19 10:40:21.111496 BS18_TS01_ENA_TEST  [standalone] SampleQueue splicer.out.Master__Audio_1_decoded : skipped 4322 samples
Feb 19 10:45:22.065470 BS18_TS01_ENA_TEST  [standalone] Encoder main.processings.processing_0.Video_01_enc_1.h264_encoder_Video_01_enc_1 : encoded 36 samples late
Feb 19 10:45:22.065488 BS18_TS01_ENA_TEST  [standalone] SampleQueue splicer.out.Master__Audio_1_decoded : skipped 4114 samples
Feb 19 10:50:23.044603 BS18_TS01_ENA_TEST  [standalone] Encoder main.processings.processing_0.Video_01_enc_1.h264_encoder_Video_01_enc_1 : encoded 38 samples late
Feb 19 10:50:23.044624 BS18_TS01_ENA_TEST  [standalone] SampleQueue splicer.out.Master__Audio_1_decoded : skipped 4317 samples
Feb 19 10:55:24.001369 BS18_TS01_ENA_TEST  [standalone] Encoder main.processings.processing_0.Video_01_enc_1.h264_encoder_Video_01_enc_1 : encoded 38 samples late
Feb 19 10:55:24.001384 BS18_TS01_ENA_TEST  [standalone] SampleQueue splicer.out.Master__Audio_1_decoded : skipped 4310 samples
Feb 19 11:00:25.044867 BS18_TS01_ENA_TEST  [standalone] Encoder main.processings.processing_0.Video_01_enc_1.h264_encoder_Video_01_enc_1 : encoded 16 samples late
Feb 19 11:00:25.044887 BS18_TS01_ENA_TEST  [standalone] SampleQueue splicer.out.Master__Audio_1_decoded : skipped 1891 samples
Feb 27 10:06:26.455798 BS18_TS01_ENA_TEST  [standalone] Start monitoring (inputSourceId: b9b4c7e17da448ad918dc91469452a66)
Feb 27 10:08:22.163878 BS18_TS01_ENA_TEST  [standalone] Start monitoring (inputSourceId: b9b4c7e17da448ad918dc91469452a66)
Feb 27 10:11:08.105426 BS18_TS01_ENA_TEST  [standalone] SampleQueue main.processings.processing_0.Video_01_enc_1.encoderQueue_Video_01_enc_1 : skipped 49 samples
Feb 27 10:11:08.105481 BS18_TS01_ENA_TEST  [standalone] Encoder main.processings.processing_0.Video_01_enc_1.h264_encoder_Video_01_enc_1 : encoded 51 samples late
Feb 29 14:48:17.553566 BS18_TS01_ENA_TEST  [standalone] SampleQueue splicer.out.Master__Audio_1_decoded : skipped 1 samples
