Mar 15 08:02:21.347890 CS16_TS16_PlayboyTV  TS_PcrClock.cpp(347) info  ready=1 sys=1461382.3 s pcr=18624.6 s med=1461209.7 s err=-3.2 ms [-34.7..+19.3] aveErr=-2.4 ms [-30.1..+15.0] estErr=-2.8 ms [-24.6..+15.1] rate=+0.3 ppm [-4.5..+3.5] estRate=-12.7 ppm [-77.8..+16.3] estRateErr=-12.9 ppm [-76.9..+16.5] rateChange=-7.0 ppm/hr corr=137.7 table=100% disc=2
Mar 15 08:04:07.941580 CS16_TS16_PlayboyTV  TS_PcrClock.cpp(347) info  ready=1 sys=1461488.9 s pcr=18731.2 s med=1461316.3 s err=+0.2 ms [-33.5..+30.9] aveErr=-0.1 ms [-30.0..+30.0] estErr=-0.0 ms [-34.4..+30.9] rate=+0.5 ppm [-16.7..+18.8] estRate=-6.2 ppm [-95.9..+19.2] estRateErr=-6.7 ppm [-95.0..+29.5] rateChange=-7.0 ppm/hr corr=2.2 table=100% disc=89
Mar 15 08:07:21.702252 CS16_TS16_PlayboyTV  TS_PcrClock.cpp(347) info  ready=1 sys=1461682.7 s pcr=18925.0 s med=1461510.0 s err=-6.7 ms [-34.7..+19.3] aveErr=-4.8 ms [-30.1..+15.0] estErr=-5.4 ms [-24.6..+15.1] rate=-0.3 ppm [-4.5..+3.5] estRate=-9.5 ppm [-77.8..+16.3] estRateErr=-9.2 ppm [-76.9..+16.5] rateChange=-7.0 ppm/hr corr=139.1 table=100% disc=2
Mar 15 08:08:52.974563 CS16_TS16_PlayboyTV  CAP_MediaHandler.cpp(771) info 639990a0dd794986b0de2ac84b000083.padding currentTime 131544153180 deviceEndOfStreamCount 4, firstTimestamp 0 startTime 40050 stopTime 9223372036854775807
Mar 15 08:08:52.974576 CS16_TS16_PlayboyTV  CAP_MediaHandler.cpp(776) info 639990a0dd794986b0de2ac84b000083.padding device (nil) device Type 1 deviceIndex 0, lastTimeStamp 0
Mar 15 08:08:52.974582 CS16_TS16_PlayboyTV  CAP_MediaHandler.cpp(776) info 639990a0dd794986b0de2ac84b000083.padding device (nil) device Type 1 deviceIndex 1, lastTimeStamp 0
Mar 15 08:08:52.974588 CS16_TS16_PlayboyTV  CAP_MediaHandler.cpp(776) info 639990a0dd794986b0de2ac84b000083.padding device (nil) device Type 2 deviceIndex 2, lastTimeStamp 0
Mar 15 08:08:52.974593 CS16_TS16_PlayboyTV  CAP_MediaHandler.cpp(776) info 639990a0dd794986b0de2ac84b000083.padding device (nil) device Type 2 deviceIndex 3, lastTimeStamp 0
Mar 15 08:09:07.993131 CS16_TS16_PlayboyTV  TS_PcrClock.cpp(347) info  ready=1 sys=1461789.0 s pcr=19031.3 s med=1461616.3 s err=-2.8 ms [-33.5..+30.9] aveErr=-2.7 ms [-30.0..+30.0] estErr=-2.9 ms [-34.4..+30.9] rate=-0.1 ppm [-16.7..+18.8] estRate=-8.4 ppm [-95.9..+19.2] estRateErr=-8.3 ppm [-95.0..+29.5] rateChange=-7.0 ppm/hr corr=2.0 table=100% disc=89
Mar 15 08:11:53.984365 CS16_TS16_PlayboyTV  UT_LogLimiter.cpp(183) info Program List 10617 times during 3600 seconds: Failed to decode service or provider name
Mar 15 08:11:53.984379 CS16_TS16_PlayboyTV  DX_Mpeg2TsDemuxerSession.cpp(3717) err Master__input_1_0 Failed to decode service provider name: #025CJP.
Mar 15 08:11:54.993759 CS16_TS16_PlayboyTV  DX_Mpeg2TsDemuxerSession.cpp(3612) err Master__input_1_0 Failed to decode SDT service name: #025Play boy(206)_M.
Mar 15 08:11:54.993773 CS16_TS16_PlayboyTV  DX_Mpeg2TsDemuxerSession.cpp(3717) err Master__input_1_0 Failed to decode service provider name: #025CJP.
Mar 15 08:12:21.775693 CS16_TS16_PlayboyTV  TS_PcrClock.cpp(347) info  ready=1 sys=1461982.8 s pcr=19225.1 s med=1461810.1 s err=-4.0 ms [-34.7..+19.3] aveErr=-5.9 ms [-30.1..+15.0] estErr=-6.3 ms [-24.6..+15.1] rate=-0.9 ppm [-4.5..+3.5] estRate=-4.9 ppm [-77.8..+16.3] estRateErr=-4.1 ppm [-76.9..+16.5] rateChange=-7.0 ppm/hr corr=135.4 table=100% disc=2
Mar 15 08:14:08.045297 CS16_TS16_PlayboyTV  TS_PcrClock.cpp(347) info  ready=1 sys=1462089.0 s pcr=19331.3 s med=1461916.4 s err=-3.6 ms [-33.5..+30.9] aveErr=-3.8 ms [-30.0..+30.0] estErr=-4.1 ms [-34.4..+30.9] rate=-0.7 ppm [-16.7..+18.8] estRate=-5.3 ppm [-95.9..+19.2] estRateErr=-4.6 ppm [-95.0..+29.5] rateChange=-7.0 ppm/hr corr=2.6 table=100% disc=89
Mar 15 08:17:22.258450 CS16_TS16_PlayboyTV  TS_PcrClock.cpp(347) info  ready=1 sys=1462283.2 s pcr=19525.5 s med=1462110.6 s err=-7.7 ms [-34.7..+19.3] aveErr=-5.4 ms [-30.1..+15.0] estErr=-5.5 ms [-24.6..+15.1] rate=-1.3 ppm [-4.5..+3.5] estRate=-0.4 ppm [-77.8..+16.3] estRateErr=+0.9 ppm [-76.9..+16.5] rateChange=-2.1 ppm/hr corr=134.3 table=100% disc=2
Mar 15 08:19:08.096285 CS16_TS16_PlayboyTV  TS_PcrClock.cpp(347) info  ready=1 sys=1462389.1 s pcr=19631.4 s med=1462216.4 s err=-3.1 ms [-33.5..+30.9] aveErr=-3.3 ms [-30.0..+30.0] estErr=-3.6 ms [-34.4..+30.9] rate=-1.1 ppm [-16.7..+18.8] estRate=-0.8 ppm [-95.9..+19.2] estRateErr=+0.4 ppm [-95.0..+29.5] rateChange=-1.7 ppm/hr corr=2.4 table=100% disc=89
Mar 15 08:22:22.757391 CS16_TS16_PlayboyTV  TS_PcrClock.cpp(347) info  ready=1 sys=1462583.7 s pcr=19826.0 s med=1462411.1 s err=-1.2 ms [-34.7..+19.3] aveErr=-3.3 ms [-30.1..+15.0] estErr=-3.5 ms [-24.6..+15.1] rate=-1.1 ppm [-4.5..+3.5] estRate=+4.1 ppm [-77.8..+16.3] estRateErr=+5.3 ppm [-76.9..+16.5] rateChange=+7.0 ppm/hr corr=138.5 table=100% disc=2
Mar 15 08:24:08.148270 CS16_TS16_PlayboyTV  TS_PcrClock.cpp(347) info  ready=1 sys=1462689.1 s pcr=19931.4 s med=1462516.5 s err=-1.4 ms [-33.5..+30.9] aveErr=-1.6 ms [-30.0..+30.0] estErr=-1.8 ms [-34.4..+30.9] rate=-0.9 ppm [-16.7..+18.8] estRate=+3.5 ppm [-95.9..+19.2] estRateErr=+4.3 ppm [-95.0..+29.5] rateChange=+7.0 ppm/hr corr=2.5 table=100% disc=89
Mar 15 08:26:11.766010 CS16_TS16_PlayboyTV  CWA_SignalAnalyzer.cpp(461) info main.inputs.input_0.Video_01.stillImage.stillImageAnalyzer [SMX] Still image detected after a of duration 15015 > 15000
Mar 15 08:26:19.767846 CS16_TS16_PlayboyTV  CWA_SignalAnalyzer.cpp(470) info main.inputs.input_0.Video_01.stillImage.stillImageAnalyzer [SMX] Active image detected
Mar 15 08:27:23.240263 CS16_TS16_PlayboyTV  TS_PcrClock.cpp(347) info  ready=1 sys=1462884.2 s pcr=20126.5 s med=1462711.6 s err=-2.7 ms [-34.7..+19.3] aveErr=-0.5 ms [-30.1..+15.0] estErr=-0.5 ms [-24.6..+15.1] rate=-0.6 ppm [-4.5..+3.5] estRate=+7.7 ppm [-77.8..+16.3] estRateErr=+8.3 ppm [-76.9..+16.5] rateChange=+7.0 ppm/hr corr=137.3 table=100% disc=2
Mar 15 08:29:08.200188 CS16_TS16_PlayboyTV  TS_PcrClock.cpp(347) info  ready=1 sys=1462989.2 s pcr=20231.5 s med=1462816.5 s err=+1.7 ms [-33.5..+30.9] aveErr=+1.5 ms [-30.0..+30.0] estErr=+1.4 ms [-34.4..+30.9] rate=-0.3 ppm [-16.7..+18.8] estRate=+8.5 ppm [-95.9..+19.2] estRateErr=+8.8 ppm [-95.0..+29.5] rateChange=+7.0 ppm/hr corr=2.5 table=100% disc=89
Mar 15 08:29:10.468059 CS16_TS16_PlayboyTV  CWA_SignalAnalyzer.cpp(461) info main.inputs.input_0.Video_01.stillImage.stillImageAnalyzer [SMX] Still image detected after a of duration 15015 > 15000
Mar 15 08:29:11.968372 CS16_TS16_PlayboyTV  CWA_SignalAnalyzer.cpp(470) info main.inputs.input_0.Video_01.stillImage.stillImageAnalyzer [SMX] Active image detected
Mar 15 08:32:23.241467 CS16_TS16_PlayboyTV  TS_PcrClock.cpp(347) info  ready=1 sys=1463184.2 s pcr=20426.5 s med=1463011.6 s err=+0.8 ms [-34.7..+19.3] aveErr=+2.9 ms [-30.1..+15.0] estErr=+3.2 ms [-24.6..+15.1] rate=+0.0 ppm [-4.5..+3.5] estRate=+10.9 ppm [-77.8..+16.3] estRateErr=+10.9 ppm [-76.9..+16.5] rateChange=+7.0 ppm/hr corr=136.5 table=100% disc=2
Mar 15 08:33:29.166126 CS16_TS16_PlayboyTV  CWA_SignalAnalyzer.cpp(461) info main.inputs.input_0.Video_01.stillImage.stillImageAnalyzer [SMX] Still image detected after a of duration 15015 > 15000
Mar 15 08:33:35.668299 CS16_TS16_PlayboyTV  CWA_SignalAnalyzer.cpp(470) info main.inputs.input_0.Video_01.stillImage.stillImageAnalyzer [SMX] Active image detected
Mar 15 08:34:08.251939 CS16_TS16_PlayboyTV  TS_PcrClock.cpp(347) info  ready=1 sys=1463289.2 s pcr=20531.5 s med=1463116.6 s err=+3.6 ms [-33.5..+30.9] aveErr=+3.7 ms [-30.0..+30.0] estErr=+4.1 ms [-34.4..+30.9] rate=+0.3 ppm [-16.7..+18.8] estRate=+8.6 ppm [-95.9..+19.2] estRateErr=+8.3 ppm [-95.0..+29.5] rateChange=+7.0 ppm/hr corr=2.4 table=100% disc=89
Mar 15 08:34:10.967634 CS16_TS16_PlayboyTV  CWA_SignalAnalyzer.cpp(461) info main.inputs.input_0.Video_01.stillImage.stillImageAnalyzer [SMX] Still image detected after a of duration 15015 > 15000
Mar 15 08:34:37.667879 CS16_TS16_PlayboyTV  CWA_SignalAnalyzer.cpp(470) info main.inputs.input_0.Video_01.stillImage.stillImageAnalyzer [SMX] Active image detected
Mar 15 08:35:09.066158 CS16_TS16_PlayboyTV  CWA_SignalAnalyzer.cpp(461) info main.inputs.input_0.Video_01.stillImage.stillImageAnalyzer [SMX] Still image detected after a of duration 15015 > 15000
Mar 15 08:35:19.268076 CS16_TS16_PlayboyTV  CWA_SignalAnalyzer.cpp(470) info main.inputs.input_0.Video_01.stillImage.stillImageAnalyzer [SMX] Active image detected
Mar 15 08:35:45.869054 CS16_TS16_PlayboyTV  CWA_SignalAnalyzer.cpp(461) info main.inputs.input_0.Video_01.stillImage.stillImageAnalyzer [SMX] Still image detected after a of duration 15015 > 15000
Mar 15 08:36:30.869036 CS16_TS16_PlayboyTV  ELT_AlarmHandler.cpp(285) info liveEncodings/639990a0dd794986b0de2ac84b000083/CS16_TS16_PlayboyTV/inputVideo/Video_01 Added alarm alarm.capture.videoblackout
Mar 15 08:36:30.869113 CS16_TS16_PlayboyTV  CWO_RedisAlarmDispatcher.cpp(506) info alarmDispatcher@127.0.0.1:6380 Raising alarm with {"additionalInformation":"Input video still image for service=CS16_TS16_PlayboyTV;inputVideo=Video_01;sdt=CS16_TS16_PlayboyTV","alarmCode":10300,"alarmId":"alarm.capture.videoblackout","date":"2024-03-14T23:36:30.869Z","label":"Input video still image","objectId":"liveEncodings/639990a0dd794986b0de2ac84b000083/inputVideo/Video_01","seqNum":135,"serverId":"standalone","severity":"minor"}
Mar 15 08:36:30.887226 CS16_TS16_PlayboyTV  CWO_RedisAlarmDispatcher.cpp(311) info alarmDispatcher@127.0.0.1:6380 Key "alarms/servers/standalone/liveEncodings/639990a0dd794986b0de2ac84b000083" available again
Mar 15 08:36:35.465973 CS16_TS16_PlayboyTV  CWA_SignalAnalyzer.cpp(470) info main.inputs.input_0.Video_01.stillImage.stillImageAnalyzer [SMX] Active image detected
Mar 15 08:36:35.467066 CS16_TS16_PlayboyTV  ELT_AlarmHandler.cpp(306) info liveEncodings/639990a0dd794986b0de2ac84b000083/CS16_TS16_PlayboyTV/inputVideo/Video_01 Deleting alarm alarm.capture.videoblackout 
Mar 15 08:36:35.467095 CS16_TS16_PlayboyTV  CWO_RedisAlarmDispatcher.cpp(686) info alarmDispatcher@127.0.0.1:6380 Clearing alarm with *alarm.capture.videoblackout*liveEncodings/639990a0dd794986b0de2ac84b000083/inputVideo/Video_01* @ 2024-03-14T23:36:35.467Z
Mar 15 08:36:35.467379 CS16_TS16_PlayboyTV  CWO_RedisAlarmDispatcher.cpp(614) info alarmDispatcher@127.0.0.1:6380 Added clear notification: {"additionalInformation":"Input video still image for service=CS16_TS16_PlayboyTV;inputVideo=Video_01;sdt=CS16_TS16_PlayboyTV","alarmCode":10300,"alarmId":"alarm.capture.videoblackout","date":"2024-03-14T23:36:35.467Z","label":"Input video still image","objectId":"liveEncodings/639990a0dd794986b0de2ac84b000083/inputVideo/Video_01","seqNum":136,"serverId":"standalone","severity":"minor","state":"cleared"}
Mar 15 08:36:36.891678 CS16_TS16_PlayboyTV  CWO_RedisAlarmDispatcher.cpp(323) warning alarmDispatcher@127.0.0.1:6380 Key "alarms/servers/standalone/liveEncodings/639990a0dd794986b0de2ac84b000083" is missing (no alarms?). Redis replied with Integer "0"
Mar 15 08:37:23.668127 CS16_TS16_PlayboyTV  TS_PcrClock.cpp(347) info  ready=1 sys=1463484.7 s pcr=20727.0 s med=1463312.0 s err=+3.4 ms [-34.7..+19.3] aveErr=+4.8 ms [-30.1..+15.0] estErr=+5.3 ms [-24.6..+15.1] rate=+0.6 ppm [-4.5..+3.5] estRate=+7.9 ppm [-77.8..+16.3] estRateErr=+7.4 ppm [-76.9..+16.5] rateChange=+7.0 ppm/hr corr=136.7 table=100% disc=2
Mar 15 08:39:08.303012 CS16_TS16_PlayboyTV  TS_PcrClock.cpp(347) info  ready=1 sys=1463589.3 s pcr=20831.6 s med=1463416.6 s err=+4.1 ms [-33.5..+30.9] aveErr=+4.3 ms [-30.0..+30.0] estErr=+4.6 ms [-34.4..+30.9] rate=+0.9 ppm [-16.7..+18.8] estRate=+3.7 ppm [-95.9..+19.2] estRateErr=+2.9 ppm [-95.0..+29.5] rateChange=+7.0 ppm/hr corr=2.4 table=100% disc=89
Mar 15 08:42:24.167061 CS16_TS16_PlayboyTV  TS_PcrClock.cpp(347) info  ready=1 sys=1463785.2 s pcr=21027.5 s med=1463612.5 s err=+8.7 ms [-34.7..+19.3] aveErr=+5.3 ms [-30.1..+15.0] estErr=+5.6 ms [-24.6..+15.1] rate=+1.1 ppm [-4.5..+3.5] estRate=+3.5 ppm [-77.8..+16.3] estRateErr=+2.4 ppm [-76.9..+16.5] rateChange=+7.0 ppm/hr corr=136.2 table=100% disc=2
Mar 15 08:44:08.355495 CS16_TS16_PlayboyTV  TS_PcrClock.cpp(347) info  ready=1 sys=1463889.3 s pcr=21131.6 s med=1463716.7 s err=+3.5 ms [-33.5..+30.9] aveErr=+3.2 ms [-30.0..+30.0] estErr=+3.5 ms [-34.4..+30.9] rate=+1.1 ppm [-16.7..+18.8] estRate=-1.0 ppm [-95.9..+19.2] estRateErr=-2.1 ppm [-95.0..+29.5] rateChange=-2.1 ppm/hr corr=2.4 table=100% disc=89
Mar 15 08:47:24.224393 CS16_TS16_PlayboyTV  TS_PcrClock.cpp(347) info  ready=1 sys=1464085.2 s pcr=21327.5 s med=1463912.6 s err=+1.5 ms [-34.7..+19.3] aveErr=+4.0 ms [-30.1..+15.0] estErr=+4.3 ms [-24.6..+15.1] rate=+1.4 ppm [-4.5..+3.5] estRate=-1.3 ppm [-77.8..+16.3] estRateErr=-2.7 ppm [-76.9..+16.5] rateChange=-2.7 ppm/hr corr=135.4 table=100% disc=2
Mar 15 08:49:08.407040 CS16_TS16_PlayboyTV  TS_PcrClock.cpp(347) info  ready=1 sys=1464189.4 s pcr=21431.7 s med=1464016.7 s err=+0.6 ms [-33.5..+30.9] aveErr=+0.8 ms [-30.0..+30.0] estErr=+1.0 ms [-34.4..+30.9] rate=+0.6 ppm [-16.7..+18.8] estRate=-5.7 ppm [-95.9..+19.2] estRateErr=-6.4 ppm [-95.0..+29.5] rateChange=-7.0 ppm/hr corr=2.5 table=100% disc=89
Mar 15 08:51:19.468596 CS16_TS16_PlayboyTV  CWA_SignalAnalyzer.cpp(461) info main.inputs.input_0.Video_01.stillImage.stillImageAnalyzer [SMX] Still image detected after a of duration 15015 > 15000
Mar 15 08:51:20.669742 CS16_TS16_PlayboyTV  CWA_SignalAnalyzer.cpp(470) info main.inputs.input_0.Video_01.stillImage.stillImageAnalyzer [SMX] Active image detected
Mar 15 08:52:24.297895 CS16_TS16_PlayboyTV  TS_PcrClock.cpp(347) info  ready=1 sys=1464385.3 s pcr=21627.6 s med=1464212.6 s err=+1.6 ms [-34.7..+19.3] aveErr=+1.1 ms [-30.1..+15.0] estErr=+1.5 ms [-24.6..+15.1] rate=+0.9 ppm [-4.5..+3.5] estRate=-6.3 ppm [-77.8..+16.3] estRateErr=-7.2 ppm [-76.9..+16.5] rateChange=-7.0 ppm/hr corr=136.4 table=100% disc=2
Mar 15 08:52:36.868274 CS16_TS16_PlayboyTV  CWA_SignalAnalyzer.cpp(461) info main.inputs.input_0.Video_01.stillImage.stillImageAnalyzer [SMX] Still image detected after a of duration 15015 > 15000
Mar 15 08:52:50.167679 CS16_TS16_PlayboyTV  CWA_SignalAnalyzer.cpp(470) info main.inputs.input_0.Video_01.stillImage.stillImageAnalyzer [SMX] Active image detected
Mar 15 08:54:08.458939 CS16_TS16_PlayboyTV  TS_PcrClock.cpp(347) info  ready=1 sys=1464489.4 s pcr=21731.7 s med=1464316.8 s err=-3.0 ms [-33.5..+30.9] aveErr=-2.6 ms [-30.0..+30.0] estErr=-2.7 ms [-34.4..+30.9] rate=+0.1 ppm [-16.7..+18.8] estRate=-10.3 ppm [-95.9..+19.2] estRateErr=-10.4 ppm [-95.0..+29.5] rateChange=-7.0 ppm/hr corr=2.3 table=100% disc=89
Mar 15 08:57:24.780595 CS16_TS16_PlayboyTV  TS_PcrClock.cpp(347) info  ready=1 sys=1464685.8 s pcr=21928.1 s med=1464513.1 s err=-5.2 ms [-34.7..+19.3] aveErr=-2.3 ms [-30.1..+15.0] estErr=-2.4 ms [-24.6..+15.1] rate=+0.3 ppm [-4.5..+3.5] estRate=-10.9 ppm [-77.8..+16.3] estRateErr=-11.2 ppm [-76.9..+16.5] rateChange=-7.0 ppm/hr corr=133.8 table=100% disc=2
Mar 15 08:57:38.867145 CS16_TS16_PlayboyTV  CWA_SignalAnalyzer.cpp(461) info main.inputs.input_0.Video_01.stillImage.stillImageAnalyzer [SMX] Still image detected after a of duration 15015 > 15000
Mar 15 08:57:44.666849 CS16_TS16_PlayboyTV  CWA_SignalAnalyzer.cpp(470) info main.inputs.input_0.Video_01.stillImage.stillImageAnalyzer [SMX] Active image detected
Mar 15 08:59:08.510021 CS16_TS16_PlayboyTV  TS_PcrClock.cpp(347) info  ready=1 sys=1464789.5 s pcr=22031.8 s med=1464616.9 s err=-5.0 ms [-33.5..+30.9] aveErr=-4.8 ms [-30.0..+30.0] estErr=-5.2 ms [-34.4..+30.9] rate=-0.5 ppm [-16.7..+18.8] estRate=-8.9 ppm [-95.9..+19.2] estRateErr=-8.4 ppm [-95.0..+29.5] rateChange=-7.0 ppm/hr corr=2.6 table=100% disc=89
Mar 15 09:02:24.805914 CS16_TS16_PlayboyTV  TS_PcrClock.cpp(347) info  ready=1 sys=1464985.8 s pcr=22228.1 s med=1464813.1 s err=-7.6 ms [-34.7..+19.3] aveErr=-5.4 ms [-30.1..+15.0] estErr=-5.6 ms [-24.6..+15.1] rate=-0.3 ppm [-4.5..+3.5] estRate=-10.5 ppm [-77.8..+16.3] estRateErr=-10.2 ppm [-76.9..+16.5] rateChange=-7.0 ppm/hr corr=136.1 table=100% disc=2
Mar 15 09:04:08.562174 CS16_TS16_PlayboyTV  TS_PcrClock.cpp(347) info  ready=1 sys=1465089.6 s pcr=22331.9 s med=1464916.9 s err=-5.3 ms [-33.5..+30.9] aveErr=-5.3 ms [-30.0..+30.0] estErr=-5.7 ms [-34.4..+30.9] rate=-1.1 ppm [-16.7..+18.8] estRate=-4.0 ppm [-95.9..+19.2] estRateErr=-2.9 ppm [-95.0..+29.5] rateChange=-7.0 ppm/hr corr=2.7 table=100% disc=89
Mar 15 09:07:25.304933 CS16_TS16_PlayboyTV  TS_PcrClock.cpp(347) info  ready=1 sys=1465286.3 s pcr=22528.6 s med=1465113.6 s err=-4.3 ms [-34.7..+19.3] aveErr=-6.5 ms [-30.1..+15.0] estErr=-6.8 ms [-24.6..+15.1] rate=-0.8 ppm [-4.5..+3.5] estRate=-5.9 ppm [-77.8..+16.3] estRateErr=-5.1 ppm [-76.9..+16.5] rateChange=-7.0 ppm/hr corr=135.7 table=100% disc=2
Mar 15 09:08:52.980233 CS16_TS16_PlayboyTV  CAP_MediaHandler.cpp(771) info 639990a0dd794986b0de2ac84b000083.padding currentTime 131868153630 deviceEndOfStreamCount 4, firstTimestamp 0 startTime 40050 stopTime 9223372036854775807
Mar 15 09:08:52.980250 CS16_TS16_PlayboyTV  CAP_MediaHandler.cpp(776) info 639990a0dd794986b0de2ac84b000083.padding device (nil) device Type 1 deviceIndex 0, lastTimeStamp 0
Mar 15 09:08:52.980260 CS16_TS16_PlayboyTV  CAP_MediaHandler.cpp(776) info 639990a0dd794986b0de2ac84b000083.padding device (nil) device Type 1 deviceIndex 1, lastTimeStamp 0
Mar 15 09:08:52.980268 CS16_TS16_PlayboyTV  CAP_MediaHandler.cpp(776) info 639990a0dd794986b0de2ac84b000083.padding device (nil) device Type 2 deviceIndex 2, lastTimeStamp 0
Mar 15 09:08:52.980276 CS16_TS16_PlayboyTV  CAP_MediaHandler.cpp(776) info 639990a0dd794986b0de2ac84b000083.padding device (nil) device Type 2 deviceIndex 3, lastTimeStamp 0
Mar 15 09:09:08.613730 CS16_TS16_PlayboyTV  TS_PcrClock.cpp(347) info  ready=1 sys=1465389.6 s pcr=22631.9 s med=1465217.0 s err=-4.8 ms [-33.5..+30.9] aveErr=-4.6 ms [-30.0..+30.0] estErr=-4.7 ms [-34.4..+30.9] rate=-1.4 ppm [-16.7..+18.8] estRate=+0.4 ppm [-95.9..+19.2] estRateErr=+1.9 ppm [-95.0..+29.5] rateChange=+0.6 ppm/hr corr=2.2 table=100% disc=89
Mar 15 09:11:54.187377 CS16_TS16_PlayboyTV  UT_LogLimiter.cpp(183) info Program List 10629 times during 3600 seconds: Failed to decode service or provider name
Mar 15 09:11:54.187398 CS16_TS16_PlayboyTV  DX_Mpeg2TsDemuxerSession.cpp(3717) err Master__input_1_0 Failed to decode service provider name: #025CJP.
Mar 15 09:11:55.198422 CS16_TS16_PlayboyTV  DX_Mpeg2TsDemuxerSession.cpp(3612) err Master__input_1_0 Failed to decode SDT service name: #025Play boy(206)_M.
Mar 15 09:11:55.198444 CS16_TS16_PlayboyTV  DX_Mpeg2TsDemuxerSession.cpp(3717) err Master__input_1_0 Failed to decode service provider name: #025CJP.
Mar 15 09:12:25.305969 CS16_TS16_PlayboyTV  TS_PcrClock.cpp(347) info  ready=1 sys=1465586.3 s pcr=22828.6 s med=1465413.6 s err=-3.9 ms [-34.7..+19.3] aveErr=-6.0 ms [-30.1..+15.0] estErr=-6.2 ms [-24.6..+15.1] rate=-1.4 ppm [-4.5..+3.5] estRate=-1.0 ppm [-77.8..+16.3] estRateErr=+0.4 ppm [-76.9..+16.5] rateChange=-3.6 ppm/hr corr=136.2 table=100% disc=2
Mar 15 09:14:08.665764 CS16_TS16_PlayboyTV  TS_PcrClock.cpp(347) info  ready=1 sys=1465689.7 s pcr=22932.0 s med=1465517.0 s err=-2.5 ms [-33.5..+30.9] aveErr=-2.3 ms [-30.0..+30.0] estErr=-2.5 ms [-34.4..+30.9] rate=-1.0 ppm [-16.7..+18.8] estRate=+4.8 ppm [-95.9..+19.2] estRateErr=+5.8 ppm [-95.0..+29.5] rateChange=+7.0 ppm/hr corr=2.6 table=100% disc=89
Mar 15 09:17:25.708589 CS16_TS16_PlayboyTV  TS_PcrClock.cpp(347) info  ready=1 sys=1465886.7 s pcr=23129.0 s med=1465714.0 s err=-0.6 ms [-34.7..+19.3] aveErr=-4.1 ms [-30.1..+15.0] estErr=-4.5 ms [-24.6..+15.1] rate=-1.3 ppm [-4.5..+3.5] estRate=+3.0 ppm [-77.8..+16.3] estRateErr=+4.2 ppm [-76.9..+16.5] rateChange=+5.9 ppm/hr corr=136.1 table=100% disc=2
Mar 15 09:19:08.717042 CS16_TS16_PlayboyTV  TS_PcrClock.cpp(347) info  ready=1 sys=1465989.7 s pcr=23232.0 s med=1465817.1 s err=+1.3 ms [-33.5..+30.9] aveErr=+1.3 ms [-30.0..+30.0] estErr=+1.2 ms [-34.4..+30.9] rate=-0.5 ppm [-16.7..+18.8] estRate=+9.8 ppm [-95.9..+19.2] estRateErr=+10.3 ppm [-95.0..+29.5] rateChange=+7.0 ppm/hr corr=2.6 table=100% disc=89
Mar 15 09:21:10.868278 CS16_TS16_PlayboyTV  CWA_SignalAnalyzer.cpp(461) info main.inputs.input_0.Video_01.stillImage.stillImageAnalyzer [SMX] Still image detected after a of duration 15015 > 15000
Mar 15 09:21:12.567615 CS16_TS16_PlayboyTV  CWA_SignalAnalyzer.cpp(470) info main.inputs.input_0.Video_01.stillImage.stillImageAnalyzer [SMX] Active image detected
Mar 15 09:22:26.191384 CS16_TS16_PlayboyTV  TS_PcrClock.cpp(347) info  ready=1 sys=1466187.2 s pcr=23429.5 s med=1466014.5 s err=-2.2 ms [-34.7..+19.3] aveErr=-1.1 ms [-30.1..+15.0] estErr=-1.3 ms [-24.6..+15.1] rate=-0.7 ppm [-4.5..+3.5] estRate=+7.9 ppm [-77.8..+16.3] estRateErr=+8.6 ppm [-76.9..+16.5] rateChange=+7.0 ppm/hr corr=136.0 table=100% disc=2
Mar 15 09:24:08.769211 CS16_TS16_PlayboyTV  TS_PcrClock.cpp(347) info  ready=1 sys=1466289.8 s pcr=23532.1 s med=1466117.1 s err=+4.7 ms [-33.5..+30.9] aveErr=+4.5 ms [-30.0..+30.0] estErr=+4.9 ms [-34.4..+30.9] rate=+0.1 ppm [-16.7..+18.8] estRate=+11.3 ppm [-95.9..+19.2] estRateErr=+11.1 ppm [-95.0..+29.5] rateChange=+7.0 ppm/hr corr=2.2 table=100% disc=89
Mar 15 09:27:26.690411 CS16_TS16_PlayboyTV  TS_PcrClock.cpp(347) info  ready=1 sys=1466487.7 s pcr=23730.0 s med=1466315.0 s err=+5.0 ms [-34.7..+19.3] aveErr=+2.3 ms [-30.1..+15.0] estErr=+2.4 ms [-24.6..+15.1] rate=-0.1 ppm [-4.5..+3.5] estRate=+10.9 ppm [-77.8..+16.3] estRateErr=+11.0 ppm [-76.9..+16.5] rateChange=+7.0 ppm/hr corr=135.3 table=100% disc=2
Mar 15 09:29:08.820821 CS16_TS16_PlayboyTV  TS_PcrClock.cpp(347) info  ready=1 sys=1466589.8 s pcr=23832.1 s med=1466417.2 s err=+5.7 ms [-33.5..+30.9] aveErr=+5.9 ms [-30.0..+30.0] estErr=+6.3 ms [-34.4..+30.9] rate=+0.7 ppm [-16.7..+18.8] estRate=+6.8 ppm [-95.9..+19.2] estRateErr=+6.1 ppm [-95.0..+29.5] rateChange=+7.0 ppm/hr corr=2.6 table=100% disc=89
Mar 15 09:32:27.149122 CS16_TS16_PlayboyTV  TS_PcrClock.cpp(347) info  ready=1 sys=1466788.1 s pcr=24030.4 s med=1466615.5 s err=+1.4 ms [-34.7..+19.3] aveErr=+4.2 ms [-30.1..+15.0] estErr=+4.7 ms [-24.6..+15.1] rate=+0.4 ppm [-4.5..+3.5] estRate=+8.5 ppm [-77.8..+16.3] estRateErr=+8.0 ppm [-76.9..+16.5] rateChange=+7.0 ppm/hr corr=136.8 table=100% disc=2
Mar 15 09:34:08.872362 CS16_TS16_PlayboyTV  TS_PcrClock.cpp(347) info  ready=1 sys=1466889.9 s pcr=24132.2 s med=1466717.2 s err=+6.0 ms [-33.5..+30.9] aveErr=+5.8 ms [-30.0..+30.0] estErr=+6.1 ms [-34.4..+30.9] rate=+1.3 ppm [-16.7..+18.8] estRate=+1.7 ppm [-95.9..+19.2] estRateErr=+0.5 ppm [-95.0..+29.5] rateChange=+5.3 ppm/hr corr=2.5 table=100% disc=89
Mar 15 09:37:27.447315 CS16_TS16_PlayboyTV  TS_PcrClock.cpp(347) info  ready=1 sys=1467088.4 s pcr=24330.7 s med=1466915.8 s err=+6.2 ms [-34.7..+19.3] aveErr=+4.7 ms [-30.1..+15.0] estErr=+5.1 ms [-24.6..+15.1] rate=+1.0 ppm [-4.5..+3.5] estRate=+3.7 ppm [-77.8..+16.3] estRateErr=+2.7 ppm [-76.9..+16.5] rateChange=+7.0 ppm/hr corr=136.1 table=100% disc=2
Mar 15 09:39:08.923590 CS16_TS16_PlayboyTV  TS_PcrClock.cpp(347) info  ready=1 sys=1467189.9 s pcr=24432.2 s med=1467017.3 s err=+4.4 ms [-33.5..+30.9] aveErr=+4.1 ms [-30.0..+30.0] estErr=+4.3 ms [-34.4..+30.9] rate=+1.3 ppm [-16.7..+18.8] estRate=-2.8 ppm [-95.9..+19.2] estRateErr=-4.1 ppm [-95.0..+29.5] rateChange=-5.7 ppm/hr corr=2.4 table=100% disc=89
Mar 15 09:42:27.472552 CS16_TS16_PlayboyTV  TS_PcrClock.cpp(347) info  ready=1 sys=1467388.5 s pcr=24630.8 s med=1467215.8 s err=+7.0 ms [-34.7..+19.3] aveErr=+3.7 ms [-30.1..+15.0] estErr=+3.9 ms [-24.6..+15.1] rate=+1.2 ppm [-4.5..+3.5] estRate=-1.1 ppm [-77.8..+16.3] estRateErr=-2.4 ppm [-76.9..+16.5] rateChange=-2.3 ppm/hr corr=135.1 table=100% disc=2
Mar 15 09:44:08.975491 CS16_TS16_PlayboyTV  TS_PcrClock.cpp(347) info  ready=1 sys=1467490.0 s pcr=24732.3 s med=1467317.3 s err=+1.2 ms [-33.5..+30.9] aveErr=+1.0 ms [-30.0..+30.0] estErr=+1.2 ms [-34.4..+30.9] rate=+0.7 ppm [-16.7..+18.8] estRate=-7.8 ppm [-95.9..+19.2] estRateErr=-8.5 ppm [-95.0..+29.5] rateChange=-7.0 ppm/hr corr=2.8 table=100% disc=89
Mar 15 09:44:27.067942 CS16_TS16_PlayboyTV  CWA_SignalAnalyzer.cpp(461) info main.inputs.input_0.Video_01.stillImage.stillImageAnalyzer [SMX] Still image detected after a of duration 15015 > 15000
Mar 15 09:44:30.965985 CS16_TS16_PlayboyTV  CWA_SignalAnalyzer.cpp(470) info main.inputs.input_0.Video_01.stillImage.stillImageAnalyzer [SMX] Active image detected
Mar 15 09:44:45.967074 CS16_TS16_PlayboyTV  CWA_SignalAnalyzer.cpp(461) info main.inputs.input_0.Video_01.stillImage.stillImageAnalyzer [SMX] Still image detected after a of duration 15015 > 15000
Mar 15 09:44:47.266083 CS16_TS16_PlayboyTV  CWA_SignalAnalyzer.cpp(470) info main.inputs.input_0.Video_01.stillImage.stillImageAnalyzer [SMX] Active image detected
Mar 15 09:47:27.473768 CS16_TS16_PlayboyTV  TS_PcrClock.cpp(347) info  ready=1 sys=1467688.5 s pcr=24930.8 s med=1467515.8 s err=+3.3 ms [-34.7..+19.3] aveErr=+1.3 ms [-30.1..+15.0] estErr=+1.5 ms [-24.6..+15.1] rate=+0.8 ppm [-4.5..+3.5] estRate=-5.3 ppm [-77.8..+16.3] estRateErr=-6.0 ppm [-76.9..+16.5] rateChange=-7.0 ppm/hr corr=136.1 table=100% disc=2
Mar 15 09:49:09.027084 CS16_TS16_PlayboyTV  TS_PcrClock.cpp(347) info  ready=1 sys=1467790.0 s pcr=25032.3 s med=1467617.4 s err=-3.1 ms [-33.5..+30.9] aveErr=-2.9 ms [-30.0..+30.0] estErr=-3.1 ms [-34.4..+30.9] rate=+0.1 ppm [-16.7..+18.8] estRate=-12.3 ppm [-95.9..+19.2] estRateErr=-12.4 ppm [-95.0..+29.5] rateChange=-7.0 ppm/hr corr=2.1 table=100% disc=89
Mar 15 09:52:27.627416 CS16_TS16_PlayboyTV  TS_PcrClock.cpp(347) info  ready=1 sys=1467988.6 s pcr=25230.9 s med=1467816.0 s err=-1.0 ms [-34.7..+19.3] aveErr=-1.9 ms [-30.1..+15.0] estErr=-1.9 ms [-24.6..+15.1] rate=+0.2 ppm [-4.5..+3.5] estRate=-9.5 ppm [-77.8..+16.3] estRateErr=-9.7 ppm [-76.9..+16.5] rateChange=-7.0 ppm/hr corr=134.9 table=100% disc=2
Mar 15 09:54:09.079003 CS16_TS16_PlayboyTV  TS_PcrClock.cpp(347) info  ready=1 sys=1468090.1 s pcr=25332.4 s med=1467917.4 s err=-5.6 ms [-33.5..+30.9] aveErr=-5.4 ms [-30.0..+30.0] estErr=-5.8 ms [-34.4..+30.9] rate=-0.5 ppm [-16.7..+18.8] estRate=-9.9 ppm [-95.9..+19.2] estRateErr=-9.4 ppm [-95.0..+29.5] rateChange=-7.0 ppm/hr corr=2.5 table=100% disc=89
Mar 15 09:57:28.110212 CS16_TS16_PlayboyTV  TS_PcrClock.cpp(347) info  ready=1 sys=1468289.1 s pcr=25531.4 s med=1468116.4 s err=-7.3 ms [-34.7..+19.3] aveErr=-4.4 ms [-30.1..+15.0] estErr=-4.8 ms [-24.6..+15.1] rate=-0.4 ppm [-4.5..+3.5] estRate=-9.3 ppm [-77.8..+16.3] estRateErr=-8.9 ppm [-76.9..+16.5] rateChange=-7.0 ppm/hr corr=135.7 table=100% disc=2
Mar 15 09:59:09.130699 CS16_TS16_PlayboyTV  TS_PcrClock.cpp(347) info  ready=1 sys=1468390.1 s pcr=25632.4 s med=1468217.5 s err=-6.7 ms [-33.5..+30.9] aveErr=-6.2 ms [-30.0..+30.0] estErr=-6.5 ms [-34.4..+30.9] rate=-1.1 ppm [-16.7..+18.8] estRate=-4.9 ppm [-95.9..+19.2] estRateErr=-3.8 ppm [-95.0..+29.5] rateChange=-7.0 ppm/hr corr=2.7 table=100% disc=89
Mar 15 10:02:28.159557 CS16_TS16_PlayboyTV  TS_PcrClock.cpp(347) info  ready=1 sys=1468589.1 s pcr=25831.4 s med=1468416.5 s err=-5.4 ms [-34.7..+19.3] aveErr=-5.0 ms [-30.1..+15.0] estErr=-5.2 ms [-24.6..+15.1] rate=-0.9 ppm [-4.5..+3.5] estRate=-4.1 ppm [-77.8..+16.3] estRateErr=-3.2 ppm [-76.9..+16.5] rateChange=-7.0 ppm/hr corr=137.5 table=100% disc=2
Mar 15 10:04:09.182818 CS16_TS16_PlayboyTV  TS_PcrClock.cpp(347) info  ready=1 sys=1468690.2 s pcr=25932.5 s med=1468517.5 s err=-5.8 ms [-33.5..+30.9] aveErr=-5.5 ms [-30.0..+30.0] estErr=-5.7 ms [-34.4..+30.9] rate=-1.5 ppm [-16.7..+18.8] estRate=-0.2 ppm [-95.9..+19.2] estRateErr=+1.3 ppm [-95.0..+29.5] rateChange=-1.3 ppm/hr corr=2.4 table=100% disc=89
Mar 15 10:07:28.184778 CS16_TS16_PlayboyTV  TS_PcrClock.cpp(347) info  ready=1 sys=1468889.2 s pcr=26131.5 s med=1468716.5 s err=-3.7 ms [-34.7..+19.3] aveErr=-4.1 ms [-30.1..+15.0] estErr=-4.4 ms [-24.6..+15.1] rate=-1.3 ppm [-4.5..+3.5] estRate=+0.1 ppm [-77.8..+16.3] estRateErr=+1.4 ppm [-76.9..+16.5] rateChange=-0.2 ppm/hr corr=136.3 table=100% disc=2
Mar 15 10:08:52.981847 CS16_TS16_PlayboyTV  CAP_MediaHandler.cpp(771) info 639990a0dd794986b0de2ac84b000083.padding currentTime 132192153810 deviceEndOfStreamCount 4, firstTimestamp 0 startTime 40050 stopTime 9223372036854775807
Mar 15 10:08:52.981861 CS16_TS16_PlayboyTV  CAP_MediaHandler.cpp(776) info 639990a0dd794986b0de2ac84b000083.padding device (nil) device Type 1 deviceIndex 0, lastTimeStamp 0
Mar 15 10:08:52.981870 CS16_TS16_PlayboyTV  CAP_MediaHandler.cpp(776) info 639990a0dd794986b0de2ac84b000083.padding device (nil) device Type 1 deviceIndex 1, lastTimeStamp 0
Mar 15 10:08:52.981878 CS16_TS16_PlayboyTV  CAP_MediaHandler.cpp(776) info 639990a0dd794986b0de2ac84b000083.padding device (nil) device Type 2 deviceIndex 2, lastTimeStamp 0
Mar 15 10:08:52.981885 CS16_TS16_PlayboyTV  CAP_MediaHandler.cpp(776) info 639990a0dd794986b0de2ac84b000083.padding device (nil) device Type 2 deviceIndex 3, lastTimeStamp 0
Mar 15 10:09:09.233977 CS16_TS16_PlayboyTV  TS_PcrClock.cpp(347) info  ready=1 sys=1468990.2 s pcr=26232.5 s med=1468817.6 s err=-3.5 ms [-33.5..+30.9] aveErr=-3.5 ms [-30.0..+30.0] estErr=-3.7 ms [-34.4..+30.9] rate=-1.3 ppm [-16.7..+18.8] estRate=+3.9 ppm [-95.9..+19.2] estRateErr=+5.1 ppm [-95.0..+29.5] rateChange=+7.0 ppm/hr corr=2.4 table=100% disc=89
Mar 15 10:11:54.268222 CS16_TS16_PlayboyTV  UT_LogLimiter.cpp(183) info Program List 10615 times during 3600 seconds: Failed to decode service or provider name
Mar 15 10:11:54.268234 CS16_TS16_PlayboyTV  DX_Mpeg2TsDemuxerSession.cpp(3717) err Master__input_1_0 Failed to decode service provider name: #025CJP.
Mar 15 10:11:54.402831 CS16_TS16_PlayboyTV  DX_Mpeg2TsDemuxerSession.cpp(3612) err Master__input_1_0 Failed to decode SDT service name: #025Play boy(206)_M.
Mar 15 10:11:54.402846 CS16_TS16_PlayboyTV  DX_Mpeg2TsDemuxerSession.cpp(3717) err Master__input_1_0 Failed to decode service provider name: #025CJP.
Mar 15 10:12:28.635597 CS16_TS16_PlayboyTV  TS_PcrClock.cpp(347) info  ready=1 sys=1469189.6 s pcr=26431.9 s med=1469017.0 s err=+1.6 ms [-34.7..+19.3] aveErr=-2.3 ms [-30.1..+15.0] estErr=-2.4 ms [-24.6..+15.1] rate=-1.0 ppm [-4.5..+3.5] estRate=+4.0 ppm [-77.8..+16.3] estRateErr=+5.0 ppm [-76.9..+16.5] rateChange=+7.0 ppm/hr corr=137.1 table=100% disc=2
Mar 15 10:14:09.286196 CS16_TS16_PlayboyTV  TS_PcrClock.cpp(347) info  ready=1 sys=1469290.3 s pcr=26532.6 s med=1469117.6 s err=+0.1 ms [-33.5..+30.9] aveErr=-0.0 ms [-30.0..+30.0] estErr=-0.3 ms [-34.4..+30.9] rate=-0.7 ppm [-16.7..+18.8] estRate=+8.9 ppm [-95.9..+19.2] estRateErr=+9.6 ppm [-95.0..+29.5] rateChange=+7.0 ppm/hr corr=2.8 table=100% disc=89
Mar 15 10:17:29.118489 CS16_TS16_PlayboyTV  TS_PcrClock.cpp(347) info  ready=1 sys=1469490.1 s pcr=26732.4 s med=1469317.5 s err=-0.3 ms [-34.7..+19.3] aveErr=+1.2 ms [-30.1..+15.0] estErr=+1.2 ms [-24.6..+15.1] rate=-0.4 ppm [-4.5..+3.5] estRate=+9.6 ppm [-77.8..+16.3] estRateErr=+10.0 ppm [-76.9..+16.5] rateChange=+7.0 ppm/hr corr=136.6 table=100% disc=2
Mar 15 10:19:09.362773 CS16_TS16_PlayboyTV  TS_PcrClock.cpp(347) info  ready=1 sys=1469590.4 s pcr=26832.7 s med=1469417.7 s err=+4.2 ms [-33.5..+30.9] aveErr=+4.3 ms [-30.0..+30.0] estErr=+4.4 ms [-34.4..+30.9] rate=-0.1 ppm [-16.7..+18.8] estRate=+13.6 ppm [-95.9..+19.2] estRateErr=+13.7 ppm [-95.0..+29.5] rateChange=+7.0 ppm/hr corr=2.4 table=100% disc=89
Mar 15 10:22:29.344360 CS16_TS16_PlayboyTV  TS_PcrClock.cpp(347) info  ready=1 sys=1469790.3 s pcr=27032.6 s med=1469617.7 s err=+5.3 ms [-34.7..+19.3] aveErr=+5.3 ms [-30.1..+15.0] estErr=+5.4 ms [-24.6..+15.1] rate=+0.2 ppm [-4.5..+3.5] estRate=+12.5 ppm [-77.8..+16.3] estRateErr=+12.4 ppm [-76.9..+16.5] rateChange=+7.0 ppm/hr corr=135.7 table=100% disc=2
Mar 15 10:24:09.414192 CS16_TS16_PlayboyTV  TS_PcrClock.cpp(347) info  ready=1 sys=1469890.4 s pcr=27132.7 s med=1469717.8 s err=+7.6 ms [-33.5..+30.9] aveErr=+7.4 ms [-30.0..+30.0] estErr=+7.9 ms [-34.4..+30.9] rate=+0.5 ppm [-16.7..+18.8] estRate=+12.0 ppm [-95.9..+19.2] estRateErr=+11.5 ppm [-95.0..+29.5] rateChange=+7.0 ppm/hr corr=2.9 table=100% disc=89
Mar 15 10:27:29.698968 CS16_TS16_PlayboyTV  TS_PcrClock.cpp(347) info  ready=1 sys=1470090.7 s pcr=27333.0 s med=1469918.0 s err=+4.8 ms [-34.7..+19.3] aveErr=+6.6 ms [-30.1..+15.0] estErr=+7.2 ms [-24.6..+15.1] rate=+0.7 ppm [-4.5..+3.5] estRate=+7.8 ppm [-77.8..+16.3] estRateErr=+7.1 ppm [-76.9..+16.5] rateChange=+7.0 ppm/hr corr=136.9 table=100% disc=2
Mar 15 10:28:32.166505 CS16_TS16_PlayboyTV  CWA_SignalAnalyzer.cpp(461) info main.inputs.input_0.Video_01.stillImage.stillImageAnalyzer [SMX] Still image detected after a of duration 15015 > 15000
Mar 15 10:28:40.266947 CS16_TS16_PlayboyTV  CWA_SignalAnalyzer.cpp(470) info main.inputs.input_0.Video_01.stillImage.stillImageAnalyzer [SMX] Active image detected
Mar 15 10:29:09.466200 CS16_TS16_PlayboyTV  TS_PcrClock.cpp(347) info  ready=1 sys=1470190.5 s pcr=27432.8 s med=1470017.8 s err=+8.8 ms [-33.5..+30.9] aveErr=+8.7 ms [-30.0..+30.0] estErr=+9.1 ms [-34.4..+30.9] rate=+1.1 ppm [-16.7..+18.8] estRate=+6.5 ppm [-95.9..+19.2] estRateErr=+5.4 ppm [-95.0..+29.5] rateChange=+7.0 ppm/hr corr=2.6 table=100% disc=89
Mar 15 10:29:13.566072 CS16_TS16_PlayboyTV  CWA_SignalAnalyzer.cpp(461) info main.inputs.input_0.Video_01.stillImage.stillImageAnalyzer [SMX] Still image detected after a of duration 15015 > 15000
Mar 15 10:29:15.467741 CS16_TS16_PlayboyTV  CWA_SignalAnalyzer.cpp(470) info main.inputs.input_0.Video_01.stillImage.stillImageAnalyzer [SMX] Active image detected
Mar 15 10:29:32.366004 CS16_TS16_PlayboyTV  CWA_SignalAnalyzer.cpp(461) info main.inputs.input_0.Video_01.stillImage.stillImageAnalyzer [SMX] Still image detected after a of duration 15015 > 15000
Mar 15 10:29:49.067013 CS16_TS16_PlayboyTV  CWA_SignalAnalyzer.cpp(470) info main.inputs.input_0.Video_01.stillImage.stillImageAnalyzer [SMX] Active image detected
Mar 15 10:31:34.866015 CS16_TS16_PlayboyTV  CWA_SignalAnalyzer.cpp(461) info main.inputs.input_0.Video_01.stillImage.stillImageAnalyzer [SMX] Still image detected after a of duration 15015 > 15000
Mar 15 10:31:34.967938 CS16_TS16_PlayboyTV  CWA_SignalAnalyzer.cpp(470) info main.inputs.input_0.Video_01.stillImage.stillImageAnalyzer [SMX] Active image detected
Mar 15 10:32:21.966963 CS16_TS16_PlayboyTV  CWA_SignalAnalyzer.cpp(461) info main.inputs.input_0.Video_01.stillImage.stillImageAnalyzer [SMX] Still image detected after a of duration 15015 > 15000
Mar 15 10:32:22.467711 CS16_TS16_PlayboyTV  CWA_SignalAnalyzer.cpp(470) info main.inputs.input_0.Video_01.stillImage.stillImageAnalyzer [SMX] Active image detected
Mar 15 10:32:30.197886 CS16_TS16_PlayboyTV  TS_PcrClock.cpp(347) info  ready=1 sys=1470391.2 s pcr=27633.5 s med=1470218.5 s err=+9.1 ms [-34.7..+19.3] aveErr=+7.1 ms [-30.1..+15.0] estErr=+7.4 ms [-24.6..+15.1] rate=+1.3 ppm [-4.5..+3.5] estRate=+3.1 ppm [-77.8..+16.3] estRateErr=+1.8 ppm [-76.9..+16.5] rateChange=+7.0 ppm/hr corr=136.6 table=100% disc=2
Mar 15 10:32:40.468630 CS16_TS16_PlayboyTV  CWA_SignalAnalyzer.cpp(461) info main.inputs.input_0.Video_01.stillImage.stillImageAnalyzer [SMX] Still image detected after a of duration 15015 > 15000
Mar 15 10:32:41.066972 CS16_TS16_PlayboyTV  CWA_SignalAnalyzer.cpp(470) info main.inputs.input_0.Video_01.stillImage.stillImageAnalyzer [SMX] Active image detected
Mar 15 10:33:33.267035 CS16_TS16_PlayboyTV  CWA_SignalAnalyzer.cpp(461) info main.inputs.input_0.Video_01.stillImage.stillImageAnalyzer [SMX] Still image detected after a of duration 15015 > 15000
Mar 15 10:33:52.266102 CS16_TS16_PlayboyTV  CWA_SignalAnalyzer.cpp(470) info main.inputs.input_0.Video_01.stillImage.stillImageAnalyzer [SMX] Active image detected
Mar 15 10:34:09.542252 CS16_TS16_PlayboyTV  TS_PcrClock.cpp(347) info  ready=1 sys=1470490.5 s pcr=27732.8 s med=1470317.9 s err=+8.6 ms [-33.5..+30.9] aveErr=+8.4 ms [-30.0..+30.0] estErr=+8.7 ms [-34.4..+30.9] rate=+1.7 ppm [-16.7..+18.8] estRate=+1.8 ppm [-95.9..+19.2] estRateErr=+0.1 ppm [-95.0..+29.5] rateChange=+6.5 ppm/hr corr=2.5 table=100% disc=89
Mar 15 10:37:30.279071 CS16_TS16_PlayboyTV  TS_PcrClock.cpp(347) info  ready=1 sys=1470691.3 s pcr=27933.6 s med=1470518.6 s err=+2.8 ms [-34.7..+19.3] aveErr=+5.7 ms [-30.1..+15.0] estErr=+5.9 ms [-24.6..+15.1] rate=+1.5 ppm [-4.5..+3.5] estRate=-1.8 ppm [-77.8..+16.3] estRateErr=-3.4 ppm [-76.9..+16.5] rateChange=-3.0 ppm/hr corr=135.8 table=100% disc=2
Mar 15 10:39:09.594755 CS16_TS16_PlayboyTV  TS_PcrClock.cpp(347) info  ready=1 sys=1470790.6 s pcr=28032.9 s med=1470617.9 s err=+6.2 ms [-33.5..+30.9] aveErr=+6.7 ms [-30.0..+30.0] estErr=+6.9 ms [-34.4..+30.9] rate=+1.7 ppm [-16.7..+18.8] estRate=-2.8 ppm [-95.9..+19.2] estRateErr=-4.5 ppm [-95.0..+29.5] rateChange=-4.8 ppm/hr corr=2.6 table=100% disc=89
Mar 15 10:42:30.729865 CS16_TS16_PlayboyTV  TS_PcrClock.cpp(347) info  ready=1 sys=1470991.7 s pcr=28234.0 s med=1470819.1 s err=+2.3 ms [-34.7..+19.3] aveErr=+3.0 ms [-30.1..+15.0] estErr=+3.2 ms [-24.6..+15.1] rate=+1.0 ppm [-4.5..+3.5] estRate=-6.2 ppm [-77.8..+16.3] estRateErr=-7.3 ppm [-76.9..+16.5] rateChange=-7.0 ppm/hr corr=135.9 table=100% disc=2
Mar 15 10:44:09.646384 CS16_TS16_PlayboyTV  TS_PcrClock.cpp(347) info  ready=1 sys=1471090.6 s pcr=28332.9 s med=1470918.0 s err=+3.6 ms [-33.5..+30.9] aveErr=+3.5 ms [-30.0..+30.0] estErr=+3.6 ms [-34.4..+30.9] rate=+1.2 ppm [-16.7..+18.8] estRate=-7.7 ppm [-95.9..+19.2] estRateErr=-8.9 ppm [-95.0..+29.5] rateChange=-7.0 ppm/hr corr=2.7 table=100% disc=89
Mar 15 10:47:31.228886 CS16_TS16_PlayboyTV  TS_PcrClock.cpp(347) info  ready=1 sys=1471292.2 s pcr=28534.5 s med=1471119.6 s err=+2.5 ms [-34.7..+19.3] aveErr=-0.7 ms [-30.1..+15.0] estErr=-1.0 ms [-24.6..+15.1] rate=+0.5 ppm [-4.5..+3.5] estRate=-11.3 ppm [-77.8..+16.3] estRateErr=-11.8 ppm [-76.9..+16.5] rateChange=-7.0 ppm/hr corr=135.2 table=100% disc=2
Mar 15 10:49:09.697883 CS16_TS16_PlayboyTV  TS_PcrClock.cpp(347) info  ready=1 sys=1471390.7 s pcr=28633.0 s med=1471218.0 s err=-0.4 ms [-33.5..+30.9] aveErr=+0.0 ms [-30.0..+30.0] estErr=-0.1 ms [-34.4..+30.9] rate=+0.6 ppm [-16.7..+18.8] estRate=-10.5 ppm [-95.9..+19.2] estRateErr=-11.1 ppm [-95.0..+29.5] rateChange=-7.0 ppm/hr corr=1.9 table=100% disc=89
Mar 15 10:50:37.867123 CS16_TS16_PlayboyTV  CWA_SignalAnalyzer.cpp(461) info main.inputs.input_0.Video_01.stillImage.stillImageAnalyzer [SMX] Still image detected after a of duration 15015 > 15000
Mar 15 10:50:40.166192 CS16_TS16_PlayboyTV  CWA_SignalAnalyzer.cpp(470) info main.inputs.input_0.Video_01.stillImage.stillImageAnalyzer [SMX] Active image detected
Mar 15 10:50:55.167039 CS16_TS16_PlayboyTV  CWA_SignalAnalyzer.cpp(461) info main.inputs.input_0.Video_01.stillImage.stillImageAnalyzer [SMX] Still image detected after a of duration 15015 > 15000
Mar 15 10:51:01.266964 CS16_TS16_PlayboyTV  CWA_SignalAnalyzer.cpp(470) info main.inputs.input_0.Video_01.stillImage.stillImageAnalyzer [SMX] Active image detected
Mar 15 10:52:31.687544 CS16_TS16_PlayboyTV  TS_PcrClock.cpp(347) info  ready=1 sys=1471592.7 s pcr=28835.0 s med=1471420.0 s err=-4.4 ms [-34.7..+19.3] aveErr=-4.1 ms [-30.1..+15.0] estErr=-4.5 ms [-24.6..+15.1] rate=-0.1 ppm [-4.5..+3.5] estRate=-11.1 ppm [-77.8..+16.3] estRateErr=-11.0 ppm [-76.9..+16.5] rateChange=-7.0 ppm/hr corr=134.9 table=100% disc=2
Mar 15 10:54:09.749896 CS16_TS16_PlayboyTV  TS_PcrClock.cpp(347) info  ready=1 sys=1471690.7 s pcr=28933.0 s med=1471518.1 s err=-4.0 ms [-33.5..+30.9] aveErr=-3.6 ms [-30.0..+30.0] estErr=-3.8 ms [-34.4..+30.9] rate=-0.0 ppm [-16.7..+18.8] estRate=-11.7 ppm [-95.9..+19.2] estRateErr=-11.7 ppm [-95.0..+29.5] rateChange=-7.0 ppm/hr corr=2.1 table=100% disc=89
Mar 15 10:57:32.009871 CS16_TS16_PlayboyTV  TS_PcrClock.cpp(347) info  ready=1 sys=1471893.0 s pcr=29135.3 s med=1471720.3 s err=-2.1 ms [-34.7..+19.3] aveErr=-5.4 ms [-30.1..+15.0] estErr=-6.0 ms [-24.6..+15.1] rate=-0.7 ppm [-4.5..+3.5] estRate=-6.9 ppm [-77.8..+16.3] estRateErr=-6.3 ppm [-76.9..+16.5] rateChange=-7.0 ppm/hr corr=136.2 table=100% disc=2
Mar 15 10:59:09.801391 CS16_TS16_PlayboyTV  TS_PcrClock.cpp(347) info  ready=1 sys=1471990.8 s pcr=29233.1 s med=1471818.1 s err=-5.3 ms [-33.5..+30.9] aveErr=-5.4 ms [-30.0..+30.0] estErr=-5.8 ms [-34.4..+30.9] rate=-0.6 ppm [-16.7..+18.8] estRate=-8.0 ppm [-95.9..+19.2] estRateErr=-7.4 ppm [-95.0..+29.5] rateChange=-7.0 ppm/hr corr=2.7 table=100% disc=89
Mar 15 11:02:32.091299 CS16_TS16_PlayboyTV  TS_PcrClock.cpp(347) info  ready=1 sys=1472193.1 s pcr=29435.4 s med=1472020.4 s err=-6.2 ms [-34.7..+19.3] aveErr=-5.7 ms [-30.1..+15.0] estErr=-6.0 ms [-24.6..+15.1] rate=-1.2 ppm [-4.5..+3.5] estRate=-2.6 ppm [-77.8..+16.3] estRateErr=-1.3 ppm [-76.9..+16.5] rateChange=-7.0 ppm/hr corr=135.6 table=100% disc=2
Mar 15 11:04:09.852531 CS16_TS16_PlayboyTV  TS_PcrClock.cpp(347) info  ready=1 sys=1472290.8 s pcr=29533.1 s med=1472118.2 s err=-5.4 ms [-33.5..+30.9] aveErr=-5.7 ms [-30.0..+30.0] estErr=-6.0 ms [-34.4..+30.9] rate=-1.2 ppm [-16.7..+18.8] estRate=-3.1 ppm [-95.9..+19.2] estRateErr=-2.0 ppm [-95.0..+29.5] rateChange=-7.0 ppm/hr corr=2.4 table=100% disc=89
Mar 15 11:07:32.590184 CS16_TS16_PlayboyTV  TS_PcrClock.cpp(347) info  ready=1 sys=1472493.6 s pcr=29735.9 s med=1472320.9 s err=-0.4 ms [-34.7..+19.3] aveErr=-4.0 ms [-30.1..+15.0] estErr=-4.5 ms [-24.6..+15.1] rate=-1.4 ppm [-4.5..+3.5] estRate=+2.0 ppm [-77.8..+16.3] estRateErr=+3.4 ppm [-76.9..+16.5] rateChange=+4.0 ppm/hr corr=136.4 table=100% disc=2
Mar 15 11:08:52.986571 CS16_TS16_PlayboyTV  CAP_MediaHandler.cpp(771) info 639990a0dd794986b0de2ac84b000083.padding currentTime 132516154170 deviceEndOfStreamCount 4, firstTimestamp 0 startTime 40050 stopTime 9223372036854775807
Mar 15 11:08:52.986587 CS16_TS16_PlayboyTV  CAP_MediaHandler.cpp(776) info 639990a0dd794986b0de2ac84b000083.padding device (nil) device Type 1 deviceIndex 0, lastTimeStamp 0
Mar 15 11:08:52.986594 CS16_TS16_PlayboyTV  CAP_MediaHandler.cpp(776) info 639990a0dd794986b0de2ac84b000083.padding device (nil) device Type 1 deviceIndex 1, lastTimeStamp 0
Mar 15 11:08:52.986601 CS16_TS16_PlayboyTV  CAP_MediaHandler.cpp(776) info 639990a0dd794986b0de2ac84b000083.padding device (nil) device Type 2 deviceIndex 2, lastTimeStamp 0
Mar 15 11:08:52.986607 CS16_TS16_PlayboyTV  CAP_MediaHandler.cpp(776) info 639990a0dd794986b0de2ac84b000083.padding device (nil) device Type 2 deviceIndex 3, lastTimeStamp 0
Mar 15 11:09:09.904962 CS16_TS16_PlayboyTV  TS_PcrClock.cpp(347) info  ready=1 sys=1472590.9 s pcr=29833.2 s med=1472418.2 s err=-4.8 ms [-33.5..+30.9] aveErr=-4.7 ms [-30.0..+30.0] estErr=-4.9 ms [-34.4..+30.9] rate=-1.4 ppm [-16.7..+18.8] estRate=+1.1 ppm [-95.9..+19.2] estRateErr=+2.5 ppm [-95.0..+29.5] rateChange=+1.9 ppm/hr corr=2.4 table=100% disc=89
Mar 15 11:11:54.369491 CS16_TS16_PlayboyTV  UT_LogLimiter.cpp(183) info Program List 10611 times during 3600 seconds: Failed to decode service or provider name
Mar 15 11:11:54.369514 CS16_TS16_PlayboyTV  DX_Mpeg2TsDemuxerSession.cpp(3717) err Master__input_1_0 Failed to decode service provider name: #025CJP.
Mar 15 11:11:55.091187 CS16_TS16_PlayboyTV  DX_Mpeg2TsDemuxerSession.cpp(3612) err Master__input_1_0 Failed to decode SDT service name: #025Play boy(206)_M.
Mar 15 11:11:55.091221 CS16_TS16_PlayboyTV  DX_Mpeg2TsDemuxerSession.cpp(3717) err Master__input_1_0 Failed to decode service provider name: #025CJP.
Mar 15 11:12:32.599346 CS16_TS16_PlayboyTV  TS_PcrClock.cpp(347) info  ready=1 sys=1472793.6 s pcr=30035.9 s med=1472620.9 s err=-4.9 ms [-34.7..+19.3] aveErr=-1.7 ms [-30.1..+15.0] estErr=-1.7 ms [-24.6..+15.1] rate=-0.8 ppm [-4.5..+3.5] estRate=+6.6 ppm [-77.8..+16.3] estRateErr=+7.4 ppm [-76.9..+16.5] rateChange=+7.0 ppm/hr corr=135.9 table=100% disc=2
Mar 15 11:14:09.956887 CS16_TS16_PlayboyTV  TS_PcrClock.cpp(347) info  ready=1 sys=1472890.9 s pcr=30133.2 s med=1472718.3 s err=-2.3 ms [-33.5..+30.9] aveErr=-2.2 ms [-30.0..+30.0] estErr=-2.4 ms [-34.4..+30.9] rate=-1.0 ppm [-16.7..+18.8] estRate=+5.5 ppm [-95.9..+19.2] estRateErr=+6.5 ppm [-95.0..+29.5] rateChange=+7.0 ppm/hr corr=2.7 table=100% disc=89
Mar 15 11:16:19.467108 CS16_TS16_PlayboyTV  CWA_SignalAnalyzer.cpp(461) info main.inputs.input_0.Video_01.stillImage.stillImageAnalyzer [SMX] Still image detected after a of duration 15015 > 15000
Mar 15 11:16:21.567198 CS16_TS16_PlayboyTV  CWA_SignalAnalyzer.cpp(470) info main.inputs.input_0.Video_01.stillImage.stillImageAnalyzer [SMX] Active image detected
Mar 15 11:16:36.666078 CS16_TS16_PlayboyTV  CWA_SignalAnalyzer.cpp(461) info main.inputs.input_0.Video_01.stillImage.stillImageAnalyzer [SMX] Still image detected after a of duration 15015 > 15000
Mar 15 11:16:42.266976 CS16_TS16_PlayboyTV  CWA_SignalAnalyzer.cpp(470) info main.inputs.input_0.Video_01.stillImage.stillImageAnalyzer [SMX] Active image detected
Mar 15 11:17:32.672741 CS16_TS16_PlayboyTV  TS_PcrClock.cpp(347) info  ready=1 sys=1473093.7 s pcr=30336.0 s med=1472921.0 s err=+1.4 ms [-34.7..+19.3] aveErr=+1.8 ms [-30.1..+15.0] estErr=+1.8 ms [-24.6..+15.1] rate=-0.3 ppm [-4.5..+3.5] estRate=+9.9 ppm [-77.8..+16.3] estRateErr=+10.2 ppm [-76.9..+16.5] rateChange=+7.0 ppm/hr corr=136.3 table=100% disc=2
Mar 15 11:18:18.966115 CS16_TS16_PlayboyTV  CWA_SignalAnalyzer.cpp(461) info main.inputs.input_0.Video_01.stillImage.stillImageAnalyzer [SMX] Still image detected after a of duration 15015 > 15000
Mar 15 11:18:20.966868 CS16_TS16_PlayboyTV  CWA_SignalAnalyzer.cpp(470) info main.inputs.input_0.Video_01.stillImage.stillImageAnalyzer [SMX] Active image detected
Mar 15 11:18:35.968401 CS16_TS16_PlayboyTV  CWA_SignalAnalyzer.cpp(461) info main.inputs.input_0.Video_01.stillImage.stillImageAnalyzer [SMX] Still image detected after a of duration 15015 > 15000
Mar 15 11:18:42.267597 CS16_TS16_PlayboyTV  CWA_SignalAnalyzer.cpp(470) info main.inputs.input_0.Video_01.stillImage.stillImageAnalyzer [SMX] Active image detected
Mar 15 11:19:10.007881 CS16_TS16_PlayboyTV  TS_PcrClock.cpp(347) info  ready=1 sys=1473191.0 s pcr=30433.3 s med=1473018.3 s err=+1.0 ms [-33.5..+30.9] aveErr=+1.1 ms [-30.0..+30.0] estErr=+1.2 ms [-34.4..+30.9] rate=-0.4 ppm [-16.7..+18.8] estRate=+9.8 ppm [-95.9..+19.2] estRateErr=+10.1 ppm [-95.0..+29.5] rateChange=+7.0 ppm/hr corr=2.1 table=100% disc=89
Mar 15 11:22:32.698168 CS16_TS16_PlayboyTV  TS_PcrClock.cpp(347) info  ready=1 sys=1473393.7 s pcr=30636.0 s med=1473221.0 s err=+4.7 ms [-34.7..+19.3] aveErr=+3.8 ms [-30.1..+15.0] estErr=+4.3 ms [-24.6..+15.1] rate=+0.3 ppm [-4.5..+3.5] estRate=+8.7 ppm [-77.8..+16.3] estRateErr=+8.4 ppm [-76.9..+16.5] rateChange=+7.0 ppm/hr corr=133.3 table=100% disc=2
Mar 15 11:24:10.059323 CS16_TS16_PlayboyTV  TS_PcrClock.cpp(347) info  ready=1 sys=1473491.1 s pcr=30733.3 s med=1473318.4 s err=+4.0 ms [-33.5..+30.9] aveErr=+3.8 ms [-30.0..+30.0] estErr=+4.1 ms [-34.4..+30.9] rate=+0.2 ppm [-16.7..+18.8] estRate=+9.4 ppm [-95.9..+19.2] estRateErr=+9.2 ppm [-95.0..+29.5] rateChange=+7.0 ppm/hr corr=2.2 table=100% disc=89
Mar 15 11:27:33.100672 CS16_TS16_PlayboyTV  TS_PcrClock.cpp(347) info  ready=1 sys=1473694.1 s pcr=30936.4 s med=1473521.4 s err=+4.9 ms [-34.7..+19.3] aveErr=+4.6 ms [-30.1..+15.0] estErr=+5.0 ms [-24.6..+15.1] rate=+0.9 ppm [-4.5..+3.5] estRate=+4.5 ppm [-77.8..+16.3] estRateErr=+3.7 ppm [-76.9..+16.5] rateChange=+7.0 ppm/hr corr=135.4 table=100% disc=2
Mar 15 11:29:10.111764 CS16_TS16_PlayboyTV  TS_PcrClock.cpp(347) info  ready=1 sys=1473791.1 s pcr=31033.4 s med=1473618.5 s err=+4.4 ms [-33.5..+30.9] aveErr=+4.7 ms [-30.0..+30.0] estErr=+5.1 ms [-34.4..+30.9] rate=+0.8 ppm [-16.7..+18.8] estRate=+5.2 ppm [-95.9..+19.2] estRateErr=+4.4 ppm [-95.0..+29.5] rateChange=+7.0 ppm/hr corr=2.6 table=100% disc=89
Mar 15 11:32:33.150006 CS16_TS16_PlayboyTV  TS_PcrClock.cpp(347) info  ready=1 sys=1473994.1 s pcr=31236.4 s med=1473821.5 s err=+6.3 ms [-34.7..+19.3] aveErr=+3.8 ms [-30.1..+15.0] estErr=+3.9 ms [-24.6..+15.1] rate=+1.2 ppm [-4.5..+3.5] estRate=-0.5 ppm [-77.8..+16.3] estRateErr=-1.7 ppm [-76.9..+16.5] rateChange=-0.9 ppm/hr corr=136.2 table=100% disc=2
Mar 15 11:33:17.766682 CS16_TS16_PlayboyTV  CWA_SignalAnalyzer.cpp(461) info main.inputs.input_0.Video_01.stillImage.stillImageAnalyzer [SMX] Still image detected after a of duration 15015 > 15000
Mar 15 11:33:19.066085 CS16_TS16_PlayboyTV  CWA_SignalAnalyzer.cpp(470) info main.inputs.input_0.Video_01.stillImage.stillImageAnalyzer [SMX] Active image detected
Mar 15 11:34:10.162815 CS16_TS16_PlayboyTV  TS_PcrClock.cpp(347) info  ready=1 sys=1474091.2 s pcr=31333.5 s med=1473918.5 s err=+3.7 ms [-33.5..+30.9] aveErr=+4.1 ms [-30.0..+30.0] estErr=+4.4 ms [-34.4..+30.9] rate=+1.3 ppm [-16.7..+18.8] estRate=+0.4 ppm [-95.9..+19.2] estRateErr=-0.8 ppm [-95.0..+29.5] rateChange=+1.3 ppm/hr corr=2.6 table=100% disc=89
Mar 15 11:37:33.231388 CS16_TS16_PlayboyTV  TS_PcrClock.cpp(347) info  ready=1 sys=1474294.2 s pcr=31536.5 s med=1474121.6 s err=+0.9 ms [-34.7..+19.3] aveErr=+1.7 ms [-30.1..+15.0] estErr=+1.8 ms [-24.6..+15.1] rate=+0.8 ppm [-4.5..+3.5] estRate=-4.5 ppm [-77.8..+16.3] estRateErr=-5.3 ppm [-76.9..+16.5] rateChange=-7.0 ppm/hr corr=136.1 table=100% disc=2
Mar 15 11:39:10.214777 CS16_TS16_PlayboyTV  TS_PcrClock.cpp(347) info  ready=1 sys=1474391.2 s pcr=31633.5 s med=1474218.6 s err=+1.5 ms [-33.5..+30.9] aveErr=+2.0 ms [-30.0..+30.0] estErr=+2.2 ms [-34.4..+30.9] rate=+0.9 ppm [-16.7..+18.8] estRate=-4.5 ppm [-95.9..+19.2] estRateErr=-5.4 ppm [-95.0..+29.5] rateChange=-7.0 ppm/hr corr=2.6 table=100% disc=89
