Aug  8 00:52:25.059011 CS18_TS12_Lotte  (Master__input_1_scte35_oob) ----------- Starting SpliceInserter ------------
Aug  8 00:52:25.078119 CS18_TS12_Lotte  (AlternateDynamicLive2__input_1_scte35_oob) ----------- Starting SpliceInserter ------------
Aug  8 00:52:25.081487 CS18_TS12_Lotte  (input_1) ----------- Starting AutomationFilter ------------
Aug  8 00:52:25.120097 CS18_TS12_Lotte  (auto.Processings_0) ----------- Starting EsamStatusNotifier ------------
Aug  8 00:52:25.635885 CS18_TS12_Lotte  (input_1) [AUTOMATION_FILTER] Starting default service TC16_TS12 on AlternateDynamicLive1 (Master__input_1)
Aug  8 00:59:35.711735 CS18_TS12_Lotte  (Master__input_1_scte35_oob) ----------- Starting SpliceInserter ------------
Aug  8 00:59:35.726152 CS18_TS12_Lotte  (AlternateDynamicLive2__input_1_scte35_oob) ----------- Starting SpliceInserter ------------
Aug  8 00:59:35.728409 CS18_TS12_Lotte  (input_1) ----------- Starting AutomationFilter ------------
Aug  8 00:59:35.757494 CS18_TS12_Lotte  (auto.Processings_0) ----------- Starting EsamStatusNotifier ------------
Aug  8 00:59:36.559555 CS18_TS12_Lotte  (input_1) [AUTOMATION_FILTER] Starting default service TC16_TS12 on AlternateDynamicLive1 (Master__input_1)
Aug  8 23:10:37.792080 CS18_TS12_Lotte  (Master__input_1_scte35_oob) ----------- Starting SpliceInserter ------------
Aug  8 23:10:37.808677 CS18_TS12_Lotte  (AlternateDynamicLive2__input_1_scte35_oob) ----------- Starting SpliceInserter ------------
Aug  8 23:10:37.811447 CS18_TS12_Lotte  (input_1) ----------- Starting AutomationFilter ------------
Aug  8 23:10:37.845209 CS18_TS12_Lotte  (auto.Processings_0) ----------- Starting EsamStatusNotifier ------------
Aug  8 23:10:38.131928 CS18_TS12_Lotte  (input_1) [AUTOMATION_FILTER] Starting default service TC16_TS12 on AlternateDynamicLive1 (Master__input_1)
Sep 14 02:31:03.848773 CS18_TS12_Lotte  (Master__input_1_scte35_oob) ----------- Starting SpliceInserter ------------
Sep 14 02:31:03.862676 CS18_TS12_Lotte  (AlternateDynamicLive2__input_1_scte35_oob) ----------- Starting SpliceInserter ------------
Sep 14 02:31:03.864485 CS18_TS12_Lotte  (input_1) ----------- Starting AutomationFilter ------------
Sep 14 02:31:03.891568 CS18_TS12_Lotte  (auto.Processings_0) ----------- Starting EsamStatusNotifier ------------
Sep 14 02:31:04.186351 CS18_TS12_Lotte  (input_1) [AUTOMATION_FILTER] Starting default service TC16_TS12 on AlternateDynamicLive1 (Master__input_1)
Sep 14 02:39:36.502464 CS18_TS12_Lotte  (Master__input_1_scte35_oob) ----------- Starting SpliceInserter ------------
Sep 14 02:39:36.515769 CS18_TS12_Lotte  (AlternateDynamicLive2__input_1_scte35_oob) ----------- Starting SpliceInserter ------------
Sep 14 02:39:36.517740 CS18_TS12_Lotte  (input_1) ----------- Starting AutomationFilter ------------
Sep 14 02:39:36.546946 CS18_TS12_Lotte  (auto.Processings_0) ----------- Starting EsamStatusNotifier ------------
Sep 14 02:39:36.831905 CS18_TS12_Lotte  (input_1) [AUTOMATION_FILTER] Starting default service TC16_TS12 on AlternateDynamicLive1 (Master__input_1)
Sep 25 16:35:29.507854 CS18_TS12_Lotte  (Master__input_1_scte35_oob) ----------- Starting SpliceInserter ------------
Sep 25 16:35:29.520837 CS18_TS12_Lotte  (AlternateDynamicLive2__input_1_scte35_oob) ----------- Starting SpliceInserter ------------
Sep 25 16:35:29.522856 CS18_TS12_Lotte  (input_1) ----------- Starting AutomationFilter ------------
Sep 25 16:35:29.549807 CS18_TS12_Lotte  (auto.Processings_0) ----------- Starting EsamStatusNotifier ------------
Sep 25 16:35:29.843027 CS18_TS12_Lotte  (input_1) [AUTOMATION_FILTER] Starting default service TC16_TS12 on AlternateDynamicLive1 (Master__input_1)
Oct 25 03:27:36.125470 CS18_TS12_Lotte  (Master__input_1_scte35_oob) ----------- Starting SpliceInserter ------------
Oct 25 03:27:36.139326 CS18_TS12_Lotte  (AlternateDynamicLive2__input_1_scte35_oob) ----------- Starting SpliceInserter ------------
Oct 25 03:27:36.140975 CS18_TS12_Lotte  (input_1) ----------- Starting AutomationFilter ------------
Oct 25 03:27:36.167314 CS18_TS12_Lotte  (auto.Processings_0) ----------- Starting EsamStatusNotifier ------------
Oct 25 03:27:36.826868 CS18_TS12_Lotte  (input_1) [AUTOMATION_FILTER] Starting default service TC16_TS12 on AlternateDynamicLive1 (Master__input_1)
Nov 16 16:47:27.294140 CS18_TS12_Lotte  (Master__input_1_scte35_oob) ----------- Starting SpliceInserter ------------
Nov 16 16:47:27.307210 CS18_TS12_Lotte  (AlternateDynamicLive2__input_1_scte35_oob) ----------- Starting SpliceInserter ------------
Nov 16 16:47:27.309186 CS18_TS12_Lotte  (input_1) ----------- Starting AutomationFilter ------------
Nov 16 16:47:27.340832 CS18_TS12_Lotte  (auto.Processings_0) ----------- Starting EsamStatusNotifier ------------
Nov 16 16:47:27.624056 CS18_TS12_Lotte  (input_1) [AUTOMATION_FILTER] Starting default service TC16_TS12 on AlternateDynamicLive1 (Master__input_1)
Nov 23 10:21:32.433840 CS18_TS12_Lotte  (Master__input_1_scte35_oob) ----------- Starting SpliceInserter ------------
Nov 23 10:21:32.448169 CS18_TS12_Lotte  (AlternateDynamicLive2__input_1_scte35_oob) ----------- Starting SpliceInserter ------------
Nov 23 10:21:32.450467 CS18_TS12_Lotte  (input_1) ----------- Starting AutomationFilter ------------
Nov 23 10:21:32.479957 CS18_TS12_Lotte  (auto.Processings_0) ----------- Starting EsamStatusNotifier ------------
Nov 23 10:21:32.770581 CS18_TS12_Lotte  (input_1) [AUTOMATION_FILTER] Starting default service TC16_TS12 on AlternateDynamicLive1 (Master__input_1)
Nov 28 14:34:08.632429 CS18_TS12_Lotte  (Master__input_1_scte35_oob) ----------- Starting SpliceInserter ------------
Nov 28 14:34:08.645792 CS18_TS12_Lotte  (AlternateDynamicLive2__input_1_scte35_oob) ----------- Starting SpliceInserter ------------
Nov 28 14:34:08.647870 CS18_TS12_Lotte  (input_1) ----------- Starting AutomationFilter ------------
Nov 28 14:34:08.675689 CS18_TS12_Lotte  (auto.Processings_0) ----------- Starting EsamStatusNotifier ------------
Nov 28 14:34:08.962800 CS18_TS12_Lotte  (input_1) [AUTOMATION_FILTER] Starting default service TC16_TS12 on AlternateDynamicLive1 (Master__input_1)
Dec 18 14:02:49.629401 CS18_TS12_Lotte  (Master__input_1_scte35_oob) ----------- Starting SpliceInserter ------------
Dec 18 14:02:49.643198 CS18_TS12_Lotte  (AlternateDynamicLive2__input_1_scte35_oob) ----------- Starting SpliceInserter ------------
Dec 18 14:02:49.644855 CS18_TS12_Lotte  (input_1) ----------- Starting AutomationFilter ------------
Dec 18 14:02:49.673660 CS18_TS12_Lotte  (auto.Processings_0) ----------- Starting EsamStatusNotifier ------------
Dec 18 14:02:50.874325 CS18_TS12_Lotte  (input_1) [AUTOMATION_FILTER] Starting default service TC16_TS12 on AlternateDynamicLive1 (Master__input_1)
Jan 24 13:31:42.162775 CS18_TS12_Lotte  (Master__input_1_scte35_oob) ----------- Starting SpliceInserter ------------
Jan 24 13:31:42.176276 CS18_TS12_Lotte  (AlternateDynamicLive2__input_1_scte35_oob) ----------- Starting SpliceInserter ------------
Jan 24 13:31:42.178260 CS18_TS12_Lotte  (input_1) ----------- Starting AutomationFilter ------------
Jan 24 13:31:42.206152 CS18_TS12_Lotte  (auto.Processings_0) ----------- Starting EsamStatusNotifier ------------
Jan 24 13:31:42.496098 CS18_TS12_Lotte  (input_1) [AUTOMATION_FILTER] Starting default service TC16_TS12 on AlternateDynamicLive1 (Master__input_1)
Feb 27 10:06:26.472339 CS18_TS12_Lotte  (Master__input_1_scte35_oob) ----------- Starting SpliceInserter ------------
Feb 27 10:06:26.485834 CS18_TS12_Lotte  (AlternateDynamicLive2__input_1_scte35_oob) ----------- Starting SpliceInserter ------------
Feb 27 10:06:26.487794 CS18_TS12_Lotte  (input_1) ----------- Starting AutomationFilter ------------
Feb 27 10:06:26.514211 CS18_TS12_Lotte  (auto.Processings_0) ----------- Starting EsamStatusNotifier ------------
Feb 27 10:06:26.859876 CS18_TS12_Lotte  (input_1) [AUTOMATION_FILTER] Starting default service TC16_TS12 on AlternateDynamicLive1 (Master__input_1)
Feb 27 10:08:53.740679 CS18_TS12_Lotte  (Master__input_1_scte35_oob) ----------- Starting SpliceInserter ------------
Feb 27 10:08:53.756549 CS18_TS12_Lotte  (AlternateDynamicLive2__input_1_scte35_oob) ----------- Starting SpliceInserter ------------
Feb 27 10:08:53.758748 CS18_TS12_Lotte  (input_1) ----------- Starting AutomationFilter ------------
Feb 27 10:08:53.786818 CS18_TS12_Lotte  (auto.Processings_0) ----------- Starting EsamStatusNotifier ------------
Feb 27 10:08:54.069987 CS18_TS12_Lotte  (input_1) [AUTOMATION_FILTER] Starting default service TC16_TS12 on AlternateDynamicLive1 (Master__input_1)
