Aug  8 00:52:24.891652 CS24_TS14_gongyoung shop  [standalone] Start monitoring (inputSourceId: 283e342d3287461d800b3de7937bd685)
Aug  8 00:52:55.369913 CS24_TS14_gongyoung shop  [standalone] Encoder 283e342d3287461d800b3de7937bd685.Processings_0.Video_01_enc_1 : encoded 51 samples late
Aug  8 00:52:55.369933 CS24_TS14_gongyoung shop  [standalone] SampleQueue main.processings.processing_0.Video_01_enc_1.encoderQueue_Video_01_enc_1 : skipped 46 samples
Aug  8 00:52:55.369944 CS24_TS14_gongyoung shop  [standalone] SampleQueue splicer.out.Master__Audio_2_decoded : skipped 2 samples
Aug  8 00:59:35.270220 CS24_TS14_gongyoung shop  [standalone] Start monitoring (inputSourceId: 283e342d3287461d800b3de7937bd685)
Aug  8 01:04:21.301840 CS24_TS14_gongyoung shop  [standalone] Encoder 283e342d3287461d800b3de7937bd685.Processings_0.Video_01_enc_1 : encoded 51 samples late
Aug  8 01:04:21.301871 CS24_TS14_gongyoung shop  [standalone] SampleQueue main.processings.processing_0.Video_01_enc_1.encoderQueue_Video_01_enc_1 : skipped 12 samples
Aug  8 23:10:39.988419 CS24_TS14_gongyoung shop  [standalone] Start monitoring (inputSourceId: 283e342d3287461d800b3de7937bd685)
Aug  8 23:11:10.494638 CS24_TS14_gongyoung shop  [standalone] Encoder 283e342d3287461d800b3de7937bd685.Processings_0.Video_01_enc_1 : encoded 51 samples late
Aug  8 23:11:10.494652 CS24_TS14_gongyoung shop  [standalone] SampleQueue main.processings.processing_0.Video_01_enc_1.encoderQueue_Video_01_enc_1 : skipped 40 samples
Sep 14 02:31:04.177289 CS24_TS14_gongyoung shop  [standalone] Start monitoring (inputSourceId: 283e342d3287461d800b3de7937bd685)
Sep 14 02:31:34.670997 CS24_TS14_gongyoung shop  [standalone] Encoder 283e342d3287461d800b3de7937bd685.Processings_0.Video_01_enc_1 : encoded 51 samples late
Sep 14 02:31:34.671013 CS24_TS14_gongyoung shop  [standalone] SampleQueue main.processings.processing_0.Video_01_enc_1.encoderQueue_Video_01_enc_1 : skipped 50 samples
Sep 14 02:39:39.358664 CS24_TS14_gongyoung shop  [standalone] Start monitoring (inputSourceId: 283e342d3287461d800b3de7937bd685)
Sep 14 02:40:09.849029 CS24_TS14_gongyoung shop  [standalone] Encoder 283e342d3287461d800b3de7937bd685.Processings_0.Video_01_enc_1 : encoded 51 samples late
Sep 14 02:40:09.849045 CS24_TS14_gongyoung shop  [standalone] SampleQueue main.processings.processing_0.Video_01_enc_1.encoderQueue_Video_01_enc_1 : skipped 58 samples
Sep 25 16:35:31.695846 CS24_TS14_gongyoung shop  [standalone] Start monitoring (inputSourceId: 283e342d3287461d800b3de7937bd685)
Sep 25 16:36:02.221543 CS24_TS14_gongyoung shop  [standalone] Encoder 283e342d3287461d800b3de7937bd685.Processings_0.Video_01_enc_1 : encoded 51 samples late
Sep 25 16:36:02.221568 CS24_TS14_gongyoung shop  [standalone] SampleQueue main.processings.processing_0.Video_01_enc_1.encoderQueue_Video_01_enc_1 : skipped 40 samples
Oct 25 03:27:36.108853 CS24_TS14_gongyoung shop  [standalone] Start monitoring (inputSourceId: 283e342d3287461d800b3de7937bd685)
Oct 25 03:32:22.315371 CS24_TS14_gongyoung shop  [standalone] Encoder 283e342d3287461d800b3de7937bd685.Processings_0.Video_01_enc_1 : encoded 51 samples late
Oct 25 03:32:22.315388 CS24_TS14_gongyoung shop  [standalone] SampleQueue main.processings.processing_0.Video_01_enc_1.encoderQueue_Video_01_enc_1 : skipped 38 samples
Nov 16 16:47:30.410369 CS24_TS14_gongyoung shop  [standalone] Start monitoring (inputSourceId: 283e342d3287461d800b3de7937bd685)
Nov 16 16:48:00.925152 CS24_TS14_gongyoung shop  [standalone] Encoder 283e342d3287461d800b3de7937bd685.Processings_0.Video_01_enc_1 : encoded 51 samples late
Nov 16 16:48:00.925173 CS24_TS14_gongyoung shop  [standalone] SampleQueue main.processings.processing_0.Video_01_enc_1.encoderQueue_Video_01_enc_1 : skipped 41 samples
Nov 16 16:48:00.925187 CS24_TS14_gongyoung shop  [standalone] SampleQueue splicer.out.Master__Audio_2_decoded : skipped 2 samples
Nov 23 10:21:34.345035 CS24_TS14_gongyoung shop  [standalone] Start monitoring (inputSourceId: 283e342d3287461d800b3de7937bd685)
Nov 23 10:22:04.901666 CS24_TS14_gongyoung shop  [standalone] Encoder 283e342d3287461d800b3de7937bd685.Processings_0.Video_01_enc_1 : encoded 51 samples late
Nov 23 10:22:04.901682 CS24_TS14_gongyoung shop  [standalone] SampleQueue main.processings.processing_0.Video_01_enc_1.encoderQueue_Video_01_enc_1 : skipped 51 samples
Nov 28 14:34:10.477879 CS24_TS14_gongyoung shop  [standalone] Start monitoring (inputSourceId: 283e342d3287461d800b3de7937bd685)
Nov 28 14:34:40.989379 CS24_TS14_gongyoung shop  [standalone] Encoder 283e342d3287461d800b3de7937bd685.Processings_0.Video_01_enc_1 : encoded 51 samples late
Nov 28 14:34:40.989399 CS24_TS14_gongyoung shop  [standalone] SampleQueue main.processings.processing_0.Video_01_enc_1.encoderQueue_Video_01_enc_1 : skipped 53 samples
Dec 18 14:02:49.607132 CS24_TS14_gongyoung shop  [standalone] Start monitoring (inputSourceId: 283e342d3287461d800b3de7937bd685)
Dec 18 14:07:36.057219 CS24_TS14_gongyoung shop  [standalone] Encoder 283e342d3287461d800b3de7937bd685.Processings_0.Video_01_enc_1 : encoded 51 samples late
Dec 18 14:07:36.057241 CS24_TS14_gongyoung shop  [standalone] SampleQueue main.processings.processing_0.Video_01_enc_1.encoderQueue_Video_01_enc_1 : skipped 18 samples
Dec 20 14:40:34.273901 CS24_TS14_gongyoung shop  [standalone] Encoder 283e342d3287461d800b3de7937bd685.Processings_0.Video_01_enc_1 : encoded 1 samples late
Jan 24 13:31:43.398208 CS24_TS14_gongyoung shop  [standalone] Start monitoring (inputSourceId: 283e342d3287461d800b3de7937bd685)
Jan 24 13:32:13.909375 CS24_TS14_gongyoung shop  [standalone] Encoder 283e342d3287461d800b3de7937bd685.Processings_0.Video_01_enc_1 : encoded 51 samples late
Jan 24 13:32:13.909390 CS24_TS14_gongyoung shop  [standalone] SampleQueue main.processings.processing_0.Video_01_enc_1.encoderQueue_Video_01_enc_1 : skipped 51 samples
Feb 27 10:06:26.456186 CS24_TS14_gongyoung shop  [standalone] Start monitoring (inputSourceId: 283e342d3287461d800b3de7937bd685)
Feb 27 10:08:56.098400 CS24_TS14_gongyoung shop  [standalone] Start monitoring (inputSourceId: 283e342d3287461d800b3de7937bd685)
Feb 27 10:11:12.127460 CS24_TS14_gongyoung shop  [standalone] Encoder 283e342d3287461d800b3de7937bd685.Processings_0.Video_01_enc_1 : encoded 51 samples late
Feb 27 10:11:12.127486 CS24_TS14_gongyoung shop  [standalone] SampleQueue main.processings.processing_0.Video_01_enc_1.encoderQueue_Video_01_enc_1 : skipped 57 samples
