Aug  8 00:52:25.218295 BS18_TS06_shinhome  [standalone] Start monitoring (inputSourceId: a4d0285e3df84c3584d4f04a8da44332)
Aug  8 00:52:55.735666 BS18_TS06_shinhome  [standalone] Encoder a4d0285e3df84c3584d4f04a8da44332.Processings_0.Video_01_enc_1 : encoded 7 samples late
Aug  8 00:59:35.696074 BS18_TS06_shinhome  [standalone] Start monitoring (inputSourceId: a4d0285e3df84c3584d4f04a8da44332)
Aug  8 01:04:22.505089 BS18_TS06_shinhome  [standalone] Encoder a4d0285e3df84c3584d4f04a8da44332.Processings_0.Video_01_enc_1 : encoded 40 samples late
Aug  8 01:04:22.505123 BS18_TS06_shinhome  [standalone] SampleQueue main.processings.processing_0.Video_01_enc_1.encoderQueue_Video_01_enc_1 : skipped 3 samples
Aug  8 05:10:44.201686 BS18_TS06_shinhome  [standalone] Start monitoring (inputSourceId: a4d0285e3df84c3584d4f04a8da44332)
Aug  8 05:11:14.769232 BS18_TS06_shinhome  [standalone] Encoder a4d0285e3df84c3584d4f04a8da44332.Processings_0.Video_01_enc_1 : encoded 51 samples late
Aug  8 05:11:14.769247 BS18_TS06_shinhome  [standalone] SampleQueue main.processings.processing_0.Video_01_enc_1.encoderQueue_Video_01_enc_1 : skipped 25 samples
Aug  8 23:10:26.871119 BS18_TS06_shinhome  [standalone] Start monitoring (inputSourceId: a4d0285e3df84c3584d4f04a8da44332)
Aug  8 23:10:57.285573 BS18_TS06_shinhome  [standalone] Encoder a4d0285e3df84c3584d4f04a8da44332.Processings_0.Video_01_enc_1 : encoded 39 samples late
Sep 14 02:31:02.545577 BS18_TS06_shinhome  [standalone] Start monitoring (inputSourceId: a4d0285e3df84c3584d4f04a8da44332)
Sep 14 02:31:33.048312 BS18_TS06_shinhome  [standalone] Encoder a4d0285e3df84c3584d4f04a8da44332.Processings_0.Video_01_enc_1 : encoded 51 samples late
Sep 14 02:31:33.048329 BS18_TS06_shinhome  [standalone] SampleQueue main.processings.processing_0.Video_01_enc_1.encoderQueue_Video_01_enc_1 : skipped 22 samples
Sep 14 02:39:22.031488 BS18_TS06_shinhome  [standalone] Start monitoring (inputSourceId: a4d0285e3df84c3584d4f04a8da44332)
Sep 14 02:39:52.435096 BS18_TS06_shinhome  [standalone] Encoder a4d0285e3df84c3584d4f04a8da44332.Processings_0.Video_01_enc_1 : encoded 47 samples late
Sep 14 02:39:52.435111 BS18_TS06_shinhome  [standalone] SampleQueue main.processings.processing_0.Video_01_enc_1.encoderQueue_Video_01_enc_1 : skipped 8 samples
Sep 14 05:25:23.162695 BS18_TS06_shinhome  [standalone] Encoder a4d0285e3df84c3584d4f04a8da44332.Processings_0.Video_01_enc_1 : encoded 1 samples late
Sep 25 16:35:18.988584 BS18_TS06_shinhome  [standalone] Start monitoring (inputSourceId: a4d0285e3df84c3584d4f04a8da44332)
Sep 25 16:35:49.401772 BS18_TS06_shinhome  [standalone] Encoder a4d0285e3df84c3584d4f04a8da44332.Processings_0.Video_01_enc_1 : encoded 39 samples late
Oct 25 03:27:36.108918 BS18_TS06_shinhome  [standalone] Start monitoring (inputSourceId: a4d0285e3df84c3584d4f04a8da44332)
Oct 25 03:32:22.168535 BS18_TS06_shinhome  [standalone] Encoder a4d0285e3df84c3584d4f04a8da44332.Processings_0.Video_01_enc_1 : encoded 45 samples late
Oct 25 03:32:22.168564 BS18_TS06_shinhome  [standalone] SampleQueue main.processings.processing_0.Video_01_enc_1.encoderQueue_Video_01_enc_1 : skipped 6 samples
Nov 16 16:47:13.199137 BS18_TS06_shinhome  [standalone] Start monitoring (inputSourceId: a4d0285e3df84c3584d4f04a8da44332)
Nov 16 16:47:43.618446 BS18_TS06_shinhome  [standalone] Encoder a4d0285e3df84c3584d4f04a8da44332.Processings_0.Video_01_enc_1 : encoded 51 samples late
Nov 16 16:47:43.618471 BS18_TS06_shinhome  [standalone] SampleQueue main.processings.processing_0.Video_01_enc_1.encoderQueue_Video_01_enc_1 : skipped 12 samples
Nov 23 10:21:23.011621 BS18_TS06_shinhome  [standalone] Start monitoring (inputSourceId: a4d0285e3df84c3584d4f04a8da44332)
Nov 23 10:21:53.419847 BS18_TS06_shinhome  [standalone] Encoder a4d0285e3df84c3584d4f04a8da44332.Processings_0.Video_01_enc_1 : encoded 36 samples late
Nov 28 14:34:00.324780 BS18_TS06_shinhome  [standalone] Start monitoring (inputSourceId: a4d0285e3df84c3584d4f04a8da44332)
Nov 28 14:34:30.821176 BS18_TS06_shinhome  [standalone] Encoder a4d0285e3df84c3584d4f04a8da44332.Processings_0.Video_01_enc_1 : encoded 48 samples late
Nov 28 14:34:30.821198 BS18_TS06_shinhome  [standalone] SampleQueue main.processings.processing_0.Video_01_enc_1.encoderQueue_Video_01_enc_1 : skipped 9 samples
Dec 18 14:02:51.220575 BS18_TS06_shinhome  [standalone] Start monitoring (inputSourceId: a4d0285e3df84c3584d4f04a8da44332)
Dec 18 14:07:22.824671 BS18_TS06_shinhome  [standalone] Encoder a4d0285e3df84c3584d4f04a8da44332.Processings_0.Video_01_enc_1 : encoded 43 samples late
Dec 18 14:07:22.824690 BS18_TS06_shinhome  [standalone] SampleQueue main.processings.processing_0.Video_01_enc_1.encoderQueue_Video_01_enc_1 : skipped 4 samples
Dec 18 14:07:22.824697 BS18_TS06_shinhome  [standalone] SampleQueue splicer.out.Master__Audio_1_decoded : skipped 2 samples
Jan 24 13:31:34.753906 BS18_TS06_shinhome  [standalone] Start monitoring (inputSourceId: a4d0285e3df84c3584d4f04a8da44332)
Jan 24 13:32:05.174430 BS18_TS06_shinhome  [standalone] Encoder a4d0285e3df84c3584d4f04a8da44332.Processings_0.Video_01_enc_1 : encoded 51 samples late
Jan 24 13:32:05.174453 BS18_TS06_shinhome  [standalone] SampleQueue main.processings.processing_0.Video_01_enc_1.encoderQueue_Video_01_enc_1 : skipped 28 samples
Feb 27 10:06:26.455716 BS18_TS06_shinhome  [standalone] Start monitoring (inputSourceId: a4d0285e3df84c3584d4f04a8da44332)
Feb 27 10:08:32.426023 BS18_TS06_shinhome  [standalone] Start monitoring (inputSourceId: a4d0285e3df84c3584d4f04a8da44332)
Feb 27 10:11:03.414847 BS18_TS06_shinhome  [standalone] Encoder a4d0285e3df84c3584d4f04a8da44332.Processings_0.Video_01_enc_1 : encoded 40 samples late
Feb 27 10:11:03.414905 BS18_TS06_shinhome  [standalone] SampleQueue main.processings.processing_0.Video_01_enc_1.encoderQueue_Video_01_enc_1 : skipped 2 samples
