Aug  8 00:52:25.074972 BS20_TS13_MBC_Dajeon  [standalone] Start monitoring (inputSourceId: 0697dee362af4ebdbef021d6d0ba5b41)
Aug  8 00:52:55.540055 BS20_TS13_MBC_Dajeon  [standalone] Encoder 0697dee362af4ebdbef021d6d0ba5b41.Processings_0.Video_01_enc_1 : encoded 51 samples late
Aug  8 00:52:55.540081 BS20_TS13_MBC_Dajeon  [standalone] SampleQueue main.processings.processing_0.Video_01_enc_1.encoderQueue_Video_01_enc_1 : skipped 55 samples
Aug  8 00:59:35.723031 BS20_TS13_MBC_Dajeon  [standalone] Start monitoring (inputSourceId: 0697dee362af4ebdbef021d6d0ba5b41)
Aug  8 01:04:21.996501 BS20_TS13_MBC_Dajeon  [standalone] Encoder 0697dee362af4ebdbef021d6d0ba5b41.Processings_0.Video_01_enc_1 : encoded 51 samples late
Aug  8 01:04:21.996533 BS20_TS13_MBC_Dajeon  [standalone] SampleQueue main.processings.processing_0.Video_01_enc_1.encoderQueue_Video_01_enc_1 : skipped 27 samples
Aug  8 23:10:28.830877 BS20_TS13_MBC_Dajeon  [standalone] Start monitoring (inputSourceId: 0697dee362af4ebdbef021d6d0ba5b41)
Aug  8 23:10:59.272973 BS20_TS13_MBC_Dajeon  [standalone] Encoder 0697dee362af4ebdbef021d6d0ba5b41.Processings_0.Video_01_enc_1 : encoded 52 samples late
Aug  8 23:10:59.272988 BS20_TS13_MBC_Dajeon  [standalone] SampleQueue main.processings.processing_0.Video_01_enc_1.encoderQueue_Video_01_enc_1 : skipped 27 samples
Sep  3 02:16:36.447064 BS20_TS13_MBC_Dajeon  [standalone] Encoder 0697dee362af4ebdbef021d6d0ba5b41.Processings_0.Video_01_enc_1 : encoded 1 samples late
Sep  5 01:22:25.083408 BS20_TS13_MBC_Dajeon  [standalone] Encoder 0697dee362af4ebdbef021d6d0ba5b41.Processings_0.Video_01_enc_1 : encoded 1 samples late
Sep 14 02:31:02.816686 BS20_TS13_MBC_Dajeon  [standalone] Start monitoring (inputSourceId: 0697dee362af4ebdbef021d6d0ba5b41)
Sep 14 02:31:33.345244 BS20_TS13_MBC_Dajeon  [standalone] Encoder 0697dee362af4ebdbef021d6d0ba5b41.Processings_0.Video_01_enc_1 : encoded 51 samples late
Sep 14 02:31:33.345269 BS20_TS13_MBC_Dajeon  [standalone] SampleQueue main.processings.processing_0.Video_01_enc_1.encoderQueue_Video_01_enc_1 : skipped 30 samples
Sep 14 02:31:33.345280 BS20_TS13_MBC_Dajeon  [standalone] SampleQueue splicer.out.Master__Audio_1_decoded : skipped 1 samples
Sep 14 02:31:33.345289 BS20_TS13_MBC_Dajeon  [standalone] SampleQueue splicer.out.Master__Audio_2_decoded : skipped 3 samples
Sep 14 02:39:24.734790 BS20_TS13_MBC_Dajeon  [standalone] Start monitoring (inputSourceId: 0697dee362af4ebdbef021d6d0ba5b41)
Sep 14 02:39:55.189128 BS20_TS13_MBC_Dajeon  [standalone] Encoder 0697dee362af4ebdbef021d6d0ba5b41.Processings_0.Video_01_enc_1 : encoded 51 samples late
Sep 14 02:39:55.189146 BS20_TS13_MBC_Dajeon  [standalone] SampleQueue main.processings.processing_0.Video_01_enc_1.encoderQueue_Video_01_enc_1 : skipped 14 samples
Sep 14 02:39:55.189157 BS20_TS13_MBC_Dajeon  [standalone] SampleQueue splicer.out.Master__Audio_1_decoded : skipped 6 samples
Sep 14 02:39:55.189165 BS20_TS13_MBC_Dajeon  [standalone] SampleQueue splicer.out.Master__Audio_2_decoded : skipped 4 samples
Sep 25 16:35:21.144104 BS20_TS13_MBC_Dajeon  [standalone] Start monitoring (inputSourceId: 0697dee362af4ebdbef021d6d0ba5b41)
Sep 25 16:35:51.611931 BS20_TS13_MBC_Dajeon  [standalone] Encoder 0697dee362af4ebdbef021d6d0ba5b41.Processings_0.Video_01_enc_1 : encoded 51 samples late
Sep 25 16:35:51.611953 BS20_TS13_MBC_Dajeon  [standalone] SampleQueue main.processings.processing_0.Video_01_enc_1.encoderQueue_Video_01_enc_1 : skipped 42 samples
Oct 25 03:27:36.108073 BS20_TS13_MBC_Dajeon  [standalone] Start monitoring (inputSourceId: 0697dee362af4ebdbef021d6d0ba5b41)
Oct 25 03:32:22.266079 BS20_TS13_MBC_Dajeon  [standalone] Encoder 0697dee362af4ebdbef021d6d0ba5b41.Processings_0.Video_01_enc_1 : encoded 52 samples late
Oct 25 03:32:22.266111 BS20_TS13_MBC_Dajeon  [standalone] SampleQueue main.processings.processing_0.Video_01_enc_1.encoderQueue_Video_01_enc_1 : skipped 29 samples
Oct 25 03:32:22.266123 BS20_TS13_MBC_Dajeon  [standalone] SampleQueue splicer.out.Master__Audio_1_decoded : skipped 6 samples
Oct 25 03:32:22.266133 BS20_TS13_MBC_Dajeon  [standalone] SampleQueue splicer.out.Master__Audio_2_decoded : skipped 1 samples
Nov 16 16:47:15.595608 BS20_TS13_MBC_Dajeon  [standalone] Start monitoring (inputSourceId: 0697dee362af4ebdbef021d6d0ba5b41)
Nov 16 16:47:46.131681 BS20_TS13_MBC_Dajeon  [standalone] Encoder 0697dee362af4ebdbef021d6d0ba5b41.Processings_0.Video_01_enc_1 : encoded 51 samples late
Nov 16 16:47:46.131703 BS20_TS13_MBC_Dajeon  [standalone] SampleQueue main.processings.processing_0.Video_01_enc_1.encoderQueue_Video_01_enc_1 : skipped 42 samples
Nov 23 10:21:24.588444 BS20_TS13_MBC_Dajeon  [standalone] Start monitoring (inputSourceId: 0697dee362af4ebdbef021d6d0ba5b41)
Nov 23 10:21:55.076017 BS20_TS13_MBC_Dajeon  [standalone] Encoder 0697dee362af4ebdbef021d6d0ba5b41.Processings_0.Video_01_enc_1 : encoded 51 samples late
Nov 23 10:21:55.076042 BS20_TS13_MBC_Dajeon  [standalone] SampleQueue main.processings.processing_0.Video_01_enc_1.encoderQueue_Video_01_enc_1 : skipped 51 samples
Nov 28 14:34:01.982229 BS20_TS13_MBC_Dajeon  [standalone] Start monitoring (inputSourceId: 0697dee362af4ebdbef021d6d0ba5b41)
Nov 28 14:34:32.438863 BS20_TS13_MBC_Dajeon  [standalone] Encoder 0697dee362af4ebdbef021d6d0ba5b41.Processings_0.Video_01_enc_1 : encoded 51 samples late
Nov 28 14:34:32.438881 BS20_TS13_MBC_Dajeon  [standalone] SampleQueue main.processings.processing_0.Video_01_enc_1.encoderQueue_Video_01_enc_1 : skipped 56 samples
Nov 29 10:44:07.860166 BS20_TS13_MBC_Dajeon  [standalone] Encoder 0697dee362af4ebdbef021d6d0ba5b41.Processings_0.Video_01_enc_1 : encoded 2 samples late
Dec 13 16:47:58.409529 BS20_TS13_MBC_Dajeon  [standalone] Encoder 0697dee362af4ebdbef021d6d0ba5b41.Processings_0.Video_01_enc_1 : encoded 2 samples late
Dec 18 14:02:50.279315 BS20_TS13_MBC_Dajeon  [standalone] Start monitoring (inputSourceId: 0697dee362af4ebdbef021d6d0ba5b41)
Dec 18 14:07:21.822419 BS20_TS13_MBC_Dajeon  [standalone] Encoder 0697dee362af4ebdbef021d6d0ba5b41.Processings_0.Video_01_enc_1 : encoded 51 samples late
Dec 18 14:07:21.822440 BS20_TS13_MBC_Dajeon  [standalone] SampleQueue main.processings.processing_0.Video_01_enc_1.encoderQueue_Video_01_enc_1 : skipped 32 samples
Dec 18 14:07:21.822452 BS20_TS13_MBC_Dajeon  [standalone] SampleQueue splicer.out.Master__Audio_1_decoded : skipped 3 samples
Dec 19 13:34:01.473156 BS20_TS13_MBC_Dajeon  [standalone] Encoder 0697dee362af4ebdbef021d6d0ba5b41.Processings_0.Video_01_enc_1 : encoded 1 samples late
Dec 19 14:34:19.820663 BS20_TS13_MBC_Dajeon  [standalone] Encoder 0697dee362af4ebdbef021d6d0ba5b41.Processings_0.Video_01_enc_1 : encoded 1 samples late
Dec 28 09:50:53.741121 BS20_TS13_MBC_Dajeon  [standalone] Encoder 0697dee362af4ebdbef021d6d0ba5b41.Processings_0.Video_01_enc_1 : encoded 1 samples late
Dec 28 14:42:11.141291 BS20_TS13_MBC_Dajeon  [standalone] Encoder 0697dee362af4ebdbef021d6d0ba5b41.Processings_0.Video_01_enc_1 : encoded 1 samples late
Dec 28 15:02:16.460123 BS20_TS13_MBC_Dajeon  [standalone] Encoder 0697dee362af4ebdbef021d6d0ba5b41.Processings_0.Video_01_enc_1 : encoded 1 samples late
Dec 29 13:43:04.526659 BS20_TS13_MBC_Dajeon  [standalone] Encoder 0697dee362af4ebdbef021d6d0ba5b41.Processings_0.Video_01_enc_1 : encoded 2 samples late
Jan 24 13:31:36.392805 BS20_TS13_MBC_Dajeon  [standalone] Start monitoring (inputSourceId: 0697dee362af4ebdbef021d6d0ba5b41)
Jan 24 13:32:06.881064 BS20_TS13_MBC_Dajeon  [standalone] Encoder 0697dee362af4ebdbef021d6d0ba5b41.Processings_0.Video_01_enc_1 : encoded 51 samples late
Jan 24 13:32:06.881086 BS20_TS13_MBC_Dajeon  [standalone] SampleQueue main.processings.processing_0.Video_01_enc_1.encoderQueue_Video_01_enc_1 : skipped 47 samples
Feb 19 11:01:51.600686 BS20_TS13_MBC_Dajeon  [standalone] Encoder 0697dee362af4ebdbef021d6d0ba5b41.Processings_0.Video_01_enc_1 : encoded 1 samples late
Feb 19 11:06:52.755828 BS20_TS13_MBC_Dajeon  [standalone] Encoder 0697dee362af4ebdbef021d6d0ba5b41.Processings_0.Video_01_enc_1 : encoded 1 samples late
Feb 19 11:11:53.962885 BS20_TS13_MBC_Dajeon  [standalone] Encoder 0697dee362af4ebdbef021d6d0ba5b41.Processings_0.Video_01_enc_1 : encoded 1 samples late
Feb 21 16:54:31.899347 BS20_TS13_MBC_Dajeon  [standalone] Encoder 0697dee362af4ebdbef021d6d0ba5b41.Processings_0.Video_01_enc_1 : encoded 1 samples late
Feb 23 17:20:53.558621 BS20_TS13_MBC_Dajeon  [standalone] Encoder 0697dee362af4ebdbef021d6d0ba5b41.Processings_0.Video_01_enc_1 : encoded 1 samples late
Feb 27 10:06:26.455964 BS20_TS13_MBC_Dajeon  [standalone] Start monitoring (inputSourceId: 0697dee362af4ebdbef021d6d0ba5b41)
Feb 27 10:08:34.769925 BS20_TS13_MBC_Dajeon  [standalone] Start monitoring (inputSourceId: 0697dee362af4ebdbef021d6d0ba5b41)
Feb 27 10:11:05.877705 BS20_TS13_MBC_Dajeon  [standalone] Encoder 0697dee362af4ebdbef021d6d0ba5b41.Processings_0.Video_01_enc_1 : encoded 51 samples late
Feb 27 10:11:05.877732 BS20_TS13_MBC_Dajeon  [standalone] SampleQueue main.processings.processing_0.Video_01_enc_1.encoderQueue_Video_01_enc_1 : skipped 42 samples
