Aug  8 00:52:25.035362 BS18_TS05_TEST_02  (Master__input_1_scte35_oob) ----------- Starting SpliceInserter ------------
Aug  8 00:52:25.054574 BS18_TS05_TEST_02  (AlternateDynamicLive2__input_1_scte35_oob) ----------- Starting SpliceInserter ------------
Aug  8 00:52:25.057985 BS18_TS05_TEST_02  (input_1) ----------- Starting AutomationFilter ------------
Aug  8 00:52:25.094958 BS18_TS05_TEST_02  (auto.Processings_0) ----------- Starting EsamStatusNotifier ------------
Aug  8 00:52:25.754804 BS18_TS05_TEST_02  (input_1) [AUTOMATION_FILTER] Starting default service TC16_TS05 on AlternateDynamicLive1 (Master__input_1)
Aug  8 00:59:35.683378 BS18_TS05_TEST_02  (Master__input_1_scte35_oob) ----------- Starting SpliceInserter ------------
Aug  8 00:59:35.699176 BS18_TS05_TEST_02  (AlternateDynamicLive2__input_1_scte35_oob) ----------- Starting SpliceInserter ------------
Aug  8 00:59:35.702371 BS18_TS05_TEST_02  (input_1) ----------- Starting AutomationFilter ------------
Aug  8 00:59:35.735415 BS18_TS05_TEST_02  (auto.Processings_0) ----------- Starting EsamStatusNotifier ------------
Aug  8 00:59:36.605561 BS18_TS05_TEST_02  (input_1) [AUTOMATION_FILTER] Starting default service TC16_TS05 on AlternateDynamicLive1 (Master__input_1)
Aug  8 23:10:24.985101 BS18_TS05_TEST_02  (Master__input_1_scte35_oob) ----------- Starting SpliceInserter ------------
Aug  8 23:10:25.001455 BS18_TS05_TEST_02  (AlternateDynamicLive2__input_1_scte35_oob) ----------- Starting SpliceInserter ------------
Aug  8 23:10:25.005045 BS18_TS05_TEST_02  (input_1) ----------- Starting AutomationFilter ------------
Aug  8 23:10:25.039477 BS18_TS05_TEST_02  (auto.Processings_0) ----------- Starting EsamStatusNotifier ------------
Aug  8 23:10:25.451245 BS18_TS05_TEST_02  (input_1) [AUTOMATION_FILTER] Starting default service TC16_TS05 on AlternateDynamicLive1 (Master__input_1)
Sep 14 02:39:19.029744 BS18_TS05_TEST_02  (Master__input_1_scte35_oob) ----------- Starting SpliceInserter ------------
Sep 14 02:39:19.045597 BS18_TS05_TEST_02  (AlternateDynamicLive2__input_1_scte35_oob) ----------- Starting SpliceInserter ------------
Sep 14 02:39:19.049293 BS18_TS05_TEST_02  (input_1) ----------- Starting AutomationFilter ------------
Sep 14 02:39:19.083873 BS18_TS05_TEST_02  (auto.Processings_0) ----------- Starting EsamStatusNotifier ------------
Sep 14 02:39:19.487635 BS18_TS05_TEST_02  (input_1) [AUTOMATION_FILTER] Starting default service TC16_TS05 on AlternateDynamicLive1 (Master__input_1)
Sep 25 16:35:16.808640 BS18_TS05_TEST_02  (Master__input_1_scte35_oob) ----------- Starting SpliceInserter ------------
Sep 25 16:35:16.826256 BS18_TS05_TEST_02  (AlternateDynamicLive2__input_1_scte35_oob) ----------- Starting SpliceInserter ------------
Sep 25 16:35:16.830142 BS18_TS05_TEST_02  (input_1) ----------- Starting AutomationFilter ------------
Sep 25 16:35:16.865140 BS18_TS05_TEST_02  (auto.Processings_0) ----------- Starting EsamStatusNotifier ------------
Sep 25 16:35:17.283091 BS18_TS05_TEST_02  (input_1) [AUTOMATION_FILTER] Starting default service TC16_TS05 on AlternateDynamicLive1 (Master__input_1)
Oct 25 03:27:36.126684 BS18_TS05_TEST_02  (Master__input_1_scte35_oob) ----------- Starting SpliceInserter ------------
Oct 25 03:27:36.143451 BS18_TS05_TEST_02  (AlternateDynamicLive2__input_1_scte35_oob) ----------- Starting SpliceInserter ------------
Oct 25 03:27:36.146681 BS18_TS05_TEST_02  (input_1) ----------- Starting AutomationFilter ------------
Oct 25 03:27:36.180999 BS18_TS05_TEST_02  (auto.Processings_0) ----------- Starting EsamStatusNotifier ------------
Oct 25 03:27:36.875378 BS18_TS05_TEST_02  (input_1) [AUTOMATION_FILTER] Starting default service TC16_TS05 on AlternateDynamicLive1 (Master__input_1)
Nov 16 16:47:10.738651 BS18_TS05_TEST_02  (Master__input_1_scte35_oob) ----------- Starting SpliceInserter ------------
Nov 16 16:47:10.754638 BS18_TS05_TEST_02  (AlternateDynamicLive2__input_1_scte35_oob) ----------- Starting SpliceInserter ------------
Nov 16 16:47:10.758500 BS18_TS05_TEST_02  (input_1) ----------- Starting AutomationFilter ------------
Nov 16 16:47:10.793062 BS18_TS05_TEST_02  (auto.Processings_0) ----------- Starting EsamStatusNotifier ------------
Nov 16 16:47:11.200156 BS18_TS05_TEST_02  (input_1) [AUTOMATION_FILTER] Starting default service TC16_TS05 on AlternateDynamicLive1 (Master__input_1)
Nov 23 10:21:21.742459 BS18_TS05_TEST_02  (Master__input_1_scte35_oob) ----------- Starting SpliceInserter ------------
Nov 23 10:21:21.758460 BS18_TS05_TEST_02  (AlternateDynamicLive2__input_1_scte35_oob) ----------- Starting SpliceInserter ------------
Nov 23 10:21:21.761903 BS18_TS05_TEST_02  (input_1) ----------- Starting AutomationFilter ------------
Nov 23 10:21:21.796219 BS18_TS05_TEST_02  (auto.Processings_0) ----------- Starting EsamStatusNotifier ------------
Nov 23 10:21:22.208886 BS18_TS05_TEST_02  (input_1) [AUTOMATION_FILTER] Starting default service TC16_TS05 on AlternateDynamicLive1 (Master__input_1)
Nov 28 14:33:58.621054 BS18_TS05_TEST_02  (Master__input_1_scte35_oob) ----------- Starting SpliceInserter ------------
Nov 28 14:33:58.637072 BS18_TS05_TEST_02  (AlternateDynamicLive2__input_1_scte35_oob) ----------- Starting SpliceInserter ------------
Nov 28 14:33:58.640991 BS18_TS05_TEST_02  (input_1) ----------- Starting AutomationFilter ------------
Nov 28 14:33:58.676080 BS18_TS05_TEST_02  (auto.Processings_0) ----------- Starting EsamStatusNotifier ------------
Nov 28 14:33:59.077971 BS18_TS05_TEST_02  (input_1) [AUTOMATION_FILTER] Starting default service TC16_TS05 on AlternateDynamicLive1 (Master__input_1)
Dec 18 14:02:49.630788 BS18_TS05_TEST_02  (Master__input_1_scte35_oob) ----------- Starting SpliceInserter ------------
Dec 18 14:02:49.647413 BS18_TS05_TEST_02  (AlternateDynamicLive2__input_1_scte35_oob) ----------- Starting SpliceInserter ------------
Dec 18 14:02:49.650549 BS18_TS05_TEST_02  (input_1) ----------- Starting AutomationFilter ------------
Dec 18 14:02:49.683524 BS18_TS05_TEST_02  (auto.Processings_0) ----------- Starting EsamStatusNotifier ------------
Dec 18 14:02:50.985067 BS18_TS05_TEST_02  (input_1) [AUTOMATION_FILTER] Starting default service TC16_TS05 on AlternateDynamicLive1 (Master__input_1)
Jan 24 13:31:32.659473 BS18_TS05_TEST_02  (Master__input_1_scte35_oob) ----------- Starting SpliceInserter ------------
Jan 24 13:31:32.675678 BS18_TS05_TEST_02  (AlternateDynamicLive2__input_1_scte35_oob) ----------- Starting SpliceInserter ------------
Jan 24 13:31:32.679561 BS18_TS05_TEST_02  (input_1) ----------- Starting AutomationFilter ------------
Jan 24 13:31:32.713745 BS18_TS05_TEST_02  (auto.Processings_0) ----------- Starting EsamStatusNotifier ------------
Jan 24 13:31:33.121330 BS18_TS05_TEST_02  (input_1) [AUTOMATION_FILTER] Starting default service TC16_TS05 on AlternateDynamicLive1 (Master__input_1)
Feb 27 10:06:26.474282 BS18_TS05_TEST_02  (Master__input_1_scte35_oob) ----------- Starting SpliceInserter ------------
Feb 27 10:06:26.490900 BS18_TS05_TEST_02  (AlternateDynamicLive2__input_1_scte35_oob) ----------- Starting SpliceInserter ------------
Feb 27 10:06:26.494090 BS18_TS05_TEST_02  (input_1) ----------- Starting AutomationFilter ------------
Feb 27 10:06:26.527801 BS18_TS05_TEST_02  (auto.Processings_0) ----------- Starting EsamStatusNotifier ------------
Feb 27 10:06:27.090045 BS18_TS05_TEST_02  (input_1) [AUTOMATION_FILTER] Starting default service TC16_TS05 on AlternateDynamicLive1 (Master__input_1)
Feb 27 10:08:29.884563 BS18_TS05_TEST_02  (Master__input_1_scte35_oob) ----------- Starting SpliceInserter ------------
Feb 27 10:08:29.901001 BS18_TS05_TEST_02  (AlternateDynamicLive2__input_1_scte35_oob) ----------- Starting SpliceInserter ------------
Feb 27 10:08:29.904502 BS18_TS05_TEST_02  (input_1) ----------- Starting AutomationFilter ------------
Feb 27 10:08:29.939061 BS18_TS05_TEST_02  (auto.Processings_0) ----------- Starting EsamStatusNotifier ------------
Feb 27 10:08:30.343132 BS18_TS05_TEST_02  (input_1) [AUTOMATION_FILTER] Starting default service TC16_TS05 on AlternateDynamicLive1 (Master__input_1)
