Aug  8 00:52:25.227006 BS18_TS06_shinhome  (Master__input_1_scte35_oob) ----------- Starting SpliceInserter ------------
Aug  8 00:52:25.232458 BS18_TS06_shinhome  (AlternateDynamicLive2__input_1_scte35_oob) ----------- Starting SpliceInserter ------------
Aug  8 00:52:25.234205 BS18_TS06_shinhome  (input_1) ----------- Starting AutomationFilter ------------
Aug  8 00:52:25.263877 BS18_TS06_shinhome  (auto.Processings_0) ----------- Starting EsamStatusNotifier ------------
Aug  8 00:52:27.267495 BS18_TS06_shinhome  (input_1) [AUTOMATION_FILTER] Starting default service TC16_TS06 on AlternateDynamicLive1 (Master__input_1)
Aug  8 00:59:35.703307 BS18_TS06_shinhome  (Master__input_1_scte35_oob) ----------- Starting SpliceInserter ------------
Aug  8 00:59:35.708585 BS18_TS06_shinhome  (AlternateDynamicLive2__input_1_scte35_oob) ----------- Starting SpliceInserter ------------
Aug  8 00:59:35.710296 BS18_TS06_shinhome  (input_1) ----------- Starting AutomationFilter ------------
Aug  8 00:59:35.734875 BS18_TS06_shinhome  (auto.Processings_0) ----------- Starting EsamStatusNotifier ------------
Aug  8 00:59:36.580011 BS18_TS06_shinhome  (input_1) [AUTOMATION_FILTER] Starting default service TC16_TS06 on AlternateDynamicLive1 (Master__input_1)
Aug  8 05:10:44.213974 BS18_TS06_shinhome  (Master__input_1_scte35_oob) ----------- Starting SpliceInserter ------------
Aug  8 05:10:44.223963 BS18_TS06_shinhome  (AlternateDynamicLive2__input_1_scte35_oob) ----------- Starting SpliceInserter ------------
Aug  8 05:10:44.227740 BS18_TS06_shinhome  (input_1) ----------- Starting AutomationFilter ------------
Aug  8 05:10:44.268163 BS18_TS06_shinhome  (auto.Processings_0) ----------- Starting EsamStatusNotifier ------------
Aug  8 05:10:44.814814 BS18_TS06_shinhome  (input_1) [AUTOMATION_FILTER] Starting default service TC16_TS06 on AlternateDynamicLive1 (Master__input_1)
Aug  8 23:10:26.878917 BS18_TS06_shinhome  (Master__input_1_scte35_oob) ----------- Starting SpliceInserter ------------
Aug  8 23:10:26.884211 BS18_TS06_shinhome  (AlternateDynamicLive2__input_1_scte35_oob) ----------- Starting SpliceInserter ------------
Aug  8 23:10:26.886033 BS18_TS06_shinhome  (input_1) ----------- Starting AutomationFilter ------------
Aug  8 23:10:26.913121 BS18_TS06_shinhome  (auto.Processings_0) ----------- Starting EsamStatusNotifier ------------
Aug  8 23:10:27.317805 BS18_TS06_shinhome  (input_1) [AUTOMATION_FILTER] Starting default service TC16_TS06 on AlternateDynamicLive1 (Master__input_1)
Sep 14 02:31:02.555266 BS18_TS06_shinhome  (Master__input_1_scte35_oob) ----------- Starting SpliceInserter ------------
Sep 14 02:31:02.561754 BS18_TS06_shinhome  (AlternateDynamicLive2__input_1_scte35_oob) ----------- Starting SpliceInserter ------------
Sep 14 02:31:02.563803 BS18_TS06_shinhome  (input_1) ----------- Starting AutomationFilter ------------
Sep 14 02:31:02.599770 BS18_TS06_shinhome  (auto.Processings_0) ----------- Starting EsamStatusNotifier ------------
Sep 14 02:31:03.072648 BS18_TS06_shinhome  (input_1) [AUTOMATION_FILTER] Starting default service TC16_TS06 on AlternateDynamicLive1 (Master__input_1)
Sep 14 02:39:22.038931 BS18_TS06_shinhome  (Master__input_1_scte35_oob) ----------- Starting SpliceInserter ------------
Sep 14 02:39:22.044430 BS18_TS06_shinhome  (AlternateDynamicLive2__input_1_scte35_oob) ----------- Starting SpliceInserter ------------
Sep 14 02:39:22.046163 BS18_TS06_shinhome  (input_1) ----------- Starting AutomationFilter ------------
Sep 14 02:39:22.072457 BS18_TS06_shinhome  (auto.Processings_0) ----------- Starting EsamStatusNotifier ------------
Sep 14 02:39:22.472327 BS18_TS06_shinhome  (input_1) [AUTOMATION_FILTER] Starting default service TC16_TS06 on AlternateDynamicLive1 (Master__input_1)
Sep 25 16:35:18.996316 BS18_TS06_shinhome  (Master__input_1_scte35_oob) ----------- Starting SpliceInserter ------------
Sep 25 16:35:19.001880 BS18_TS06_shinhome  (AlternateDynamicLive2__input_1_scte35_oob) ----------- Starting SpliceInserter ------------
Sep 25 16:35:19.003683 BS18_TS06_shinhome  (input_1) ----------- Starting AutomationFilter ------------
Sep 25 16:35:19.030225 BS18_TS06_shinhome  (auto.Processings_0) ----------- Starting EsamStatusNotifier ------------
Sep 25 16:35:19.432306 BS18_TS06_shinhome  (input_1) [AUTOMATION_FILTER] Starting default service TC16_TS06 on AlternateDynamicLive1 (Master__input_1)
Oct 25 03:27:36.122193 BS18_TS06_shinhome  (Master__input_1_scte35_oob) ----------- Starting SpliceInserter ------------
Oct 25 03:27:36.128285 BS18_TS06_shinhome  (AlternateDynamicLive2__input_1_scte35_oob) ----------- Starting SpliceInserter ------------
Oct 25 03:27:36.131294 BS18_TS06_shinhome  (input_1) ----------- Starting AutomationFilter ------------
Oct 25 03:27:36.168066 BS18_TS06_shinhome  (auto.Processings_0) ----------- Starting EsamStatusNotifier ------------
Oct 25 03:27:36.788491 BS18_TS06_shinhome  (input_1) [AUTOMATION_FILTER] Starting default service TC16_TS06 on AlternateDynamicLive1 (Master__input_1)
Nov 16 16:47:13.206347 BS18_TS06_shinhome  (Master__input_1_scte35_oob) ----------- Starting SpliceInserter ------------
Nov 16 16:47:13.211516 BS18_TS06_shinhome  (AlternateDynamicLive2__input_1_scte35_oob) ----------- Starting SpliceInserter ------------
Nov 16 16:47:13.213244 BS18_TS06_shinhome  (input_1) ----------- Starting AutomationFilter ------------
Nov 16 16:47:13.243611 BS18_TS06_shinhome  (auto.Processings_0) ----------- Starting EsamStatusNotifier ------------
Nov 16 16:47:13.655434 BS18_TS06_shinhome  (input_1) [AUTOMATION_FILTER] Starting default service TC16_TS06 on AlternateDynamicLive1 (Master__input_1)
Nov 23 10:21:23.018829 BS18_TS06_shinhome  (Master__input_1_scte35_oob) ----------- Starting SpliceInserter ------------
Nov 23 10:21:23.024196 BS18_TS06_shinhome  (AlternateDynamicLive2__input_1_scte35_oob) ----------- Starting SpliceInserter ------------
Nov 23 10:21:23.025936 BS18_TS06_shinhome  (input_1) ----------- Starting AutomationFilter ------------
Nov 23 10:21:23.051531 BS18_TS06_shinhome  (auto.Processings_0) ----------- Starting EsamStatusNotifier ------------
Nov 23 10:21:23.449740 BS18_TS06_shinhome  (input_1) [AUTOMATION_FILTER] Starting default service TC16_TS06 on AlternateDynamicLive1 (Master__input_1)
Nov 28 14:34:00.332445 BS18_TS06_shinhome  (Master__input_1_scte35_oob) ----------- Starting SpliceInserter ------------
Nov 28 14:34:00.338031 BS18_TS06_shinhome  (AlternateDynamicLive2__input_1_scte35_oob) ----------- Starting SpliceInserter ------------
Nov 28 14:34:00.339773 BS18_TS06_shinhome  (input_1) ----------- Starting AutomationFilter ------------
Nov 28 14:34:00.365279 BS18_TS06_shinhome  (auto.Processings_0) ----------- Starting EsamStatusNotifier ------------
Nov 28 14:34:00.759503 BS18_TS06_shinhome  (input_1) [AUTOMATION_FILTER] Starting default service TC16_TS06 on AlternateDynamicLive1 (Master__input_1)
Dec 18 14:02:51.227939 BS18_TS06_shinhome  (Master__input_1_scte35_oob) ----------- Starting SpliceInserter ------------
Dec 18 14:02:51.233362 BS18_TS06_shinhome  (AlternateDynamicLive2__input_1_scte35_oob) ----------- Starting SpliceInserter ------------
Dec 18 14:02:51.235080 BS18_TS06_shinhome  (input_1) ----------- Starting AutomationFilter ------------
Dec 18 14:02:51.260217 BS18_TS06_shinhome  (auto.Processings_0) ----------- Starting EsamStatusNotifier ------------
Dec 18 14:02:52.109239 BS18_TS06_shinhome  (input_1) [AUTOMATION_FILTER] Starting default service TC16_TS06 on AlternateDynamicLive1 (Master__input_1)
Jan 24 13:31:34.761823 BS18_TS06_shinhome  (Master__input_1_scte35_oob) ----------- Starting SpliceInserter ------------
Jan 24 13:31:34.767054 BS18_TS06_shinhome  (AlternateDynamicLive2__input_1_scte35_oob) ----------- Starting SpliceInserter ------------
Jan 24 13:31:34.768885 BS18_TS06_shinhome  (input_1) ----------- Starting AutomationFilter ------------
Jan 24 13:31:34.795398 BS18_TS06_shinhome  (auto.Processings_0) ----------- Starting EsamStatusNotifier ------------
Jan 24 13:31:35.193654 BS18_TS06_shinhome  (input_1) [AUTOMATION_FILTER] Starting default service TC16_TS06 on AlternateDynamicLive1 (Master__input_1)
Feb 27 10:06:26.469294 BS18_TS06_shinhome  (Master__input_1_scte35_oob) ----------- Starting SpliceInserter ------------
Feb 27 10:06:26.475203 BS18_TS06_shinhome  (AlternateDynamicLive2__input_1_scte35_oob) ----------- Starting SpliceInserter ------------
Feb 27 10:06:26.477364 BS18_TS06_shinhome  (input_1) ----------- Starting AutomationFilter ------------
Feb 27 10:06:26.514253 BS18_TS06_shinhome  (auto.Processings_0) ----------- Starting EsamStatusNotifier ------------
Feb 27 10:06:27.334009 BS18_TS06_shinhome  (input_1) [AUTOMATION_FILTER] Starting default service TC16_TS06 on AlternateDynamicLive1 (Master__input_1)
Feb 27 10:08:32.433603 BS18_TS06_shinhome  (Master__input_1_scte35_oob) ----------- Starting SpliceInserter ------------
Feb 27 10:08:32.439080 BS18_TS06_shinhome  (AlternateDynamicLive2__input_1_scte35_oob) ----------- Starting SpliceInserter ------------
Feb 27 10:08:32.440840 BS18_TS06_shinhome  (input_1) ----------- Starting AutomationFilter ------------
Feb 27 10:08:32.466239 BS18_TS06_shinhome  (auto.Processings_0) ----------- Starting EsamStatusNotifier ------------
Feb 27 10:08:32.865190 BS18_TS06_shinhome  (input_1) [AUTOMATION_FILTER] Starting default service TC16_TS06 on AlternateDynamicLive1 (Master__input_1)
