Aug  8 00:52:25.000149 BS18_TS04_TEST_01  [standalone] Start monitoring (inputSourceId: 31c56fae4edc4240ae9ea687819e9792)
Aug  8 00:52:55.549712 BS18_TS04_TEST_01  [standalone] SampleQueue main.processings.processing_0.Video_01_enc_1.encoderQueue_Video_01_enc_1 : skipped 45 samples
Aug  8 00:52:55.549731 BS18_TS04_TEST_01  [standalone] Encoder main.processings.processing_0.Video_01_enc_1.h264_encoder_Video_01_enc_1 : encoded 51 samples late
Aug  8 00:59:35.270271 BS18_TS04_TEST_01  [standalone] Start monitoring (inputSourceId: 31c56fae4edc4240ae9ea687819e9792)
Aug  8 01:04:21.463598 BS18_TS04_TEST_01  [standalone] SampleQueue main.processings.processing_0.Video_01_enc_1.encoderQueue_Video_01_enc_1 : skipped 15 samples
Aug  8 01:04:21.463613 BS18_TS04_TEST_01  [standalone] Encoder main.processings.processing_0.Video_01_enc_1.h264_encoder_Video_01_enc_1 : encoded 51 samples late
Aug  8 23:10:22.814262 BS18_TS04_TEST_01  [standalone] Start monitoring (inputSourceId: 31c56fae4edc4240ae9ea687819e9792)
Aug  8 23:10:53.350074 BS18_TS04_TEST_01  [standalone] SampleQueue main.processings.processing_0.Video_01_enc_1.encoderQueue_Video_01_enc_1 : skipped 38 samples
Aug  8 23:10:53.350094 BS18_TS04_TEST_01  [standalone] Encoder main.processings.processing_0.Video_01_enc_1.h264_encoder_Video_01_enc_1 : encoded 51 samples late
Sep 14 02:39:15.908083 BS18_TS04_TEST_01  [standalone] Start monitoring (inputSourceId: 31c56fae4edc4240ae9ea687819e9792)
Sep 14 02:39:46.432891 BS18_TS04_TEST_01  [standalone] SampleQueue main.processings.processing_0.Video_01_enc_1.encoderQueue_Video_01_enc_1 : skipped 45 samples
Sep 14 02:39:46.432907 BS18_TS04_TEST_01  [standalone] Encoder main.processings.processing_0.Video_01_enc_1.h264_encoder_Video_01_enc_1 : encoded 51 samples late
Sep 25 16:35:14.644842 BS18_TS04_TEST_01  [standalone] Start monitoring (inputSourceId: 31c56fae4edc4240ae9ea687819e9792)
Sep 25 16:35:45.096974 BS18_TS04_TEST_01  [standalone] SampleQueue main.processings.processing_0.Video_01_enc_1.encoderQueue_Video_01_enc_1 : skipped 59 samples
Sep 25 16:35:45.097009 BS18_TS04_TEST_01  [standalone] Encoder main.processings.processing_0.Video_01_enc_1.h264_encoder_Video_01_enc_1 : encoded 51 samples late
Oct 25 03:27:36.108577 BS18_TS04_TEST_01  [standalone] Start monitoring (inputSourceId: 31c56fae4edc4240ae9ea687819e9792)
Oct 25 03:32:22.144216 BS18_TS04_TEST_01  [standalone] SampleQueue main.processings.processing_0.Video_01_enc_1.encoderQueue_Video_01_enc_1 : skipped 36 samples
Oct 25 03:32:22.144245 BS18_TS04_TEST_01  [standalone] Encoder main.processings.processing_0.Video_01_enc_1.h264_encoder_Video_01_enc_1 : encoded 51 samples late
Nov 16 16:47:08.550401 BS18_TS04_TEST_01  [standalone] Start monitoring (inputSourceId: 31c56fae4edc4240ae9ea687819e9792)
Nov 16 16:47:39.099221 BS18_TS04_TEST_01  [standalone] SampleQueue main.processings.processing_0.Video_01_enc_1.encoderQueue_Video_01_enc_1 : skipped 50 samples
Nov 16 16:47:39.099235 BS18_TS04_TEST_01  [standalone] Encoder main.processings.processing_0.Video_01_enc_1.h264_encoder_Video_01_enc_1 : encoded 51 samples late
Nov 23 10:21:20.509278 BS18_TS04_TEST_01  [standalone] Start monitoring (inputSourceId: 31c56fae4edc4240ae9ea687819e9792)
Nov 23 10:21:50.956080 BS18_TS04_TEST_01  [standalone] SampleQueue main.processings.processing_0.Video_01_enc_1.encoderQueue_Video_01_enc_1 : skipped 54 samples
Nov 23 10:21:50.956099 BS18_TS04_TEST_01  [standalone] Encoder main.processings.processing_0.Video_01_enc_1.h264_encoder_Video_01_enc_1 : encoded 51 samples late
Nov 28 14:33:56.858602 BS18_TS04_TEST_01  [standalone] Start monitoring (inputSourceId: 31c56fae4edc4240ae9ea687819e9792)
Nov 28 14:34:27.292835 BS18_TS04_TEST_01  [standalone] SampleQueue main.processings.processing_0.Video_01_enc_1.encoderQueue_Video_01_enc_1 : skipped 61 samples
Nov 28 14:34:27.292854 BS18_TS04_TEST_01  [standalone] Encoder main.processings.processing_0.Video_01_enc_1.h264_encoder_Video_01_enc_1 : encoded 51 samples late
Dec 18 14:02:49.607307 BS18_TS04_TEST_01  [standalone] Start monitoring (inputSourceId: 31c56fae4edc4240ae9ea687819e9792)
Dec 18 14:07:36.061140 BS18_TS04_TEST_01  [standalone] SampleQueue main.processings.processing_0.Video_01_enc_1.encoderQueue_Video_01_enc_1 : skipped 21 samples
Dec 18 14:07:36.061164 BS18_TS04_TEST_01  [standalone] Encoder main.processings.processing_0.Video_01_enc_1.h264_encoder_Video_01_enc_1 : encoded 51 samples late
Jan 24 13:31:30.791721 BS18_TS04_TEST_01  [standalone] Start monitoring (inputSourceId: 31c56fae4edc4240ae9ea687819e9792)
Jan 24 13:32:01.238734 BS18_TS04_TEST_01  [standalone] SampleQueue main.processings.processing_0.Video_01_enc_1.encoderQueue_Video_01_enc_1 : skipped 35 samples
Jan 24 13:32:01.238756 BS18_TS04_TEST_01  [standalone] Encoder main.processings.processing_0.Video_01_enc_1.h264_encoder_Video_01_enc_1 : encoded 51 samples late
Feb 27 10:06:26.456032 BS18_TS04_TEST_01  [standalone] Start monitoring (inputSourceId: 31c56fae4edc4240ae9ea687819e9792)
Feb 27 10:08:28.039372 BS18_TS04_TEST_01  [standalone] Start monitoring (inputSourceId: 31c56fae4edc4240ae9ea687819e9792)
Feb 27 10:10:59.132180 BS18_TS04_TEST_01  [standalone] SampleQueue main.processings.processing_0.Video_01_enc_1.encoderQueue_Video_01_enc_1 : skipped 46 samples
Feb 27 10:10:59.132204 BS18_TS04_TEST_01  [standalone] Encoder main.processings.processing_0.Video_01_enc_1.h264_encoder_Video_01_enc_1 : encoded 51 samples late
