Aug  8 00:52:25.467460 BS18_TS05_TEST_02  [Output_1-OT0] Mux packet rates total=4653 pat=11 pmt=11 sdt=11 tdt/tot=0 pcr=0 vid_0=4169 aud_0=352 aud_1=99 null=0
Aug  8 00:52:29.976114 BS18_TS05_TEST_02  [Output_1-OT0] Mux packet rates total=4566 pat=11 pmt=11 sdt=11 tdt/tot=0 pcr=0 vid_0=4169 aud_0=265 aud_1=99 null=0
Aug  8 00:52:29.976463 BS18_TS05_TEST_02  [Output_1-OT0] Mux packet rates total=4566 pat=11 pmt=11 sdt=11 tdt/tot=0 pcr=0 vid_0=4169 aud_0=265 aud_1=99 null=0
Aug  8 00:52:29.976781 BS18_TS05_TEST_02  [Output_1-OT0] Mux packet rates total=4566 pat=11 pmt=11 sdt=11 tdt/tot=0 pcr=0 vid_0=4169 aud_0=265 aud_1=99 null=0
Aug  8 00:52:30.102901 BS18_TS05_TEST_02  [Output_1-OT0] Mux packet rates total=4566 pat=11 pmt=11 sdt=11 tdt/tot=0 pcr=0 vid_0=4169 aud_0=265 aud_1=99 null=0
Aug  8 00:52:30.114914 BS18_TS05_TEST_02  [Output_1-OT0] Mux packet rates total=4566 pat=11 pmt=11 sdt=11 tdt/tot=0 pcr=0 vid_0=4169 aud_0=265 aud_1=99 null=0
Aug  8 00:52:30.627050 BS18_TS05_TEST_02  [Output_1-OT0] Mux packet rates total=4566 pat=11 pmt=11 sdt=11 tdt/tot=0 pcr=0 vid_0=4169 aud_0=265 aud_1=99 null=0
Aug  8 00:59:36.081288 BS18_TS05_TEST_02  [Output_1-OT0] Mux packet rates total=4653 pat=11 pmt=11 sdt=11 tdt/tot=0 pcr=0 vid_0=4169 aud_0=352 aud_1=99 null=0
Aug  8 00:59:40.525493 BS18_TS05_TEST_02  [Output_1-OT0] Mux packet rates total=4566 pat=11 pmt=11 sdt=11 tdt/tot=0 pcr=0 vid_0=4169 aud_0=265 aud_1=99 null=0
Aug  8 00:59:40.525925 BS18_TS05_TEST_02  [Output_1-OT0] Mux packet rates total=4566 pat=11 pmt=11 sdt=11 tdt/tot=0 pcr=0 vid_0=4169 aud_0=265 aud_1=99 null=0
Aug  8 00:59:40.526255 BS18_TS05_TEST_02  [Output_1-OT0] Mux packet rates total=4566 pat=11 pmt=11 sdt=11 tdt/tot=0 pcr=0 vid_0=4169 aud_0=265 aud_1=99 null=0
Aug  8 00:59:40.611209 BS18_TS05_TEST_02  [Output_1-OT0] Mux packet rates total=4566 pat=11 pmt=11 sdt=11 tdt/tot=0 pcr=0 vid_0=4169 aud_0=265 aud_1=99 null=0
Aug  8 00:59:40.622204 BS18_TS05_TEST_02  [Output_1-OT0] Mux packet rates total=4566 pat=11 pmt=11 sdt=11 tdt/tot=0 pcr=0 vid_0=4169 aud_0=265 aud_1=99 null=0
Aug  8 00:59:41.112260 BS18_TS05_TEST_02  [Output_1-OT0] Mux packet rates total=4566 pat=11 pmt=11 sdt=11 tdt/tot=0 pcr=0 vid_0=4169 aud_0=265 aud_1=99 null=0
Aug  8 23:10:25.386461 BS18_TS05_TEST_02  [Output_1-OT0] Mux packet rates total=4653 pat=11 pmt=11 sdt=11 tdt/tot=0 pcr=0 vid_0=4169 aud_0=352 aud_1=99 null=0
Aug  8 23:10:29.815763 BS18_TS05_TEST_02  [Output_1-OT0] Mux packet rates total=4566 pat=11 pmt=11 sdt=11 tdt/tot=0 pcr=0 vid_0=4169 aud_0=265 aud_1=99 null=0
Aug  8 23:10:29.816074 BS18_TS05_TEST_02  [Output_1-OT0] Mux packet rates total=4566 pat=11 pmt=11 sdt=11 tdt/tot=0 pcr=0 vid_0=4169 aud_0=265 aud_1=99 null=0
Aug  8 23:10:29.816390 BS18_TS05_TEST_02  [Output_1-OT0] Mux packet rates total=4566 pat=11 pmt=11 sdt=11 tdt/tot=0 pcr=0 vid_0=4169 aud_0=265 aud_1=99 null=0
Aug  8 23:10:29.897592 BS18_TS05_TEST_02  [Output_1-OT0] Mux packet rates total=4566 pat=11 pmt=11 sdt=11 tdt/tot=0 pcr=0 vid_0=4169 aud_0=265 aud_1=99 null=0
Aug  8 23:10:29.908538 BS18_TS05_TEST_02  [Output_1-OT0] Mux packet rates total=4566 pat=11 pmt=11 sdt=11 tdt/tot=0 pcr=0 vid_0=4169 aud_0=265 aud_1=99 null=0
Aug  8 23:10:30.431658 BS18_TS05_TEST_02  [Output_1-OT0] Mux packet rates total=4566 pat=11 pmt=11 sdt=11 tdt/tot=0 pcr=0 vid_0=4169 aud_0=265 aud_1=99 null=0
Aug 18 01:26:15.109576 BS18_TS05_TEST_02  [Output_1-OT0] Mux packet rates total=4566 pat=11 pmt=11 sdt=11 tdt/tot=0 pcr=0 vid_0=4169 aud_0=265 aud_1=99 null=0
Aug 18 01:26:16.100587 BS18_TS05_TEST_02  [Output_1-OT0] Mux packet rates total=4566 pat=11 pmt=11 sdt=11 tdt/tot=0 pcr=0 vid_0=4169 aud_0=265 aud_1=99 null=0
Aug 18 02:16:57.817583 BS18_TS05_TEST_02  [Output_1-OT0] Mux packet rates total=4566 pat=11 pmt=11 sdt=11 tdt/tot=0 pcr=0 vid_0=4169 aud_0=265 aud_1=99 null=0
Aug 18 02:16:58.808542 BS18_TS05_TEST_02  [Output_1-OT0] Mux packet rates total=4566 pat=11 pmt=11 sdt=11 tdt/tot=0 pcr=0 vid_0=4169 aud_0=265 aud_1=99 null=0
Sep 14 02:39:19.426303 BS18_TS05_TEST_02  [Output_1-OT0] Mux packet rates total=4653 pat=11 pmt=11 sdt=11 tdt/tot=0 pcr=0 vid_0=4169 aud_0=352 aud_1=99 null=0
Sep 14 02:39:23.865523 BS18_TS05_TEST_02  [Output_1-OT0] Mux packet rates total=4566 pat=11 pmt=11 sdt=11 tdt/tot=0 pcr=0 vid_0=4169 aud_0=265 aud_1=99 null=0
Sep 14 02:39:23.865842 BS18_TS05_TEST_02  [Output_1-OT0] Mux packet rates total=4566 pat=11 pmt=11 sdt=11 tdt/tot=0 pcr=0 vid_0=4169 aud_0=265 aud_1=99 null=0
Sep 14 02:39:23.866464 BS18_TS05_TEST_02  [Output_1-OT0] Mux packet rates total=4566 pat=11 pmt=11 sdt=11 tdt/tot=0 pcr=0 vid_0=4169 aud_0=265 aud_1=99 null=0
Sep 14 02:39:23.952360 BS18_TS05_TEST_02  [Output_1-OT0] Mux packet rates total=4566 pat=11 pmt=11 sdt=11 tdt/tot=0 pcr=0 vid_0=4169 aud_0=265 aud_1=99 null=0
Sep 14 02:39:23.964349 BS18_TS05_TEST_02  [Output_1-OT0] Mux packet rates total=4566 pat=11 pmt=11 sdt=11 tdt/tot=0 pcr=0 vid_0=4169 aud_0=265 aud_1=99 null=0
Sep 14 02:39:24.485434 BS18_TS05_TEST_02  [Output_1-OT0] Mux packet rates total=4566 pat=11 pmt=11 sdt=11 tdt/tot=0 pcr=0 vid_0=4169 aud_0=265 aud_1=99 null=0
Sep 25 16:35:17.222055 BS18_TS05_TEST_02  [Output_1-OT0] Mux packet rates total=4653 pat=11 pmt=11 sdt=11 tdt/tot=0 pcr=0 vid_0=4169 aud_0=352 aud_1=99 null=0
Sep 25 16:35:21.741289 BS18_TS05_TEST_02  [Output_1-OT0] Mux packet rates total=4566 pat=11 pmt=11 sdt=11 tdt/tot=0 pcr=0 vid_0=4169 aud_0=265 aud_1=99 null=0
Sep 25 16:35:21.741609 BS18_TS05_TEST_02  [Output_1-OT0] Mux packet rates total=4566 pat=11 pmt=11 sdt=11 tdt/tot=0 pcr=0 vid_0=4169 aud_0=265 aud_1=99 null=0
Sep 25 16:35:21.741853 BS18_TS05_TEST_02  [Output_1-OT0] Mux packet rates total=4566 pat=11 pmt=11 sdt=11 tdt/tot=0 pcr=0 vid_0=4169 aud_0=265 aud_1=99 null=0
Sep 25 16:35:21.824225 BS18_TS05_TEST_02  [Output_1-OT0] Mux packet rates total=4566 pat=11 pmt=11 sdt=11 tdt/tot=0 pcr=0 vid_0=4169 aud_0=265 aud_1=99 null=0
Sep 25 16:35:21.835157 BS18_TS05_TEST_02  [Output_1-OT0] Mux packet rates total=4566 pat=11 pmt=11 sdt=11 tdt/tot=0 pcr=0 vid_0=4169 aud_0=265 aud_1=99 null=0
Sep 25 16:35:22.313183 BS18_TS05_TEST_02  [Output_1-OT0] Mux packet rates total=4566 pat=11 pmt=11 sdt=11 tdt/tot=0 pcr=0 vid_0=4169 aud_0=265 aud_1=99 null=0
Oct 19 01:19:24.291237 BS18_TS05_TEST_02  [Output_1-OT0] Mux packet rates total=4566 pat=11 pmt=11 sdt=11 tdt/tot=0 pcr=0 vid_0=4169 aud_0=265 aud_1=99 null=0
Oct 19 01:19:25.332236 BS18_TS05_TEST_02  [Output_1-OT0] Mux packet rates total=4566 pat=11 pmt=11 sdt=11 tdt/tot=0 pcr=0 vid_0=4169 aud_0=265 aud_1=99 null=0
Oct 19 04:01:28.644261 BS18_TS05_TEST_02  [Output_1-OT0] Mux packet rates total=4566 pat=11 pmt=11 sdt=11 tdt/tot=0 pcr=0 vid_0=4169 aud_0=265 aud_1=99 null=0
Oct 19 04:01:29.645224 BS18_TS05_TEST_02  [Output_1-OT0] Mux packet rates total=4566 pat=11 pmt=11 sdt=11 tdt/tot=0 pcr=0 vid_0=4169 aud_0=265 aud_1=99 null=0
Oct 25 03:27:36.542825 BS18_TS05_TEST_02  [Output_1-OT0] Mux packet rates total=4653 pat=11 pmt=11 sdt=11 tdt/tot=0 pcr=0 vid_0=4169 aud_0=352 aud_1=99 null=0
Oct 25 03:27:41.074444 BS18_TS05_TEST_02  [Output_1-OT0] Mux packet rates total=4566 pat=11 pmt=11 sdt=11 tdt/tot=0 pcr=0 vid_0=4169 aud_0=265 aud_1=99 null=0
Oct 25 03:27:41.074888 BS18_TS05_TEST_02  [Output_1-OT0] Mux packet rates total=4566 pat=11 pmt=11 sdt=11 tdt/tot=0 pcr=0 vid_0=4169 aud_0=265 aud_1=99 null=0
Oct 25 03:27:41.075321 BS18_TS05_TEST_02  [Output_1-OT0] Mux packet rates total=4566 pat=11 pmt=11 sdt=11 tdt/tot=0 pcr=0 vid_0=4169 aud_0=265 aud_1=99 null=0
Oct 25 03:27:41.198248 BS18_TS05_TEST_02  [Output_1-OT0] Mux packet rates total=4566 pat=11 pmt=11 sdt=11 tdt/tot=0 pcr=0 vid_0=4169 aud_0=265 aud_1=99 null=0
Oct 25 03:27:41.209216 BS18_TS05_TEST_02  [Output_1-OT0] Mux packet rates total=4566 pat=11 pmt=11 sdt=11 tdt/tot=0 pcr=0 vid_0=4169 aud_0=265 aud_1=99 null=0
Oct 25 03:27:41.756267 BS18_TS05_TEST_02  [Output_1-OT0] Mux packet rates total=4566 pat=11 pmt=11 sdt=11 tdt/tot=0 pcr=0 vid_0=4169 aud_0=265 aud_1=99 null=0
Oct 29 16:11:01.454304 BS18_TS05_TEST_02  [Output_1-OT0] Mux packet rates total=4566 pat=11 pmt=11 sdt=11 tdt/tot=0 pcr=0 vid_0=4169 aud_0=265 aud_1=99 null=0
Nov 15 00:19:11.755428 BS18_TS05_TEST_02  [Output_1-OT0] Mux packet rates total=4566 pat=11 pmt=11 sdt=11 tdt/tot=0 pcr=0 vid_0=4169 aud_0=265 aud_1=99 null=0
Nov 15 00:19:12.766286 BS18_TS05_TEST_02  [Output_1-OT0] Mux packet rates total=4566 pat=11 pmt=11 sdt=11 tdt/tot=0 pcr=0 vid_0=4169 aud_0=265 aud_1=99 null=0
Nov 15 00:48:52.675366 BS18_TS05_TEST_02  [Output_1-OT0] Mux packet rates total=4566 pat=11 pmt=11 sdt=11 tdt/tot=0 pcr=0 vid_0=4169 aud_0=265 aud_1=99 null=0
Nov 15 00:48:52.676198 BS18_TS05_TEST_02  [Output_1-OT0] Mux packet rates total=4566 pat=11 pmt=11 sdt=11 tdt/tot=0 pcr=0 vid_0=4169 aud_0=265 aud_1=99 null=0
Nov 15 00:48:53.656296 BS18_TS05_TEST_02  [Output_1-OT0] Mux packet rates total=4566 pat=11 pmt=11 sdt=11 tdt/tot=0 pcr=0 vid_0=4169 aud_0=265 aud_1=99 null=0
Nov 16 16:47:11.143309 BS18_TS05_TEST_02  [Output_1-OT0] Mux packet rates total=4653 pat=11 pmt=11 sdt=11 tdt/tot=0 pcr=0 vid_0=4169 aud_0=352 aud_1=99 null=0
Nov 16 16:47:15.568554 BS18_TS05_TEST_02  [Output_1-OT0] Mux packet rates total=4566 pat=11 pmt=11 sdt=11 tdt/tot=0 pcr=0 vid_0=4169 aud_0=265 aud_1=99 null=0
Nov 16 16:47:15.568873 BS18_TS05_TEST_02  [Output_1-OT0] Mux packet rates total=4566 pat=11 pmt=11 sdt=11 tdt/tot=0 pcr=0 vid_0=4169 aud_0=265 aud_1=99 null=0
Nov 16 16:47:15.569156 BS18_TS05_TEST_02  [Output_1-OT0] Mux packet rates total=4566 pat=11 pmt=11 sdt=11 tdt/tot=0 pcr=0 vid_0=4169 aud_0=265 aud_1=99 null=0
Nov 16 16:47:15.677392 BS18_TS05_TEST_02  [Output_1-OT0] Mux packet rates total=4566 pat=11 pmt=11 sdt=11 tdt/tot=0 pcr=0 vid_0=4169 aud_0=265 aud_1=99 null=0
Nov 16 16:47:15.688380 BS18_TS05_TEST_02  [Output_1-OT0] Mux packet rates total=4566 pat=11 pmt=11 sdt=11 tdt/tot=0 pcr=0 vid_0=4169 aud_0=265 aud_1=99 null=0
Nov 16 16:47:16.180465 BS18_TS05_TEST_02  [Output_1-OT0] Mux packet rates total=4566 pat=11 pmt=11 sdt=11 tdt/tot=0 pcr=0 vid_0=4169 aud_0=265 aud_1=99 null=0
Nov 22 00:02:20.760505 BS18_TS05_TEST_02  [Output_1-OT0] Mux packet rates total=4566 pat=11 pmt=11 sdt=11 tdt/tot=0 pcr=0 vid_0=4169 aud_0=265 aud_1=99 null=0
Nov 22 00:02:21.832457 BS18_TS05_TEST_02  [Output_1-OT0] Mux packet rates total=4566 pat=11 pmt=11 sdt=11 tdt/tot=0 pcr=0 vid_0=4169 aud_0=265 aud_1=99 null=0
Nov 22 01:37:47.055477 BS18_TS05_TEST_02  [Output_1-OT0] Mux packet rates total=4566 pat=11 pmt=11 sdt=11 tdt/tot=0 pcr=0 vid_0=4169 aud_0=265 aud_1=99 null=0
Nov 22 01:37:48.016545 BS18_TS05_TEST_02  [Output_1-OT0] Mux packet rates total=4566 pat=11 pmt=11 sdt=11 tdt/tot=0 pcr=0 vid_0=4169 aud_0=265 aud_1=99 null=0
Nov 23 10:21:22.146534 BS18_TS05_TEST_02  [Output_1-OT0] Mux packet rates total=4653 pat=11 pmt=11 sdt=11 tdt/tot=0 pcr=0 vid_0=4169 aud_0=352 aud_1=99 null=0
Nov 23 10:21:26.574870 BS18_TS05_TEST_02  [Output_1-OT0] Mux packet rates total=4566 pat=11 pmt=11 sdt=11 tdt/tot=0 pcr=0 vid_0=4169 aud_0=265 aud_1=99 null=0
Nov 23 10:21:26.575289 BS18_TS05_TEST_02  [Output_1-OT0] Mux packet rates total=4566 pat=11 pmt=11 sdt=11 tdt/tot=0 pcr=0 vid_0=4169 aud_0=265 aud_1=99 null=0
Nov 23 10:21:26.575660 BS18_TS05_TEST_02  [Output_1-OT0] Mux packet rates total=4566 pat=11 pmt=11 sdt=11 tdt/tot=0 pcr=0 vid_0=4169 aud_0=265 aud_1=99 null=0
Nov 23 10:21:26.650715 BS18_TS05_TEST_02  [Output_1-OT0] Mux packet rates total=4566 pat=11 pmt=11 sdt=11 tdt/tot=0 pcr=0 vid_0=4169 aud_0=265 aud_1=99 null=0
Nov 23 10:21:26.661609 BS18_TS05_TEST_02  [Output_1-OT0] Mux packet rates total=4566 pat=11 pmt=11 sdt=11 tdt/tot=0 pcr=0 vid_0=4169 aud_0=265 aud_1=99 null=0
Nov 23 10:21:27.141705 BS18_TS05_TEST_02  [Output_1-OT0] Mux packet rates total=4566 pat=11 pmt=11 sdt=11 tdt/tot=0 pcr=0 vid_0=4169 aud_0=265 aud_1=99 null=0
Nov 28 14:33:33.067734 BS18_TS05_TEST_02  [Output_1-OT0] Mux packet rates total=4566 pat=11 pmt=11 sdt=11 tdt/tot=0 pcr=0 vid_0=4169 aud_0=265 aud_1=99 null=0
Nov 28 14:33:33.260659 BS18_TS05_TEST_02  [Output_1-OT0] Mux packet rates total=4566 pat=11 pmt=11 sdt=11 tdt/tot=0 pcr=0 vid_0=4169 aud_0=265 aud_1=99 null=0
Nov 28 14:33:59.022706 BS18_TS05_TEST_02  [Output_1-OT0] Mux packet rates total=4653 pat=11 pmt=11 sdt=11 tdt/tot=0 pcr=0 vid_0=4169 aud_0=352 aud_1=99 null=0
Nov 28 14:34:03.454907 BS18_TS05_TEST_02  [Output_1-OT0] Mux packet rates total=4566 pat=11 pmt=11 sdt=11 tdt/tot=0 pcr=0 vid_0=4169 aud_0=265 aud_1=99 null=0
Nov 28 14:34:03.455229 BS18_TS05_TEST_02  [Output_1-OT0] Mux packet rates total=4566 pat=11 pmt=11 sdt=11 tdt/tot=0 pcr=0 vid_0=4169 aud_0=265 aud_1=99 null=0
Nov 28 14:34:03.455693 BS18_TS05_TEST_02  [Output_1-OT0] Mux packet rates total=4566 pat=11 pmt=11 sdt=11 tdt/tot=0 pcr=0 vid_0=4169 aud_0=265 aud_1=99 null=0
Nov 28 14:34:03.533795 BS18_TS05_TEST_02  [Output_1-OT0] Mux packet rates total=4566 pat=11 pmt=11 sdt=11 tdt/tot=0 pcr=0 vid_0=4169 aud_0=265 aud_1=99 null=0
Nov 28 14:34:03.544761 BS18_TS05_TEST_02  [Output_1-OT0] Mux packet rates total=4566 pat=11 pmt=11 sdt=11 tdt/tot=0 pcr=0 vid_0=4169 aud_0=265 aud_1=99 null=0
Nov 28 14:34:04.061839 BS18_TS05_TEST_02  [Output_1-OT0] Mux packet rates total=4566 pat=11 pmt=11 sdt=11 tdt/tot=0 pcr=0 vid_0=4169 aud_0=265 aud_1=99 null=0
Nov 29 10:39:29.992822 BS18_TS05_TEST_02  [Output_1-OT0] Mux packet rates total=4566 pat=11 pmt=11 sdt=11 tdt/tot=0 pcr=0 vid_0=4169 aud_0=265 aud_1=99 null=0
Nov 29 10:39:30.114771 BS18_TS05_TEST_02  [Output_1-OT0] Mux packet rates total=4566 pat=11 pmt=11 sdt=11 tdt/tot=0 pcr=0 vid_0=4169 aud_0=265 aud_1=99 null=0
Nov 29 10:39:47.004872 BS18_TS05_TEST_02  [Output_1-OT0] Mux packet rates total=4566 pat=11 pmt=11 sdt=11 tdt/tot=0 pcr=0 vid_0=4169 aud_0=265 aud_1=99 null=0
Nov 29 10:39:47.237757 BS18_TS05_TEST_02  [Output_1-OT0] Mux packet rates total=4566 pat=11 pmt=11 sdt=11 tdt/tot=0 pcr=0 vid_0=4169 aud_0=265 aud_1=99 null=0
Dec 13 10:45:56.970779 BS18_TS05_TEST_02  [Output_1-OT0] Mux packet rates total=4566 pat=11 pmt=11 sdt=11 tdt/tot=0 pcr=0 vid_0=4169 aud_0=265 aud_1=99 null=0
Dec 13 10:45:57.142782 BS18_TS05_TEST_02  [Output_1-OT0] Mux packet rates total=4566 pat=11 pmt=11 sdt=11 tdt/tot=0 pcr=0 vid_0=4169 aud_0=265 aud_1=99 null=0
Dec 13 10:47:30.375893 BS18_TS05_TEST_02  [Output_1-OT0] Mux packet rates total=4566 pat=11 pmt=11 sdt=11 tdt/tot=0 pcr=0 vid_0=4169 aud_0=265 aud_1=99 null=0
Dec 13 10:47:30.477881 BS18_TS05_TEST_02  [Output_1-OT0] Mux packet rates total=4566 pat=11 pmt=11 sdt=11 tdt/tot=0 pcr=0 vid_0=4169 aud_0=265 aud_1=99 null=0
Dec 13 16:44:48.546902 BS18_TS05_TEST_02  [Output_1-OT0] Mux packet rates total=4566 pat=11 pmt=11 sdt=11 tdt/tot=0 pcr=0 vid_0=4169 aud_0=265 aud_1=99 null=0
Dec 13 16:47:08.536864 BS18_TS05_TEST_02  [Output_1-OT0] Mux packet rates total=4566 pat=11 pmt=11 sdt=11 tdt/tot=0 pcr=0 vid_0=4169 aud_0=265 aud_1=99 null=0
Dec 13 16:47:08.810780 BS18_TS05_TEST_02  [Output_1-OT0] Mux packet rates total=4566 pat=11 pmt=11 sdt=11 tdt/tot=0 pcr=0 vid_0=4169 aud_0=265 aud_1=99 null=0
Dec 13 16:48:53.549764 BS18_TS05_TEST_02  [Output_1-OT0] Mux packet rates total=4566 pat=11 pmt=11 sdt=11 tdt/tot=0 pcr=0 vid_0=4169 aud_0=265 aud_1=99 null=0
Dec 13 16:48:53.842883 BS18_TS05_TEST_02  [Output_1-OT0] Mux packet rates total=4566 pat=11 pmt=11 sdt=11 tdt/tot=0 pcr=0 vid_0=4169 aud_0=265 aud_1=99 null=0
Dec 18 14:02:50.025556 BS18_TS05_TEST_02  [Output_1-OT0] Mux packet rates total=4653 pat=11 pmt=11 sdt=11 tdt/tot=0 pcr=0 vid_0=4169 aud_0=352 aud_1=99 null=0
Dec 18 14:02:54.465786 BS18_TS05_TEST_02  [Output_1-OT0] Mux packet rates total=4566 pat=11 pmt=11 sdt=11 tdt/tot=0 pcr=0 vid_0=4169 aud_0=265 aud_1=99 null=0
Dec 18 14:02:54.466092 BS18_TS05_TEST_02  [Output_1-OT0] Mux packet rates total=4566 pat=11 pmt=11 sdt=11 tdt/tot=0 pcr=0 vid_0=4169 aud_0=265 aud_1=99 null=0
Dec 18 14:02:54.466522 BS18_TS05_TEST_02  [Output_1-OT0] Mux packet rates total=4566 pat=11 pmt=11 sdt=11 tdt/tot=0 pcr=0 vid_0=4169 aud_0=265 aud_1=99 null=0
Dec 18 14:02:54.566655 BS18_TS05_TEST_02  [Output_1-OT0] Mux packet rates total=4566 pat=11 pmt=11 sdt=11 tdt/tot=0 pcr=0 vid_0=4169 aud_0=265 aud_1=99 null=0
Dec 18 14:02:54.577615 BS18_TS05_TEST_02  [Output_1-OT0] Mux packet rates total=4566 pat=11 pmt=11 sdt=11 tdt/tot=0 pcr=0 vid_0=4169 aud_0=265 aud_1=99 null=0
Dec 18 14:02:55.062686 BS18_TS05_TEST_02  [Output_1-OT0] Mux packet rates total=4566 pat=11 pmt=11 sdt=11 tdt/tot=0 pcr=0 vid_0=4169 aud_0=265 aud_1=99 null=0
Dec 19 13:18:06.183692 BS18_TS05_TEST_02  [Output_1-OT0] Mux packet rates total=4566 pat=11 pmt=11 sdt=11 tdt/tot=0 pcr=0 vid_0=4169 aud_0=265 aud_1=99 null=0
Dec 19 13:18:06.457641 BS18_TS05_TEST_02  [Output_1-OT0] Mux packet rates total=4566 pat=11 pmt=11 sdt=11 tdt/tot=0 pcr=0 vid_0=4169 aud_0=265 aud_1=99 null=0
Dec 19 13:29:58.983775 BS18_TS05_TEST_02  [Output_1-OT0] Mux packet rates total=4566 pat=11 pmt=11 sdt=11 tdt/tot=0 pcr=0 vid_0=4169 aud_0=265 aud_1=99 null=0
Dec 19 13:29:58.984695 BS18_TS05_TEST_02  [Output_1-OT0] Mux packet rates total=4566 pat=11 pmt=11 sdt=11 tdt/tot=0 pcr=0 vid_0=4169 aud_0=265 aud_1=99 null=0
Dec 19 13:29:59.227647 BS18_TS05_TEST_02  [Output_1-OT0] Mux packet rates total=4566 pat=11 pmt=11 sdt=11 tdt/tot=0 pcr=0 vid_0=4169 aud_0=265 aud_1=99 null=0
Dec 19 13:30:27.016644 BS18_TS05_TEST_02  [Output_1-OT0] Mux packet rates total=4566 pat=11 pmt=11 sdt=11 tdt/tot=0 pcr=0 vid_0=4169 aud_0=265 aud_1=99 null=0
Dec 19 13:30:27.188591 BS18_TS05_TEST_02  [Output_1-OT0] Mux packet rates total=4566 pat=11 pmt=11 sdt=11 tdt/tot=0 pcr=0 vid_0=4169 aud_0=265 aud_1=99 null=0
Dec 19 14:29:23.671757 BS18_TS05_TEST_02  [Output_1-OT0] Mux packet rates total=4566 pat=11 pmt=11 sdt=11 tdt/tot=0 pcr=0 vid_0=4169 aud_0=265 aud_1=99 null=0
Dec 19 14:29:23.855640 BS18_TS05_TEST_02  [Output_1-OT0] Mux packet rates total=4566 pat=11 pmt=11 sdt=11 tdt/tot=0 pcr=0 vid_0=4169 aud_0=265 aud_1=99 null=0
Dec 20 14:37:56.757751 BS18_TS05_TEST_02  [Output_1-OT0] Mux packet rates total=4566 pat=11 pmt=11 sdt=11 tdt/tot=0 pcr=0 vid_0=4169 aud_0=265 aud_1=99 null=0
Dec 20 14:37:57.051718 BS18_TS05_TEST_02  [Output_1-OT0] Mux packet rates total=4566 pat=11 pmt=11 sdt=11 tdt/tot=0 pcr=0 vid_0=4169 aud_0=265 aud_1=99 null=0
Dec 28 09:49:11.876697 BS18_TS05_TEST_02  [Output_1-OT0] Mux packet rates total=4566 pat=11 pmt=11 sdt=11 tdt/tot=0 pcr=0 vid_0=4169 aud_0=265 aud_1=99 null=0
Dec 28 09:49:12.059743 BS18_TS05_TEST_02  [Output_1-OT0] Mux packet rates total=4566 pat=11 pmt=11 sdt=11 tdt/tot=0 pcr=0 vid_0=4169 aud_0=265 aud_1=99 null=0
Dec 28 14:40:09.579628 BS18_TS05_TEST_02  [Output_1-OT0] Mux packet rates total=4566 pat=11 pmt=11 sdt=11 tdt/tot=0 pcr=0 vid_0=4169 aud_0=265 aud_1=99 null=0
Dec 28 14:40:09.853689 BS18_TS05_TEST_02  [Output_1-OT0] Mux packet rates total=4566 pat=11 pmt=11 sdt=11 tdt/tot=0 pcr=0 vid_0=4169 aud_0=265 aud_1=99 null=0
Dec 28 14:59:15.479642 BS18_TS05_TEST_02  [Output_1-OT0] Mux packet rates total=4566 pat=11 pmt=11 sdt=11 tdt/tot=0 pcr=0 vid_0=4169 aud_0=265 aud_1=99 null=0
Dec 28 14:59:15.651794 BS18_TS05_TEST_02  [Output_1-OT0] Mux packet rates total=4566 pat=11 pmt=11 sdt=11 tdt/tot=0 pcr=0 vid_0=4169 aud_0=265 aud_1=99 null=0
Dec 29 10:37:04.409746 BS18_TS05_TEST_02  [Output_1-OT0] Mux packet rates total=4566 pat=11 pmt=11 sdt=11 tdt/tot=0 pcr=0 vid_0=4169 aud_0=265 aud_1=99 null=0
Dec 29 10:37:04.451787 BS18_TS05_TEST_02  [Output_1-OT0] Mux packet rates total=4566 pat=11 pmt=11 sdt=11 tdt/tot=0 pcr=0 vid_0=4169 aud_0=265 aud_1=99 null=0
Dec 29 10:37:04.452732 BS18_TS05_TEST_02  [Output_1-OT0] Mux packet rates total=4566 pat=11 pmt=11 sdt=11 tdt/tot=0 pcr=0 vid_0=4169 aud_0=265 aud_1=99 null=0
Dec 29 13:40:40.244796 BS18_TS05_TEST_02  [Output_1-OT0] Mux packet rates total=4566 pat=11 pmt=11 sdt=11 tdt/tot=0 pcr=0 vid_0=4169 aud_0=265 aud_1=99 null=0
Dec 29 13:40:40.246660 BS18_TS05_TEST_02  [Output_1-OT0] Mux packet rates total=4566 pat=11 pmt=11 sdt=11 tdt/tot=0 pcr=0 vid_0=4169 aud_0=265 aud_1=99 null=0
Dec 29 13:40:40.257687 BS18_TS05_TEST_02  [Output_1-OT0] Mux packet rates total=4566 pat=11 pmt=11 sdt=11 tdt/tot=0 pcr=0 vid_0=4169 aud_0=265 aud_1=99 null=0
Dec 29 13:41:59.167667 BS18_TS05_TEST_02  [Output_1-OT0] Mux packet rates total=4566 pat=11 pmt=11 sdt=11 tdt/tot=0 pcr=0 vid_0=4169 aud_0=265 aud_1=99 null=0
Dec 29 13:41:59.259719 BS18_TS05_TEST_02  [Output_1-OT0] Mux packet rates total=4566 pat=11 pmt=11 sdt=11 tdt/tot=0 pcr=0 vid_0=4169 aud_0=265 aud_1=99 null=0
Jan 24 13:28:59.248638 BS18_TS05_TEST_02  [Output_1-OT0] Mux packet rates total=4566 pat=11 pmt=11 sdt=11 tdt/tot=0 pcr=0 vid_0=4169 aud_0=265 aud_1=99 null=0
Jan 24 13:28:59.542730 BS18_TS05_TEST_02  [Output_1-OT0] Mux packet rates total=4566 pat=11 pmt=11 sdt=11 tdt/tot=0 pcr=0 vid_0=4169 aud_0=265 aud_1=99 null=0
Jan 24 13:29:26.320710 BS18_TS05_TEST_02  [Output_1-OT0] Mux packet rates total=4566 pat=11 pmt=11 sdt=11 tdt/tot=0 pcr=0 vid_0=4169 aud_0=265 aud_1=99 null=0
Jan 24 13:29:26.573696 BS18_TS05_TEST_02  [Output_1-OT0] Mux packet rates total=4566 pat=11 pmt=11 sdt=11 tdt/tot=0 pcr=0 vid_0=4169 aud_0=265 aud_1=99 null=0
Jan 24 13:29:43.221635 BS18_TS05_TEST_02  [Output_1-OT0] Mux packet rates total=4566 pat=11 pmt=11 sdt=11 tdt/tot=0 pcr=0 vid_0=4169 aud_0=265 aud_1=99 null=0
Jan 24 13:29:43.454686 BS18_TS05_TEST_02  [Output_1-OT0] Mux packet rates total=4566 pat=11 pmt=11 sdt=11 tdt/tot=0 pcr=0 vid_0=4169 aud_0=265 aud_1=99 null=0
Jan 24 13:31:33.062046 BS18_TS05_TEST_02  [Output_1-OT0] Mux packet rates total=4653 pat=11 pmt=11 sdt=11 tdt/tot=0 pcr=0 vid_0=4169 aud_0=352 aud_1=99 null=0
Jan 24 13:31:37.493279 BS18_TS05_TEST_02  [Output_1-OT0] Mux packet rates total=4566 pat=11 pmt=11 sdt=11 tdt/tot=0 pcr=0 vid_0=4169 aud_0=265 aud_1=99 null=0
Jan 24 13:31:37.493611 BS18_TS05_TEST_02  [Output_1-OT0] Mux packet rates total=4566 pat=11 pmt=11 sdt=11 tdt/tot=0 pcr=0 vid_0=4169 aud_0=265 aud_1=99 null=0
Jan 24 13:31:37.493878 BS18_TS05_TEST_02  [Output_1-OT0] Mux packet rates total=4566 pat=11 pmt=11 sdt=11 tdt/tot=0 pcr=0 vid_0=4169 aud_0=265 aud_1=99 null=0
Jan 24 13:31:37.577146 BS18_TS05_TEST_02  [Output_1-OT0] Mux packet rates total=4566 pat=11 pmt=11 sdt=11 tdt/tot=0 pcr=0 vid_0=4169 aud_0=265 aud_1=99 null=0
Jan 24 13:31:37.588195 BS18_TS05_TEST_02  [Output_1-OT0] Mux packet rates total=4566 pat=11 pmt=11 sdt=11 tdt/tot=0 pcr=0 vid_0=4169 aud_0=265 aud_1=99 null=0
Jan 24 13:31:38.087181 BS18_TS05_TEST_02  [Output_1-OT0] Mux packet rates total=4566 pat=11 pmt=11 sdt=11 tdt/tot=0 pcr=0 vid_0=4169 aud_0=265 aud_1=99 null=0
Feb 19 10:31:36.787153 BS18_TS05_TEST_02  [Output_1-OT0] Mux packet rates total=4566 pat=11 pmt=11 sdt=11 tdt/tot=0 pcr=0 vid_0=4169 aud_0=265 aud_1=99 null=0
Feb 19 10:31:36.980239 BS18_TS05_TEST_02  [Output_1-OT0] Mux packet rates total=4566 pat=11 pmt=11 sdt=11 tdt/tot=0 pcr=0 vid_0=4169 aud_0=265 aud_1=99 null=0
Feb 19 10:57:21.404191 BS18_TS05_TEST_02  [Output_1-OT0] Mux packet rates total=4566 pat=11 pmt=11 sdt=11 tdt/tot=0 pcr=0 vid_0=4169 aud_0=265 aud_1=99 null=0
Feb 19 10:57:21.435160 BS18_TS05_TEST_02  [Output_1-OT0] Mux packet rates total=4566 pat=11 pmt=11 sdt=11 tdt/tot=0 pcr=0 vid_0=4169 aud_0=265 aud_1=99 null=0
Feb 19 11:04:00.698255 BS18_TS05_TEST_02  [Output_1-OT0] Mux packet rates total=4566 pat=11 pmt=11 sdt=11 tdt/tot=0 pcr=0 vid_0=4169 aud_0=265 aud_1=99 null=0
Feb 19 11:04:00.801159 BS18_TS05_TEST_02  [Output_1-OT0] Mux packet rates total=4566 pat=11 pmt=11 sdt=11 tdt/tot=0 pcr=0 vid_0=4169 aud_0=265 aud_1=99 null=0
Feb 19 11:11:43.185296 BS18_TS05_TEST_02  [Output_1-OT0] Mux packet rates total=4566 pat=11 pmt=11 sdt=11 tdt/tot=0 pcr=0 vid_0=4169 aud_0=265 aud_1=99 null=0
Feb 19 11:11:43.479202 BS18_TS05_TEST_02  [Output_1-OT0] Mux packet rates total=4566 pat=11 pmt=11 sdt=11 tdt/tot=0 pcr=0 vid_0=4169 aud_0=265 aud_1=99 null=0
Feb 21 16:49:41.933273 BS18_TS05_TEST_02  [Output_1-OT0] Mux packet rates total=4566 pat=11 pmt=11 sdt=11 tdt/tot=0 pcr=0 vid_0=4169 aud_0=265 aud_1=99 null=0
Feb 21 16:49:42.146246 BS18_TS05_TEST_02  [Output_1-OT0] Mux packet rates total=4566 pat=11 pmt=11 sdt=11 tdt/tot=0 pcr=0 vid_0=4169 aud_0=265 aud_1=99 null=0
Feb 23 17:14:52.293326 BS18_TS05_TEST_02  [Output_1-OT0] Mux packet rates total=4566 pat=11 pmt=11 sdt=11 tdt/tot=0 pcr=0 vid_0=4169 aud_0=265 aud_1=99 null=0
Feb 23 17:14:52.385257 BS18_TS05_TEST_02  [Output_1-OT0] Mux packet rates total=4566 pat=11 pmt=11 sdt=11 tdt/tot=0 pcr=0 vid_0=4169 aud_0=265 aud_1=99 null=0
Feb 23 17:15:58.578196 BS18_TS05_TEST_02  [Output_1-OT0] Mux packet rates total=4566 pat=11 pmt=11 sdt=11 tdt/tot=0 pcr=0 vid_0=4169 aud_0=265 aud_1=99 null=0
Feb 23 17:15:58.680237 BS18_TS05_TEST_02  [Output_1-OT0] Mux packet rates total=4566 pat=11 pmt=11 sdt=11 tdt/tot=0 pcr=0 vid_0=4169 aud_0=265 aud_1=99 null=0
Feb 27 10:06:26.883034 BS18_TS05_TEST_02  [Output_1-OT0] Mux packet rates total=4653 pat=11 pmt=11 sdt=11 tdt/tot=0 pcr=0 vid_0=4169 aud_0=352 aud_1=99 null=0
Feb 27 10:06:31.315183 BS18_TS05_TEST_02  [Output_1-OT0] Mux packet rates total=4566 pat=11 pmt=11 sdt=11 tdt/tot=0 pcr=0 vid_0=4169 aud_0=265 aud_1=99 null=0
Feb 27 10:06:31.315881 BS18_TS05_TEST_02  [Output_1-OT0] Mux packet rates total=4566 pat=11 pmt=11 sdt=11 tdt/tot=0 pcr=0 vid_0=4169 aud_0=265 aud_1=99 null=0
Feb 27 10:06:31.316361 BS18_TS05_TEST_02  [Output_1-OT0] Mux packet rates total=4566 pat=11 pmt=11 sdt=11 tdt/tot=0 pcr=0 vid_0=4169 aud_0=265 aud_1=99 null=0
Feb 27 10:06:31.424690 BS18_TS05_TEST_02  [Output_1-OT0] Mux packet rates total=4566 pat=11 pmt=11 sdt=11 tdt/tot=0 pcr=0 vid_0=4169 aud_0=265 aud_1=99 null=0
Feb 27 10:06:31.435691 BS18_TS05_TEST_02  [Output_1-OT0] Mux packet rates total=4566 pat=11 pmt=11 sdt=11 tdt/tot=0 pcr=0 vid_0=4169 aud_0=265 aud_1=99 null=0
Feb 27 10:06:31.959787 BS18_TS05_TEST_02  [Output_1-OT0] Mux packet rates total=4566 pat=11 pmt=11 sdt=11 tdt/tot=0 pcr=0 vid_0=4169 aud_0=265 aud_1=99 null=0
Feb 27 10:08:30.278853 BS18_TS05_TEST_02  [Output_1-OT0] Mux packet rates total=4653 pat=11 pmt=11 sdt=11 tdt/tot=0 pcr=0 vid_0=4169 aud_0=352 aud_1=99 null=0
Feb 27 10:08:34.718068 BS18_TS05_TEST_02  [Output_1-OT0] Mux packet rates total=4566 pat=11 pmt=11 sdt=11 tdt/tot=0 pcr=0 vid_0=4169 aud_0=265 aud_1=99 null=0
Feb 27 10:08:34.718369 BS18_TS05_TEST_02  [Output_1-OT0] Mux packet rates total=4566 pat=11 pmt=11 sdt=11 tdt/tot=0 pcr=0 vid_0=4169 aud_0=265 aud_1=99 null=0
Feb 27 10:08:34.718694 BS18_TS05_TEST_02  [Output_1-OT0] Mux packet rates total=4566 pat=11 pmt=11 sdt=11 tdt/tot=0 pcr=0 vid_0=4169 aud_0=265 aud_1=99 null=0
Feb 27 10:08:34.800949 BS18_TS05_TEST_02  [Output_1-OT0] Mux packet rates total=4566 pat=11 pmt=11 sdt=11 tdt/tot=0 pcr=0 vid_0=4169 aud_0=265 aud_1=99 null=0
Feb 27 10:08:34.812900 BS18_TS05_TEST_02  [Output_1-OT0] Mux packet rates total=4566 pat=11 pmt=11 sdt=11 tdt/tot=0 pcr=0 vid_0=4169 aud_0=265 aud_1=99 null=0
Feb 27 10:08:35.307100 BS18_TS05_TEST_02  [Output_1-OT0] Mux packet rates total=4566 pat=11 pmt=11 sdt=11 tdt/tot=0 pcr=0 vid_0=4169 aud_0=265 aud_1=99 null=0
Mar  8 01:35:15.898176 BS18_TS05_TEST_02  [Output_1-OT0] Mux packet rates total=4566 pat=11 pmt=11 sdt=11 tdt/tot=0 pcr=0 vid_0=4169 aud_0=265 aud_1=99 null=0
Mar  8 01:35:23.010036 BS18_TS05_TEST_02  [Output_1-OT0] Mux packet rates total=4566 pat=11 pmt=11 sdt=11 tdt/tot=0 pcr=0 vid_0=4169 aud_0=265 aud_1=99 null=0
Mar 13 10:36:43.111065 BS18_TS05_TEST_02  [Output_1-OT0] Mux packet rates total=4566 pat=11 pmt=11 sdt=11 tdt/tot=0 pcr=0 vid_0=4169 aud_0=265 aud_1=99 null=0
Mar 13 15:35:12.626056 BS18_TS05_TEST_02  [Output_1-OT0] Mux packet rates total=4566 pat=11 pmt=11 sdt=11 tdt/tot=0 pcr=0 vid_0=4169 aud_0=265 aud_1=99 null=0
Mar 13 15:35:13.657008 BS18_TS05_TEST_02  [Output_1-OT0] Mux packet rates total=4566 pat=11 pmt=11 sdt=11 tdt/tot=0 pcr=0 vid_0=4169 aud_0=265 aud_1=99 null=0
Mar 13 15:35:22.315041 BS18_TS05_TEST_02  [Output_1-OT0] Mux packet rates total=4566 pat=11 pmt=11 sdt=11 tdt/tot=0 pcr=0 vid_0=4169 aud_0=265 aud_1=99 null=0
Mar 13 15:35:23.346019 BS18_TS05_TEST_02  [Output_1-OT0] Mux packet rates total=4566 pat=11 pmt=11 sdt=11 tdt/tot=0 pcr=0 vid_0=4169 aud_0=265 aud_1=99 null=0
