Aug  8 00:52:24.887397 CS16_TS16_PlayboyTV  (Master__input_1_scte35_oob) ----------- Starting SpliceInserter ------------
Aug  8 00:52:24.902815 CS16_TS16_PlayboyTV  (AlternateDynamicLive2__input_1_scte35_oob) ----------- Starting SpliceInserter ------------
Aug  8 00:52:24.905125 CS16_TS16_PlayboyTV  (input_1) ----------- Starting AutomationFilter ------------
Aug  8 00:52:24.933419 CS16_TS16_PlayboyTV  (auto.Processings_0) ----------- Starting EsamStatusNotifier ------------
Aug  8 00:52:25.447748 CS16_TS16_PlayboyTV  (input_1) [AUTOMATION_FILTER] Starting default service TC16_TS11 on AlternateDynamicLive1 (Master__input_1)
Aug  8 00:59:35.285232 CS16_TS16_PlayboyTV  (Master__input_1_scte35_oob) ----------- Starting SpliceInserter ------------
Aug  8 00:59:35.298411 CS16_TS16_PlayboyTV  (AlternateDynamicLive2__input_1_scte35_oob) ----------- Starting SpliceInserter ------------
Aug  8 00:59:35.300400 CS16_TS16_PlayboyTV  (input_1) ----------- Starting AutomationFilter ------------
Aug  8 00:59:35.334537 CS16_TS16_PlayboyTV  (auto.Processings_0) ----------- Starting EsamStatusNotifier ------------
Aug  8 00:59:36.412014 CS16_TS16_PlayboyTV  (input_1) [AUTOMATION_FILTER] Starting default service TC16_TS11 on AlternateDynamicLive1 (Master__input_1)
Aug  8 23:10:35.510656 CS16_TS16_PlayboyTV  (Master__input_1_scte35_oob) ----------- Starting SpliceInserter ------------
Aug  8 23:10:35.524209 CS16_TS16_PlayboyTV  (AlternateDynamicLive2__input_1_scte35_oob) ----------- Starting SpliceInserter ------------
Aug  8 23:10:35.526311 CS16_TS16_PlayboyTV  (input_1) ----------- Starting AutomationFilter ------------
Aug  8 23:10:35.554258 CS16_TS16_PlayboyTV  (auto.Processings_0) ----------- Starting EsamStatusNotifier ------------
Aug  8 23:10:35.968871 CS16_TS16_PlayboyTV  (input_1) [AUTOMATION_FILTER] Starting default service TC16_TS11 on AlternateDynamicLive1 (Master__input_1)
Sep 14 02:31:03.773134 CS16_TS16_PlayboyTV  (Master__input_1_scte35_oob) ----------- Starting SpliceInserter ------------
Sep 14 02:31:03.787923 CS16_TS16_PlayboyTV  (AlternateDynamicLive2__input_1_scte35_oob) ----------- Starting SpliceInserter ------------
Sep 14 02:31:03.789833 CS16_TS16_PlayboyTV  (input_1) ----------- Starting AutomationFilter ------------
Sep 14 02:31:03.821075 CS16_TS16_PlayboyTV  (auto.Processings_0) ----------- Starting EsamStatusNotifier ------------
Sep 14 02:31:04.288841 CS16_TS16_PlayboyTV  (input_1) [AUTOMATION_FILTER] Starting default service TC16_TS11 on AlternateDynamicLive1 (Master__input_1)
Sep 14 02:39:33.717935 CS16_TS16_PlayboyTV  (Master__input_1_scte35_oob) ----------- Starting SpliceInserter ------------
Sep 14 02:39:33.731795 CS16_TS16_PlayboyTV  (AlternateDynamicLive2__input_1_scte35_oob) ----------- Starting SpliceInserter ------------
Sep 14 02:39:33.733906 CS16_TS16_PlayboyTV  (input_1) ----------- Starting AutomationFilter ------------
Sep 14 02:39:33.763072 CS16_TS16_PlayboyTV  (auto.Processings_0) ----------- Starting EsamStatusNotifier ------------
Sep 14 02:39:34.172399 CS16_TS16_PlayboyTV  (input_1) [AUTOMATION_FILTER] Starting default service TC16_TS11 on AlternateDynamicLive1 (Master__input_1)
Sep 25 16:35:27.479982 CS16_TS16_PlayboyTV  (Master__input_1_scte35_oob) ----------- Starting SpliceInserter ------------
Sep 25 16:35:27.493361 CS16_TS16_PlayboyTV  (AlternateDynamicLive2__input_1_scte35_oob) ----------- Starting SpliceInserter ------------
Sep 25 16:35:27.495327 CS16_TS16_PlayboyTV  (input_1) ----------- Starting AutomationFilter ------------
Sep 25 16:35:27.522396 CS16_TS16_PlayboyTV  (auto.Processings_0) ----------- Starting EsamStatusNotifier ------------
Sep 25 16:35:27.966093 CS16_TS16_PlayboyTV  (input_1) [AUTOMATION_FILTER] Starting default service TC16_TS11 on AlternateDynamicLive1 (Master__input_1)
Oct 25 03:27:36.125372 CS16_TS16_PlayboyTV  (Master__input_1_scte35_oob) ----------- Starting SpliceInserter ------------
Oct 25 03:27:36.138949 CS16_TS16_PlayboyTV  (AlternateDynamicLive2__input_1_scte35_oob) ----------- Starting SpliceInserter ------------
Oct 25 03:27:36.140606 CS16_TS16_PlayboyTV  (input_1) ----------- Starting AutomationFilter ------------
Oct 25 03:27:36.167313 CS16_TS16_PlayboyTV  (auto.Processings_0) ----------- Starting EsamStatusNotifier ------------
Oct 25 03:27:37.091663 CS16_TS16_PlayboyTV  (input_1) [AUTOMATION_FILTER] Starting default service TC16_TS11 on AlternateDynamicLive1 (Master__input_1)
Nov 16 16:47:24.459188 CS16_TS16_PlayboyTV  (Master__input_1_scte35_oob) ----------- Starting SpliceInserter ------------
Nov 16 16:47:24.472811 CS16_TS16_PlayboyTV  (AlternateDynamicLive2__input_1_scte35_oob) ----------- Starting SpliceInserter ------------
Nov 16 16:47:24.474825 CS16_TS16_PlayboyTV  (input_1) ----------- Starting AutomationFilter ------------
Nov 16 16:47:24.502221 CS16_TS16_PlayboyTV  (auto.Processings_0) ----------- Starting EsamStatusNotifier ------------
Nov 16 16:47:24.926756 CS16_TS16_PlayboyTV  (input_1) [AUTOMATION_FILTER] Starting default service TC16_TS11 on AlternateDynamicLive1 (Master__input_1)
Nov 23 10:21:30.798073 CS16_TS16_PlayboyTV  (Master__input_1_scte35_oob) ----------- Starting SpliceInserter ------------
Nov 23 10:21:30.811953 CS16_TS16_PlayboyTV  (AlternateDynamicLive2__input_1_scte35_oob) ----------- Starting SpliceInserter ------------
Nov 23 10:21:30.813930 CS16_TS16_PlayboyTV  (input_1) ----------- Starting AutomationFilter ------------
Nov 23 10:21:30.843811 CS16_TS16_PlayboyTV  (auto.Processings_0) ----------- Starting EsamStatusNotifier ------------
Nov 23 10:21:31.274645 CS16_TS16_PlayboyTV  (input_1) [AUTOMATION_FILTER] Starting default service TC16_TS11 on AlternateDynamicLive1 (Master__input_1)
Nov 28 14:34:07.027897 CS16_TS16_PlayboyTV  (Master__input_1_scte35_oob) ----------- Starting SpliceInserter ------------
Nov 28 14:34:07.042239 CS16_TS16_PlayboyTV  (AlternateDynamicLive2__input_1_scte35_oob) ----------- Starting SpliceInserter ------------
Nov 28 14:34:07.044415 CS16_TS16_PlayboyTV  (input_1) ----------- Starting AutomationFilter ------------
Nov 28 14:34:07.075177 CS16_TS16_PlayboyTV  (auto.Processings_0) ----------- Starting EsamStatusNotifier ------------
Nov 28 14:34:07.501436 CS16_TS16_PlayboyTV  (input_1) [AUTOMATION_FILTER] Starting default service TC16_TS11 on AlternateDynamicLive1 (Master__input_1)
Dec 18 14:02:49.622966 CS16_TS16_PlayboyTV  (Master__input_1_scte35_oob) ----------- Starting SpliceInserter ------------
Dec 18 14:02:49.636351 CS16_TS16_PlayboyTV  (AlternateDynamicLive2__input_1_scte35_oob) ----------- Starting SpliceInserter ------------
Dec 18 14:02:49.638741 CS16_TS16_PlayboyTV  (input_1) ----------- Starting AutomationFilter ------------
Dec 18 14:02:49.673513 CS16_TS16_PlayboyTV  (auto.Processings_0) ----------- Starting EsamStatusNotifier ------------
Dec 18 14:02:50.821647 CS16_TS16_PlayboyTV  (input_1) [AUTOMATION_FILTER] Starting default service TC16_TS11 on AlternateDynamicLive1 (Master__input_1)
Jan 24 13:31:40.859613 CS16_TS16_PlayboyTV  (Master__input_1_scte35_oob) ----------- Starting SpliceInserter ------------
Jan 24 13:31:40.873918 CS16_TS16_PlayboyTV  (AlternateDynamicLive2__input_1_scte35_oob) ----------- Starting SpliceInserter ------------
Jan 24 13:31:40.876095 CS16_TS16_PlayboyTV  (input_1) ----------- Starting AutomationFilter ------------
Jan 24 13:31:40.905150 CS16_TS16_PlayboyTV  (auto.Processings_0) ----------- Starting EsamStatusNotifier ------------
Jan 24 13:31:41.333061 CS16_TS16_PlayboyTV  (input_1) [AUTOMATION_FILTER] Starting default service TC16_TS11 on AlternateDynamicLive1 (Master__input_1)
Feb 27 10:06:26.472821 CS16_TS16_PlayboyTV  (Master__input_1_scte35_oob) ----------- Starting SpliceInserter ------------
Feb 27 10:06:26.486176 CS16_TS16_PlayboyTV  (AlternateDynamicLive2__input_1_scte35_oob) ----------- Starting SpliceInserter ------------
Feb 27 10:06:26.487836 CS16_TS16_PlayboyTV  (input_1) ----------- Starting AutomationFilter ------------
Feb 27 10:06:26.514212 CS16_TS16_PlayboyTV  (auto.Processings_0) ----------- Starting EsamStatusNotifier ------------
Feb 27 10:06:27.294122 CS16_TS16_PlayboyTV  (input_1) [AUTOMATION_FILTER] Starting default service TC16_TS11 on AlternateDynamicLive1 (Master__input_1)
Feb 27 10:08:51.259793 CS16_TS16_PlayboyTV  (Master__input_1_scte35_oob) ----------- Starting SpliceInserter ------------
Feb 27 10:08:51.272961 CS16_TS16_PlayboyTV  (AlternateDynamicLive2__input_1_scte35_oob) ----------- Starting SpliceInserter ------------
Feb 27 10:08:51.274910 CS16_TS16_PlayboyTV  (input_1) ----------- Starting AutomationFilter ------------
Feb 27 10:08:51.308128 CS16_TS16_PlayboyTV  (auto.Processings_0) ----------- Starting EsamStatusNotifier ------------
Feb 27 10:08:51.737786 CS16_TS16_PlayboyTV  (input_1) [AUTOMATION_FILTER] Starting default service TC16_TS11 on AlternateDynamicLive1 (Master__input_1)
