Aug  8 00:52:25.397551 CS18_TS12_Lotte  [Output_1-OT0] Mux packet rates total=5237 pat=11 pmt=11 sdt=11 tdt/tot=0 pcr=0 vid_0=4852 aud_0=352 null=0
Aug  8 00:52:25.400985 CS18_TS12_Lotte  [Output_1-OT0] Mux packet rates total=5237 pat=11 pmt=11 sdt=11 tdt/tot=0 pcr=0 vid_0=4852 aud_0=352 null=0
Aug  8 00:52:25.401784 CS18_TS12_Lotte  [Output_1-OT0] Mux packet rates total=5237 pat=11 pmt=11 sdt=11 tdt/tot=0 pcr=0 vid_0=4852 aud_0=352 null=0
Aug  8 00:52:29.883217 CS18_TS12_Lotte  [Output_1-OT0] Mux packet rates total=5150 pat=11 pmt=11 sdt=11 tdt/tot=0 pcr=0 vid_0=4852 aud_0=265 null=0
Aug  8 00:52:30.015818 CS18_TS12_Lotte  [Output_1-OT0] Mux packet rates total=5150 pat=11 pmt=11 sdt=11 tdt/tot=0 pcr=0 vid_0=4852 aud_0=265 null=0
Aug  8 00:52:30.297909 CS18_TS12_Lotte  [Output_1-OT0] Mux packet rates total=5150 pat=11 pmt=11 sdt=11 tdt/tot=0 pcr=0 vid_0=4852 aud_0=265 null=0
Aug  8 00:59:35.969577 CS18_TS12_Lotte  [Output_1-OT0] Mux packet rates total=5237 pat=11 pmt=11 sdt=11 tdt/tot=0 pcr=0 vid_0=4852 aud_0=352 null=0
Aug  8 00:59:36.035713 CS18_TS12_Lotte  [Output_1-OT0] Mux packet rates total=5237 pat=11 pmt=11 sdt=11 tdt/tot=0 pcr=0 vid_0=4852 aud_0=352 null=0
Aug  8 00:59:36.036250 CS18_TS12_Lotte  [Output_1-OT0] Mux packet rates total=5237 pat=11 pmt=11 sdt=11 tdt/tot=0 pcr=0 vid_0=4852 aud_0=352 null=0
Aug  8 00:59:40.432292 CS18_TS12_Lotte  [Output_1-OT0] Mux packet rates total=5150 pat=11 pmt=11 sdt=11 tdt/tot=0 pcr=0 vid_0=4852 aud_0=265 null=0
Aug  8 00:59:40.531287 CS18_TS12_Lotte  [Output_1-OT0] Mux packet rates total=5150 pat=11 pmt=11 sdt=11 tdt/tot=0 pcr=0 vid_0=4852 aud_0=265 null=0
Aug  8 00:59:40.803296 CS18_TS12_Lotte  [Output_1-OT0] Mux packet rates total=5150 pat=11 pmt=11 sdt=11 tdt/tot=0 pcr=0 vid_0=4852 aud_0=265 null=0
Aug  8 23:10:38.064298 CS18_TS12_Lotte  [Output_1-OT0] Mux packet rates total=5237 pat=11 pmt=11 sdt=11 tdt/tot=0 pcr=0 vid_0=4852 aud_0=352 null=0
Aug  8 23:10:38.068069 CS18_TS12_Lotte  [Output_1-OT0] Mux packet rates total=5237 pat=11 pmt=11 sdt=11 tdt/tot=0 pcr=0 vid_0=4852 aud_0=352 null=0
Aug  8 23:10:38.068321 CS18_TS12_Lotte  [Output_1-OT0] Mux packet rates total=5237 pat=11 pmt=11 sdt=11 tdt/tot=0 pcr=0 vid_0=4852 aud_0=352 null=0
Aug  8 23:10:42.512473 CS18_TS12_Lotte  [Output_1-OT0] Mux packet rates total=5150 pat=11 pmt=11 sdt=11 tdt/tot=0 pcr=0 vid_0=4852 aud_0=265 null=0
Aug  8 23:10:42.641487 CS18_TS12_Lotte  [Output_1-OT0] Mux packet rates total=5150 pat=11 pmt=11 sdt=11 tdt/tot=0 pcr=0 vid_0=4852 aud_0=265 null=0
Aug  8 23:10:42.905473 CS18_TS12_Lotte  [Output_1-OT0] Mux packet rates total=5150 pat=11 pmt=11 sdt=11 tdt/tot=0 pcr=0 vid_0=4852 aud_0=265 null=0
Sep 14 02:31:04.115864 CS18_TS12_Lotte  [Output_1-OT0] Mux packet rates total=5237 pat=11 pmt=11 sdt=11 tdt/tot=0 pcr=0 vid_0=4852 aud_0=352 null=0
Sep 14 02:31:04.120129 CS18_TS12_Lotte  [Output_1-OT0] Mux packet rates total=5237 pat=11 pmt=11 sdt=11 tdt/tot=0 pcr=0 vid_0=4852 aud_0=352 null=0
Sep 14 02:31:04.120376 CS18_TS12_Lotte  [Output_1-OT0] Mux packet rates total=5237 pat=11 pmt=11 sdt=11 tdt/tot=0 pcr=0 vid_0=4852 aud_0=352 null=0
Sep 14 02:31:08.568969 CS18_TS12_Lotte  [Output_1-OT0] Mux packet rates total=5150 pat=11 pmt=11 sdt=11 tdt/tot=0 pcr=0 vid_0=4852 aud_0=265 null=0
Sep 14 02:31:08.659925 CS18_TS12_Lotte  [Output_1-OT0] Mux packet rates total=5150 pat=11 pmt=11 sdt=11 tdt/tot=0 pcr=0 vid_0=4852 aud_0=265 null=0
Sep 14 02:31:08.955987 CS18_TS12_Lotte  [Output_1-OT0] Mux packet rates total=5150 pat=11 pmt=11 sdt=11 tdt/tot=0 pcr=0 vid_0=4852 aud_0=265 null=0
Sep 14 02:39:36.761677 CS18_TS12_Lotte  [Output_1-OT0] Mux packet rates total=5237 pat=11 pmt=11 sdt=11 tdt/tot=0 pcr=0 vid_0=4852 aud_0=352 null=0
Sep 14 02:39:36.765312 CS18_TS12_Lotte  [Output_1-OT0] Mux packet rates total=5237 pat=11 pmt=11 sdt=11 tdt/tot=0 pcr=0 vid_0=4852 aud_0=352 null=0
Sep 14 02:39:36.765847 CS18_TS12_Lotte  [Output_1-OT0] Mux packet rates total=5237 pat=11 pmt=11 sdt=11 tdt/tot=0 pcr=0 vid_0=4852 aud_0=352 null=0
Sep 14 02:39:41.223909 CS18_TS12_Lotte  [Output_1-OT0] Mux packet rates total=5150 pat=11 pmt=11 sdt=11 tdt/tot=0 pcr=0 vid_0=4852 aud_0=265 null=0
Sep 14 02:39:41.356904 CS18_TS12_Lotte  [Output_1-OT0] Mux packet rates total=5150 pat=11 pmt=11 sdt=11 tdt/tot=0 pcr=0 vid_0=4852 aud_0=265 null=0
Sep 14 02:39:41.628934 CS18_TS12_Lotte  [Output_1-OT0] Mux packet rates total=5150 pat=11 pmt=11 sdt=11 tdt/tot=0 pcr=0 vid_0=4852 aud_0=265 null=0
Sep 25 16:35:29.769468 CS18_TS12_Lotte  [Output_1-OT0] Mux packet rates total=5237 pat=11 pmt=11 sdt=11 tdt/tot=0 pcr=0 vid_0=4852 aud_0=352 null=0
Sep 25 16:35:29.773781 CS18_TS12_Lotte  [Output_1-OT0] Mux packet rates total=5237 pat=11 pmt=11 sdt=11 tdt/tot=0 pcr=0 vid_0=4852 aud_0=352 null=0
Sep 25 16:35:29.773987 CS18_TS12_Lotte  [Output_1-OT0] Mux packet rates total=5237 pat=11 pmt=11 sdt=11 tdt/tot=0 pcr=0 vid_0=4852 aud_0=352 null=0
Sep 25 16:35:34.229725 CS18_TS12_Lotte  [Output_1-OT0] Mux packet rates total=5150 pat=11 pmt=11 sdt=11 tdt/tot=0 pcr=0 vid_0=4852 aud_0=265 null=0
Sep 25 16:35:34.376740 CS18_TS12_Lotte  [Output_1-OT0] Mux packet rates total=5150 pat=11 pmt=11 sdt=11 tdt/tot=0 pcr=0 vid_0=4852 aud_0=265 null=0
Sep 25 16:35:34.625800 CS18_TS12_Lotte  [Output_1-OT0] Mux packet rates total=5150 pat=11 pmt=11 sdt=11 tdt/tot=0 pcr=0 vid_0=4852 aud_0=265 null=0
Oct 25 03:27:36.387197 CS18_TS12_Lotte  [Output_1-OT0] Mux packet rates total=5237 pat=11 pmt=11 sdt=11 tdt/tot=0 pcr=0 vid_0=4852 aud_0=352 null=0
Oct 25 03:27:36.439452 CS18_TS12_Lotte  [Output_1-OT0] Mux packet rates total=5237 pat=11 pmt=11 sdt=11 tdt/tot=0 pcr=0 vid_0=4852 aud_0=352 null=0
Oct 25 03:27:36.439757 CS18_TS12_Lotte  [Output_1-OT0] Mux packet rates total=5237 pat=11 pmt=11 sdt=11 tdt/tot=0 pcr=0 vid_0=4852 aud_0=352 null=0
Oct 25 03:27:40.843664 CS18_TS12_Lotte  [Output_1-OT0] Mux packet rates total=5150 pat=11 pmt=11 sdt=11 tdt/tot=0 pcr=0 vid_0=4852 aud_0=265 null=0
Oct 25 03:27:40.934525 CS18_TS12_Lotte  [Output_1-OT0] Mux packet rates total=5150 pat=11 pmt=11 sdt=11 tdt/tot=0 pcr=0 vid_0=4852 aud_0=265 null=0
Oct 25 03:27:41.228722 CS18_TS12_Lotte  [Output_1-OT0] Mux packet rates total=5150 pat=11 pmt=11 sdt=11 tdt/tot=0 pcr=0 vid_0=4852 aud_0=265 null=0
Nov 16 16:47:27.557112 CS18_TS12_Lotte  [Output_1-OT0] Mux packet rates total=5237 pat=11 pmt=11 sdt=11 tdt/tot=0 pcr=0 vid_0=4852 aud_0=352 null=0
Nov 16 16:47:27.560901 CS18_TS12_Lotte  [Output_1-OT0] Mux packet rates total=5237 pat=11 pmt=11 sdt=11 tdt/tot=0 pcr=0 vid_0=4852 aud_0=352 null=0
Nov 16 16:47:27.561270 CS18_TS12_Lotte  [Output_1-OT0] Mux packet rates total=5237 pat=11 pmt=11 sdt=11 tdt/tot=0 pcr=0 vid_0=4852 aud_0=352 null=0
Nov 16 16:47:32.013551 CS18_TS12_Lotte  [Output_1-OT0] Mux packet rates total=5150 pat=11 pmt=11 sdt=11 tdt/tot=0 pcr=0 vid_0=4852 aud_0=265 null=0
Nov 16 16:47:32.112355 CS18_TS12_Lotte  [Output_1-OT0] Mux packet rates total=5150 pat=11 pmt=11 sdt=11 tdt/tot=0 pcr=0 vid_0=4852 aud_0=265 null=0
Nov 16 16:47:32.400519 CS18_TS12_Lotte  [Output_1-OT0] Mux packet rates total=5150 pat=11 pmt=11 sdt=11 tdt/tot=0 pcr=0 vid_0=4852 aud_0=265 null=0
Nov 23 10:21:32.699125 CS18_TS12_Lotte  [Output_1-OT0] Mux packet rates total=5237 pat=11 pmt=11 sdt=11 tdt/tot=0 pcr=0 vid_0=4852 aud_0=352 null=0
Nov 23 10:21:32.703431 CS18_TS12_Lotte  [Output_1-OT0] Mux packet rates total=5237 pat=11 pmt=11 sdt=11 tdt/tot=0 pcr=0 vid_0=4852 aud_0=352 null=0
Nov 23 10:21:32.703637 CS18_TS12_Lotte  [Output_1-OT0] Mux packet rates total=5237 pat=11 pmt=11 sdt=11 tdt/tot=0 pcr=0 vid_0=4852 aud_0=352 null=0
Nov 23 10:21:37.159368 CS18_TS12_Lotte  [Output_1-OT0] Mux packet rates total=5150 pat=11 pmt=11 sdt=11 tdt/tot=0 pcr=0 vid_0=4852 aud_0=265 null=0
Nov 23 10:21:37.265168 CS18_TS12_Lotte  [Output_1-OT0] Mux packet rates total=5150 pat=11 pmt=11 sdt=11 tdt/tot=0 pcr=0 vid_0=4852 aud_0=265 null=0
Nov 23 10:21:37.549389 CS18_TS12_Lotte  [Output_1-OT0] Mux packet rates total=5150 pat=11 pmt=11 sdt=11 tdt/tot=0 pcr=0 vid_0=4852 aud_0=265 null=0
Nov 28 14:34:08.890862 CS18_TS12_Lotte  [Output_1-OT0] Mux packet rates total=5237 pat=11 pmt=11 sdt=11 tdt/tot=0 pcr=0 vid_0=4852 aud_0=352 null=0
Nov 28 14:34:08.895757 CS18_TS12_Lotte  [Output_1-OT0] Mux packet rates total=5237 pat=11 pmt=11 sdt=11 tdt/tot=0 pcr=0 vid_0=4852 aud_0=352 null=0
Nov 28 14:34:08.896000 CS18_TS12_Lotte  [Output_1-OT0] Mux packet rates total=5237 pat=11 pmt=11 sdt=11 tdt/tot=0 pcr=0 vid_0=4852 aud_0=352 null=0
Nov 28 14:34:13.356084 CS18_TS12_Lotte  [Output_1-OT0] Mux packet rates total=5150 pat=11 pmt=11 sdt=11 tdt/tot=0 pcr=0 vid_0=4852 aud_0=265 null=0
Nov 28 14:34:13.469966 CS18_TS12_Lotte  [Output_1-OT0] Mux packet rates total=5150 pat=11 pmt=11 sdt=11 tdt/tot=0 pcr=0 vid_0=4852 aud_0=265 null=0
Nov 28 14:34:13.755078 CS18_TS12_Lotte  [Output_1-OT0] Mux packet rates total=5150 pat=11 pmt=11 sdt=11 tdt/tot=0 pcr=0 vid_0=4852 aud_0=265 null=0
Nov 29 10:39:28.881052 CS18_TS12_Lotte  [Output_1-OT0] Mux packet rates total=5150 pat=11 pmt=11 sdt=11 tdt/tot=0 pcr=0 vid_0=4852 aud_0=265 null=0
Nov 29 10:39:46.805989 CS18_TS12_Lotte  [Output_1-OT0] Mux packet rates total=5150 pat=11 pmt=11 sdt=11 tdt/tot=0 pcr=0 vid_0=4852 aud_0=265 null=0
Dec 13 10:47:33.223106 CS18_TS12_Lotte  [Output_1-OT0] Mux packet rates total=5150 pat=11 pmt=11 sdt=11 tdt/tot=0 pcr=0 vid_0=4852 aud_0=265 null=0
Dec 13 16:44:48.678102 CS18_TS12_Lotte  [Output_1-OT0] Mux packet rates total=5150 pat=11 pmt=11 sdt=11 tdt/tot=0 pcr=0 vid_0=4852 aud_0=265 null=0
Dec 13 16:44:49.202965 CS18_TS12_Lotte  [Output_1-OT0] Mux packet rates total=5150 pat=11 pmt=11 sdt=11 tdt/tot=0 pcr=0 vid_0=4852 aud_0=265 null=0
Dec 13 16:47:08.552095 CS18_TS12_Lotte  [Output_1-OT0] Mux packet rates total=5150 pat=11 pmt=11 sdt=11 tdt/tot=0 pcr=0 vid_0=4852 aud_0=265 null=0
Dec 13 16:47:09.111151 CS18_TS12_Lotte  [Output_1-OT0] Mux packet rates total=5150 pat=11 pmt=11 sdt=11 tdt/tot=0 pcr=0 vid_0=4852 aud_0=265 null=0
Dec 13 16:48:53.714950 CS18_TS12_Lotte  [Output_1-OT0] Mux packet rates total=5150 pat=11 pmt=11 sdt=11 tdt/tot=0 pcr=0 vid_0=4852 aud_0=265 null=0
Dec 13 16:48:54.483077 CS18_TS12_Lotte  [Output_1-OT0] Mux packet rates total=5150 pat=11 pmt=11 sdt=11 tdt/tot=0 pcr=0 vid_0=4852 aud_0=265 null=0
Dec 18 14:02:49.892549 CS18_TS12_Lotte  [Output_1-OT0] Mux packet rates total=5237 pat=11 pmt=11 sdt=11 tdt/tot=0 pcr=0 vid_0=4852 aud_0=352 null=0
Dec 18 14:02:49.896369 CS18_TS12_Lotte  [Output_1-OT0] Mux packet rates total=5237 pat=11 pmt=11 sdt=11 tdt/tot=0 pcr=0 vid_0=4852 aud_0=352 null=0
Dec 18 14:02:49.896603 CS18_TS12_Lotte  [Output_1-OT0] Mux packet rates total=5237 pat=11 pmt=11 sdt=11 tdt/tot=0 pcr=0 vid_0=4852 aud_0=352 null=0
Dec 18 14:02:54.348721 CS18_TS12_Lotte  [Output_1-OT0] Mux packet rates total=5150 pat=11 pmt=11 sdt=11 tdt/tot=0 pcr=0 vid_0=4852 aud_0=265 null=0
Dec 18 14:02:54.349637 CS18_TS12_Lotte  [Output_1-OT0] Mux packet rates total=5150 pat=11 pmt=11 sdt=11 tdt/tot=0 pcr=0 vid_0=4852 aud_0=265 null=0
Dec 18 14:02:54.456649 CS18_TS12_Lotte  [Output_1-OT0] Mux packet rates total=5150 pat=11 pmt=11 sdt=11 tdt/tot=0 pcr=0 vid_0=4852 aud_0=265 null=0
Dec 18 14:02:54.736826 CS18_TS12_Lotte  [Output_1-OT0] Mux packet rates total=5150 pat=11 pmt=11 sdt=11 tdt/tot=0 pcr=0 vid_0=4852 aud_0=265 null=0
Jan 24 13:31:42.428393 CS18_TS12_Lotte  [Output_1-OT0] Mux packet rates total=5237 pat=11 pmt=11 sdt=11 tdt/tot=0 pcr=0 vid_0=4852 aud_0=352 null=0
Jan 24 13:31:42.431665 CS18_TS12_Lotte  [Output_1-OT0] Mux packet rates total=5237 pat=11 pmt=11 sdt=11 tdt/tot=0 pcr=0 vid_0=4852 aud_0=352 null=0
Jan 24 13:31:42.432568 CS18_TS12_Lotte  [Output_1-OT0] Mux packet rates total=5237 pat=11 pmt=11 sdt=11 tdt/tot=0 pcr=0 vid_0=4852 aud_0=352 null=0
Jan 24 13:31:46.881806 CS18_TS12_Lotte  [Output_1-OT0] Mux packet rates total=5150 pat=11 pmt=11 sdt=11 tdt/tot=0 pcr=0 vid_0=4852 aud_0=265 null=0
Jan 24 13:31:46.991594 CS18_TS12_Lotte  [Output_1-OT0] Mux packet rates total=5150 pat=11 pmt=11 sdt=11 tdt/tot=0 pcr=0 vid_0=4852 aud_0=265 null=0
Jan 24 13:31:47.265743 CS18_TS12_Lotte  [Output_1-OT0] Mux packet rates total=5150 pat=11 pmt=11 sdt=11 tdt/tot=0 pcr=0 vid_0=4852 aud_0=265 null=0
Feb 23 19:24:42.608666 CS18_TS12_Lotte  [Output_1-OT0] Mux packet rates total=5150 pat=11 pmt=11 sdt=11 tdt/tot=0 pcr=0 vid_0=4852 aud_0=265 null=0
Feb 27 10:06:26.738558 CS18_TS12_Lotte  [Output_1-OT0] Mux packet rates total=5237 pat=11 pmt=11 sdt=11 tdt/tot=0 pcr=0 vid_0=4852 aud_0=352 null=0
Feb 27 10:06:26.742761 CS18_TS12_Lotte  [Output_1-OT0] Mux packet rates total=5237 pat=11 pmt=11 sdt=11 tdt/tot=0 pcr=0 vid_0=4852 aud_0=352 null=0
Feb 27 10:06:26.742959 CS18_TS12_Lotte  [Output_1-OT0] Mux packet rates total=5237 pat=11 pmt=11 sdt=11 tdt/tot=0 pcr=0 vid_0=4852 aud_0=352 null=0
Feb 27 10:06:31.191872 CS18_TS12_Lotte  [Output_1-OT0] Mux packet rates total=5150 pat=11 pmt=11 sdt=11 tdt/tot=0 pcr=0 vid_0=4852 aud_0=265 null=0
Feb 27 10:06:31.286715 CS18_TS12_Lotte  [Output_1-OT0] Mux packet rates total=5150 pat=11 pmt=11 sdt=11 tdt/tot=0 pcr=0 vid_0=4852 aud_0=265 null=0
Feb 27 10:06:31.567771 CS18_TS12_Lotte  [Output_1-OT0] Mux packet rates total=5150 pat=11 pmt=11 sdt=11 tdt/tot=0 pcr=0 vid_0=4852 aud_0=265 null=0
Feb 27 10:08:54.009739 CS18_TS12_Lotte  [Output_1-OT0] Mux packet rates total=5237 pat=11 pmt=11 sdt=11 tdt/tot=0 pcr=0 vid_0=4852 aud_0=352 null=0
Feb 27 10:08:54.013485 CS18_TS12_Lotte  [Output_1-OT0] Mux packet rates total=5237 pat=11 pmt=11 sdt=11 tdt/tot=0 pcr=0 vid_0=4852 aud_0=352 null=0
Feb 27 10:08:54.013876 CS18_TS12_Lotte  [Output_1-OT0] Mux packet rates total=5237 pat=11 pmt=11 sdt=11 tdt/tot=0 pcr=0 vid_0=4852 aud_0=352 null=0
Feb 27 10:08:58.460942 CS18_TS12_Lotte  [Output_1-OT0] Mux packet rates total=5150 pat=11 pmt=11 sdt=11 tdt/tot=0 pcr=0 vid_0=4852 aud_0=265 null=0
Feb 27 10:08:58.596961 CS18_TS12_Lotte  [Output_1-OT0] Mux packet rates total=5150 pat=11 pmt=11 sdt=11 tdt/tot=0 pcr=0 vid_0=4852 aud_0=265 null=0
Feb 27 10:08:58.866010 CS18_TS12_Lotte  [Output_1-OT0] Mux packet rates total=5150 pat=11 pmt=11 sdt=11 tdt/tot=0 pcr=0 vid_0=4852 aud_0=265 null=0
