deo_01_enc_1): 0 (new cc errors: 0)  

Mar 14 21:28:45.172872 BS18_TS03_TEST  Continuity counter errors for source 0 (primary): 1 (new cc errors: 0)
Mar 14 21:28:45.173775 BS18_TS03_TEST  Continuity counter errors for source 0 (primary): 0 (new cc errors: 0)
Mar 14 21:42:41.647048 BS18_TS03_TEST  Continuity counter errors for Output_1-OT0.pid5681(Audio_1_encoded_1): 1 (new cc errors: 0)  

Mar 14 21:42:45.561772 BS18_TS03_TEST  Continuity counter errors for Output_1-OT0.pid5680(Video_01_enc_1): 0 (new cc errors: 0)  

Mar 14 21:43:46.097933 BS18_TS03_TEST  Continuity counter errors for source 0 (primary): 1 (new cc errors: 0)
Mar 14 21:43:46.098519 BS18_TS03_TEST  Continuity counter errors for source 0 (primary): 0 (new cc errors: 0)
Mar 14 21:57:41.646683 BS18_TS03_TEST  Continuity counter errors for Output_1-OT0.pid5681(Audio_1_encoded_1): 1 (new cc errors: 0)  

Mar 14 21:57:45.567909 BS18_TS03_TEST  Continuity counter errors for Output_1-OT0.pid5680(Video_01_enc_1): 0 (new cc errors: 0)  

Mar 14 21:58:46.904515 BS18_TS03_TEST  Continuity counter errors for source 0 (primary): 1 (new cc errors: 0)
Mar 14 21:58:46.905416 BS18_TS03_TEST  Continuity counter errors for source 0 (primary): 0 (new cc errors: 0)
Mar 14 22:12:41.647103 BS18_TS03_TEST  Continuity counter errors for Output_1-OT0.pid5681(Audio_1_encoded_1): 1 (new cc errors: 0)  

Mar 14 22:12:45.574809 BS18_TS03_TEST  Continuity counter errors for Output_1-OT0.pid5680(Video_01_enc_1): 0 (new cc errors: 0)  

Mar 14 22:13:47.532803 BS18_TS03_TEST  Continuity counter errors for source 0 (primary): 1 (new cc errors: 0)
Mar 14 22:13:47.533388 BS18_TS03_TEST  Continuity counter errors for source 0 (primary): 0 (new cc errors: 0)
Mar 14 22:27:41.647599 BS18_TS03_TEST  Continuity counter errors for Output_1-OT0.pid5681(Audio_1_encoded_1): 1 (new cc errors: 0)  

Mar 14 22:27:45.655681 BS18_TS03_TEST  Continuity counter errors for Output_1-OT0.pid5680(Video_01_enc_1): 0 (new cc errors: 0)  

Mar 14 22:28:48.134584 BS18_TS03_TEST  Continuity counter errors for source 0 (primary): 1 (new cc errors: 0)
Mar 14 22:28:48.135349 BS18_TS03_TEST  Continuity counter errors for source 0 (primary): 0 (new cc errors: 0)
Mar 14 22:42:41.647777 BS18_TS03_TEST  Continuity counter errors for Output_1-OT0.pid5681(Audio_1_encoded_1): 1 (new cc errors: 0)  

Mar 14 22:42:45.660053 BS18_TS03_TEST  Continuity counter errors for Output_1-OT0.pid5680(Video_01_enc_1): 0 (new cc errors: 0)  

Mar 14 22:43:48.805402 BS18_TS03_TEST  Continuity counter errors for source 0 (primary): 1 (new cc errors: 0)
Mar 14 22:43:48.806391 BS18_TS03_TEST  Continuity counter errors for source 0 (primary): 0 (new cc errors: 0)
Mar 14 22:57:41.648492 BS18_TS03_TEST  Continuity counter errors for Output_1-OT0.pid5681(Audio_1_encoded_1): 1 (new cc errors: 0)  

Mar 14 22:57:45.662153 BS18_TS03_TEST  Continuity counter errors for Output_1-OT0.pid5680(Video_01_enc_1): 0 (new cc errors: 0)  

Mar 14 22:58:49.470460 BS18_TS03_TEST  Continuity counter errors for source 0 (primary): 1 (new cc errors: 0)
Mar 14 22:58:49.471254 BS18_TS03_TEST  Continuity counter errors for source 0 (primary): 0 (new cc errors: 0)
Mar 14 23:12:41.647771 BS18_TS03_TEST  Continuity counter errors for Output_1-OT0.pid5681(Audio_1_encoded_1): 1 (new cc errors: 0)  

Mar 14 23:12:45.666755 BS18_TS03_TEST  Continuity counter errors for Output_1-OT0.pid5680(Video_01_enc_1): 0 (new cc errors: 0)  

Mar 14 23:13:50.057950 BS18_TS03_TEST  Continuity counter errors for source 0 (primary): 1 (new cc errors: 0)
Mar 14 23:13:50.058504 BS18_TS03_TEST  Continuity counter errors for source 0 (primary): 0 (new cc errors: 0)
Mar 14 23:27:41.745357 BS18_TS03_TEST  Continuity counter errors for Output_1-OT0.pid5681(Audio_1_encoded_1): 1 (new cc errors: 0)  

Mar 14 23:27:45.675296 BS18_TS03_TEST  Continuity counter errors for Output_1-OT0.pid5680(Video_01_enc_1): 0 (new cc errors: 0)  

Mar 14 23:28:50.584158 BS18_TS03_TEST  Continuity counter errors for source 0 (primary): 1 (new cc errors: 0)
Mar 14 23:28:50.585056 BS18_TS03_TEST  Continuity counter errors for source 0 (primary): 0 (new cc errors: 0)
Mar 14 23:42:41.746267 BS18_TS03_TEST  Continuity counter errors for Output_1-OT0.pid5681(Audio_1_encoded_1): 1 (new cc errors: 0)  

Mar 14 23:42:45.679985 BS18_TS03_TEST  Continuity counter errors for Output_1-OT0.pid5680(Video_01_enc_1): 0 (new cc errors: 0)  

Mar 14 23:43:51.166267 BS18_TS03_TEST  Continuity counter errors for source 0 (primary): 1 (new cc errors: 0)
Mar 14 23:43:51.166868 BS18_TS03_TEST  Continuity counter errors for source 0 (primary): 0 (new cc errors: 0)
Mar 14 23:57:41.746303 BS18_TS03_TEST  Continuity counter errors for Output_1-OT0.pid5681(Audio_1_encoded_1): 1 (new cc errors: 0)  

Mar 14 23:57:45.759061 BS18_TS03_TEST  Continuity counter errors for Output_1-OT0.pid5680(Video_01_enc_1): 0 (new cc errors: 0)  

Mar 14 23:58:51.822685 BS18_TS03_TEST  Continuity counter errors for source 0 (primary): 1 (new cc errors: 0)
Mar 14 23:58:51.823245 BS18_TS03_TEST  Continuity counter errors for source 0 (primary): 0 (new cc errors: 0)
Mar 15 00:12:41.745681 BS18_TS03_TEST  Continuity counter errors for Output_1-OT0.pid5681(Audio_1_encoded_1): 1 (new cc errors: 0)  

Mar 15 00:12:45.771275 BS18_TS03_TEST  Continuity counter errors for Output_1-OT0.pid5680(Video_01_enc_1): 0 (new cc errors: 0)  

Mar 15 00:13:52.552619 BS18_TS03_TEST  Continuity counter errors for source 0 (primary): 1 (new cc errors: 0)
Mar 15 00:13:52.553258 BS18_TS03_TEST  Continuity counter errors for source 0 (primary): 0 (new cc errors: 0)
Mar 15 00:27:41.745921 BS18_TS03_TEST  Continuity counter errors for Output_1-OT0.pid5681(Audio_1_encoded_1): 1 (new cc errors: 0)  

Mar 15 00:27:45.774428 BS18_TS03_TEST  Continuity counter errors for Output_1-OT0.pid5680(Video_01_enc_1): 0 (new cc errors: 0)  

Mar 15 00:28:53.185484 BS18_TS03_TEST  Continuity counter errors for source 0 (primary): 1 (new cc errors: 0)
Mar 15 00:28:53.186387 BS18_TS03_TEST  Continuity counter errors for source 0 (primary): 0 (new cc errors: 0)
Mar 15 00:42:41.745667 BS18_TS03_TEST  Continuity counter errors for Output_1-OT0.pid5681(Audio_1_encoded_1): 1 (new cc errors: 0)  

Mar 15 00:42:45.786000 BS18_TS03_TEST  Continuity counter errors for Output_1-OT0.pid5680(Video_01_enc_1): 0 (new cc errors: 0)  

Mar 15 00:43:53.839268 BS18_TS03_TEST  Continuity counter errors for source 0 (primary): 1 (new cc errors: 0)
Mar 15 00:43:53.840070 BS18_TS03_TEST  Continuity counter errors for source 0 (primary): 0 (new cc errors: 0)
Mar 15 00:57:41.745744 BS18_TS03_TEST  Continuity counter errors for Output_1-OT0.pid5681(Audio_1_encoded_1): 1 (new cc errors: 0)  

Mar 15 00:57:45.805874 BS18_TS03_TEST  Continuity counter errors for Output_1-OT0.pid5680(Video_01_enc_1): 0 (new cc errors: 0)  

Mar 15 00:58:54.592772 BS18_TS03_TEST  Continuity counter errors for source 0 (primary): 1 (new cc errors: 0)
Mar 15 00:58:54.593454 BS18_TS03_TEST  Continuity counter errors for source 0 (primary): 0 (new cc errors: 0)
Mar 15 01:12:41.745763 BS18_TS03_TEST  Continuity counter errors for Output_1-OT0.pid5681(Audio_1_encoded_1): 1 (new cc errors: 0)  

Mar 15 01:12:45.861753 BS18_TS03_TEST  Continuity counter errors for Output_1-OT0.pid5680(Video_01_enc_1): 0 (new cc errors: 0)  

Mar 15 01:13:55.320405 BS18_TS03_TEST  Continuity counter errors for source 0 (primary): 1 (new cc errors: 0)
Mar 15 01:13:55.321048 BS18_TS03_TEST  Continuity counter errors for source 0 (primary): 0 (new cc errors: 0)
Mar 15 01:27:41.747312 BS18_TS03_TEST  Continuity counter errors for Output_1-OT0.pid5681(Audio_1_encoded_1): 1 (new cc errors: 0)  

Mar 15 01:27:45.876575 BS18_TS03_TEST  Continuity counter errors for Output_1-OT0.pid5680(Video_01_enc_1): 0 (new cc errors: 0)  

Mar 15 01:28:55.950574 BS18_TS03_TEST  Continuity counter errors for source 0 (primary): 1 (new cc errors: 0)
Mar 15 01:28:55.951448 BS18_TS03_TEST  Continuity counter errors for source 0 (primary): 0 (new cc errors: 0)
Mar 15 01:42:41.747226 BS18_TS03_TEST  Continuity counter errors for Output_1-OT0.pid5681(Audio_1_encoded_1): 1 (new cc errors: 0)  

Mar 15 01:42:45.883871 BS18_TS03_TEST  Continuity counter errors for Output_1-OT0.pid5680(Video_01_enc_1): 0 (new cc errors: 0)  

Mar 15 01:43:56.389211 BS18_TS03_TEST  Continuity counter errors for source 0 (primary): 1 (new cc errors: 0)
Mar 15 01:43:56.389902 BS18_TS03_TEST  Continuity counter errors for source 0 (primary): 0 (new cc errors: 0)
Mar 15 01:57:41.747573 BS18_TS03_TEST  Continuity counter errors for Output_1-OT0.pid5681(Audio_1_encoded_1): 1 (new cc errors: 0)  

Mar 15 01:57:45.961615 BS18_TS03_TEST  Continuity counter errors for Output_1-OT0.pid5680(Video_01_enc_1): 0 (new cc errors: 0)  

Mar 15 01:58:56.629181 BS18_TS03_TEST  Continuity counter errors for source 0 (primary): 1 (new cc errors: 0)
Mar 15 01:58:56.629748 BS18_TS03_TEST  Continuity counter errors for source 0 (primary): 0 (new cc errors: 0)
Mar 15 02:12:41.747224 BS18_TS03_TEST  Continuity counter errors for Output_1-OT0.pid5681(Audio_1_encoded_1): 1 (new cc errors: 0)  

Mar 15 02:12:45.963973 BS18_TS03_TEST  Continuity counter errors for Output_1-OT0.pid5680(Video_01_enc_1): 0 (new cc errors: 0)  

Mar 15 02:13:56.843360 BS18_TS03_TEST  Continuity counter errors for source 0 (primary): 1 (new cc errors: 0)
Mar 15 02:13:56.843990 BS18_TS03_TEST  Continuity counter errors for source 0 (primary): 0 (new cc errors: 0)
Mar 15 02:27:41.746888 BS18_TS03_TEST  Continuity counter errors for Output_1-OT0.pid5681(Audio_1_encoded_1): 1 (new cc errors: 0)  

Mar 15 02:27:45.998424 BS18_TS03_TEST  Continuity counter errors for Output_1-OT0.pid5680(Video_01_enc_1): 0 (new cc errors: 0)  

Mar 15 02:28:57.142000 BS18_TS03_TEST  Continuity counter errors for source 0 (primary): 1 (new cc errors: 0)
Mar 15 02:28:57.142877 BS18_TS03_TEST  Continuity counter errors for source 0 (primary): 0 (new cc errors: 0)
Mar 15 02:42:41.747043 BS18_TS03_TEST  Continuity counter errors for Output_1-OT0.pid5681(Audio_1_encoded_1): 1 (new cc errors: 0)  

Mar 15 02:42:46.061201 BS18_TS03_TEST  Continuity counter errors for Output_1-OT0.pid5680(Video_01_enc_1): 0 (new cc errors: 0)  

Mar 15 02:43:57.401807 BS18_TS03_TEST  Continuity counter errors for source 0 (primary): 1 (new cc errors: 0)
Mar 15 02:43:57.402362 BS18_TS03_TEST  Continuity counter errors for source 0 (primary): 0 (new cc errors: 0)
Mar 15 02:57:41.747954 BS18_TS03_TEST  Continuity counter errors for Output_1-OT0.pid5681(Audio_1_encoded_1): 1 (new cc errors: 0)  

Mar 15 02:57:46.083938 BS18_TS03_TEST  Continuity counter errors for Output_1-OT0.pid5680(Video_01_enc_1): 0 (new cc errors: 0)  

Mar 15 02:58:57.598368 BS18_TS03_TEST  Continuity counter errors for source 0 (primary): 1 (new cc errors: 0)
Mar 15 02:58:57.599268 BS18_TS03_TEST  Continuity counter errors for source 0 (primary): 0 (new cc errors: 0)
Mar 15 03:12:41.846186 BS18_TS03_TEST  Continuity counter errors for Output_1-OT0.pid5681(Audio_1_encoded_1): 1 (new cc errors: 0)  

Mar 15 03:12:46.158130 BS18_TS03_TEST  Continuity counter errors for Output_1-OT0.pid5680(Video_01_enc_1): 0 (new cc errors: 0)  

Mar 15 03:13:57.800117 BS18_TS03_TEST  Continuity counter errors for source 0 (primary): 1 (new cc errors: 0)
Mar 15 03:13:57.800947 BS18_TS03_TEST  Continuity counter errors for source 0 (primary): 0 (new cc errors: 0)
Mar 15 03:27:41.846311 BS18_TS03_TEST  Continuity counter errors for Output_1-OT0.pid5681(Audio_1_encoded_1): 1 (new cc errors: 0)  

Mar 15 03:27:46.159085 BS18_TS03_TEST  Continuity counter errors for Output_1-OT0.pid5680(Video_01_enc_1): 0 (new cc errors: 0)  

Mar 15 03:28:58.046233 BS18_TS03_TEST  Continuity counter errors for source 0 (primary): 1 (new cc errors: 0)
Mar 15 03:28:58.046866 BS18_TS03_TEST  Continuity counter errors for source 0 (primary): 0 (new cc errors: 0)
Mar 15 03:42:41.846140 BS18_TS03_TEST  Continuity counter errors for Output_1-OT0.pid5681(Audio_1_encoded_1): 1 (new cc errors: 0)  

Mar 15 03:42:46.161348 BS18_TS03_TEST  Continuity counter errors for Output_1-OT0.pid5680(Video_01_enc_1): 0 (new cc errors: 0)  

Mar 15 03:43:58.349877 BS18_TS03_TEST  Continuity counter errors for source 0 (primary): 1 (new cc errors: 0)
Mar 15 03:43:58.350733 BS18_TS03_TEST  Continuity counter errors for source 0 (primary): 0 (new cc errors: 0)
Mar 15 03:57:41.846438 BS18_TS03_TEST  Continuity counter errors for Output_1-OT0.pid5681(Audio_1_encoded_1): 1 (new cc errors: 0)  

Mar 15 03:57:46.166627 BS18_TS03_TEST  Continuity counter errors for Output_1-OT0.pid5680(Video_01_enc_1): 0 (new cc errors: 0)  

Mar 15 03:58:58.633889 BS18_TS03_TEST  Continuity counter errors for source 0 (primary): 1 (new cc errors: 0)
Mar 15 03:58:58.634513 BS18_TS03_TEST  Continuity counter errors for source 0 (primary): 0 (new cc errors: 0)
Mar 15 04:12:41.846965 BS18_TS03_TEST  Continuity counter errors for Output_1-OT0.pid5681(Audio_1_encoded_1): 1 (new cc errors: 0)  

Mar 15 04:12:46.175566 BS18_TS03_TEST  Continuity counter errors for Output_1-OT0.pid5680(Video_01_enc_1): 0 (new cc errors: 0)  

Mar 15 04:13:58.918617 BS18_TS03_TEST  Continuity counter errors for source 0 (primary): 1 (new cc errors: 0)
Mar 15 04:13:58.919685 BS18_TS03_TEST  Continuity counter errors for source 0 (primary): 0 (new cc errors: 0)
Mar 15 04:27:41.846786 BS18_TS03_TEST  Continuity counter errors for Output_1-OT0.pid5681(Audio_1_encoded_1): 1 (new cc errors: 0)  

Mar 15 04:27:46.175405 BS18_TS03_TEST  Continuity counter errors for Output_1-OT0.pid5680(Video_01_enc_1): 0 (new cc errors: 0)  

Mar 15 04:28:59.183933 BS18_TS03_TEST  Continuity counter errors for source 0 (primary): 1 (new cc errors: 0)
Mar 15 04:28:59.184606 BS18_TS03_TEST  Continuity counter errors for source 0 (primary): 0 (new cc errors: 0)
Mar 15 04:42:41.846615 BS18_TS03_TEST  Continuity counter errors for Output_1-OT0.pid5681(Audio_1_encoded_1): 1 (new cc errors: 0)  

Mar 15 04:42:46.176043 BS18_TS03_TEST  Continuity counter errors for Output_1-OT0.pid5680(Video_01_enc_1): 0 (new cc errors: 0)  

Mar 15 04:43:59.435154 BS18_TS03_TEST  Continuity counter errors for source 0 (primary): 1 (new cc errors: 0)
Mar 15 04:43:59.435692 BS18_TS03_TEST  Continuity counter errors for source 0 (primary): 0 (new cc errors: 0)
Mar 15 04:57:41.847189 BS18_TS03_TEST  Continuity counter errors for Output_1-OT0.pid5681(Audio_1_encoded_1): 1 (new cc errors: 0)  

Mar 15 04:57:46.260663 BS18_TS03_TEST  Continuity counter errors for Output_1-OT0.pid5680(Video_01_enc_1): 0 (new cc errors: 0)  

Mar 15 04:59:00.041552 BS18_TS03_TEST  Continuity counter errors for source 0 (primary): 1 (new cc errors: 0)
Mar 15 04:59:00.042109 BS18_TS03_TEST  Continuity counter errors for source 0 (primary): 0 (new cc errors: 0)
Mar 15 05:12:41.846858 BS18_TS03_TEST  Continuity counter errors for Output_1-OT0.pid5681(Audio_1_encoded_1): 1 (new cc errors: 0)  

Mar 15 05:12:46.277879 BS18_TS03_TEST  Continuity counter errors for Output_1-OT0.pid5680(Video_01_enc_1): 0 (new cc errors: 0)  

Mar 15 05:14:00.648929 BS18_TS03_TEST  Continuity counter errors for source 0 (primary): 1 (new cc errors: 0)
Mar 15 05:14:00.649514 BS18_TS03_TEST  Continuity counter errors for source 0 (primary): 0 (new cc errors: 0)
Mar 15 05:27:41.847360 BS18_TS03_TEST  Continuity counter errors for Output_1-OT0.pid5681(Audio_1_encoded_1): 1 (new cc errors: 0)  

Mar 15 05:27:46.277674 BS18_TS03_TEST  Continuity counter errors for Output_1-OT0.pid5680(Video_01_enc_1): 0 (new cc errors: 0)  

Mar 15 05:29:01.321659 BS18_TS03_TEST  Continuity counter errors for source 0 (primary): 1 (new cc errors: 0)
Mar 15 05:29:01.322338 BS18_TS03_TEST  Continuity counter errors for source 0 (primary): 0 (new cc errors: 0)
Mar 15 05:42:41.848183 BS18_TS03_TEST  Continuity counter errors for Output_1-OT0.pid5681(Audio_1_encoded_1): 1 (new cc errors: 0)  

Mar 15 05:42:46.298203 BS18_TS03_TEST  Continuity counter errors for Output_1-OT0.pid5680(Video_01_enc_1): 0 (new cc errors: 0)  

Mar 15 05:44:02.018238 BS18_TS03_TEST  Continuity counter errors for source 0 (primary): 1 (new cc errors: 0)
Mar 15 05:44:02.018899 BS18_TS03_TEST  Continuity counter errors for source 0 (primary): 0 (new cc errors: 0)
Mar 15 05:57:41.848304 BS18_TS03_TEST  Continuity counter errors for Output_1-OT0.pid5681(Audio_1_encoded_1): 1 (new cc Mar 14 16:12:41.548051 BS18_TS03_TEST  Continuity counter errors for Output_1-OT0.pid5681(Audio_1_encoded_1): 1 (new cc errors: 0)  

Mar 14 16:12:45.161985 BS18_TS03_TEST  Continuity counter errors for Output_1-OT0.pid5680(Video_01_enc_1): 0 (new cc errors: 0)  

Mar 14 16:13:33.664253 BS18_TS03_TEST  Continuity counter errors for source 0 (primary): 1 (new cc errors: 0)
Mar 14 16:13:33.664894 BS18_TS03_TEST  Continuity counter errors for source 0 (primary): 0 (new cc errors: 0)
Mar 14 16:27:41.548120 BS18_TS03_TEST  Continuity counter errors for Output_1-OT0.pid5681(Audio_1_encoded_1): 1 (new cc errors: 0)  

Mar 14 16:27:45.181728 BS18_TS03_TEST  Continuity counter errors for Output_1-OT0.pid5680(Video_01_enc_1): 0 (new cc errors: 0)  

Mar 14 16:28:33.958252 BS18_TS03_TEST  Continuity counter errors for source 0 (primary): 1 (new cc errors: 0)
Mar 14 16:28:33.958879 BS18_TS03_TEST  Continuity counter errors for source 0 (primary): 0 (new cc errors: 0)
Mar 14 16:42:41.547968 BS18_TS03_TEST  Continuity counter errors for Output_1-OT0.pid5681(Audio_1_encoded_1): 1 (new cc errors: 0)  

Mar 14 16:42:45.193440 BS18_TS03_TEST  Continuity counter errors for Output_1-OT0.pid5680(Video_01_enc_1): 0 (new cc errors: 0)  

Mar 14 16:43:34.401374 BS18_TS03_TEST  Continuity counter errors for source 0 (primary): 1 (new cc errors: 0)
Mar 14 16:43:34.402311 BS18_TS03_TEST  Continuity counter errors for source 0 (primary): 0 (new cc errors: 0)
Mar 14 16:57:41.548376 BS18_TS03_TEST  Continuity counter errors for Output_1-OT0.pid5681(Audio_1_encoded_1): 1 (new cc errors: 0)  

Mar 14 16:57:45.259288 BS18_TS03_TEST  Continuity counter errors for Output_1-OT0.pid5680(Video_01_enc_1): 0 (new cc errors: 0)  

Mar 14 16:58:34.955156 BS18_TS03_TEST  Continuity counter errors for source 0 (primary): 1 (new cc errors: 0)
Mar 14 16:58:34.956029 BS18_TS03_TEST  Continuity counter errors for source 0 (primary): 0 (new cc errors: 0)
Mar 14 17:12:41.547709 BS18_TS03_TEST  Continuity counter errors for Output_1-OT0.pid5681(Audio_1_encoded_1): 1 (new cc errors: 0)  

Mar 14 17:12:45.261167 BS18_TS03_TEST  Continuity counter errors for Output_1-OT0.pid5680(Video_01_enc_1): 0 (new cc errors: 0)  

Mar 14 17:13:35.484405 BS18_TS03_TEST  Continuity counter errors for source 0 (primary): 1 (new cc errors: 0)
Mar 14 17:13:35.484983 BS18_TS03_TEST  Continuity counter errors for source 0 (primary): 0 (new cc errors: 0)
Mar 14 17:27:41.547778 BS18_TS03_TEST  Continuity counter errors for Output_1-OT0.pid5681(Audio_1_encoded_1): 1 (new cc errors: 0)  

Mar 14 17:27:45.272500 BS18_TS03_TEST  Continuity counter errors for Output_1-OT0.pid5680(Video_01_enc_1): 0 (new cc errors: 0)  

Mar 14 17:28:35.836721 BS18_TS03_TEST  Continuity counter errors for source 0 (primary): 1 (new cc errors: 0)
Mar 14 17:28:35.837283 BS18_TS03_TEST  Continuity counter errors for source 0 (primary): 0 (new cc errors: 0)
Mar 14 17:42:41.547950 BS18_TS03_TEST  Continuity counter errors for Output_1-OT0.pid5681(Audio_1_encoded_1): 1 (new cc errors: 0)  

Mar 14 17:42:45.276065 BS18_TS03_TEST  Continuity counter errors for Output_1-OT0.pid5680(Video_01_enc_1): 0 (new cc errors: 0)  

Mar 14 17:43:36.278834 BS18_TS03_TEST  Continuity counter errors for source 0 (primary): 1 (new cc errors: 0)
Mar 14 17:43:36.279422 BS18_TS03_TEST  Continuity counter errors for source 0 (primary): 0 (new cc errors: 0)
Mar 14 17:57:41.547684 BS18_TS03_TEST  Continuity counter errors for Output_1-OT0.pid5681(Audio_1_encoded_1): 1 (new cc errors: 0)  

Mar 14 17:57:45.282157 BS18_TS03_TEST  Continuity counter errors for Output_1-OT0.pid5680(Video_01_enc_1): 0 (new cc errors: 0)  

Mar 14 17:58:36.922272 BS18_TS03_TEST  Continuity counter errors for source 0 (primary): 1 (new cc errors: 0)
Mar 14 17:58:36.923223 BS18_TS03_TEST  Continuity counter errors for source 0 (primary): 0 (new cc errors: 0)
Mar 14 18:12:41.547789 BS18_TS03_TEST  Continuity counter errors for Output_1-OT0.pid5681(Audio_1_encoded_1): 1 (new cc errors: 0)  

Mar 14 18:12:45.290972 BS18_TS03_TEST  Continuity counter errors for Output_1-OT0.pid5680(Video_01_enc_1): 0 (new cc errors: 0)  

Mar 14 18:13:37.636406 BS18_TS03_TEST  Continuity counter errors for source 0 (primary): 1 (new cc errors: 0)
Mar 14 18:13:37.636954 BS18_TS03_TEST  Continuity counter errors for source 0 (primary): 0 (new cc errors: 0)
Mar 14 18:27:41.547954 BS18_TS03_TEST  Continuity counter errors for Output_1-OT0.pid5681(Audio_1_encoded_1): 1 (new cc errors: 0)  

Mar 14 18:27:45.361810 BS18_TS03_TEST  Continuity counter errors for Output_1-OT0.pid5680(Video_01_enc_1): 0 (new cc errors: 0)  

Mar 14 18:28:38.318151 BS18_TS03_TEST  Continuity counter errors for source 0 (primary): 1 (new cc errors: 0)
Mar 14 18:28:38.319012 BS18_TS03_TEST  Continuity counter errors for source 0 (primary): 0 (new cc errors: 0)
Mar 14 18:42:41.547969 BS18_TS03_TEST  Continuity counter errors for Output_1-OT0.pid5681(Audio_1_encoded_1): 1 (new cc errors: 0)  

Mar 14 18:42:45.374575 BS18_TS03_TEST  Continuity counter errors for Output_1-OT0.pid5680(Video_01_enc_1): 0 (new cc errors: 0)  

Mar 14 18:43:38.802528 BS18_TS03_TEST  Continuity counter errors for source 0 (primary): 1 (new cc errors: 0)
Mar 14 18:43:38.803281 BS18_TS03_TEST  Continuity counter errors for source 0 (primary): 0 (new cc errors: 0)
Mar 14 18:57:41.548716 BS18_TS03_TEST  Continuity counter errors for Output_1-OT0.pid5681(Audio_1_encoded_1): 1 (new cc errors: 0)  

Mar 14 18:57:45.374261 BS18_TS03_TEST  Continuity counter errors for Output_1-OT0.pid5680(Video_01_enc_1): 0 (new cc errors: 0)  

Mar 14 18:58:39.202627 BS18_TS03_TEST  Continuity counter errors for source 0 (primary): 1 (new cc errors: 0)
Mar 14 18:58:39.203486 BS18_TS03_TEST  Continuity counter errors for source 0 (primary): 0 (new cc errors: 0)
Mar 14 19:12:41.645425 BS18_TS03_TEST  Continuity counter errors for Output_1-OT0.pid5681(Audio_1_encoded_1): 1 (new cc errors: 0)  

Mar 14 19:12:45.376103 BS18_TS03_TEST  Continuity counter errors for Output_1-OT0.pid5680(Video_01_enc_1): 0 (new cc errors: 0)  

Mar 14 19:13:39.678432 BS18_TS03_TEST  Continuity counter errors for source 0 (primary): 1 (new cc errors: 0)
Mar 14 19:13:39.679234 BS18_TS03_TEST  Continuity counter errors for source 0 (primary): 0 (new cc errors: 0)
Mar 14 19:27:41.645190 BS18_TS03_TEST  Continuity counter errors for Output_1-OT0.pid5681(Audio_1_encoded_1): 1 (new cc errors: 0)  

Mar 14 19:27:45.406235 BS18_TS03_TEST  Continuity counter errors for Output_1-OT0.pid5680(Video_01_enc_1): 0 (new cc errors: 0)  

Mar 14 19:28:40.131826 BS18_TS03_TEST  Continuity counter errors for source 0 (primary): 1 (new cc errors: 0)
Mar 14 19:28:40.132332 BS18_TS03_TEST  Continuity counter errors for source 0 (primary): 0 (new cc errors: 0)
Mar 14 19:42:41.645395 BS18_TS03_TEST  Continuity counter errors for Output_1-OT0.pid5681(Audio_1_encoded_1): 1 (new cc errors: 0)  

Mar 14 19:42:45.459352 BS18_TS03_TEST  Continuity counter errors for Output_1-OT0.pid5680(Video_01_enc_1): 0 (new cc errors: 0)  

Mar 14 19:43:40.489220 BS18_TS03_TEST  Continuity counter errors for source 0 (primary): 1 (new cc errors: 0)
Mar 14 19:43:40.490074 BS18_TS03_TEST  Continuity counter errors for source 0 (primary): 0 (new cc errors: 0)
Mar 14 19:57:41.645481 BS18_TS03_TEST  Continuity counter errors for Output_1-OT0.pid5681(Audio_1_encoded_1): 1 (new cc errors: 0)  

Mar 14 19:57:45.458742 BS18_TS03_TEST  Continuity counter errors for Output_1-OT0.pid5680(Video_01_enc_1): 0 (new cc errors: 0)  

Mar 14 19:58:40.860242 BS18_TS03_TEST  Continuity counter errors for source 0 (primary): 1 (new cc errors: 0)
Mar 14 19:58:40.861047 BS18_TS03_TEST  Continuity counter errors for source 0 (primary): 0 (new cc errors: 0)
Mar 14 20:12:41.645454 BS18_TS03_TEST  Continuity counter errors for Output_1-OT0.pid5681(Audio_1_encoded_1): 1 (new cc errors: 0)  

Mar 14 20:12:45.461327 BS18_TS03_TEST  Continuity counter errors for Output_1-OT0.pid5680(Video_01_enc_1): 0 (new cc errors: 0)  

Mar 14 20:13:41.335221 BS18_TS03_TEST  Continuity counter errors for source 0 (primary): 1 (new cc errors: 0)
Mar 14 20:13:41.335814 BS18_TS03_TEST  Continuity counter errors for source 0 (primary): 0 (new cc errors: 0)
Mar 14 20:27:41.645605 BS18_TS03_TEST  Continuity counter errors for Output_1-OT0.pid5681(Audio_1_encoded_1): 1 (new cc errors: 0)  

Mar 14 20:27:45.462884 BS18_TS03_TEST  Continuity counter errors for Output_1-OT0.pid5680(Video_01_enc_1): 0 (new cc errors: 0)  

Mar 14 20:28:42.039445 BS18_TS03_TEST  Continuity counter errors for source 0 (primary): 1 (new cc errors: 0)
Mar 14 20:28:42.040343 BS18_TS03_TEST  Continuity counter errors for source 0 (primary): 0 (new cc errors: 0)
Mar 14 20:42:41.645491 BS18_TS03_TEST  Continuity counter errors for Output_1-OT0.pid5681(Audio_1_encoded_1): 1 (new cc errors: 0)  

Mar 14 20:42:45.472835 BS18_TS03_TEST  Continuity counter errors for Output_1-OT0.pid5680(Video_01_enc_1): 0 (new cc errors: 0)  

Mar 14 20:43:42.883349 BS18_TS03_TEST  Continuity counter errors for source 0 (primary): 1 (new cc errors: 0)
Mar 14 20:43:42.884390 BS18_TS03_TEST  Continuity counter errors for source 0 (primary): 0 (new cc errors: 0)
Mar 14 20:57:41.645749 BS18_TS03_TEST  Continuity counter errors for Output_1-OT0.pid5681(Audio_1_encoded_1): 1 (new cc errors: 0)  

Mar 14 20:57:45.475440 BS18_TS03_TEST  Continuity counter errors for Output_1-OT0.pid5680(Video_01_enc_1): 0 (new cc errors: 0)  

Mar 14 20:58:43.678128 BS18_TS03_TEST  Continuity counter errors for source 0 (primary): 1 (new cc errors: 0)
Mar 14 20:58:43.678796 BS18_TS03_TEST  Continuity counter errors for source 0 (primary): 0 (new cc errors: 0)
Mar 14 21:12:41.646378 BS18_TS03_TEST  Continuity counter errors for Output_1-OT0.pid5681(Audio_1_encoded_1): 1 (new cc errors: 0)  

Mar 14 21:12:45.557134 BS18_TS03_TEST  Continuity counter errors for Output_1-OT0.pid5680(Video_01_enc_1): 0 (new cc errors: 0)  

Mar 14 21:13:44.311374 BS18_TS03_TEST  Continuity counter errors for source 0 (primary): 1 (new cc errors: 0)
Mar 14 21:13:44.312315 BS18_TS03_TEST  Continuity counter errors for source 0 (primary): 0 (new cc errors: 0)
Mar 14 21:27:41.646427 BS18_TS03_TEST  Continuity counter errors for Output_1-OT0.pid5681(Audio_1_encoded_1): 1 (new cc errors: 0)  

Mar 14 21:27:45.562467 BS18_TS03_TEST  Continuity counter errors for Output_1-OT0.pid5680(Vierrors: 0)  

Mar 15 05:57:46.361999 BS18_TS03_TEST  Continuity counter errors for Output_1-OT0.pid5680(Video_01_enc_1): 0 (new cc errors: 0)  

Mar 15 05:59:02.561115 BS18_TS03_TEST  Continuity counter errors for source 0 (primary): 1 (new cc errors: 0)
Mar 15 05:59:02.561786 BS18_TS03_TEST  Continuity counter errors for source 0 (primary): 0 (new cc errors: 0)
Mar 15 06:12:41.847971 BS18_TS03_TEST  Continuity counter errors for Output_1-OT0.pid5681(Audio_1_encoded_1): 1 (new cc errors: 0)  

Mar 15 06:12:46.373284 BS18_TS03_TEST  Continuity counter errors for Output_1-OT0.pid5680(Video_01_enc_1): 0 (new cc errors: 0)  

Mar 15 06:14:03.117598 BS18_TS03_TEST  Continuity counter errors for source 0 (primary): 1 (new cc errors: 0)
Mar 15 06:14:03.118443 BS18_TS03_TEST  Continuity counter errors for source 0 (primary): 0 (new cc errors: 0)
Mar 15 06:27:41.847697 BS18_TS03_TEST  Continuity counter errors for Output_1-OT0.pid5681(Audio_1_encoded_1): 1 (new cc errors: 0)  

Mar 15 06:27:46.379061 BS18_TS03_TEST  Continuity counter errors for Output_1-OT0.pid5680(Video_01_enc_1): 0 (new cc errors: 0)  

Mar 15 06:29:03.603752 BS18_TS03_TEST  Continuity counter errors for source 0 (primary): 1 (new cc errors: 0)
Mar 15 06:29:03.604469 BS18_TS03_TEST  Continuity counter errors for source 0 (primary): 0 (new cc errors: 0)
Mar 15 06:42:41.848504 BS18_TS03_TEST  Continuity counter errors for Output_1-OT0.pid5681(Audio_1_encoded_1): 1 (new cc errors: 0)  

Mar 15 06:42:46.392014 BS18_TS03_TEST  Continuity counter errors for Output_1-OT0.pid5680(Video_01_enc_1): 0 (new cc errors: 0)  

Mar 15 06:44:04.078862 BS18_TS03_TEST  Continuity counter errors for source 0 (primary): 1 (new cc errors: 0)
Mar 15 06:44:04.079436 BS18_TS03_TEST  Continuity counter errors for source 0 (primary): 0 (new cc errors: 0)
Mar 15 06:57:41.848150 BS18_TS03_TEST  Continuity counter errors for Output_1-OT0.pid5681(Audio_1_encoded_1): 1 (new cc errors: 0)  

Mar 15 06:57:46.401649 BS18_TS03_TEST  Continuity counter errors for Output_1-OT0.pid5680(Video_01_enc_1): 0 (new cc errors: 0)  

Mar 15 06:59:04.633808 BS18_TS03_TEST  Continuity counter errors for source 0 (primary): 1 (new cc errors: 0)
Mar 15 06:59:04.634647 BS18_TS03_TEST  Continuity counter errors for source 0 (primary): 0 (new cc errors: 0)
Mar 15 07:12:41.847770 BS18_TS03_TEST  Continuity counter errors for Output_1-OT0.pid5681(Audio_1_encoded_1): 1 (new cc errors: 0)  

Mar 15 07:12:46.471976 BS18_TS03_TEST  Continuity counter errors for Output_1-OT0.pid5680(Video_01_enc_1): 0 (new cc errors: 0)  

Mar 15 07:14:05.207296 BS18_TS03_TEST  Continuity counter errors for source 0 (primary): 1 (new cc errors: 0)
Mar 15 07:14:05.207928 BS18_TS03_TEST  Continuity counter errors for source 0 (primary): 0 (new cc errors: 0)
Mar 15 07:27:41.945301 BS18_TS03_TEST  Continuity counter errors for Output_1-OT0.pid5681(Audio_1_encoded_1): 1 (new cc errors: 0)  

Mar 15 07:27:46.478641 BS18_TS03_TEST  Continuity counter errors for Output_1-OT0.pid5680(Video_01_enc_1): 0 (new cc errors: 0)  

Mar 15 07:29:05.835796 BS18_TS03_TEST  Continuity counter errors for source 0 (primary): 1 (new cc errors: 0)
Mar 15 07:29:05.836302 BS18_TS03_TEST  Continuity counter errors for source 0 (primary): 0 (new cc errors: 0)
Mar 15 07:42:41.945434 BS18_TS03_TEST  Continuity counter errors for Output_1-OT0.pid5681(Audio_1_encoded_1): 1 (new cc errors: 0)  

Mar 15 07:42:46.488188 BS18_TS03_TEST  Continuity counter errors for Output_1-OT0.pid5680(Video_01_enc_1): 0 (new cc errors: 0)  

Mar 15 07:44:06.384749 BS18_TS03_TEST  Continuity counter errors for source 0 (primary): 1 (new cc errors: 0)
Mar 15 07:44:06.385350 BS18_TS03_TEST  Continuity counter errors for source 0 (primary): 0 (new cc errors: 0)
Mar 15 07:57:41.945701 BS18_TS03_TEST  Continuity counter errors for Output_1-OT0.pid5681(Audio_1_encoded_1): 1 (new cc errors: 0)  

Mar 15 07:57:46.560965 BS18_TS03_TEST  Continuity counter errors for Output_1-OT0.pid5680(Video_01_enc_1): 0 (new cc errors: 0)  

Mar 15 07:59:06.975082 BS18_TS03_TEST  Continuity counter errors for source 0 (primary): 1 (new cc errors: 0)
Mar 15 07:59:06.975639 BS18_TS03_TEST  Continuity counter errors for source 0 (primary): 0 (new cc errors: 0)
Mar 15 08:12:41.945730 BS18_TS03_TEST  Continuity counter errors for Output_1-OT0.pid5681(Audio_1_encoded_1): 1 (new cc errors: 0)  

Mar 15 08:12:46.566212 BS18_TS03_TEST  Continuity counter errors for Output_1-OT0.pid5680(Video_01_enc_1): 0 (new cc errors: 0)  

Mar 15 08:14:07.497069 BS18_TS03_TEST  Continuity counter errors for source 0 (primary): 1 (new cc errors: 0)
Mar 15 08:14:07.497932 BS18_TS03_TEST  Continuity counter errors for source 0 (primary): 0 (new cc errors: 0)
Mar 15 08:27:41.945854 BS18_TS03_TEST  Continuity counter errors for Output_1-OT0.pid5681(Audio_1_encoded_1): 1 (new cc errors: 0)  

Mar 15 08:27:46.566790 BS18_TS03_TEST  Continuity counter errors for Output_1-OT0.pid5680(Video_01_enc_1): 0 (new cc errors: 0)  

Mar 15 08:29:08.016665 BS18_TS03_TEST  Continuity counter errors for source 0 (primary): 1 (new cc errors: 0)
Mar 15 08:29:08.017506 BS18_TS03_TEST  Continuity counter errors for source 0 (primary): 0 (new cc errors: 0)
Mar 15 08:42:41.946285 BS18_TS03_TEST  Continuity counter errors for Output_1-OT0.pid5681(Audio_1_encoded_1): 1 (new cc errors: 0)  

Mar 15 08:42:46.578466 BS18_TS03_TEST  Continuity counter errors for Output_1-OT0.pid5680(Video_01_enc_1): 0 (new cc errors: 0)  

Mar 15 08:44:08.526505 BS18_TS03_TEST  Continuity counter errors for source 0 (primary): 1 (new cc errors: 0)
Mar 15 08:44:08.527332 BS18_TS03_TEST  Continuity counter errors for source 0 (primary): 0 (new cc errors: 0)
Mar 15 08:57:41.946342 BS18_TS03_TEST  Continuity counter errors for Output_1-OT0.pid5681(Audio_1_encoded_1): 1 (new cc errors: 0)  

Mar 15 08:57:46.668212 BS18_TS03_TEST  Continuity counter errors for Output_1-OT0.pid5680(Video_01_enc_1): 0 (new cc errors: 0)  

Mar 15 08:59:09.130971 BS18_TS03_TEST  Continuity counter errors for source 0 (primary): 1 (new cc errors: 0)
Mar 15 08:59:09.131735 BS18_TS03_TEST  Continuity counter errors for source 0 (primary): 0 (new cc errors: 0)
Mar 15 09:12:41.946683 BS18_TS03_TEST  Continuity counter errors for Output_1-OT0.pid5681(Audio_1_encoded_1): 1 (new cc errors: 0)  

Mar 15 09:12:46.677368 BS18_TS03_TEST  Continuity counter errors for Output_1-OT0.pid5680(Video_01_enc_1): 0 (new cc errors: 0)  

Mar 15 09:14:09.726214 BS18_TS03_TEST  Continuity counter errors for source 0 (primary): 1 (new cc errors: 0)
Mar 15 09:14:09.726844 BS18_TS03_TEST  Continuity counter errors for source 0 (primary): 0 (new cc errors: 0)
Mar 15 09:27:41.947552 BS18_TS03_TEST  Continuity counter errors for Output_1-OT0.pid5681(Audio_1_encoded_1): 1 (new cc errors: 0)  

Mar 15 09:27:46.685651 BS18_TS03_TEST  Continuity counter errors for Output_1-OT0.pid5680(Video_01_enc_1): 0 (new cc errors: 0)  

Mar 15 09:29:10.344343 BS18_TS03_TEST  Continuity counter errors for source 0 (primary): 1 (new cc errors: 0)
Mar 15 09:29:10.345114 BS18_TS03_TEST  Continuity counter errors for source 0 (primary): 0 (new cc errors: 0)
Mar 15 09:42:41.946644 BS18_TS03_TEST  Continuity counter errors for Output_1-OT0.pid5681(Audio_1_encoded_1): 1 (new cc errors: 0)  

Mar 15 09:42:46.691315 BS18_TS03_TEST  Continuity counter errors for Output_1-OT0.pid5680(Video_01_enc_1): 0 (new cc errors: 0)  

Mar 15 09:44:11.008009 BS18_TS03_TEST  Continuity counter errors for source 0 (primary): 1 (new cc errors: 0)
Mar 15 09:44:11.008562 BS18_TS03_TEST  Continuity counter errors for source 0 (primary): 0 (new cc errors: 0)
Mar 15 09:57:41.946982 BS18_TS03_TEST  Continuity counter errors for Output_1-OT0.pid5681(Audio_1_encoded_1): 1 (new cc errors: 0)  

Mar 15 09:57:46.760111 BS18_TS03_TEST  Continuity counter errors for Output_1-OT0.pid5680(Video_01_enc_1): 0 (new cc errors: 0)  

Mar 15 09:59:11.841969 BS18_TS03_TEST  Continuity counter errors for source 0 (primary): 1 (new cc errors: 0)
Mar 15 09:59:11.842634 BS18_TS03_TEST  Continuity counter errors for source 0 (primary): 0 (new cc errors: 0)
Mar 15 10:12:41.946875 BS18_TS03_TEST  Continuity counter errors for Output_1-OT0.pid5681(Audio_1_encoded_1): 1 (new cc errors: 0)  

Mar 15 10:12:46.787306 BS18_TS03_TEST  Continuity counter errors for Output_1-OT0.pid5680(Video_01_enc_1): 0 (new cc errors: 0)  

Mar 15 10:14:12.611550 BS18_TS03_TEST  Continuity counter errors for source 0 (primary): 1 (new cc errors: 0)
Mar 15 10:14:12.612241 BS18_TS03_TEST  Continuity counter errors for source 0 (primary): 0 (new cc errors: 0)
Mar 15 10:27:41.946928 BS18_TS03_TEST  Continuity counter errors for Output_1-OT0.pid5681(Audio_1_encoded_1): 1 (new cc errors: 0)  

Mar 15 10:27:46.789129 BS18_TS03_TEST  Continuity counter errors for Output_1-OT0.pid5680(Video_01_enc_1): 0 (new cc errors: 0)  

Mar 15 10:29:13.327943 BS18_TS03_TEST  Continuity counter errors for source 0 (primary): 1 (new cc errors: 0)
Mar 15 10:29:13.328507 BS18_TS03_TEST  Continuity counter errors for source 0 (primary): 0 (new cc errors: 0)
Mar 15 10:42:41.946985 BS18_TS03_TEST  Continuity counter errors for Output_1-OT0.pid5681(Audio_1_encoded_1): 1 (new cc errors: 0)  

Mar 15 10:42:46.860828 BS18_TS03_TEST  Continuity counter errors for Output_1-OT0.pid5680(Video_01_enc_1): 0 (new cc errors: 0)  

Mar 15 10:44:14.046719 BS18_TS03_TEST  Continuity counter errors for source 0 (primary): 1 (new cc errors: 0)
Mar 15 10:44:14.047355 BS18_TS03_TEST  Continuity counter errors for source 0 (primary): 0 (new cc errors: 0)
Mar 15 10:57:41.946677 BS18_TS03_TEST  Continuity counter errors for Output_1-OT0.pid5681(Audio_1_encoded_1): 1 (new cc errors: 0)  

Mar 15 10:57:46.873045 BS18_TS03_TEST  Continuity counter errors for Output_1-OT0.pid5680(Video_01_enc_1): 0 (new cc errors: 0)  

Mar 15 10:59:14.808891 BS18_TS03_TEST  Continuity counter errors for source 0 (primary): 1 (new cc errors: 0)
Mar 15 10:59:14.809604 BS18_TS03_TEST  Continuity counter errors for source 0 (primary): 0 (new cc errors: 0)
Mar 15 11:12:41.946869 BS18_TS03_TEST  Continuity counter errors for Output_1-OT0.pid5681(Audio_1_encoded_1): 1 (new cc errors: 0)  

Mar 15 11:12:46.958575 BS18_TS03_TEST  Continuity counter errors for Output_1-OT0.pid5680(Video_01_enc_1): 0 (new cc errors: 0)  

Mar 15 11:14:15.620635 BS18_TS03_TEST  Continuity counter errors for source 0 (primary): 1 (new cc errors: 0)
Mar 15 11:14:15.621421 BS18_TS03_TEST  Continuity counter errors for source 0 (primary): 0 (new cc errors: 0)
Mar 15 11:27:41.946899 BS18_TS03_TEST  Continuity counter errors for Output_1-OT0.pid5681(Audio_1_encoded_1): 1 (new cc errors: 0)  

Mar 15 11:27:46.961058 BS18_TS03_TEST  Continuity counter errors for Output_1-OT0.pid5680(Video_01_enc_1): 0 (new cc errors: 0)  

Mar 15 11:29:16.417386 BS18_TS03_TEST  Continuity counter errors for source 0 (primary): 1 (new cc errors: 0)
Mar 15 11:29:16.417965 BS18_TS03_TEST  Continuity counter errors for source 0 (primary): 0 (new cc errors: 0)
