Aug  8 00:52:25.124050 CS24_TS17_MBC Deagu  (Master__input_1_scte35_oob) ----------- Starting SpliceInserter ------------
Aug  8 00:52:25.141613 CS24_TS17_MBC Deagu  (AlternateDynamicLive2__input_1_scte35_oob) ----------- Starting SpliceInserter ------------
Aug  8 00:52:25.145932 CS24_TS17_MBC Deagu  (input_1) ----------- Starting AutomationFilter ------------
Aug  8 00:52:25.183882 CS24_TS17_MBC Deagu  (auto.Processings_0) ----------- Starting EsamStatusNotifier ------------
Aug  8 00:52:26.176381 CS24_TS17_MBC Deagu  (input_1) [AUTOMATION_FILTER] Starting default service TC16_TS14 on AlternateDynamicLive1 (Master__input_1)
Aug  8 00:59:35.707141 CS24_TS17_MBC Deagu  (Master__input_1_scte35_oob) ----------- Starting SpliceInserter ------------
Aug  8 00:59:35.723354 CS24_TS17_MBC Deagu  (AlternateDynamicLive2__input_1_scte35_oob) ----------- Starting SpliceInserter ------------
Aug  8 00:59:35.726594 CS24_TS17_MBC Deagu  (input_1) ----------- Starting AutomationFilter ------------
Aug  8 00:59:35.759470 CS24_TS17_MBC Deagu  (auto.Processings_0) ----------- Starting EsamStatusNotifier ------------
Aug  8 00:59:36.651377 CS24_TS17_MBC Deagu  (input_1) [AUTOMATION_FILTER] Starting default service TC16_TS14 on AlternateDynamicLive1 (Master__input_1)
Aug  8 05:10:50.279336 CS24_TS17_MBC Deagu  (Master__input_1_scte35_oob) ----------- Starting SpliceInserter ------------
Aug  8 05:10:50.298669 CS24_TS17_MBC Deagu  (AlternateDynamicLive2__input_1_scte35_oob) ----------- Starting SpliceInserter ------------
Aug  8 05:10:50.304715 CS24_TS17_MBC Deagu  (input_1) ----------- Starting AutomationFilter ------------
Aug  8 05:10:50.353935 CS24_TS17_MBC Deagu  (auto.Processings_0) ----------- Starting EsamStatusNotifier ------------
Aug  8 05:10:50.837288 CS24_TS17_MBC Deagu  (input_1) [AUTOMATION_FILTER] Starting default service TC16_TS14 on AlternateDynamicLive1 (Master__input_1)
Aug  8 23:10:46.371305 CS24_TS17_MBC Deagu  (Master__input_1_scte35_oob) ----------- Starting SpliceInserter ------------
Aug  8 23:10:46.388795 CS24_TS17_MBC Deagu  (AlternateDynamicLive2__input_1_scte35_oob) ----------- Starting SpliceInserter ------------
Aug  8 23:10:46.392775 CS24_TS17_MBC Deagu  (input_1) ----------- Starting AutomationFilter ------------
Aug  8 23:10:46.438487 CS24_TS17_MBC Deagu  (auto.Processings_0) ----------- Starting EsamStatusNotifier ------------
Aug  8 23:10:46.944837 CS24_TS17_MBC Deagu  (input_1) [AUTOMATION_FILTER] Starting default service TC16_TS14 on AlternateDynamicLive1 (Master__input_1)
Sep 14 02:31:05.693401 CS24_TS17_MBC Deagu  (Master__input_1_scte35_oob) ----------- Starting SpliceInserter ------------
Sep 14 02:31:05.710799 CS24_TS17_MBC Deagu  (AlternateDynamicLive2__input_1_scte35_oob) ----------- Starting SpliceInserter ------------
Sep 14 02:31:05.714519 CS24_TS17_MBC Deagu  (input_1) ----------- Starting AutomationFilter ------------
Sep 14 02:31:05.751580 CS24_TS17_MBC Deagu  (auto.Processings_0) ----------- Starting EsamStatusNotifier ------------
Sep 14 02:31:06.187678 CS24_TS17_MBC Deagu  (input_1) [AUTOMATION_FILTER] Starting default service TC16_TS14 on AlternateDynamicLive1 (Master__input_1)
Sep 14 02:39:48.011576 CS24_TS17_MBC Deagu  (Master__input_1_scte35_oob) ----------- Starting SpliceInserter ------------
Sep 14 02:39:48.029780 CS24_TS17_MBC Deagu  (AlternateDynamicLive2__input_1_scte35_oob) ----------- Starting SpliceInserter ------------
Sep 14 02:39:48.033843 CS24_TS17_MBC Deagu  (input_1) ----------- Starting AutomationFilter ------------
Sep 14 02:39:48.074292 CS24_TS17_MBC Deagu  (auto.Processings_0) ----------- Starting EsamStatusNotifier ------------
Sep 14 02:39:48.576894 CS24_TS17_MBC Deagu  (input_1) [AUTOMATION_FILTER] Starting default service TC16_TS14 on AlternateDynamicLive1 (Master__input_1)
Sep 25 16:35:38.279318 CS24_TS17_MBC Deagu  (Master__input_1_scte35_oob) ----------- Starting SpliceInserter ------------
Sep 25 16:35:38.296756 CS24_TS17_MBC Deagu  (AlternateDynamicLive2__input_1_scte35_oob) ----------- Starting SpliceInserter ------------
Sep 25 16:35:38.300391 CS24_TS17_MBC Deagu  (input_1) ----------- Starting AutomationFilter ------------
Sep 25 16:35:38.343087 CS24_TS17_MBC Deagu  (auto.Processings_0) ----------- Starting EsamStatusNotifier ------------
Sep 25 16:35:38.838556 CS24_TS17_MBC Deagu  (input_1) [AUTOMATION_FILTER] Starting default service TC16_TS14 on AlternateDynamicLive1 (Master__input_1)
Oct 25 03:27:36.126294 CS24_TS17_MBC Deagu  (Master__input_1_scte35_oob) ----------- Starting SpliceInserter ------------
Oct 25 03:27:36.142952 CS24_TS17_MBC Deagu  (AlternateDynamicLive2__input_1_scte35_oob) ----------- Starting SpliceInserter ------------
Oct 25 03:27:36.146602 CS24_TS17_MBC Deagu  (input_1) ----------- Starting AutomationFilter ------------
Oct 25 03:27:36.181394 CS24_TS17_MBC Deagu  (auto.Processings_0) ----------- Starting EsamStatusNotifier ------------
Oct 25 03:27:37.066113 CS24_TS17_MBC Deagu  (input_1) [AUTOMATION_FILTER] Starting default service TC16_TS14 on AlternateDynamicLive1 (Master__input_1)
Nov 16 16:47:39.608946 CS24_TS17_MBC Deagu  (Master__input_1_scte35_oob) ----------- Starting SpliceInserter ------------
Nov 16 16:47:39.629644 CS24_TS17_MBC Deagu  (AlternateDynamicLive2__input_1_scte35_oob) ----------- Starting SpliceInserter ------------
Nov 16 16:47:39.634042 CS24_TS17_MBC Deagu  (input_1) ----------- Starting AutomationFilter ------------
Nov 16 16:47:39.681528 CS24_TS17_MBC Deagu  (auto.Processings_0) ----------- Starting EsamStatusNotifier ------------
Nov 16 16:47:40.163868 CS24_TS17_MBC Deagu  (input_1) [AUTOMATION_FILTER] Starting default service TC16_TS14 on AlternateDynamicLive1 (Master__input_1)
Nov 23 10:21:40.039648 CS24_TS17_MBC Deagu  (Master__input_1_scte35_oob) ----------- Starting SpliceInserter ------------
Nov 23 10:21:40.062240 CS24_TS17_MBC Deagu  (AlternateDynamicLive2__input_1_scte35_oob) ----------- Starting SpliceInserter ------------
Nov 23 10:21:40.066639 CS24_TS17_MBC Deagu  (input_1) ----------- Starting AutomationFilter ------------
Nov 23 10:21:40.107942 CS24_TS17_MBC Deagu  (auto.Processings_0) ----------- Starting EsamStatusNotifier ------------
Nov 23 10:21:40.590547 CS24_TS17_MBC Deagu  (input_1) [AUTOMATION_FILTER] Starting default service TC16_TS14 on AlternateDynamicLive1 (Master__input_1)
Nov 28 14:34:15.882745 CS24_TS17_MBC Deagu  (Master__input_1_scte35_oob) ----------- Starting SpliceInserter ------------
Nov 28 14:34:15.902585 CS24_TS17_MBC Deagu  (AlternateDynamicLive2__input_1_scte35_oob) ----------- Starting SpliceInserter ------------
Nov 28 14:34:15.908509 CS24_TS17_MBC Deagu  (input_1) ----------- Starting AutomationFilter ------------
Nov 28 14:34:15.948700 CS24_TS17_MBC Deagu  (auto.Processings_0) ----------- Starting EsamStatusNotifier ------------
Nov 28 14:34:16.421132 CS24_TS17_MBC Deagu  (input_1) [AUTOMATION_FILTER] Starting default service TC16_TS14 on AlternateDynamicLive1 (Master__input_1)
Dec 18 14:02:50.291188 CS24_TS17_MBC Deagu  (Master__input_1_scte35_oob) ----------- Starting SpliceInserter ------------
Dec 18 14:02:50.307020 CS24_TS17_MBC Deagu  (AlternateDynamicLive2__input_1_scte35_oob) ----------- Starting SpliceInserter ------------
Dec 18 14:02:50.310575 CS24_TS17_MBC Deagu  (input_1) ----------- Starting AutomationFilter ------------
Dec 18 14:02:50.344133 CS24_TS17_MBC Deagu  (auto.Processings_0) ----------- Starting EsamStatusNotifier ------------
Dec 18 14:02:51.110816 CS24_TS17_MBC Deagu  (input_1) [AUTOMATION_FILTER] Starting default service TC16_TS14 on AlternateDynamicLive1 (Master__input_1)
Jan 24 13:31:48.050580 CS24_TS17_MBC Deagu  (Master__input_1_scte35_oob) ----------- Starting SpliceInserter ------------
Jan 24 13:31:48.073965 CS24_TS17_MBC Deagu  (AlternateDynamicLive2__input_1_scte35_oob) ----------- Starting SpliceInserter ------------
Jan 24 13:31:48.079381 CS24_TS17_MBC Deagu  (input_1) ----------- Starting AutomationFilter ------------
Jan 24 13:31:48.125188 CS24_TS17_MBC Deagu  (auto.Processings_0) ----------- Starting EsamStatusNotifier ------------
Jan 24 13:31:48.624055 CS24_TS17_MBC Deagu  (input_1) [AUTOMATION_FILTER] Starting default service TC16_TS14 on AlternateDynamicLive1 (Master__input_1)
Feb 27 10:06:26.473848 CS24_TS17_MBC Deagu  (Master__input_1_scte35_oob) ----------- Starting SpliceInserter ------------
Feb 27 10:06:26.490846 CS24_TS17_MBC Deagu  (AlternateDynamicLive2__input_1_scte35_oob) ----------- Starting SpliceInserter ------------
Feb 27 10:06:26.494404 CS24_TS17_MBC Deagu  (input_1) ----------- Starting AutomationFilter ------------
Feb 27 10:06:26.528614 CS24_TS17_MBC Deagu  (auto.Processings_0) ----------- Starting EsamStatusNotifier ------------
Feb 27 10:06:27.879950 CS24_TS17_MBC Deagu  (input_1) [AUTOMATION_FILTER] Starting default service TC16_TS14 on AlternateDynamicLive1 (Master__input_1)
Feb 27 10:09:03.727202 CS24_TS17_MBC Deagu  (Master__input_1_scte35_oob) ----------- Starting SpliceInserter ------------
Feb 27 10:09:03.747294 CS24_TS17_MBC Deagu  (AlternateDynamicLive2__input_1_scte35_oob) ----------- Starting SpliceInserter ------------
Feb 27 10:09:03.752088 CS24_TS17_MBC Deagu  (input_1) ----------- Starting AutomationFilter ------------
Feb 27 10:09:03.796311 CS24_TS17_MBC Deagu  (auto.Processings_0) ----------- Starting EsamStatusNotifier ------------
Feb 27 10:09:04.295703 CS24_TS17_MBC Deagu  (input_1) [AUTOMATION_FILTER] Starting default service TC16_TS14 on AlternateDynamicLive1 (Master__input_1)
