Feb 13 05:23:23.569827 CS16_TS16_PlayboyTV minor raised alarm.capture.videoblackout liveEncodings/639990a0dd794986b0de2ac84b000083/inputVideo/Video_01 Input video still image Input video still image for service=CS16_TS16_PlayboyTV;inputVideo=Video_01;sdt=CS16_TS16_PlayboyTV 
Feb 13 05:23:35.971163 CS16_TS16_PlayboyTV minor cleared alarm.capture.videoblackout liveEncodings/639990a0dd794986b0de2ac84b000083/inputVideo/Video_01 Input video still image Input video still image for service=CS16_TS16_PlayboyTV;inputVideo=Video_01;sdt=CS16_TS16_PlayboyTV 
Feb 13 05:25:03.569842 CS16_TS16_PlayboyTV minor raised alarm.capture.videoblackout liveEncodings/639990a0dd794986b0de2ac84b000083/inputVideo/Video_01 Input video still image Input video still image for service=CS16_TS16_PlayboyTV;inputVideo=Video_01;sdt=CS16_TS16_PlayboyTV 
Feb 13 05:25:19.471277 CS16_TS16_PlayboyTV minor cleared alarm.capture.videoblackout liveEncodings/639990a0dd794986b0de2ac84b000083/inputVideo/Video_01 Input video still image Input video still image for service=CS16_TS16_PlayboyTV;inputVideo=Video_01;sdt=CS16_TS16_PlayboyTV 
Feb 13 23:20:13.570212 CS16_TS16_PlayboyTV minor raised alarm.capture.videoblackout liveEncodings/639990a0dd794986b0de2ac84b000083/inputVideo/Video_01 Input video still image Input video still image for service=CS16_TS16_PlayboyTV;inputVideo=Video_01;sdt=CS16_TS16_PlayboyTV 
Feb 13 23:20:37.771147 CS16_TS16_PlayboyTV minor cleared alarm.capture.videoblackout liveEncodings/639990a0dd794986b0de2ac84b000083/inputVideo/Video_01 Input video still image Input video still image for service=CS16_TS16_PlayboyTV;inputVideo=Video_01;sdt=CS16_TS16_PlayboyTV 
Feb 13 23:33:47.670296 CS16_TS16_PlayboyTV minor raised alarm.capture.videoblackout liveEncodings/639990a0dd794986b0de2ac84b000083/inputVideo/Video_01 Input video still image Input video still image for service=CS16_TS16_PlayboyTV;inputVideo=Video_01;sdt=CS16_TS16_PlayboyTV 
Feb 13 23:34:09.668418 CS16_TS16_PlayboyTV minor cleared alarm.capture.videoblackout liveEncodings/639990a0dd794986b0de2ac84b000083/inputVideo/Video_01 Input video still image Input video still image for service=CS16_TS16_PlayboyTV;inputVideo=Video_01;sdt=CS16_TS16_PlayboyTV 
Feb 14 02:22:14.868507 CS16_TS16_PlayboyTV minor raised alarm.capture.videoblackout liveEncodings/639990a0dd794986b0de2ac84b000083/inputVideo/Video_01 Input video still image Input video still image for service=CS16_TS16_PlayboyTV;inputVideo=Video_01;sdt=CS16_TS16_PlayboyTV 
Feb 14 02:22:39.369777 CS16_TS16_PlayboyTV minor cleared alarm.capture.videoblackout liveEncodings/639990a0dd794986b0de2ac84b000083/inputVideo/Video_01 Input video still image Input video still image for service=CS16_TS16_PlayboyTV;inputVideo=Video_01;sdt=CS16_TS16_PlayboyTV 
Feb 14 02:53:48.668400 CS16_TS16_PlayboyTV minor raised alarm.capture.videoblackout liveEncodings/639990a0dd794986b0de2ac84b000083/inputVideo/Video_01 Input video still image Input video still image for service=CS16_TS16_PlayboyTV;inputVideo=Video_01;sdt=CS16_TS16_PlayboyTV 
Feb 14 02:53:50.670368 CS16_TS16_PlayboyTV minor cleared alarm.capture.videoblackout liveEncodings/639990a0dd794986b0de2ac84b000083/inputVideo/Video_01 Input video still image Input video still image for service=CS16_TS16_PlayboyTV;inputVideo=Video_01;sdt=CS16_TS16_PlayboyTV 
Feb 14 04:08:14.470451 CS16_TS16_PlayboyTV minor raised alarm.capture.videoblackout liveEncodings/639990a0dd794986b0de2ac84b000083/inputVideo/Video_01 Input video still image Input video still image for service=CS16_TS16_PlayboyTV;inputVideo=Video_01;sdt=CS16_TS16_PlayboyTV 
Feb 14 04:08:45.169879 CS16_TS16_PlayboyTV minor cleared alarm.capture.videoblackout liveEncodings/639990a0dd794986b0de2ac84b000083/inputVideo/Video_01 Input video still image Input video still image for service=CS16_TS16_PlayboyTV;inputVideo=Video_01;sdt=CS16_TS16_PlayboyTV 
Feb 14 04:11:14.568466 CS16_TS16_PlayboyTV minor raised alarm.capture.videoblackout liveEncodings/639990a0dd794986b0de2ac84b000083/inputVideo/Video_01 Input video still image Input video still image for service=CS16_TS16_PlayboyTV;inputVideo=Video_01;sdt=CS16_TS16_PlayboyTV 
Feb 14 04:11:19.669796 CS16_TS16_PlayboyTV minor cleared alarm.capture.videoblackout liveEncodings/639990a0dd794986b0de2ac84b000083/inputVideo/Video_01 Input video still image Input video still image for service=CS16_TS16_PlayboyTV;inputVideo=Video_01;sdt=CS16_TS16_PlayboyTV 
Feb 14 04:19:56.370550 CS16_TS16_PlayboyTV minor raised alarm.capture.videoblackout liveEncodings/639990a0dd794986b0de2ac84b000083/inputVideo/Video_01 Input video still image Input video still image for service=CS16_TS16_PlayboyTV;inputVideo=Video_01;sdt=CS16_TS16_PlayboyTV 
Feb 14 04:22:57.570633 CS16_TS16_PlayboyTV minor cleared alarm.capture.videoblackout liveEncodings/639990a0dd794986b0de2ac84b000083/inputVideo/Video_01 Input video still image Input video still image for service=CS16_TS16_PlayboyTV;inputVideo=Video_01;sdt=CS16_TS16_PlayboyTV 
Feb 14 09:21:21.868778 CS16_TS16_PlayboyTV minor raised alarm.capture.videoblackout liveEncodings/639990a0dd794986b0de2ac84b000083/inputVideo/Video_01 Input video still image Input video still image for service=CS16_TS16_PlayboyTV;inputVideo=Video_01;sdt=CS16_TS16_PlayboyTV 
Feb 14 09:21:50.868620 CS16_TS16_PlayboyTV minor cleared alarm.capture.videoblackout liveEncodings/639990a0dd794986b0de2ac84b000083/inputVideo/Video_01 Input video still image Input video still image for service=CS16_TS16_PlayboyTV;inputVideo=Video_01;sdt=CS16_TS16_PlayboyTV 
Feb 14 09:38:43.468888 CS16_TS16_PlayboyTV minor raised alarm.capture.videoblackout liveEncodings/639990a0dd794986b0de2ac84b000083/inputVideo/Video_01 Input video still image Input video still image for service=CS16_TS16_PlayboyTV;inputVideo=Video_01;sdt=CS16_TS16_PlayboyTV 
Feb 14 09:39:14.969399 CS16_TS16_PlayboyTV minor cleared alarm.capture.videoblackout liveEncodings/639990a0dd794986b0de2ac84b000083/inputVideo/Video_01 Input video still image Input video still image for service=CS16_TS16_PlayboyTV;inputVideo=Video_01;sdt=CS16_TS16_PlayboyTV 
Feb 14 23:51:49.371228 CS16_TS16_PlayboyTV minor raised alarm.capture.videoblackout liveEncodings/639990a0dd794986b0de2ac84b000083/inputVideo/Video_01 Input video still image Input video still image for service=CS16_TS16_PlayboyTV;inputVideo=Video_01;sdt=CS16_TS16_PlayboyTV 
Feb 14 23:51:52.570887 CS16_TS16_PlayboyTV minor cleared alarm.capture.videoblackout liveEncodings/639990a0dd794986b0de2ac84b000083/inputVideo/Video_01 Input video still image Input video still image for service=CS16_TS16_PlayboyTV;inputVideo=Video_01;sdt=CS16_TS16_PlayboyTV 
Feb 15 06:07:16.469668 CS16_TS16_PlayboyTV minor raised alarm.capture.videoblackout liveEncodings/639990a0dd794986b0de2ac84b000083/inputVideo/Video_01 Input video still image Input video still image for service=CS16_TS16_PlayboyTV;inputVideo=Video_01;sdt=CS16_TS16_PlayboyTV 
Feb 15 06:07:19.470758 CS16_TS16_PlayboyTV minor cleared alarm.capture.videoblackout liveEncodings/639990a0dd794986b0de2ac84b000083/inputVideo/Video_01 Input video still image Input video still image for service=CS16_TS16_PlayboyTV;inputVideo=Video_01;sdt=CS16_TS16_PlayboyTV 
Feb 15 11:20:18.569040 CS16_TS16_PlayboyTV minor raised alarm.capture.videoblackout liveEncodings/639990a0dd794986b0de2ac84b000083/inputVideo/Video_01 Input video still image Input video still image for service=CS16_TS16_PlayboyTV;inputVideo=Video_01;sdt=CS16_TS16_PlayboyTV 
Feb 15 11:20:42.769411 CS16_TS16_PlayboyTV minor cleared alarm.capture.videoblackout liveEncodings/639990a0dd794986b0de2ac84b000083/inputVideo/Video_01 Input video still image Input video still image for service=CS16_TS16_PlayboyTV;inputVideo=Video_01;sdt=CS16_TS16_PlayboyTV 
Feb 15 11:33:52.668451 CS16_TS16_PlayboyTV minor raised alarm.capture.videoblackout liveEncodings/639990a0dd794986b0de2ac84b000083/inputVideo/Video_01 Input video still image Input video still image for service=CS16_TS16_PlayboyTV;inputVideo=Video_01;sdt=CS16_TS16_PlayboyTV 
Feb 15 11:34:14.570230 CS16_TS16_PlayboyTV minor cleared alarm.capture.videoblackout liveEncodings/639990a0dd794986b0de2ac84b000083/inputVideo/Video_01 Input video still image Input video still image for service=CS16_TS16_PlayboyTV;inputVideo=Video_01;sdt=CS16_TS16_PlayboyTV 
Feb 16 07:04:30.869579 CS16_TS16_PlayboyTV minor raised alarm.capture.videoblackout liveEncodings/639990a0dd794986b0de2ac84b000083/inputVideo/Video_01 Input video still image Input video still image for service=CS16_TS16_PlayboyTV;inputVideo=Video_01;sdt=CS16_TS16_PlayboyTV 
Feb 16 07:04:32.970447 CS16_TS16_PlayboyTV minor cleared alarm.capture.videoblackout liveEncodings/639990a0dd794986b0de2ac84b000083/inputVideo/Video_01 Input video still image Input video still image for service=CS16_TS16_PlayboyTV;inputVideo=Video_01;sdt=CS16_TS16_PlayboyTV 
Feb 16 09:24:22.874556 CS16_TS16_PlayboyTV minor raised alarm.capture.videoblackout liveEncodings/639990a0dd794986b0de2ac84b000083/inputVideo/Video_01 Input video still image Input video still image for service=CS16_TS16_PlayboyTV;inputVideo=Video_01;sdt=CS16_TS16_PlayboyTV 
Feb 16 09:24:23.368725 CS16_TS16_PlayboyTV minor cleared alarm.capture.videoblackout liveEncodings/639990a0dd794986b0de2ac84b000083/inputVideo/Video_01 Input video still image Input video still image for service=CS16_TS16_PlayboyTV;inputVideo=Video_01;sdt=CS16_TS16_PlayboyTV 
Feb 16 10:07:10.669574 CS16_TS16_PlayboyTV minor raised alarm.capture.videoblackout liveEncodings/639990a0dd794986b0de2ac84b000083/inputVideo/Video_01 Input video still image Input video still image for service=CS16_TS16_PlayboyTV;inputVideo=Video_01;sdt=CS16_TS16_PlayboyTV 
Feb 16 10:07:10.671540 CS16_TS16_PlayboyTV minor cleared alarm.capture.videoblackout liveEncodings/639990a0dd794986b0de2ac84b000083/inputVideo/Video_01 Input video still image Input video still image for service=CS16_TS16_PlayboyTV;inputVideo=Video_01;sdt=CS16_TS16_PlayboyTV 
Feb 16 10:09:10.668598 CS16_TS16_PlayboyTV minor raised alarm.capture.videoblackout liveEncodings/639990a0dd794986b0de2ac84b000083/inputVideo/Video_01 Input video still image Input video still image for service=CS16_TS16_PlayboyTV;inputVideo=Video_01;sdt=CS16_TS16_PlayboyTV 
Feb 16 10:09:12.968643 CS16_TS16_PlayboyTV minor cleared alarm.capture.videoblackout liveEncodings/639990a0dd794986b0de2ac84b000083/inputVideo/Video_01 Input video still image Input video still image for service=CS16_TS16_PlayboyTV;inputVideo=Video_01;sdt=CS16_TS16_PlayboyTV 
Feb 16 11:51:45.469689 CS16_TS16_PlayboyTV minor raised alarm.capture.videoblackout liveEncodings/639990a0dd794986b0de2ac84b000083/inputVideo/Video_01 Input video still image Input video still image for service=CS16_TS16_PlayboyTV;inputVideo=Video_01;sdt=CS16_TS16_PlayboyTV 
Feb 16 11:51:48.668853 CS16_TS16_PlayboyTV minor cleared alarm.capture.videoblackout liveEncodings/639990a0dd794986b0de2ac84b000083/inputVideo/Video_01 Input video still image Input video still image for service=CS16_TS16_PlayboyTV;inputVideo=Video_01;sdt=CS16_TS16_PlayboyTV 
Feb 16 15:29:54.872682 CS16_TS16_PlayboyTV minor raised alarm.capture.videoblackout liveEncodings/639990a0dd794986b0de2ac84b000083/inputVideo/Video_01 Input video still image Input video still image for service=CS16_TS16_PlayboyTV;inputVideo=Video_01;sdt=CS16_TS16_PlayboyTV 
Feb 16 15:31:44.868592 CS16_TS16_PlayboyTV minor cleared alarm.capture.videoblackout liveEncodings/639990a0dd794986b0de2ac84b000083/inputVideo/Video_01 Input video still image Input video still image for service=CS16_TS16_PlayboyTV;inputVideo=Video_01;sdt=CS16_TS16_PlayboyTV 
Feb 16 15:55:14.970872 CS16_TS16_PlayboyTV minor raised alarm.capture.videoblackout liveEncodings/639990a0dd794986b0de2ac84b000083/inputVideo/Video_01 Input video still image Input video still image for service=CS16_TS16_PlayboyTV;inputVideo=Video_01;sdt=CS16_TS16_PlayboyTV 
Feb 16 15:55:25.070538 CS16_TS16_PlayboyTV minor cleared alarm.capture.videoblackout liveEncodings/639990a0dd794986b0de2ac84b000083/inputVideo/Video_01 Input video still image Input video still image for service=CS16_TS16_PlayboyTV;inputVideo=Video_01;sdt=CS16_TS16_PlayboyTV 
Feb 16 23:14:53.369827 CS16_TS16_PlayboyTV minor raised alarm.capture.videoblackout liveEncodings/639990a0dd794986b0de2ac84b000083/inputVideo/Video_01 Input video still image Input video still image for service=CS16_TS16_PlayboyTV;inputVideo=Video_01;sdt=CS16_TS16_PlayboyTV 
Feb 16 23:14:55.069521 CS16_TS16_PlayboyTV minor cleared alarm.capture.videoblackout liveEncodings/639990a0dd794986b0de2ac84b000083/inputVideo/Video_01 Input video still image Input video still image for service=CS16_TS16_PlayboyTV;inputVideo=Video_01;sdt=CS16_TS16_PlayboyTV 
Feb 17 07:35:30.070771 CS16_TS16_PlayboyTV minor raised alarm.capture.videoblackout liveEncodings/639990a0dd794986b0de2ac84b000083/inputVideo/Video_01 Input video still image Input video still image for service=CS16_TS16_PlayboyTV;inputVideo=Video_01;sdt=CS16_TS16_PlayboyTV 
Feb 17 07:35:46.769495 CS16_TS16_PlayboyTV minor cleared alarm.capture.videoblackout liveEncodings/639990a0dd794986b0de2ac84b000083/inputVideo/Video_01 Input video still image Input video still image for service=CS16_TS16_PlayboyTV;inputVideo=Video_01;sdt=CS16_TS16_PlayboyTV 
Feb 18 09:17:28.671006 CS16_TS16_PlayboyTV minor raised alarm.capture.videoblackout liveEncodings/639990a0dd794986b0de2ac84b000083/inputVideo/Video_01 Input video still image Input video still image for service=CS16_TS16_PlayboyTV;inputVideo=Video_01;sdt=CS16_TS16_PlayboyTV 
Feb 18 09:17:29.273165 CS16_TS16_PlayboyTV minor cleared alarm.capture.videoblackout liveEncodings/639990a0dd794986b0de2ac84b000083/inputVideo/Video_01 Input video still image Input video still image for service=CS16_TS16_PlayboyTV;inputVideo=Video_01;sdt=CS16_TS16_PlayboyTV 
Feb 18 09:19:38.468679 CS16_TS16_PlayboyTV minor raised alarm.capture.videoblackout liveEncodings/639990a0dd794986b0de2ac84b000083/inputVideo/Video_01 Input video still image Input video still image for service=CS16_TS16_PlayboyTV;inputVideo=Video_01;sdt=CS16_TS16_PlayboyTV 
Feb 18 09:19:43.270866 CS16_TS16_PlayboyTV minor cleared alarm.capture.videoblackout liveEncodings/639990a0dd794986b0de2ac84b000083/inputVideo/Video_01 Input video still image Input video still image for service=CS16_TS16_PlayboyTV;inputVideo=Video_01;sdt=CS16_TS16_PlayboyTV 
Feb 18 11:14:46.370422 CS16_TS16_PlayboyTV minor raised alarm.capture.videoblackout liveEncodings/639990a0dd794986b0de2ac84b000083/inputVideo/Video_01 Input video still image Input video still image for service=CS16_TS16_PlayboyTV;inputVideo=Video_01;sdt=CS16_TS16_PlayboyTV 
Feb 18 11:14:48.071797 CS16_TS16_PlayboyTV minor cleared alarm.capture.videoblackout liveEncodings/639990a0dd794986b0de2ac84b000083/inputVideo/Video_01 Input video still image Input video still image for service=CS16_TS16_PlayboyTV;inputVideo=Video_01;sdt=CS16_TS16_PlayboyTV 
Feb 18 11:17:17.269415 CS16_TS16_PlayboyTV minor raised alarm.capture.videoblackout liveEncodings/639990a0dd794986b0de2ac84b000083/inputVideo/Video_01 Input video still image Input video still image for service=CS16_TS16_PlayboyTV;inputVideo=Video_01;sdt=CS16_TS16_PlayboyTV 
Feb 18 11:17:20.369267 CS16_TS16_PlayboyTV minor cleared alarm.capture.videoblackout liveEncodings/639990a0dd794986b0de2ac84b000083/inputVideo/Video_01 Input video still image Input video still image for service=CS16_TS16_PlayboyTV;inputVideo=Video_01;sdt=CS16_TS16_PlayboyTV 
Feb 18 16:32:23.969034 CS16_TS16_PlayboyTV minor raised alarm.capture.videoblackout liveEncodings/639990a0dd794986b0de2ac84b000083/inputVideo/Video_01 Input video still image Input video still image for service=CS16_TS16_PlayboyTV;inputVideo=Video_01;sdt=CS16_TS16_PlayboyTV 
Feb 18 16:32:28.570145 CS16_TS16_PlayboyTV minor cleared alarm.capture.videoblackout liveEncodings/639990a0dd794986b0de2ac84b000083/inputVideo/Video_01 Input video still image Input video still image for service=CS16_TS16_PlayboyTV;inputVideo=Video_01;sdt=CS16_TS16_PlayboyTV 
Feb 18 16:34:56.969924 CS16_TS16_PlayboyTV minor raised alarm.capture.videoblackout liveEncodings/639990a0dd794986b0de2ac84b000083/inputVideo/Video_01 Input video still image Input video still image for service=CS16_TS16_PlayboyTV;inputVideo=Video_01;sdt=CS16_TS16_PlayboyTV 
Feb 18 16:35:11.670044 CS16_TS16_PlayboyTV minor cleared alarm.capture.videoblackout liveEncodings/639990a0dd794986b0de2ac84b000083/inputVideo/Video_01 Input video still image Input video still image for service=CS16_TS16_PlayboyTV;inputVideo=Video_01;sdt=CS16_TS16_PlayboyTV 
Feb 18 17:49:04.570562 CS16_TS16_PlayboyTV minor raised alarm.capture.videoblackout liveEncodings/639990a0dd794986b0de2ac84b000083/inputVideo/Video_01 Input video still image Input video still image for service=CS16_TS16_PlayboyTV;inputVideo=Video_01;sdt=CS16_TS16_PlayboyTV 
Feb 18 17:49:06.268696 CS16_TS16_PlayboyTV minor cleared alarm.capture.videoblackout liveEncodings/639990a0dd794986b0de2ac84b000083/inputVideo/Video_01 Input video still image Input video still image for service=CS16_TS16_PlayboyTV;inputVideo=Video_01;sdt=CS16_TS16_PlayboyTV 
Feb 18 22:12:36.970833 CS16_TS16_PlayboyTV minor raised alarm.capture.videoblackout liveEncodings/639990a0dd794986b0de2ac84b000083/inputVideo/Video_01 Input video still image Input video still image for service=CS16_TS16_PlayboyTV;inputVideo=Video_01;sdt=CS16_TS16_PlayboyTV 
Feb 18 22:13:11.268565 CS16_TS16_PlayboyTV minor cleared alarm.capture.videoblackout liveEncodings/639990a0dd794986b0de2ac84b000083/inputVideo/Video_01 Input video still image Input video still image for service=CS16_TS16_PlayboyTV;inputVideo=Video_01;sdt=CS16_TS16_PlayboyTV 
Feb 18 22:39:33.470931 CS16_TS16_PlayboyTV minor raised alarm.capture.videoblackout liveEncodings/639990a0dd794986b0de2ac84b000083/inputVideo/Video_01 Input video still image Input video still image for service=CS16_TS16_PlayboyTV;inputVideo=Video_01;sdt=CS16_TS16_PlayboyTV 
Feb 18 22:42:25.869101 CS16_TS16_PlayboyTV minor cleared alarm.capture.videoblackout liveEncodings/639990a0dd794986b0de2ac84b000083/inputVideo/Video_01 Input video still image Input video still image for service=CS16_TS16_PlayboyTV;inputVideo=Video_01;sdt=CS16_TS16_PlayboyTV 
Feb 18 22:54:08.471028 CS16_TS16_PlayboyTV minor raised alarm.capture.videoblackout liveEncodings/639990a0dd794986b0de2ac84b000083/inputVideo/Video_01 Input video still image Input video still image for service=CS16_TS16_PlayboyTV;inputVideo=Video_01;sdt=CS16_TS16_PlayboyTV 
Feb 18 22:54:16.269600 CS16_TS16_PlayboyTV minor cleared alarm.capture.videoblackout liveEncodings/639990a0dd794986b0de2ac84b000083/inputVideo/Video_01 Input video still image Input video still image for service=CS16_TS16_PlayboyTV;inputVideo=Video_01;sdt=CS16_TS16_PlayboyTV 
Feb 18 23:20:54.071303 CS16_TS16_PlayboyTV minor raised alarm.capture.videoblackout liveEncodings/639990a0dd794986b0de2ac84b000083/inputVideo/Video_01 Input video still image Input video still image for service=CS16_TS16_PlayboyTV;inputVideo=Video_01;sdt=CS16_TS16_PlayboyTV 
Feb 18 23:21:23.371217 CS16_TS16_PlayboyTV minor cleared alarm.capture.videoblackout liveEncodings/639990a0dd794986b0de2ac84b000083/inputVideo/Video_01 Input video still image Input video still image for service=CS16_TS16_PlayboyTV;inputVideo=Video_01;sdt=CS16_TS16_PlayboyTV 
Feb 18 23:23:02.469582 CS16_TS16_PlayboyTV minor raised alarm.capture.videoblackout liveEncodings/639990a0dd794986b0de2ac84b000083/inputVideo/Video_01 Input video still image Input video still image for service=CS16_TS16_PlayboyTV;inputVideo=Video_01;sdt=CS16_TS16_PlayboyTV 
Feb 18 23:23:39.269791 CS16_TS16_PlayboyTV minor cleared alarm.capture.videoblackout liveEncodings/639990a0dd794986b0de2ac84b000083/inputVideo/Video_01 Input video still image Input video still image for service=CS16_TS16_PlayboyTV;inputVideo=Video_01;sdt=CS16_TS16_PlayboyTV 
Feb 18 23:28:25.570483 CS16_TS16_PlayboyTV minor raised alarm.capture.videoblackout liveEncodings/639990a0dd794986b0de2ac84b000083/inputVideo/Video_01 Input video still image Input video still image for service=CS16_TS16_PlayboyTV;inputVideo=Video_01;sdt=CS16_TS16_PlayboyTV 
Feb 18 23:28:47.868661 CS16_TS16_PlayboyTV minor cleared alarm.capture.videoblackout liveEncodings/639990a0dd794986b0de2ac84b000083/inputVideo/Video_01 Input video still image Input video still image for service=CS16_TS16_PlayboyTV;inputVideo=Video_01;sdt=CS16_TS16_PlayboyTV 
Feb 19 10:31:36.105995 CS16_TS16_PlayboyTV notice event alarm.automation.lineup.input.status liveEncodings/639990a0dd794986b0de2ac84b000083 Automation input updated status Live input updated with state=updated with status=success for service=CS16_TS16_PlayboyTV;input=TC16_TS11;msg=service settings have changed;sdt=CS16_TS16_PlayboyTV 
Feb 19 10:31:36.611956 CS16_TS16_PlayboyTV major event alarm.capture.input.switched liveEncodings/639990a0dd794986b0de2ac84b000083/captureIndex/1 Capture source is switched CaptureIndex=1 has Automatic switch from source 0 to source 1 for service=CS16_TS16_PlayboyTV;sdt=CS16_TS16_PlayboyTV 
Feb 19 10:57:20.077904 CS16_TS16_PlayboyTV notice event alarm.automation.lineup.input.status liveEncodings/639990a0dd794986b0de2ac84b000083 Automation input updated status Live input updated with state=updated with status=success for service=CS16_TS16_PlayboyTV;input=TC16_TS11;msg=service settings have changed;sdt=CS16_TS16_PlayboyTV 
Feb 19 10:57:20.310409 CS16_TS16_PlayboyTV major event alarm.capture.input.switched liveEncodings/639990a0dd794986b0de2ac84b000083/captureIndex/1 Capture source is switched CaptureIndex=1 has Automatic switch from source 1 to source 0 for service=CS16_TS16_PlayboyTV;sdt=CS16_TS16_PlayboyTV 
Feb 19 11:03:59.173919 CS16_TS16_PlayboyTV notice event alarm.automation.lineup.input.status liveEncodings/639990a0dd794986b0de2ac84b000083 Automation input updated status Live input updated with state=updated with status=success for service=CS16_TS16_PlayboyTV;input=TC16_TS11;msg=service settings have changed;sdt=CS16_TS16_PlayboyTV 
Feb 19 11:03:59.716952 CS16_TS16_PlayboyTV major event alarm.capture.input.switched liveEncodings/639990a0dd794986b0de2ac84b000083/captureIndex/1 Capture source is switched CaptureIndex=1 has Automatic switch from source 0 to source 1 for service=CS16_TS16_PlayboyTV;sdt=CS16_TS16_PlayboyTV 
Feb 19 11:11:42.702095 CS16_TS16_PlayboyTV notice event alarm.automation.lineup.input.status liveEncodings/639990a0dd794986b0de2ac84b000083 Automation input updated status Live input updated with state=updated with status=success for service=CS16_TS16_PlayboyTV;input=TC16_TS11;msg=service settings have changed;sdt=CS16_TS16_PlayboyTV 
Feb 19 11:11:42.974724 CS16_TS16_PlayboyTV major event alarm.capture.input.switched liveEncodings/639990a0dd794986b0de2ac84b000083/captureIndex/1 Capture source is switched CaptureIndex=1 has Automatic switch from source 1 to source 0 for service=CS16_TS16_PlayboyTV;sdt=CS16_TS16_PlayboyTV 
Feb 19 11:11:43.409096 CS16_TS16_PlayboyTV major event alarm.capture.input.switched liveEncodings/639990a0dd794986b0de2ac84b000083/captureIndex/1 Capture source is switched CaptureIndex=1 has Automatic switch from source 0 to source 1 for service=CS16_TS16_PlayboyTV;sdt=CS16_TS16_PlayboyTV 
Feb 19 15:07:51.569711 CS16_TS16_PlayboyTV minor raised alarm.capture.videoblackout liveEncodings/639990a0dd794986b0de2ac84b000083/inputVideo/Video_01 Input video still image Input video still image for service=CS16_TS16_PlayboyTV;inputVideo=Video_01;sdt=CS16_TS16_PlayboyTV 
Feb 19 15:07:52.869667 CS16_TS16_PlayboyTV minor cleared alarm.capture.videoblackout liveEncodings/639990a0dd794986b0de2ac84b000083/inputVideo/Video_01 Input video still image Input video still image for service=CS16_TS16_PlayboyTV;inputVideo=Video_01;sdt=CS16_TS16_PlayboyTV 
Feb 19 15:35:05.471640 CS16_TS16_PlayboyTV minor raised alarm.capture.videoblackout liveEncodings/639990a0dd794986b0de2ac84b000083/inputVideo/Video_01 Input video still image Input video still image for service=CS16_TS16_PlayboyTV;inputVideo=Video_01;sdt=CS16_TS16_PlayboyTV 
Feb 19 15:35:11.468517 CS16_TS16_PlayboyTV minor cleared alarm.capture.videoblackout liveEncodings/639990a0dd794986b0de2ac84b000083/inputVideo/Video_01 Input video still image Input video still image for service=CS16_TS16_PlayboyTV;inputVideo=Video_01;sdt=CS16_TS16_PlayboyTV 
Feb 19 15:54:31.070600 CS16_TS16_PlayboyTV minor raised alarm.capture.videoblackout liveEncodings/639990a0dd794986b0de2ac84b000083/inputVideo/Video_01 Input video still image Input video still image for service=CS16_TS16_PlayboyTV;inputVideo=Video_01;sdt=CS16_TS16_PlayboyTV 
Feb 19 15:54:42.570150 CS16_TS16_PlayboyTV minor cleared alarm.capture.videoblackout liveEncodings/639990a0dd794986b0de2ac84b000083/inputVideo/Video_01 Input video still image Input video still image for service=CS16_TS16_PlayboyTV;inputVideo=Video_01;sdt=CS16_TS16_PlayboyTV 
Feb 19 15:57:20.671265 CS16_TS16_PlayboyTV minor raised alarm.capture.videoblackout liveEncodings/639990a0dd794986b0de2ac84b000083/inputVideo/Video_01 Input video still image Input video still image for service=CS16_TS16_PlayboyTV;inputVideo=Video_01;sdt=CS16_TS16_PlayboyTV 
Feb 19 15:58:15.570566 CS16_TS16_PlayboyTV minor cleared alarm.capture.videoblackout liveEncodings/639990a0dd794986b0de2ac84b000083/inputVideo/Video_01 Input video still image Input video still image for service=CS16_TS16_PlayboyTV;inputVideo=Video_01;sdt=CS16_TS16_PlayboyTV 
Feb 19 16:27:26.270976 CS16_TS16_PlayboyTV minor raised alarm.capture.videoblackout liveEncodings/639990a0dd794986b0de2ac84b000083/inputVideo/Video_01 Input video still image Input video still image for service=CS16_TS16_PlayboyTV;inputVideo=Video_01;sdt=CS16_TS16_PlayboyTV 
Feb 19 16:27:56.769983 CS16_TS16_PlayboyTV minor cleared alarm.capture.videoblackout liveEncodings/639990a0dd794986b0de2ac84b000083/inputVideo/Video_01 Input video still image Input video still image for service=CS16_TS16_PlayboyTV;inputVideo=Video_01;sdt=CS16_TS16_PlayboyTV 
Feb 19 23:32:16.369556 CS16_TS16_PlayboyTV minor raised alarm.capture.videoblackout liveEncodings/639990a0dd794986b0de2ac84b000083/inputVideo/Video_01 Input video still image Input video still image for service=CS16_TS16_PlayboyTV;inputVideo=Video_01;sdt=CS16_TS16_PlayboyTV 
Feb 19 23:32:31.170895 CS16_TS16_PlayboyTV minor cleared alarm.capture.videoblackout liveEncodings/639990a0dd794986b0de2ac84b000083/inputVideo/Video_01 Input video still image Input video still image for service=CS16_TS16_PlayboyTV;inputVideo=Video_01;sdt=CS16_TS16_PlayboyTV 
Feb 20 00:09:16.572363 CS16_TS16_PlayboyTV minor raised alarm.capture.videoblackout liveEncodings/639990a0dd794986b0de2ac84b000083/inputVideo/Video_01 Input video still image Input video still image for service=CS16_TS16_PlayboyTV;inputVideo=Video_01;sdt=CS16_TS16_PlayboyTV 
Feb 20 00:09:18.869595 CS16_TS16_PlayboyTV minor cleared alarm.capture.videoblackout liveEncodings/639990a0dd794986b0de2ac84b000083/inputVideo/Video_01 Input video still image Input video still image for service=CS16_TS16_PlayboyTV;inputVideo=Video_01;sdt=CS16_TS16_PlayboyTV 
Feb 20 03:56:03.268507 CS16_TS16_PlayboyTV minor raised alarm.capture.videoblackout liveEncodings/639990a0dd794986b0de2ac84b000083/inputVideo/Video_01 Input video still image Input video still image for service=CS16_TS16_PlayboyTV;inputVideo=Video_01;sdt=CS16_TS16_PlayboyTV 
Feb 20 03:56:45.370572 CS16_TS16_PlayboyTV minor cleared alarm.capture.videoblackout liveEncodings/639990a0dd794986b0de2ac84b000083/inputVideo/Video_01 Input video still image Input video still image for service=CS16_TS16_PlayboyTV;inputVideo=Video_01;sdt=CS16_TS16_PlayboyTV 
Feb 20 10:11:29.969687 CS16_TS16_PlayboyTV minor raised alarm.capture.videoblackout liveEncodings/639990a0dd794986b0de2ac84b000083/inputVideo/Video_01 Input video still image Input video still image for service=CS16_TS16_PlayboyTV;inputVideo=Video_01;sdt=CS16_TS16_PlayboyTV 
Feb 20 10:12:04.170882 CS16_TS16_PlayboyTV minor cleared alarm.capture.videoblackout liveEncodings/639990a0dd794986b0de2ac84b000083/inputVideo/Video_01 Input video still image Input video still image for service=CS16_TS16_PlayboyTV;inputVideo=Video_01;sdt=CS16_TS16_PlayboyTV 
Feb 20 10:38:26.670335 CS16_TS16_PlayboyTV minor raised alarm.capture.videoblackout liveEncodings/639990a0dd794986b0de2ac84b000083/inputVideo/Video_01 Input video still image Input video still image for service=CS16_TS16_PlayboyTV;inputVideo=Video_01;sdt=CS16_TS16_PlayboyTV 
Feb 20 10:39:04.371364 CS16_TS16_PlayboyTV minor cleared alarm.capture.videoblackout liveEncodings/639990a0dd794986b0de2ac84b000083/inputVideo/Video_01 Input video still image Input video still image for service=CS16_TS16_PlayboyTV;inputVideo=Video_01;sdt=CS16_TS16_PlayboyTV 
Feb 20 10:40:04.569548 CS16_TS16_PlayboyTV minor raised alarm.capture.videoblackout liveEncodings/639990a0dd794986b0de2ac84b000083/inputVideo/Video_01 Input video still image Input video still image for service=CS16_TS16_PlayboyTV;inputVideo=Video_01;sdt=CS16_TS16_PlayboyTV 
Feb 20 10:41:18.668716 CS16_TS16_PlayboyTV minor cleared alarm.capture.videoblackout liveEncodings/639990a0dd794986b0de2ac84b000083/inputVideo/Video_01 Input video still image Input video still image for service=CS16_TS16_PlayboyTV;inputVideo=Video_01;sdt=CS16_TS16_PlayboyTV 
Feb 20 10:53:01.670816 CS16_TS16_PlayboyTV minor raised alarm.capture.videoblackout liveEncodings/639990a0dd794986b0de2ac84b000083/inputVideo/Video_01 Input video still image Input video still image for service=CS16_TS16_PlayboyTV;inputVideo=Video_01;sdt=CS16_TS16_PlayboyTV 
Feb 20 10:53:09.468700 CS16_TS16_PlayboyTV minor cleared alarm.capture.videoblackout liveEncodings/639990a0dd794986b0de2ac84b000083/inputVideo/Video_01 Input video still image Input video still image for service=CS16_TS16_PlayboyTV;inputVideo=Video_01;sdt=CS16_TS16_PlayboyTV 
Feb 20 11:19:47.171015 CS16_TS16_PlayboyTV minor raised alarm.capture.videoblackout liveEncodings/639990a0dd794986b0de2ac84b000083/inputVideo/Video_01 Input video still image Input video still image for service=CS16_TS16_PlayboyTV;inputVideo=Video_01;sdt=CS16_TS16_PlayboyTV 
Feb 20 11:20:16.468701 CS16_TS16_PlayboyTV minor cleared alarm.capture.videoblackout liveEncodings/639990a0dd794986b0de2ac84b000083/inputVideo/Video_01 Input video still image Input video still image for service=CS16_TS16_PlayboyTV;inputVideo=Video_01;sdt=CS16_TS16_PlayboyTV 
Feb 20 11:21:55.470562 CS16_TS16_PlayboyTV minor raised alarm.capture.videoblackout liveEncodings/639990a0dd794986b0de2ac84b000083/inputVideo/Video_01 Input video still image Input video still image for service=CS16_TS16_PlayboyTV;inputVideo=Video_01;sdt=CS16_TS16_PlayboyTV 
Feb 20 11:22:32.369350 CS16_TS16_PlayboyTV minor cleared alarm.capture.videoblackout liveEncodings/639990a0dd794986b0de2ac84b000083/inputVideo/Video_01 Input video still image Input video still image for service=CS16_TS16_PlayboyTV;inputVideo=Video_01;sdt=CS16_TS16_PlayboyTV 
Feb 20 11:27:18.672077 CS16_TS16_PlayboyTV minor raised alarm.capture.videoblackout liveEncodings/639990a0dd794986b0de2ac84b000083/inputVideo/Video_01 Input video still image Input video still image for service=CS16_TS16_PlayboyTV;inputVideo=Video_01;sdt=CS16_TS16_PlayboyTV 
Feb 20 11:27:40.870876 CS16_TS16_PlayboyTV minor cleared alarm.capture.videoblackout liveEncodings/639990a0dd794986b0de2ac84b000083/inputVideo/Video_01 Input video still image Input video still image for service=CS16_TS16_PlayboyTV;inputVideo=Video_01;sdt=CS16_TS16_PlayboyTV 
Feb 21 12:09:23.669616 CS16_TS16_PlayboyTV minor raised alarm.capture.videoblackout liveEncodings/639990a0dd794986b0de2ac84b000083/inputVideo/Video_01 Input video still image Input video still image for service=CS16_TS16_PlayboyTV;inputVideo=Video_01;sdt=CS16_TS16_PlayboyTV 
Feb 21 12:09:25.369561 CS16_TS16_PlayboyTV minor cleared alarm.capture.videoblackout liveEncodings/639990a0dd794986b0de2ac84b000083/inputVideo/Video_01 Input video still image Input video still image for service=CS16_TS16_PlayboyTV;inputVideo=Video_01;sdt=CS16_TS16_PlayboyTV 
Feb 21 15:05:47.470185 CS16_TS16_PlayboyTV minor raised alarm.capture.videoblackout liveEncodings/639990a0dd794986b0de2ac84b000083/inputVideo/Video_01 Input video still image Input video still image for service=CS16_TS16_PlayboyTV;inputVideo=Video_01;sdt=CS16_TS16_PlayboyTV 
Feb 21 15:05:59.070845 CS16_TS16_PlayboyTV minor cleared alarm.capture.videoblackout liveEncodings/639990a0dd794986b0de2ac84b000083/inputVideo/Video_01 Input video still image Input video still image for service=CS16_TS16_PlayboyTV;inputVideo=Video_01;sdt=CS16_TS16_PlayboyTV 
Feb 21 16:15:41.970142 CS16_TS16_PlayboyTV minor raised alarm.capture.videoblackout liveEncodings/639990a0dd794986b0de2ac84b000083/inputVideo/Video_01 Input video still image Input video still image for service=CS16_TS16_PlayboyTV;inputVideo=Video_01;sdt=CS16_TS16_PlayboyTV 
Feb 21 16:15:54.072316 CS16_TS16_PlayboyTV minor cleared alarm.capture.videoblackout liveEncodings/639990a0dd794986b0de2ac84b000083/inputVideo/Video_01 Input video still image Input video still image for service=CS16_TS16_PlayboyTV;inputVideo=Video_01;sdt=CS16_TS16_PlayboyTV 
Feb 21 16:16:55.071019 CS16_TS16_PlayboyTV minor raised alarm.capture.videoblackout liveEncodings/639990a0dd794986b0de2ac84b000083/inputVideo/Video_01 Input video still image Input video still image for service=CS16_TS16_PlayboyTV;inputVideo=Video_01;sdt=CS16_TS16_PlayboyTV 
Feb 21 16:17:04.970587 CS16_TS16_PlayboyTV minor cleared alarm.capture.videoblackout liveEncodings/639990a0dd794986b0de2ac84b000083/inputVideo/Video_01 Input video still image Input video still image for service=CS16_TS16_PlayboyTV;inputVideo=Video_01;sdt=CS16_TS16_PlayboyTV 
Feb 21 16:33:40.472564 CS16_TS16_PlayboyTV minor raised alarm.capture.videoblackout liveEncodings/639990a0dd794986b0de2ac84b000083/inputVideo/Video_01 Input video still image Input video still image for service=CS16_TS16_PlayboyTV;inputVideo=Video_01;sdt=CS16_TS16_PlayboyTV 
Feb 21 16:33:55.968567 CS16_TS16_PlayboyTV minor cleared alarm.capture.videoblackout liveEncodings/639990a0dd794986b0de2ac84b000083/inputVideo/Video_01 Input video still image Input video still image for service=CS16_TS16_PlayboyTV;inputVideo=Video_01;sdt=CS16_TS16_PlayboyTV 
Feb 21 16:38:58.269937 CS16_TS16_PlayboyTV minor raised alarm.capture.videoblackout liveEncodings/639990a0dd794986b0de2ac84b000083/inputVideo/Video_01 Input video still image Input video still image for service=CS16_TS16_PlayboyTV;inputVideo=Video_01;sdt=CS16_TS16_PlayboyTV 
Feb 21 16:39:24.970597 CS16_TS16_PlayboyTV minor cleared alarm.capture.videoblackout liveEncodings/639990a0dd794986b0de2ac84b000083/inputVideo/Video_01 Input video still image Input video still image for service=CS16_TS16_PlayboyTV;inputVideo=Video_01;sdt=CS16_TS16_PlayboyTV 
Feb 21 16:49:40.301030 CS16_TS16_PlayboyTV notice event alarm.automation.lineup.input.status liveEncodings/639990a0dd794986b0de2ac84b000083 Automation input updated status Live input updated with state=updated with status=success for service=CS16_TS16_PlayboyTV;input=TC16_TS11;msg=service settings have changed;sdt=CS16_TS16_PlayboyTV 
Feb 21 16:49:40.365955 CS16_TS16_PlayboyTV major event alarm.capture.input.switched liveEncodings/639990a0dd794986b0de2ac84b000083/captureIndex/1 Capture source is switched CaptureIndex=1 has Automatic switch from source 1 to source 0 for service=CS16_TS16_PlayboyTV;sdt=CS16_TS16_PlayboyTV 
Feb 21 22:53:54.969406 CS16_TS16_PlayboyTV minor raised alarm.capture.videoblackout liveEncodings/639990a0dd794986b0de2ac84b000083/inputVideo/Video_01 Input video still image Input video still image for service=CS16_TS16_PlayboyTV;inputVideo=Video_01;sdt=CS16_TS16_PlayboyTV 
Feb 21 22:54:29.169756 CS16_TS16_PlayboyTV minor cleared alarm.capture.videoblackout liveEncodings/639990a0dd794986b0de2ac84b000083/inputVideo/Video_01 Input video still image Input video still image for service=CS16_TS16_PlayboyTV;inputVideo=Video_01;sdt=CS16_TS16_PlayboyTV 
Feb 21 23:28:25.871511 CS16_TS16_PlayboyTV minor raised alarm.capture.videoblackout liveEncodings/639990a0dd794986b0de2ac84b000083/inputVideo/Video_01 Input video still image Input video still image for service=CS16_TS16_PlayboyTV;inputVideo=Video_01;sdt=CS16_TS16_PlayboyTV 
Feb 21 23:28:33.670969 CS16_TS16_PlayboyTV minor cleared alarm.capture.videoblackout liveEncodings/639990a0dd794986b0de2ac84b000083/inputVideo/Video_01 Input video still image Input video still image for service=CS16_TS16_PlayboyTV;inputVideo=Video_01;sdt=CS16_TS16_PlayboyTV 
Feb 22 06:39:50.571948 CS16_TS16_PlayboyTV minor raised alarm.capture.videoblackout liveEncodings/639990a0dd794986b0de2ac84b000083/inputVideo/Video_01 Input video still image Input video still image for service=CS16_TS16_PlayboyTV;inputVideo=Video_01;sdt=CS16_TS16_PlayboyTV 
Feb 22 06:39:55.068781 CS16_TS16_PlayboyTV minor cleared alarm.capture.videoblackout liveEncodings/639990a0dd794986b0de2ac84b000083/inputVideo/Video_01 Input video still image Input video still image for service=CS16_TS16_PlayboyTV;inputVideo=Video_01;sdt=CS16_TS16_PlayboyTV 
Feb 22 08:03:09.570133 CS16_TS16_PlayboyTV minor raised alarm.capture.videoblackout liveEncodings/639990a0dd794986b0de2ac84b000083/inputVideo/Video_01 Input video still image Input video still image for service=CS16_TS16_PlayboyTV;inputVideo=Video_01;sdt=CS16_TS16_PlayboyTV 
Feb 22 08:03:39.669053 CS16_TS16_PlayboyTV minor cleared alarm.capture.videoblackout liveEncodings/639990a0dd794986b0de2ac84b000083/inputVideo/Video_01 Input video still image Input video still image for service=CS16_TS16_PlayboyTV;inputVideo=Video_01;sdt=CS16_TS16_PlayboyTV 
Feb 22 10:01:34.971103 CS16_TS16_PlayboyTV minor raised alarm.capture.videoblackout liveEncodings/639990a0dd794986b0de2ac84b000083/inputVideo/Video_01 Input video still image Input video still image for service=CS16_TS16_PlayboyTV;inputVideo=Video_01;sdt=CS16_TS16_PlayboyTV 
Feb 22 10:01:49.368744 CS16_TS16_PlayboyTV minor cleared alarm.capture.videoblackout liveEncodings/639990a0dd794986b0de2ac84b000083/inputVideo/Video_01 Input video still image Input video still image for service=CS16_TS16_PlayboyTV;inputVideo=Video_01;sdt=CS16_TS16_PlayboyTV 
Feb 22 23:58:51.269372 CS16_TS16_PlayboyTV minor raised alarm.capture.videoblackout liveEncodings/639990a0dd794986b0de2ac84b000083/inputVideo/Video_01 Input video still image Input video still image for service=CS16_TS16_PlayboyTV;inputVideo=Video_01;sdt=CS16_TS16_PlayboyTV 
Feb 22 23:58:51.371027 CS16_TS16_PlayboyTV minor cleared alarm.capture.videoblackout liveEncodings/639990a0dd794986b0de2ac84b000083/inputVideo/Video_01 Input video still image Input video still image for service=CS16_TS16_PlayboyTV;inputVideo=Video_01;sdt=CS16_TS16_PlayboyTV 
Feb 23 00:28:40.671190 CS16_TS16_PlayboyTV minor raised alarm.capture.videoblackout liveEncodings/639990a0dd794986b0de2ac84b000083/inputVideo/Video_01 Input video still image Input video still image for service=CS16_TS16_PlayboyTV;inputVideo=Video_01;sdt=CS16_TS16_PlayboyTV 
Feb 23 00:29:47.070288 CS16_TS16_PlayboyTV minor cleared alarm.capture.videoblackout liveEncodings/639990a0dd794986b0de2ac84b000083/inputVideo/Video_01 Input video still image Input video still image for service=CS16_TS16_PlayboyTV;inputVideo=Video_01;sdt=CS16_TS16_PlayboyTV 
Feb 23 00:37:35.569668 CS16_TS16_PlayboyTV minor raised alarm.capture.videoblackout liveEncodings/639990a0dd794986b0de2ac84b000083/inputVideo/Video_01 Input video still image Input video still image for service=CS16_TS16_PlayboyTV;inputVideo=Video_01;sdt=CS16_TS16_PlayboyTV 
Feb 23 00:37:36.271674 CS16_TS16_PlayboyTV minor cleared alarm.capture.videoblackout liveEncodings/639990a0dd794986b0de2ac84b000083/inputVideo/Video_01 Input video still image Input video still image for service=CS16_TS16_PlayboyTV;inputVideo=Video_01;sdt=CS16_TS16_PlayboyTV 
Feb 23 04:18:15.268701 CS16_TS16_PlayboyTV minor raised alarm.capture.videoblackout liveEncodings/639990a0dd794986b0de2ac84b000083/inputVideo/Video_01 Input video still image Input video still image for service=CS16_TS16_PlayboyTV;inputVideo=Video_01;sdt=CS16_TS16_PlayboyTV 
Feb 23 04:18:45.069593 CS16_TS16_PlayboyTV minor cleared alarm.capture.videoblackout liveEncodings/639990a0dd794986b0de2ac84b000083/inputVideo/Video_01 Input video still image Input video still image for service=CS16_TS16_PlayboyTV;inputVideo=Video_01;sdt=CS16_TS16_PlayboyTV 
Feb 23 07:15:28.369476 CS16_TS16_PlayboyTV minor raised alarm.capture.videoblackout liveEncodings/639990a0dd794986b0de2ac84b000083/inputVideo/Video_01 Input video still image Input video still image for service=CS16_TS16_PlayboyTV;inputVideo=Video_01;sdt=CS16_TS16_PlayboyTV 
Feb 23 07:15:28.768490 CS16_TS16_PlayboyTV minor cleared alarm.capture.videoblackout liveEncodings/639990a0dd794986b0de2ac84b000083/inputVideo/Video_01 Input video still image Input video still image for service=CS16_TS16_PlayboyTV;inputVideo=Video_01;sdt=CS16_TS16_PlayboyTV 
Feb 23 08:08:53.970039 CS16_TS16_PlayboyTV minor raised alarm.capture.videoblackout liveEncodings/639990a0dd794986b0de2ac84b000083/inputVideo/Video_01 Input video still image Input video still image for service=CS16_TS16_PlayboyTV;inputVideo=Video_01;sdt=CS16_TS16_PlayboyTV 
Feb 23 08:09:12.370206 CS16_TS16_PlayboyTV minor cleared alarm.capture.videoblackout liveEncodings/639990a0dd794986b0de2ac84b000083/inputVideo/Video_01 Input video still image Input video still image for service=CS16_TS16_PlayboyTV;inputVideo=Video_01;sdt=CS16_TS16_PlayboyTV 
Feb 23 09:53:06.471020 CS16_TS16_PlayboyTV minor raised alarm.capture.videoblackout liveEncodings/639990a0dd794986b0de2ac84b000083/inputVideo/Video_01 Input video still image Input video still image for service=CS16_TS16_PlayboyTV;inputVideo=Video_01;sdt=CS16_TS16_PlayboyTV 
Feb 23 09:53:14.570407 CS16_TS16_PlayboyTV minor cleared alarm.capture.videoblackout liveEncodings/639990a0dd794986b0de2ac84b000083/inputVideo/Video_01 Input video still image Input video still image for service=CS16_TS16_PlayboyTV;inputVideo=Video_01;sdt=CS16_TS16_PlayboyTV 
Feb 23 10:53:54.068449 CS16_TS16_PlayboyTV minor raised alarm.capture.videoblackout liveEncodings/639990a0dd794986b0de2ac84b000083/inputVideo/Video_01 Input video still image Input video still image for service=CS16_TS16_PlayboyTV;inputVideo=Video_01;sdt=CS16_TS16_PlayboyTV 
Feb 23 10:54:28.269467 CS16_TS16_PlayboyTV minor cleared alarm.capture.videoblackout liveEncodings/639990a0dd794986b0de2ac84b000083/inputVideo/Video_01 Input video still image Input video still image for service=CS16_TS16_PlayboyTV;inputVideo=Video_01;sdt=CS16_TS16_PlayboyTV 
Feb 23 11:28:24.969576 CS16_TS16_PlayboyTV minor raised alarm.capture.videoblackout liveEncodings/639990a0dd794986b0de2ac84b000083/inputVideo/Video_01 Input video still image Input video still image for service=CS16_TS16_PlayboyTV;inputVideo=Video_01;sdt=CS16_TS16_PlayboyTV 
Feb 23 11:28:32.768663 CS16_TS16_PlayboyTV minor cleared alarm.capture.videoblackout liveEncodings/639990a0dd794986b0de2ac84b000083/inputVideo/Video_01 Input video still image Input video still image for service=CS16_TS16_PlayboyTV;inputVideo=Video_01;sdt=CS16_TS16_PlayboyTV 
Feb 23 15:00:47.468610 CS16_TS16_PlayboyTV minor raised alarm.capture.videoblackout liveEncodings/639990a0dd794986b0de2ac84b000083/inputVideo/Video_01 Input video still image Input video still image for service=CS16_TS16_PlayboyTV;inputVideo=Video_01;sdt=CS16_TS16_PlayboyTV 
Feb 23 15:01:09.268632 CS16_TS16_PlayboyTV minor cleared alarm.capture.videoblackout liveEncodings/639990a0dd794986b0de2ac84b000083/inputVideo/Video_01 Input video still image Input video still image for service=CS16_TS16_PlayboyTV;inputVideo=Video_01;sdt=CS16_TS16_PlayboyTV 
Feb 23 15:03:19.769051 CS16_TS16_PlayboyTV minor raised alarm.capture.videoblackout liveEncodings/639990a0dd794986b0de2ac84b000083/inputVideo/Video_01 Input video still image Input video still image for service=CS16_TS16_PlayboyTV;inputVideo=Video_01;sdt=CS16_TS16_PlayboyTV 
Feb 23 15:03:24.868496 CS16_TS16_PlayboyTV minor cleared alarm.capture.videoblackout liveEncodings/639990a0dd794986b0de2ac84b000083/inputVideo/Video_01 Input video still image Input video still image for service=CS16_TS16_PlayboyTV;inputVideo=Video_01;sdt=CS16_TS16_PlayboyTV 
Feb 23 15:15:32.371345 CS16_TS16_PlayboyTV minor raised alarm.capture.videoblackout liveEncodings/639990a0dd794986b0de2ac84b000083/inputVideo/Video_01 Input video still image Input video still image for service=CS16_TS16_PlayboyTV;inputVideo=Video_01;sdt=CS16_TS16_PlayboyTV 
Feb 23 15:15:54.569205 CS16_TS16_PlayboyTV minor cleared alarm.capture.videoblackout liveEncodings/639990a0dd794986b0de2ac84b000083/inputVideo/Video_01 Input video still image Input video still image for service=CS16_TS16_PlayboyTV;inputVideo=Video_01;sdt=CS16_TS16_PlayboyTV 
Feb 23 17:14:49.123088 CS16_TS16_PlayboyTV notice event alarm.automation.lineup.input.status liveEncodings/639990a0dd794986b0de2ac84b000083 Automation input updated status Live input updated with state=updated with status=success for service=CS16_TS16_PlayboyTV;input=TC16_TS11;msg=service settings have changed;sdt=CS16_TS16_PlayboyTV 
Feb 23 17:15:56.231381 CS16_TS16_PlayboyTV notice event alarm.automation.lineup.input.status liveEncodings/639990a0dd794986b0de2ac84b000083 Automation input updated status Live input updated with state=updated with status=success for service=CS16_TS16_PlayboyTV;input=TC16_TS11;msg=service settings have changed;sdt=CS16_TS16_PlayboyTV 
Feb 23 17:15:56.538659 CS16_TS16_PlayboyTV major event alarm.capture.input.switched liveEncodings/639990a0dd794986b0de2ac84b000083/captureIndex/1 Capture source is switched CaptureIndex=1 has Automatic switch from source 0 to source 1 for service=CS16_TS16_PlayboyTV;sdt=CS16_TS16_PlayboyTV 
Feb 23 22:56:07.670457 CS16_TS16_PlayboyTV minor raised alarm.capture.videoblackout liveEncodings/639990a0dd794986b0de2ac84b000083/inputVideo/Video_01 Input video still image Input video still image for service=CS16_TS16_PlayboyTV;inputVideo=Video_01;sdt=CS16_TS16_PlayboyTV 
Feb 23 22:56:22.868519 CS16_TS16_PlayboyTV minor cleared alarm.capture.videoblackout liveEncodings/639990a0dd794986b0de2ac84b000083/inputVideo/Video_01 Input video still image Input video still image for service=CS16_TS16_PlayboyTV;inputVideo=Video_01;sdt=CS16_TS16_PlayboyTV 
Feb 24 07:42:45.769959 CS16_TS16_PlayboyTV minor raised alarm.capture.videoblackout liveEncodings/639990a0dd794986b0de2ac84b000083/inputVideo/Video_01 Input video still image Input video still image for service=CS16_TS16_PlayboyTV;inputVideo=Video_01;sdt=CS16_TS16_PlayboyTV 
Feb 24 07:42:56.670553 CS16_TS16_PlayboyTV minor cleared alarm.capture.videoblackout liveEncodings/639990a0dd794986b0de2ac84b000083/inputVideo/Video_01 Input video still image Input video still image for service=CS16_TS16_PlayboyTV;inputVideo=Video_01;sdt=CS16_TS16_PlayboyTV 
Feb 24 15:42:59.270200 CS16_TS16_PlayboyTV minor raised alarm.capture.videoblackout liveEncodings/639990a0dd794986b0de2ac84b000083/inputVideo/Video_01 Input video still image Input video still image for service=CS16_TS16_PlayboyTV;inputVideo=Video_01;sdt=CS16_TS16_PlayboyTV 
Feb 24 15:43:20.269936 CS16_TS16_PlayboyTV minor cleared alarm.capture.videoblackout liveEncodings/639990a0dd794986b0de2ac84b000083/inputVideo/Video_01 Input video still image Input video still image for service=CS16_TS16_PlayboyTV;inputVideo=Video_01;sdt=CS16_TS16_PlayboyTV 
Feb 24 17:27:30.669763 CS16_TS16_PlayboyTV minor raised alarm.capture.videoblackout liveEncodings/639990a0dd794986b0de2ac84b000083/inputVideo/Video_01 Input video still image Input video still image for service=CS16_TS16_PlayboyTV;inputVideo=Video_01;sdt=CS16_TS16_PlayboyTV 
Feb 24 17:27:56.868712 CS16_TS16_PlayboyTV minor cleared alarm.capture.videoblackout liveEncodings/639990a0dd794986b0de2ac84b000083/inputVideo/Video_01 Input video still image Input video still image for service=CS16_TS16_PlayboyTV;inputVideo=Video_01;sdt=CS16_TS16_PlayboyTV 
Feb 24 23:46:56.170785 CS16_TS16_PlayboyTV minor raised alarm.capture.videoblackout liveEncodings/639990a0dd794986b0de2ac84b000083/inputVideo/Video_01 Input video still image Input video still image for service=CS16_TS16_PlayboyTV;inputVideo=Video_01;sdt=CS16_TS16_PlayboyTV 
Feb 24 23:47:07.169998 CS16_TS16_PlayboyTV minor cleared alarm.capture.videoblackout liveEncodings/639990a0dd794986b0de2ac84b000083/inputVideo/Video_01 Input video still image Input video still image for service=CS16_TS16_PlayboyTV;inputVideo=Video_01;sdt=CS16_TS16_PlayboyTV 
Feb 25 15:07:33.070011 CS16_TS16_PlayboyTV minor raised alarm.capture.videoblackout liveEncodings/639990a0dd794986b0de2ac84b000083/inputVideo/Video_01 Input video still image Input video still image for service=CS16_TS16_PlayboyTV;inputVideo=Video_01;sdt=CS16_TS16_PlayboyTV 
Feb 25 15:08:01.371253 CS16_TS16_PlayboyTV minor cleared alarm.capture.videoblackout liveEncodings/639990a0dd794986b0de2ac84b000083/inputVideo/Video_01 Input video still image Input video still image for service=CS16_TS16_PlayboyTV;inputVideo=Video_01;sdt=CS16_TS16_PlayboyTV 
Feb 26 11:47:06.269554 CS16_TS16_PlayboyTV minor raised alarm.capture.videoblackout liveEncodings/639990a0dd794986b0de2ac84b000083/inputVideo/Video_01 Input video still image Input video still image for service=CS16_TS16_PlayboyTV;inputVideo=Video_01;sdt=CS16_TS16_PlayboyTV 
Feb 26 11:47:17.270937 CS16_TS16_PlayboyTV minor cleared alarm.capture.videoblackout liveEncodings/639990a0dd794986b0de2ac84b000083/inputVideo/Video_01 Input video still image Input video still image for service=CS16_TS16_PlayboyTV;inputVideo=Video_01;sdt=CS16_TS16_PlayboyTV 
Feb 26 17:14:27.369787 CS16_TS16_PlayboyTV minor raised alarm.capture.videoblackout liveEncodings/639990a0dd794986b0de2ac84b000083/inputVideo/Video_01 Input video still image Input video still image for service=CS16_TS16_PlayboyTV;inputVideo=Video_01;sdt=CS16_TS16_PlayboyTV 
Feb 26 17:14:31.970286 CS16_TS16_PlayboyTV minor cleared alarm.capture.videoblackout liveEncodings/639990a0dd794986b0de2ac84b000083/inputVideo/Video_01 Input video still image Input video still image for service=CS16_TS16_PlayboyTV;inputVideo=Video_01;sdt=CS16_TS16_PlayboyTV 
Feb 27 01:33:23.668686 CS16_TS16_PlayboyTV minor raised alarm.capture.videoblackout liveEncodings/639990a0dd794986b0de2ac84b000083/inputVideo/Video_01 Input video still image Input video still image for service=CS16_TS16_PlayboyTV;inputVideo=Video_01;sdt=CS16_TS16_PlayboyTV 
Feb 27 01:33:57.769663 CS16_TS16_PlayboyTV minor cleared alarm.capture.videoblackout liveEncodings/639990a0dd794986b0de2ac84b000083/inputVideo/Video_01 Input video still image Input video still image for service=CS16_TS16_PlayboyTV;inputVideo=Video_01;sdt=CS16_TS16_PlayboyTV 
Feb 27 01:35:22.469026 CS16_TS16_PlayboyTV minor raised alarm.capture.videoblackout liveEncodings/639990a0dd794986b0de2ac84b000083/inputVideo/Video_01 Input video still image Input video still image for service=CS16_TS16_PlayboyTV;inputVideo=Video_01;sdt=CS16_TS16_PlayboyTV 
Feb 27 01:35:51.868717 CS16_TS16_PlayboyTV minor cleared alarm.capture.videoblackout liveEncodings/639990a0dd794986b0de2ac84b000083/inputVideo/Video_01 Input video still image Input video still image for service=CS16_TS16_PlayboyTV;inputVideo=Video_01;sdt=CS16_TS16_PlayboyTV 
Feb 27 02:41:54.668430 CS16_TS16_PlayboyTV minor raised alarm.capture.videoblackout liveEncodings/639990a0dd794986b0de2ac84b000083/inputVideo/Video_01 Input video still image Input video still image for service=CS16_TS16_PlayboyTV;inputVideo=Video_01;sdt=CS16_TS16_PlayboyTV 
Feb 27 02:43:57.468348 CS16_TS16_PlayboyTV minor cleared alarm.capture.videoblackout liveEncodings/639990a0dd794986b0de2ac84b000083/inputVideo/Video_01 Input video still image Input video still image for service=CS16_TS16_PlayboyTV;inputVideo=Video_01;sdt=CS16_TS16_PlayboyTV 
Feb 27 02:46:59.769039 CS16_TS16_PlayboyTV minor raised alarm.capture.videoblackout liveEncodings/639990a0dd794986b0de2ac84b000083/inputVideo/Video_01 Input video still image Input video still image for service=CS16_TS16_PlayboyTV;inputVideo=Video_01;sdt=CS16_TS16_PlayboyTV 
Feb 27 02:47:00.869338 CS16_TS16_PlayboyTV minor cleared alarm.capture.videoblackout liveEncodings/639990a0dd794986b0de2ac84b000083/inputVideo/Video_01 Input video still image Input video still image for service=CS16_TS16_PlayboyTV;inputVideo=Video_01;sdt=CS16_TS16_PlayboyTV 
Feb 27 04:10:49.569311 CS16_TS16_PlayboyTV minor raised alarm.capture.videoblackout liveEncodings/639990a0dd794986b0de2ac84b000083/inputVideo/Video_01 Input video still image Input video still image for service=CS16_TS16_PlayboyTV;inputVideo=Video_01;sdt=CS16_TS16_PlayboyTV 
Feb 27 04:11:07.670531 CS16_TS16_PlayboyTV minor cleared alarm.capture.videoblackout liveEncodings/639990a0dd794986b0de2ac84b000083/inputVideo/Video_01 Input video still image Input video still image for service=CS16_TS16_PlayboyTV;inputVideo=Video_01;sdt=CS16_TS16_PlayboyTV 
Feb 27 10:06:27.081013 CS16_TS16_PlayboyTV critical raised alarm.network.output.loss liveEncodings/639990a0dd794986b0de2ac84b000083/outputs/Output_1/outputNetwork/eth2 Network output failed Interface 'eth2' is down for service=CS16_TS16_PlayboyTV;output=Output_1;sdt=CS16_TS16_PlayboyTV 
Feb 27 10:06:27.295848 CS16_TS16_PlayboyTV notice event alarm.automation.lineup.input.status liveEncodings/639990a0dd794986b0de2ac84b000083 Automation input updated status Live input updated with state=active with status=success for service=CS16_TS16_PlayboyTV;input=TC16_TS11;msg=line up available: start on default service;sdt=CS16_TS16_PlayboyTV 
Feb 27 10:06:27.335988 CS16_TS16_PlayboyTV notice event alarm.encoder.channel.started liveEncodings/639990a0dd794986b0de2ac84b000083 Encoding started Encoding is started for service=CS16_TS16_PlayboyTV;sdt=CS16_TS16_PlayboyTV 
Feb 27 10:06:29.797967 CS16_TS16_PlayboyTV critical cleared alarm.network.output.loss liveEncodings/639990a0dd794986b0de2ac84b000083/outputs/Output_1/outputNetwork/eth2 Network output failed Interface 'eth2' is down for service=CS16_TS16_PlayboyTV;output=Output_1;sdt=CS16_TS16_PlayboyTV 
Feb 27 10:08:14.944014 CS16_TS16_PlayboyTV notice event alarm.encoder.channel.stopped liveEncodings/639990a0dd794986b0de2ac84b000083 Encoding stopped Encoding is stopped for service=CS16_TS16_PlayboyTV;sdt=CS16_TS16_PlayboyTV 
Feb 27 10:08:51.739950 CS16_TS16_PlayboyTV notice event alarm.automation.lineup.input.status liveEncodings/639990a0dd794986b0de2ac84b000083 Automation input updated status Live input updated with state=active with status=success for service=CS16_TS16_PlayboyTV;input=TC16_TS11;msg=line up available: start on default service;sdt=CS16_TS16_PlayboyTV 
Feb 27 10:08:51.749630 CS16_TS16_PlayboyTV notice event alarm.encoder.channel.started liveEncodings/639990a0dd794986b0de2ac84b000083 Encoding started Encoding is started for service=CS16_TS16_PlayboyTV;sdt=CS16_TS16_PlayboyTV 
Feb 28 04:57:29.068091 CS16_TS16_PlayboyTV minor raised alarm.capture.videoblackout liveEncodings/639990a0dd794986b0de2ac84b000083/inputVideo/Video_01 Input video still image Input video still image for service=CS16_TS16_PlayboyTV;inputVideo=Video_01;sdt=CS16_TS16_PlayboyTV 
Feb 28 04:57:36.568702 CS16_TS16_PlayboyTV minor cleared alarm.capture.videoblackout liveEncodings/639990a0dd794986b0de2ac84b000083/inputVideo/Video_01 Input video still image Input video still image for service=CS16_TS16_PlayboyTV;inputVideo=Video_01;sdt=CS16_TS16_PlayboyTV 
Feb 28 10:33:29.768955 CS16_TS16_PlayboyTV minor raised alarm.capture.videoblackout liveEncodings/639990a0dd794986b0de2ac84b000083/inputVideo/Video_01 Input video still image Input video still image for service=CS16_TS16_PlayboyTV;inputVideo=Video_01;sdt=CS16_TS16_PlayboyTV 
Feb 28 10:34:00.967849 CS16_TS16_PlayboyTV minor cleared alarm.capture.videoblackout liveEncodings/639990a0dd794986b0de2ac84b000083/inputVideo/Video_01 Input video still image Input video still image for service=CS16_TS16_PlayboyTV;inputVideo=Video_01;sdt=CS16_TS16_PlayboyTV 
Feb 28 22:51:08.070247 CS16_TS16_PlayboyTV minor raised alarm.capture.videoblackout liveEncodings/639990a0dd794986b0de2ac84b000083/inputVideo/Video_01 Input video still image Input video still image for service=CS16_TS16_PlayboyTV;inputVideo=Video_01;sdt=CS16_TS16_PlayboyTV 
Feb 28 22:51:09.869426 CS16_TS16_PlayboyTV minor cleared alarm.capture.videoblackout liveEncodings/639990a0dd794986b0de2ac84b000083/inputVideo/Video_01 Input video still image Input video still image for service=CS16_TS16_PlayboyTV;inputVideo=Video_01;sdt=CS16_TS16_PlayboyTV 
Feb 28 23:30:09.769033 CS16_TS16_PlayboyTV minor raised alarm.capture.videoblackout liveEncodings/639990a0dd794986b0de2ac84b000083/inputVideo/Video_01 Input video still image Input video still image for service=CS16_TS16_PlayboyTV;inputVideo=Video_01;sdt=CS16_TS16_PlayboyTV 
Feb 28 23:30:54.868635 CS16_TS16_PlayboyTV minor cleared alarm.capture.videoblackout liveEncodings/639990a0dd794986b0de2ac84b000083/inputVideo/Video_01 Input video still image Input video still image for service=CS16_TS16_PlayboyTV;inputVideo=Video_01;sdt=CS16_TS16_PlayboyTV 
Feb 28 23:32:34.767632 CS16_TS16_PlayboyTV minor raised alarm.capture.videoblackout liveEncodings/639990a0dd794986b0de2ac84b000083/inputVideo/Video_01 Input video still image Input video still image for service=CS16_TS16_PlayboyTV;inputVideo=Video_01;sdt=CS16_TS16_PlayboyTV 
Feb 28 23:33:05.369629 CS16_TS16_PlayboyTV minor cleared alarm.capture.videoblackout liveEncodings/639990a0dd794986b0de2ac84b000083/inputVideo/Video_01 Input video still image Input video still image for service=CS16_TS16_PlayboyTV;inputVideo=Video_01;sdt=CS16_TS16_PlayboyTV 
Feb 29 05:25:25.469297 CS16_TS16_PlayboyTV minor raised alarm.capture.videoblackout liveEncodings/639990a0dd794986b0de2ac84b000083/inputVideo/Video_01 Input video still image Input video still image for service=CS16_TS16_PlayboyTV;inputVideo=Video_01;sdt=CS16_TS16_PlayboyTV 
Feb 29 05:25:54.269944 CS16_TS16_PlayboyTV minor cleared alarm.capture.videoblackout liveEncodings/639990a0dd794986b0de2ac84b000083/inputVideo/Video_01 Input video still image Input video still image for service=CS16_TS16_PlayboyTV;inputVideo=Video_01;sdt=CS16_TS16_PlayboyTV 
Feb 29 05:28:57.567923 CS16_TS16_PlayboyTV minor raised alarm.capture.videoblackout liveEncodings/639990a0dd794986b0de2ac84b000083/inputVideo/Video_01 Input video still image Input video still image for service=CS16_TS16_PlayboyTV;inputVideo=Video_01;sdt=CS16_TS16_PlayboyTV 
Feb 29 05:29:17.369450 CS16_TS16_PlayboyTV minor cleared alarm.capture.videoblackout liveEncodings/639990a0dd794986b0de2ac84b000083/inputVideo/Video_01 Input video still image Input video still image for service=CS16_TS16_PlayboyTV;inputVideo=Video_01;sdt=CS16_TS16_PlayboyTV 
Feb 29 06:44:58.467904 CS16_TS16_PlayboyTV minor raised alarm.capture.videoblackout liveEncodings/639990a0dd794986b0de2ac84b000083/inputVideo/Video_01 Input video still image Input video still image for service=CS16_TS16_PlayboyTV;inputVideo=Video_01;sdt=CS16_TS16_PlayboyTV 
Feb 29 06:46:49.868664 CS16_TS16_PlayboyTV minor cleared alarm.capture.videoblackout liveEncodings/639990a0dd794986b0de2ac84b000083/inputVideo/Video_01 Input video still image Input video still image for service=CS16_TS16_PlayboyTV;inputVideo=Video_01;sdt=CS16_TS16_PlayboyTV 
Feb 29 08:11:54.368738 CS16_TS16_PlayboyTV minor raised alarm.capture.videoblackout liveEncodings/639990a0dd794986b0de2ac84b000083/inputVideo/Video_01 Input video still image Input video still image for service=CS16_TS16_PlayboyTV;inputVideo=Video_01;sdt=CS16_TS16_PlayboyTV 
Feb 29 08:12:10.467955 CS16_TS16_PlayboyTV minor cleared alarm.capture.videoblackout liveEncodings/639990a0dd794986b0de2ac84b000083/inputVideo/Video_01 Input video still image Input video still image for service=CS16_TS16_PlayboyTV;inputVideo=Video_01;sdt=CS16_TS16_PlayboyTV 
Feb 29 08:48:11.468830 CS16_TS16_PlayboyTV minor raised alarm.capture.videoblackout liveEncodings/639990a0dd794986b0de2ac84b000083/inputVideo/Video_01 Input video still image Input video still image for service=CS16_TS16_PlayboyTV;inputVideo=Video_01;sdt=CS16_TS16_PlayboyTV 
Feb 29 08:48:28.067920 CS16_TS16_PlayboyTV minor cleared alarm.capture.videoblackout liveEncodings/639990a0dd794986b0de2ac84b000083/inputVideo/Video_01 Input video still image Input video still image for service=CS16_TS16_PlayboyTV;inputVideo=Video_01;sdt=CS16_TS16_PlayboyTV 
Feb 29 23:16:54.868893 CS16_TS16_PlayboyTV minor raised alarm.capture.videoblackout liveEncodings/639990a0dd794986b0de2ac84b000083/inputVideo/Video_01 Input video still image Input video still image for service=CS16_TS16_PlayboyTV;inputVideo=Video_01;sdt=CS16_TS16_PlayboyTV 
Feb 29 23:17:37.567938 CS16_TS16_PlayboyTV minor cleared alarm.capture.videoblackout liveEncodings/639990a0dd794986b0de2ac84b000083/inputVideo/Video_01 Input video still image Input video still image for service=CS16_TS16_PlayboyTV;inputVideo=Video_01;sdt=CS16_TS16_PlayboyTV 
Feb 29 23:25:40.067682 CS16_TS16_PlayboyTV minor raised alarm.capture.videoblackout liveEncodings/639990a0dd794986b0de2ac84b000083/inputVideo/Video_01 Input video still image Input video still image for service=CS16_TS16_PlayboyTV;inputVideo=Video_01;sdt=CS16_TS16_PlayboyTV 
Feb 29 23:25:50.569402 CS16_TS16_PlayboyTV minor cleared alarm.capture.videoblackout liveEncodings/639990a0dd794986b0de2ac84b000083/inputVideo/Video_01 Input video still image Input video still image for service=CS16_TS16_PlayboyTV;inputVideo=Video_01;sdt=CS16_TS16_PlayboyTV 
Mar  1 02:56:43.867813 CS16_TS16_PlayboyTV minor raised alarm.capture.videoblackout liveEncodings/639990a0dd794986b0de2ac84b000083/inputVideo/Video_01 Input video still image Input video still image for service=CS16_TS16_PlayboyTV;inputVideo=Video_01;sdt=CS16_TS16_PlayboyTV 
Mar  1 02:57:36.967690 CS16_TS16_PlayboyTV minor cleared alarm.capture.videoblackout liveEncodings/639990a0dd794986b0de2ac84b000083/inputVideo/Video_01 Input video still image Input video still image for service=CS16_TS16_PlayboyTV;inputVideo=Video_01;sdt=CS16_TS16_PlayboyTV 
Mar  1 03:10:40.768857 CS16_TS16_PlayboyTV minor raised alarm.capture.videoblackout liveEncodings/639990a0dd794986b0de2ac84b000083/inputVideo/Video_01 Input video still image Input video still image for service=CS16_TS16_PlayboyTV;inputVideo=Video_01;sdt=CS16_TS16_PlayboyTV 
Mar  1 03:10:50.567813 CS16_TS16_PlayboyTV minor cleared alarm.capture.videoblackout liveEncodings/639990a0dd794986b0de2ac84b000083/inputVideo/Video_01 Input video still image Input video still image for service=CS16_TS16_PlayboyTV;inputVideo=Video_01;sdt=CS16_TS16_PlayboyTV 
Mar  1 11:30:51.867939 CS16_TS16_PlayboyTV minor raised alarm.capture.videoblackout liveEncodings/639990a0dd794986b0de2ac84b000083/inputVideo/Video_01 Input video still image Input video still image for service=CS16_TS16_PlayboyTV;inputVideo=Video_01;sdt=CS16_TS16_PlayboyTV 
Mar  1 11:31:36.967814 CS16_TS16_PlayboyTV minor cleared alarm.capture.videoblackout liveEncodings/639990a0dd794986b0de2ac84b000083/inputVideo/Video_01 Input video still image Input video still image for service=CS16_TS16_PlayboyTV;inputVideo=Video_01;sdt=CS16_TS16_PlayboyTV 
Mar  1 11:33:16.769843 CS16_TS16_PlayboyTV minor raised alarm.capture.videoblackout liveEncodings/639990a0dd794986b0de2ac84b000083/inputVideo/Video_01 Input video still image Input video still image for service=CS16_TS16_PlayboyTV;inputVideo=Video_01;sdt=CS16_TS16_PlayboyTV 
Mar  1 11:33:47.467976 CS16_TS16_PlayboyTV minor cleared alarm.capture.videoblackout liveEncodings/639990a0dd794986b0de2ac84b000083/inputVideo/Video_01 Input video still image Input video still image for service=CS16_TS16_PlayboyTV;inputVideo=Video_01;sdt=CS16_TS16_PlayboyTV 
Mar  1 13:10:54.769048 CS16_TS16_PlayboyTV minor raised alarm.capture.videoblackout liveEncodings/639990a0dd794986b0de2ac84b000083/inputVideo/Video_01 Input video still image Input video still image for service=CS16_TS16_PlayboyTV;inputVideo=Video_01;sdt=CS16_TS16_PlayboyTV 
Mar  1 13:11:19.170009 CS16_TS16_PlayboyTV minor cleared alarm.capture.videoblackout liveEncodings/639990a0dd794986b0de2ac84b000083/inputVideo/Video_01 Input video still image Input video still image for service=CS16_TS16_PlayboyTV;inputVideo=Video_01;sdt=CS16_TS16_PlayboyTV 
Mar  2 12:06:03.169490 CS16_TS16_PlayboyTV minor raised alarm.capture.videoblackout liveEncodings/639990a0dd794986b0de2ac84b000083/inputVideo/Video_01 Input video still image Input video still image for service=CS16_TS16_PlayboyTV;inputVideo=Video_01;sdt=CS16_TS16_PlayboyTV 
Mar  2 12:06:53.270029 CS16_TS16_PlayboyTV minor cleared alarm.capture.videoblackout liveEncodings/639990a0dd794986b0de2ac84b000083/inputVideo/Video_01 Input video still image Input video still image for service=CS16_TS16_PlayboyTV;inputVideo=Video_01;sdt=CS16_TS16_PlayboyTV 
Mar  2 17:28:53.669249 CS16_TS16_PlayboyTV minor raised alarm.capture.videoblackout liveEncodings/639990a0dd794986b0de2ac84b000083/inputVideo/Video_01 Input video still image Input video still image for service=CS16_TS16_PlayboyTV;inputVideo=Video_01;sdt=CS16_TS16_PlayboyTV 
Mar  2 17:29:20.770313 CS16_TS16_PlayboyTV minor cleared alarm.capture.videoblackout liveEncodings/639990a0dd794986b0de2ac84b000083/inputVideo/Video_01 Input video still image Input video still image for service=CS16_TS16_PlayboyTV;inputVideo=Video_01;sdt=CS16_TS16_PlayboyTV 
Mar  2 22:58:31.368439 CS16_TS16_PlayboyTV minor raised alarm.capture.videoblackout liveEncodings/639990a0dd794986b0de2ac84b000083/inputVideo/Video_01 Input video still image Input video still image for service=CS16_TS16_PlayboyTV;inputVideo=Video_01;sdt=CS16_TS16_PlayboyTV 
Mar  2 22:58:33.467821 CS16_TS16_PlayboyTV minor cleared alarm.capture.videoblackout liveEncodings/639990a0dd794986b0de2ac84b000083/inputVideo/Video_01 Input video still image Input video still image for service=CS16_TS16_PlayboyTV;inputVideo=Video_01;sdt=CS16_TS16_PlayboyTV 
Mar  2 22:59:33.470518 CS16_TS16_PlayboyTV minor raised alarm.capture.videoblackout liveEncodings/639990a0dd794986b0de2ac84b000083/inputVideo/Video_01 Input video still image Input video still image for service=CS16_TS16_PlayboyTV;inputVideo=Video_01;sdt=CS16_TS16_PlayboyTV 
Mar  2 22:59:35.369450 CS16_TS16_PlayboyTV minor cleared alarm.capture.videoblackout liveEncodings/639990a0dd794986b0de2ac84b000083/inputVideo/Video_01 Input video still image Input video still image for service=CS16_TS16_PlayboyTV;inputVideo=Video_01;sdt=CS16_TS16_PlayboyTV 
Mar  4 05:46:43.268862 CS16_TS16_PlayboyTV minor raised alarm.capture.videoblackout liveEncodings/639990a0dd794986b0de2ac84b000083/inputVideo/Video_01 Input video still image Input video still image for service=CS16_TS16_PlayboyTV;inputVideo=Video_01;sdt=CS16_TS16_PlayboyTV 
Mar  4 05:46:43.469388 CS16_TS16_PlayboyTV minor cleared alarm.capture.videoblackout liveEncodings/639990a0dd794986b0de2ac84b000083/inputVideo/Video_01 Input video still image Input video still image for service=CS16_TS16_PlayboyTV;inputVideo=Video_01;sdt=CS16_TS16_PlayboyTV 
Mar  4 10:58:03.367986 CS16_TS16_PlayboyTV minor raised alarm.capture.videoblackout liveEncodings/639990a0dd794986b0de2ac84b000083/inputVideo/Video_01 Input video still image Input video still image for service=CS16_TS16_PlayboyTV;inputVideo=Video_01;sdt=CS16_TS16_PlayboyTV 
Mar  4 10:58:05.369927 CS16_TS16_PlayboyTV minor cleared alarm.capture.videoblackout liveEncodings/639990a0dd794986b0de2ac84b000083/inputVideo/Video_01 Input video still image Input video still image for service=CS16_TS16_PlayboyTV;inputVideo=Video_01;sdt=CS16_TS16_PlayboyTV 
Mar  4 10:59:05.468982 CS16_TS16_PlayboyTV minor raised alarm.capture.videoblackout liveEncodings/639990a0dd794986b0de2ac84b000083/inputVideo/Video_01 Input video still image Input video still image for service=CS16_TS16_PlayboyTV;inputVideo=Video_01;sdt=CS16_TS16_PlayboyTV 
Mar  4 10:59:07.368745 CS16_TS16_PlayboyTV minor cleared alarm.capture.videoblackout liveEncodings/639990a0dd794986b0de2ac84b000083/inputVideo/Video_01 Input video still image Input video still image for service=CS16_TS16_PlayboyTV;inputVideo=Video_01;sdt=CS16_TS16_PlayboyTV 
Mar  4 14:44:03.068099 CS16_TS16_PlayboyTV minor raised alarm.capture.videoblackout liveEncodings/639990a0dd794986b0de2ac84b000083/inputVideo/Video_01 Input video still image Input video still image for service=CS16_TS16_PlayboyTV;inputVideo=Video_01;sdt=CS16_TS16_PlayboyTV 
Mar  4 14:45:18.370077 CS16_TS16_PlayboyTV minor cleared alarm.capture.videoblackout liveEncodings/639990a0dd794986b0de2ac84b000083/inputVideo/Video_01 Input video still image Input video still image for service=CS16_TS16_PlayboyTV;inputVideo=Video_01;sdt=CS16_TS16_PlayboyTV 
Mar  4 14:47:45.867993 CS16_TS16_PlayboyTV minor raised alarm.capture.videoblackout liveEncodings/639990a0dd794986b0de2ac84b000083/inputVideo/Video_01 Input video still image Input video still image for service=CS16_TS16_PlayboyTV;inputVideo=Video_01;sdt=CS16_TS16_PlayboyTV 
Mar  4 14:47:54.468754 CS16_TS16_PlayboyTV minor cleared alarm.capture.videoblackout liveEncodings/639990a0dd794986b0de2ac84b000083/inputVideo/Video_01 Input video still image Input video still image for service=CS16_TS16_PlayboyTV;inputVideo=Video_01;sdt=CS16_TS16_PlayboyTV 
Mar  4 17:24:52.670227 CS16_TS16_PlayboyTV minor raised alarm.capture.videoblackout liveEncodings/639990a0dd794986b0de2ac84b000083/inputVideo/Video_01 Input video still image Input video still image for service=CS16_TS16_PlayboyTV;inputVideo=Video_01;sdt=CS16_TS16_PlayboyTV 
Mar  4 17:25:07.769553 CS16_TS16_PlayboyTV minor cleared alarm.capture.videoblackout liveEncodings/639990a0dd794986b0de2ac84b000083/inputVideo/Video_01 Input video still image Input video still image for service=CS16_TS16_PlayboyTV;inputVideo=Video_01;sdt=CS16_TS16_PlayboyTV 
Mar  4 23:48:39.367765 CS16_TS16_PlayboyTV minor raised alarm.capture.videoblackout liveEncodings/639990a0dd794986b0de2ac84b000083/inputVideo/Video_01 Input video still image Input video still image for service=CS16_TS16_PlayboyTV;inputVideo=Video_01;sdt=CS16_TS16_PlayboyTV 
Mar  4 23:48:45.467906 CS16_TS16_PlayboyTV minor cleared alarm.capture.videoblackout liveEncodings/639990a0dd794986b0de2ac84b000083/inputVideo/Video_01 Input video still image Input video still image for service=CS16_TS16_PlayboyTV;inputVideo=Video_01;sdt=CS16_TS16_PlayboyTV 
Mar  5 07:54:53.569936 CS16_TS16_PlayboyTV minor raised alarm.capture.videoblackout liveEncodings/639990a0dd794986b0de2ac84b000083/inputVideo/Video_01 Input video still image Input video still image for service=CS16_TS16_PlayboyTV;inputVideo=Video_01;sdt=CS16_TS16_PlayboyTV 
Mar  5 07:55:31.669123 CS16_TS16_PlayboyTV minor cleared alarm.capture.videoblackout liveEncodings/639990a0dd794986b0de2ac84b000083/inputVideo/Video_01 Input video still image Input video still image for service=CS16_TS16_PlayboyTV;inputVideo=Video_01;sdt=CS16_TS16_PlayboyTV 
Mar  5 07:58:49.367939 CS16_TS16_PlayboyTV minor raised alarm.capture.videoblackout liveEncodings/639990a0dd794986b0de2ac84b000083/inputVideo/Video_01 Input video still image Input video still image for service=CS16_TS16_PlayboyTV;inputVideo=Video_01;sdt=CS16_TS16_PlayboyTV 
Mar  5 07:58:50.269799 CS16_TS16_PlayboyTV minor cleared alarm.capture.videoblackout liveEncodings/639990a0dd794986b0de2ac84b000083/inputVideo/Video_01 Input video still image Input video still image for service=CS16_TS16_PlayboyTV;inputVideo=Video_01;sdt=CS16_TS16_PlayboyTV 
Mar  5 15:27:34.368639 CS16_TS16_PlayboyTV minor raised alarm.capture.videoblackout liveEncodings/639990a0dd794986b0de2ac84b000083/inputVideo/Video_01 Input video still image Input video still image for service=CS16_TS16_PlayboyTV;inputVideo=Video_01;sdt=CS16_TS16_PlayboyTV 
Mar  5 15:27:40.668987 CS16_TS16_PlayboyTV minor cleared alarm.capture.videoblackout liveEncodings/639990a0dd794986b0de2ac84b000083/inputVideo/Video_01 Input video still image Input video still image for service=CS16_TS16_PlayboyTV;inputVideo=Video_01;sdt=CS16_TS16_PlayboyTV 
Mar  5 23:20:26.269000 CS16_TS16_PlayboyTV minor raised alarm.capture.videoblackout liveEncodings/639990a0dd794986b0de2ac84b000083/inputVideo/Video_01 Input video still image Input video still image for service=CS16_TS16_PlayboyTV;inputVideo=Video_01;sdt=CS16_TS16_PlayboyTV 
Mar  5 23:20:40.469805 CS16_TS16_PlayboyTV minor cleared alarm.capture.videoblackout liveEncodings/639990a0dd794986b0de2ac84b000083/inputVideo/Video_01 Input video still image Input video still image for service=CS16_TS16_PlayboyTV;inputVideo=Video_01;sdt=CS16_TS16_PlayboyTV 
Mar  5 23:42:44.469432 CS16_TS16_PlayboyTV minor raised alarm.capture.videoblackout liveEncodings/639990a0dd794986b0de2ac84b000083/inputVideo/Video_01 Input video still image Input video still image for service=CS16_TS16_PlayboyTV;inputVideo=Video_01;sdt=CS16_TS16_PlayboyTV 
Mar  5 23:42:53.867860 CS16_TS16_PlayboyTV minor cleared alarm.capture.videoblackout liveEncodings/639990a0dd794986b0de2ac84b000083/inputVideo/Video_01 Input video still image Input video still image for service=CS16_TS16_PlayboyTV;inputVideo=Video_01;sdt=CS16_TS16_PlayboyTV 
Mar  5 23:44:31.667787 CS16_TS16_PlayboyTV minor raised alarm.capture.videoblackout liveEncodings/639990a0dd794986b0de2ac84b000083/inputVideo/Video_01 Input video still image Input video still image for service=CS16_TS16_PlayboyTV;inputVideo=Video_01;sdt=CS16_TS16_PlayboyTV 
Mar  5 23:44:35.668837 CS16_TS16_PlayboyTV minor cleared alarm.capture.videoblackout liveEncodings/639990a0dd794986b0de2ac84b000083/inputVideo/Video_01 Input video still image Input video still image for service=CS16_TS16_PlayboyTV;inputVideo=Video_01;sdt=CS16_TS16_PlayboyTV 
Mar  5 23:45:36.669048 CS16_TS16_PlayboyTV minor raised alarm.capture.videoblackout liveEncodings/639990a0dd794986b0de2ac84b000083/inputVideo/Video_01 Input video still image Input video still image for service=CS16_TS16_PlayboyTV;inputVideo=Video_01;sdt=CS16_TS16_PlayboyTV 
Mar  5 23:46:34.069491 CS16_TS16_PlayboyTV minor cleared alarm.capture.videoblackout liveEncodings/639990a0dd794986b0de2ac84b000083/inputVideo/Video_01 Input video still image Input video still image for service=CS16_TS16_PlayboyTV;inputVideo=Video_01;sdt=CS16_TS16_PlayboyTV 
Mar  6 03:46:50.969087 CS16_TS16_PlayboyTV minor raised alarm.capture.videoblackout liveEncodings/639990a0dd794986b0de2ac84b000083/inputVideo/Video_01 Input video still image Input video still image for service=CS16_TS16_PlayboyTV;inputVideo=Video_01;sdt=CS16_TS16_PlayboyTV 
Mar  6 03:46:59.367902 CS16_TS16_PlayboyTV minor cleared alarm.capture.videoblackout liveEncodings/639990a0dd794986b0de2ac84b000083/inputVideo/Video_01 Input video still image Input video still image for service=CS16_TS16_PlayboyTV;inputVideo=Video_01;sdt=CS16_TS16_PlayboyTV 
Mar  6 04:04:11.169229 CS16_TS16_PlayboyTV minor raised alarm.capture.videoblackout liveEncodings/639990a0dd794986b0de2ac84b000083/inputVideo/Video_01 Input video still image Input video still image for service=CS16_TS16_PlayboyTV;inputVideo=Video_01;sdt=CS16_TS16_PlayboyTV 
Mar  6 04:04:50.868605 CS16_TS16_PlayboyTV minor cleared alarm.capture.videoblackout liveEncodings/639990a0dd794986b0de2ac84b000083/inputVideo/Video_01 Input video still image Input video still image for service=CS16_TS16_PlayboyTV;inputVideo=Video_01;sdt=CS16_TS16_PlayboyTV 
Mar  6 04:08:05.370054 CS16_TS16_PlayboyTV minor raised alarm.capture.videoblackout liveEncodings/639990a0dd794986b0de2ac84b000083/inputVideo/Video_01 Input video still image Input video still image for service=CS16_TS16_PlayboyTV;inputVideo=Video_01;sdt=CS16_TS16_PlayboyTV 
Mar  6 04:08:15.469546 CS16_TS16_PlayboyTV minor cleared alarm.capture.videoblackout liveEncodings/639990a0dd794986b0de2ac84b000083/inputVideo/Video_01 Input video still image Input video still image for service=CS16_TS16_PlayboyTV;inputVideo=Video_01;sdt=CS16_TS16_PlayboyTV 
Mar  6 11:48:30.369048 CS16_TS16_PlayboyTV minor raised alarm.capture.videoblackout liveEncodings/639990a0dd794986b0de2ac84b000083/inputVideo/Video_01 Input video still image Input video still image for service=CS16_TS16_PlayboyTV;inputVideo=Video_01;sdt=CS16_TS16_PlayboyTV 
Mar  6 11:48:36.469064 CS16_TS16_PlayboyTV minor cleared alarm.capture.videoblackout liveEncodings/639990a0dd794986b0de2ac84b000083/inputVideo/Video_01 Input video still image Input video still image for service=CS16_TS16_PlayboyTV;inputVideo=Video_01;sdt=CS16_TS16_PlayboyTV 
Mar  7 05:29:47.669380 CS16_TS16_PlayboyTV minor raised alarm.capture.videoblackout liveEncodings/639990a0dd794986b0de2ac84b000083/inputVideo/Video_01 Input video still image Input video still image for service=CS16_TS16_PlayboyTV;inputVideo=Video_01;sdt=CS16_TS16_PlayboyTV 
Mar  7 05:29:57.967814 CS16_TS16_PlayboyTV minor cleared alarm.capture.videoblackout liveEncodings/639990a0dd794986b0de2ac84b000083/inputVideo/Video_01 Input video still image Input video still image for service=CS16_TS16_PlayboyTV;inputVideo=Video_01;sdt=CS16_TS16_PlayboyTV 
Mar  7 13:32:28.169452 CS16_TS16_PlayboyTV minor raised alarm.capture.videoblackout liveEncodings/639990a0dd794986b0de2ac84b000083/inputVideo/Video_01 Input video still image Input video still image for service=CS16_TS16_PlayboyTV;inputVideo=Video_01;sdt=CS16_TS16_PlayboyTV 
Mar  7 13:32:30.667979 CS16_TS16_PlayboyTV minor cleared alarm.capture.videoblackout liveEncodings/639990a0dd794986b0de2ac84b000083/inputVideo/Video_01 Input video still image Input video still image for service=CS16_TS16_PlayboyTV;inputVideo=Video_01;sdt=CS16_TS16_PlayboyTV 
Mar  7 22:56:00.470417 CS16_TS16_PlayboyTV minor raised alarm.capture.videoblackout liveEncodings/639990a0dd794986b0de2ac84b000083/inputVideo/Video_01 Input video still image Input video still image for service=CS16_TS16_PlayboyTV;inputVideo=Video_01;sdt=CS16_TS16_PlayboyTV 
Mar  7 22:56:01.869461 CS16_TS16_PlayboyTV minor cleared alarm.capture.videoblackout liveEncodings/639990a0dd794986b0de2ac84b000083/inputVideo/Video_01 Input video still image Input video still image for service=CS16_TS16_PlayboyTV;inputVideo=Video_01;sdt=CS16_TS16_PlayboyTV 
Mar  8 01:19:18.568786 CS16_TS16_PlayboyTV minor raised alarm.capture.videoblackout liveEncodings/639990a0dd794986b0de2ac84b000083/inputVideo/Video_01 Input video still image Input video still image for service=CS16_TS16_PlayboyTV;inputVideo=Video_01;sdt=CS16_TS16_PlayboyTV 
Mar  8 01:19:40.267614 CS16_TS16_PlayboyTV minor cleared alarm.capture.videoblackout liveEncodings/639990a0dd794986b0de2ac84b000083/inputVideo/Video_01 Input video still image Input video still image for service=CS16_TS16_PlayboyTV;inputVideo=Video_01;sdt=CS16_TS16_PlayboyTV 
Mar  8 01:22:51.569408 CS16_TS16_PlayboyTV minor raised alarm.capture.videoblackout liveEncodings/639990a0dd794986b0de2ac84b000083/inputVideo/Video_01 Input video still image Input video still image for service=CS16_TS16_PlayboyTV;inputVideo=Video_01;sdt=CS16_TS16_PlayboyTV 
Mar  8 01:23:00.869551 CS16_TS16_PlayboyTV minor cleared alarm.capture.videoblackout liveEncodings/639990a0dd794986b0de2ac84b000083/inputVideo/Video_01 Input video still image Input video still image for service=CS16_TS16_PlayboyTV;inputVideo=Video_01;sdt=CS16_TS16_PlayboyTV 
Mar  8 15:21:09.767739 CS16_TS16_PlayboyTV minor raised alarm.capture.videoblackout liveEncodings/639990a0dd794986b0de2ac84b000083/inputVideo/Video_01 Input video still image Input video still image for service=CS16_TS16_PlayboyTV;inputVideo=Video_01;sdt=CS16_TS16_PlayboyTV 
Mar  8 15:21:14.669706 CS16_TS16_PlayboyTV minor cleared alarm.capture.videoblackout liveEncodings/639990a0dd794986b0de2ac84b000083/inputVideo/Video_01 Input video still image Input video still image for service=CS16_TS16_PlayboyTV;inputVideo=Video_01;sdt=CS16_TS16_PlayboyTV 
Mar  9 01:14:41.567996 CS16_TS16_PlayboyTV minor raised alarm.capture.videoblackout liveEncodings/639990a0dd794986b0de2ac84b000083/inputVideo/Video_01 Input video still image Input video still image for service=CS16_TS16_PlayboyTV;inputVideo=Video_01;sdt=CS16_TS16_PlayboyTV 
Mar  9 01:14:45.068942 CS16_TS16_PlayboyTV minor cleared alarm.capture.videoblackout liveEncodings/639990a0dd794986b0de2ac84b000083/inputVideo/Video_01 Input video still image Input video still image for service=CS16_TS16_PlayboyTV;inputVideo=Video_01;sdt=CS16_TS16_PlayboyTV 
Mar  9 22:29:25.969699 CS16_TS16_PlayboyTV minor raised alarm.capture.videoblackout liveEncodings/639990a0dd794986b0de2ac84b000083/inputVideo/Video_01 Input video still image Input video still image for service=CS16_TS16_PlayboyTV;inputVideo=Video_01;sdt=CS16_TS16_PlayboyTV 
Mar  9 22:30:15.269364 CS16_TS16_PlayboyTV minor cleared alarm.capture.videoblackout liveEncodings/639990a0dd794986b0de2ac84b000083/inputVideo/Video_01 Input video still image Input video still image for service=CS16_TS16_PlayboyTV;inputVideo=Video_01;sdt=CS16_TS16_PlayboyTV 
Mar 11 04:15:30.469360 CS16_TS16_PlayboyTV minor raised alarm.capture.videoblackout liveEncodings/639990a0dd794986b0de2ac84b000083/inputVideo/Video_01 Input video still image Input video still image for service=CS16_TS16_PlayboyTV;inputVideo=Video_01;sdt=CS16_TS16_PlayboyTV 
Mar 11 04:16:03.568643 CS16_TS16_PlayboyTV minor cleared alarm.capture.videoblackout liveEncodings/639990a0dd794986b0de2ac84b000083/inputVideo/Video_01 Input video still image Input video still image for service=CS16_TS16_PlayboyTV;inputVideo=Video_01;sdt=CS16_TS16_PlayboyTV 
Mar 11 10:29:16.068193 CS16_TS16_PlayboyTV minor raised alarm.capture.videoblackout liveEncodings/639990a0dd794986b0de2ac84b000083/inputVideo/Video_01 Input video still image Input video still image for service=CS16_TS16_PlayboyTV;inputVideo=Video_01;sdt=CS16_TS16_PlayboyTV 
Mar 11 10:30:05.368669 CS16_TS16_PlayboyTV minor cleared alarm.capture.videoblackout liveEncodings/639990a0dd794986b0de2ac84b000083/inputVideo/Video_01 Input video still image Input video still image for service=CS16_TS16_PlayboyTV;inputVideo=Video_01;sdt=CS16_TS16_PlayboyTV 
Mar 12 07:05:41.469047 CS16_TS16_PlayboyTV minor raised alarm.capture.videoblackout liveEncodings/639990a0dd794986b0de2ac84b000083/inputVideo/Video_01 Input video still image Input video still image for service=CS16_TS16_PlayboyTV;inputVideo=Video_01;sdt=CS16_TS16_PlayboyTV 
Mar 12 07:05:59.267732 CS16_TS16_PlayboyTV minor cleared alarm.capture.videoblackout liveEncodings/639990a0dd794986b0de2ac84b000083/inputVideo/Video_01 Input video still image Input video still image for service=CS16_TS16_PlayboyTV;inputVideo=Video_01;sdt=CS16_TS16_PlayboyTV 
Mar 12 13:00:50.568174 CS16_TS16_PlayboyTV minor raised alarm.capture.videoblackout liveEncodings/639990a0dd794986b0de2ac84b000083/inputVideo/Video_01 Input video still image Input video still image for service=CS16_TS16_PlayboyTV;inputVideo=Video_01;sdt=CS16_TS16_PlayboyTV 
Mar 12 13:00:55.069830 CS16_TS16_PlayboyTV minor cleared alarm.capture.videoblackout liveEncodings/639990a0dd794986b0de2ac84b000083/inputVideo/Video_01 Input video still image Input video still image for service=CS16_TS16_PlayboyTV;inputVideo=Video_01;sdt=CS16_TS16_PlayboyTV 
Mar 13 01:39:36.569450 CS16_TS16_PlayboyTV minor raised alarm.capture.videoblackout liveEncodings/639990a0dd794986b0de2ac84b000083/inputVideo/Video_01 Input video still image Input video still image for service=CS16_TS16_PlayboyTV;inputVideo=Video_01;sdt=CS16_TS16_PlayboyTV 
Mar 13 01:39:45.667755 CS16_TS16_PlayboyTV minor cleared alarm.capture.videoblackout liveEncodings/639990a0dd794986b0de2ac84b000083/inputVideo/Video_01 Input video still image Input video still image for service=CS16_TS16_PlayboyTV;inputVideo=Video_01;sdt=CS16_TS16_PlayboyTV 
Mar 13 02:26:30.168279 CS16_TS16_PlayboyTV minor raised alarm.capture.videoblackout liveEncodings/639990a0dd794986b0de2ac84b000083/inputVideo/Video_01 Input video still image Input video still image for service=CS16_TS16_PlayboyTV;inputVideo=Video_01;sdt=CS16_TS16_PlayboyTV 
Mar 13 02:26:31.367809 CS16_TS16_PlayboyTV minor cleared alarm.capture.videoblackout liveEncodings/639990a0dd794986b0de2ac84b000083/inputVideo/Video_01 Input video still image Input video still image for service=CS16_TS16_PlayboyTV;inputVideo=Video_01;sdt=CS16_TS16_PlayboyTV 
Mar 13 10:36:42.845177 CS16_TS16_PlayboyTV notice event alarm.automation.lineup.input.status liveEncodings/639990a0dd794986b0de2ac84b000083 Automation input updated status Live input updated with state=updated with status=success for service=CS16_TS16_PlayboyTV;input=TC16_TS11;msg=service settings have changed;sdt=CS16_TS16_PlayboyTV 
Mar 13 10:36:43.560386 CS16_TS16_PlayboyTV major event alarm.capture.input.switched liveEncodings/639990a0dd794986b0de2ac84b000083/captureIndex/1 Capture source is switched CaptureIndex=1 has Automatic switch from source 0 to source 1 for service=CS16_TS16_PlayboyTV;sdt=CS16_TS16_PlayboyTV 
Mar 13 12:58:45.867982 CS16_TS16_PlayboyTV minor raised alarm.capture.videoblackout liveEncodings/639990a0dd794986b0de2ac84b000083/inputVideo/Video_01 Input video still image Input video still image for service=CS16_TS16_PlayboyTV;inputVideo=Video_01;sdt=CS16_TS16_PlayboyTV 
Mar 13 12:59:22.270055 CS16_TS16_PlayboyTV minor cleared alarm.capture.videoblackout liveEncodings/639990a0dd794986b0de2ac84b000083/inputVideo/Video_01 Input video still image Input video still image for service=CS16_TS16_PlayboyTV;inputVideo=Video_01;sdt=CS16_TS16_PlayboyTV 
Mar 13 13:33:49.869071 CS16_TS16_PlayboyTV minor raised alarm.capture.videoblackout liveEncodings/639990a0dd794986b0de2ac84b000083/inputVideo/Video_01 Input video still image Input video still image for service=CS16_TS16_PlayboyTV;inputVideo=Video_01;sdt=CS16_TS16_PlayboyTV 
Mar 13 13:33:54.069801 CS16_TS16_PlayboyTV minor cleared alarm.capture.videoblackout liveEncodings/639990a0dd794986b0de2ac84b000083/inputVideo/Video_01 Input video still image Input video still image for service=CS16_TS16_PlayboyTV;inputVideo=Video_01;sdt=CS16_TS16_PlayboyTV 
Mar 14 08:22:52.167661 CS16_TS16_PlayboyTV minor raised alarm.capture.videoblackout liveEncodings/639990a0dd794986b0de2ac84b000083/inputVideo/Video_01 Input video still image Input video still image for service=CS16_TS16_PlayboyTV;inputVideo=Video_01;sdt=CS16_TS16_PlayboyTV 
Mar 14 08:23:07.570011 CS16_TS16_PlayboyTV minor cleared alarm.capture.videoblackout liveEncodings/639990a0dd794986b0de2ac84b000083/inputVideo/Video_01 Input video still image Input video still image for service=CS16_TS16_PlayboyTV;inputVideo=Video_01;sdt=CS16_TS16_PlayboyTV 
Mar 14 11:13:36.069756 CS16_TS16_PlayboyTV minor raised alarm.capture.videoblackout liveEncodings/639990a0dd794986b0de2ac84b000083/inputVideo/Video_01 Input video still image Input video still image for service=CS16_TS16_PlayboyTV;inputVideo=Video_01;sdt=CS16_TS16_PlayboyTV 
Mar 14 11:14:12.468955 CS16_TS16_PlayboyTV minor cleared alarm.capture.videoblackout liveEncodings/639990a0dd794986b0de2ac84b000083/inputVideo/Video_01 Input video still image Input video still image for service=CS16_TS16_PlayboyTV;inputVideo=Video_01;sdt=CS16_TS16_PlayboyTV 
Mar 14 22:04:23.268637 CS16_TS16_PlayboyTV minor raised alarm.capture.videoblackout liveEncodings/639990a0dd794986b0de2ac84b000083/inputVideo/Video_01 Input video still image Input video still image for service=CS16_TS16_PlayboyTV;inputVideo=Video_01;sdt=CS16_TS16_PlayboyTV 
Mar 14 22:04:25.767594 CS16_TS16_PlayboyTV minor cleared alarm.capture.videoblackout liveEncodings/639990a0dd794986b0de2ac84b000083/inputVideo/Video_01 Input video still image Input video still image for service=CS16_TS16_PlayboyTV;inputVideo=Video_01;sdt=CS16_TS16_PlayboyTV 
Mar 14 22:30:39.767883 CS16_TS16_PlayboyTV minor raised alarm.capture.videoblackout liveEncodings/639990a0dd794986b0de2ac84b000083/inputVideo/Video_01 Input video still image Input video still image for service=CS16_TS16_PlayboyTV;inputVideo=Video_01;sdt=CS16_TS16_PlayboyTV 
Mar 14 22:31:12.268962 CS16_TS16_PlayboyTV minor cleared alarm.capture.videoblackout liveEncodings/639990a0dd794986b0de2ac84b000083/inputVideo/Video_01 Input video still image Input video still image for service=CS16_TS16_PlayboyTV;inputVideo=Video_01;sdt=CS16_TS16_PlayboyTV 
Mar 15 03:52:25.967752 CS16_TS16_PlayboyTV minor raised alarm.capture.videoblackout liveEncodings/639990a0dd794986b0de2ac84b000083/inputVideo/Video_01 Input video still image Input video still image for service=CS16_TS16_PlayboyTV;inputVideo=Video_01;sdt=CS16_TS16_PlayboyTV 
Mar 15 03:52:40.368874 CS16_TS16_PlayboyTV minor cleared alarm.capture.videoblackout liveEncodings/639990a0dd794986b0de2ac84b000083/inputVideo/Video_01 Input video still image Input video still image for service=CS16_TS16_PlayboyTV;inputVideo=Video_01;sdt=CS16_TS16_PlayboyTV 
Mar 15 04:09:03.869257 CS16_TS16_PlayboyTV minor raised alarm.capture.videoblackout liveEncodings/639990a0dd794986b0de2ac84b000083/inputVideo/Video_01 Input video still image Input video still image for service=CS16_TS16_PlayboyTV;inputVideo=Video_01;sdt=CS16_TS16_PlayboyTV 
Mar 15 04:09:15.267688 CS16_TS16_PlayboyTV minor cleared alarm.capture.videoblackout liveEncodings/639990a0dd794986b0de2ac84b000083/inputVideo/Video_01 Input video still image Input video still image for service=CS16_TS16_PlayboyTV;inputVideo=Video_01;sdt=CS16_TS16_PlayboyTV 
Mar 15 04:15:15.267619 CS16_TS16_PlayboyTV minor raised alarm.capture.videoblackout liveEncodings/639990a0dd794986b0de2ac84b000083/inputVideo/Video_01 Input video still image Input video still image for service=CS16_TS16_PlayboyTV;inputVideo=Video_01;sdt=CS16_TS16_PlayboyTV 
Mar 15 04:15:26.869128 CS16_TS16_PlayboyTV minor cleared alarm.capture.videoblackout liveEncodings/639990a0dd794986b0de2ac84b000083/inputVideo/Video_01 Input video still image Input video still image for service=CS16_TS16_PlayboyTV;inputVideo=Video_01;sdt=CS16_TS16_PlayboyTV 
Mar 15 04:33:30.368674 CS16_TS16_PlayboyTV minor raised alarm.capture.videoblackout liveEncodings/639990a0dd794986b0de2ac84b000083/inputVideo/Video_01 Input video still image Input video still image for service=CS16_TS16_PlayboyTV;inputVideo=Video_01;sdt=CS16_TS16_PlayboyTV 
Mar 15 04:33:34.467525 CS16_TS16_PlayboyTV minor cleared alarm.capture.videoblackout liveEncodings/639990a0dd794986b0de2ac84b000083/inputVideo/Video_01 Input video still image Input video still image for service=CS16_TS16_PlayboyTV;inputVideo=Video_01;sdt=CS16_TS16_PlayboyTV 
Mar 15 04:46:40.068075 CS16_TS16_PlayboyTV minor raised alarm.capture.videoblackout liveEncodings/639990a0dd794986b0de2ac84b000083/inputVideo/Video_01 Input video still image Input video still image for service=CS16_TS16_PlayboyTV;inputVideo=Video_01;sdt=CS16_TS16_PlayboyTV 
Mar 15 04:47:43.068131 CS16_TS16_PlayboyTV minor cleared alarm.capture.videoblackout liveEncodings/639990a0dd794986b0de2ac84b000083/inputVideo/Video_01 Input video still image Input video still image for service=CS16_TS16_PlayboyTV;inputVideo=Video_01;sdt=CS16_TS16_PlayboyTV 
Mar 15 04:49:02.769983 CS16_TS16_PlayboyTV minor raised alarm.capture.videoblackout liveEncodings/639990a0dd794986b0de2ac84b000083/inputVideo/Video_01 Input video still image Input video still image for service=CS16_TS16_PlayboyTV;inputVideo=Video_01;sdt=CS16_TS16_PlayboyTV 
Mar 15 04:50:10.568867 CS16_TS16_PlayboyTV minor cleared alarm.capture.videoblackout liveEncodings/639990a0dd794986b0de2ac84b000083/inputVideo/Video_01 Input video still image Input video still image for service=CS16_TS16_PlayboyTV;inputVideo=Video_01;sdt=CS16_TS16_PlayboyTV 
Mar 15 08:36:30.869681 CS16_TS16_PlayboyTV minor raised alarm.capture.videoblackout liveEncodings/639990a0dd794986b0de2ac84b000083/inputVideo/Video_01 Input video still image Input video still image for service=CS16_TS16_PlayboyTV;inputVideo=Video_01;sdt=CS16_TS16_PlayboyTV 
Mar 15 08:36:35.467715 CS16_TS16_PlayboyTV minor cleared alarm.capture.videoblackout liveEncodings/639990a0dd794986b0de2ac84b000083/inputVideo/Video_01 Input video still image Input video still image for service=CS16_TS16_PlayboyTV;inputVideo=Video_01;sdt=CS16_TS16_PlayboyTV 
