Feb 29 15:01:35.835686 BS18_TS01_ENA_TEST  [SWITCHER 1]  Manual Toggle: Switch active source from 1 to 0
Feb 29 15:01:35.835798 BS18_TS01_ENA_TEST  [SWITCHER 1]  update reference clock with clock from activeSource 0 and delta 3
Feb 29 15:01:35.878824 BS18_TS01_ENA_TEST  [SWITCHER 2]  Manual Toggle: Switch active source from 0 to 1
Feb 29 15:01:35.878903 BS18_TS01_ENA_TEST  [SWITCHER 2]  update reference clock with clock from activeSource 1 and delta 5
Feb 29 23:38:11.210337 BS18_TS01_ENA_TEST  [SWITCHER 1]  srcIdx[1] mimoIdx[3] healthChanged from HEALTH_STATUS_OK to HEALTH_STATUS_NOK_ES_DATA_LOSS
Feb 29 23:38:11.210376 BS18_TS01_ENA_TEST  [SWITCHER 1]  srcIdx[1] mimoIdx[3] healthChanged from HEALTH_STATUS_NOK_ES_DATA_LOSS to HEALTH_STATUS_OK
Mar  1 14:12:29.601870 BS18_TS01_ENA_TEST  [SWITCHER 1]  srcIdx[1] mimoIdx[3] healthChanged from HEALTH_STATUS_OK to HEALTH_STATUS_NOK_ES_DATA_LOSS
Mar  1 14:12:29.601905 BS18_TS01_ENA_TEST  [SWITCHER 1]  srcIdx[1] mimoIdx[3] healthChanged from HEALTH_STATUS_NOK_ES_DATA_LOSS to HEALTH_STATUS_OK
Mar  1 19:18:05.704160 BS18_TS01_ENA_TEST  [SWITCHER 1]  srcIdx[0] mimoIdx[0] healthChanged from HEALTH_STATUS_OK to HEALTH_STATUS_NOK_ES_DATA_LOSS
Mar  1 19:18:05.912963 BS18_TS01_ENA_TEST  [SWITCHER 1]  srcIdx[0] mimoIdx[0] healthChanged from HEALTH_STATUS_NOK_ES_DATA_LOSS to HEALTH_STATUS_OK
Mar  2 02:42:29.584239 BS18_TS01_ENA_TEST  [SWITCHER 1]  srcIdx[1] mimoIdx[3] healthChanged from HEALTH_STATUS_OK to HEALTH_STATUS_NOK_ES_DATA_LOSS
Mar  2 02:42:29.584327 BS18_TS01_ENA_TEST  [SWITCHER 1]  srcIdx[1] mimoIdx[3] healthChanged from HEALTH_STATUS_NOK_ES_DATA_LOSS to HEALTH_STATUS_OK
Mar  2 16:55:28.174649 BS18_TS01_ENA_TEST  [SWITCHER 1]  srcIdx[1] mimoIdx[3] healthChanged from HEALTH_STATUS_OK to HEALTH_STATUS_NOK_ES_DATA_LOSS
Mar  2 16:55:28.174683 BS18_TS01_ENA_TEST  [SWITCHER 1]  srcIdx[1] mimoIdx[3] healthChanged from HEALTH_STATUS_NOK_ES_DATA_LOSS to HEALTH_STATUS_OK
Mar  2 18:34:19.501793 BS18_TS01_ENA_TEST  [SWITCHER 1]  srcIdx[0] mimoIdx[0] healthChanged from HEALTH_STATUS_OK to HEALTH_STATUS_NOK_ES_DATA_LOSS
Mar  2 18:34:19.766760 BS18_TS01_ENA_TEST  [SWITCHER 1]  srcIdx[0] mimoIdx[0] healthChanged from HEALTH_STATUS_NOK_ES_DATA_LOSS to HEALTH_STATUS_OK
Mar  2 19:33:02.098958 BS18_TS01_ENA_TEST  [SWITCHER 1]  srcIdx[0] mimoIdx[0] healthChanged from HEALTH_STATUS_OK to HEALTH_STATUS_NOK_ES_DATA_LOSS
Mar  2 19:33:02.307745 BS18_TS01_ENA_TEST  [SWITCHER 1]  srcIdx[0] mimoIdx[0] healthChanged from HEALTH_STATUS_NOK_ES_DATA_LOSS to HEALTH_STATUS_OK
Mar  3 02:00:23.004048 BS18_TS01_ENA_TEST  [SWITCHER 1]  srcIdx[1] mimoIdx[2] healthChanged from HEALTH_STATUS_OK to HEALTH_STATUS_NOK_ES_DATA_LOSS
Mar  3 02:00:23.788085 BS18_TS01_ENA_TEST  [SWITCHER 1]  srcIdx[1] mimoIdx[2] healthChanged from HEALTH_STATUS_NOK_ES_DATA_LOSS to HEALTH_STATUS_OK
Mar  3 02:00:30.895347 BS18_TS01_ENA_TEST  [SWITCHER 1]  srcIdx[1] mimoIdx[2] healthChanged from HEALTH_STATUS_OK to HEALTH_STATUS_NOK_ES_DATA_LOSS
Mar  3 02:00:32.749022 BS18_TS01_ENA_TEST  [SWITCHER 1]  srcIdx[1] mimoIdx[2] healthChanged from HEALTH_STATUS_NOK_ES_DATA_LOSS to HEALTH_STATUS_OK
Mar  3 07:13:21.621174 BS18_TS01_ENA_TEST  [SWITCHER 1]  srcIdx[1] mimoIdx[3] healthChanged from HEALTH_STATUS_OK to HEALTH_STATUS_NOK_ES_DATA_LOSS
Mar  3 07:13:21.621197 BS18_TS01_ENA_TEST  [SWITCHER 1]  srcIdx[1] mimoIdx[3] healthChanged from HEALTH_STATUS_NOK_ES_DATA_LOSS to HEALTH_STATUS_OK
Mar  3 19:44:02.288267 BS18_TS01_ENA_TEST  [SWITCHER 1]  srcIdx[0] mimoIdx[0] healthChanged from HEALTH_STATUS_OK to HEALTH_STATUS_NOK_ES_DATA_LOSS
Mar  3 19:44:02.488965 BS18_TS01_ENA_TEST  [SWITCHER 1]  srcIdx[0] mimoIdx[0] healthChanged from HEALTH_STATUS_NOK_ES_DATA_LOSS to HEALTH_STATUS_OK
Mar  3 23:38:11.143817 BS18_TS01_ENA_TEST  [SWITCHER 1]  srcIdx[1] mimoIdx[3] healthChanged from HEALTH_STATUS_OK to HEALTH_STATUS_NOK_ES_DATA_LOSS
Mar  3 23:38:11.143850 BS18_TS01_ENA_TEST  [SWITCHER 1]  srcIdx[1] mimoIdx[3] healthChanged from HEALTH_STATUS_NOK_ES_DATA_LOSS to HEALTH_STATUS_OK
Mar  4 14:25:28.327164 BS18_TS01_ENA_TEST  [SWITCHER 1]  srcIdx[1] mimoIdx[3] healthChanged from HEALTH_STATUS_OK to HEALTH_STATUS_NOK_ES_DATA_LOSS
Mar  4 14:25:28.327199 BS18_TS01_ENA_TEST  [SWITCHER 1]  srcIdx[1] mimoIdx[3] healthChanged from HEALTH_STATUS_NOK_ES_DATA_LOSS to HEALTH_STATUS_OK
Mar  5 06:00:59.400431 BS18_TS01_ENA_TEST  [SWITCHER 1]  srcIdx[1] mimoIdx[3] healthChanged from HEALTH_STATUS_OK to HEALTH_STATUS_NOK_ES_DATA_LOSS
Mar  5 06:00:59.400469 BS18_TS01_ENA_TEST  [SWITCHER 1]  srcIdx[1] mimoIdx[3] healthChanged from HEALTH_STATUS_NOK_ES_DATA_LOSS to HEALTH_STATUS_OK
Mar  5 19:09:15.659385 BS18_TS01_ENA_TEST  [SWITCHER 1]  srcIdx[0] mimoIdx[0] healthChanged from HEALTH_STATUS_OK to HEALTH_STATUS_NOK_ES_DATA_LOSS
Mar  5 19:09:15.924379 BS18_TS01_ENA_TEST  [SWITCHER 1]  srcIdx[0] mimoIdx[0] healthChanged from HEALTH_STATUS_NOK_ES_DATA_LOSS to HEALTH_STATUS_OK
Mar  5 21:45:57.157960 BS18_TS01_ENA_TEST  [SWITCHER 1]  srcIdx[1] mimoIdx[3] healthChanged from HEALTH_STATUS_OK to HEALTH_STATUS_NOK_ES_DATA_LOSS
Mar  5 21:45:57.157983 BS18_TS01_ENA_TEST  [SWITCHER 1]  srcIdx[1] mimoIdx[3] healthChanged from HEALTH_STATUS_NOK_ES_DATA_LOSS to HEALTH_STATUS_OK
Mar  6 13:38:11.107142 BS18_TS01_ENA_TEST  [SWITCHER 1]  srcIdx[1] mimoIdx[3] healthChanged from HEALTH_STATUS_OK to HEALTH_STATUS_NOK_ES_DATA_LOSS
Mar  6 13:38:11.107176 BS18_TS01_ENA_TEST  [SWITCHER 1]  srcIdx[1] mimoIdx[3] healthChanged from HEALTH_STATUS_NOK_ES_DATA_LOSS to HEALTH_STATUS_OK
Mar  6 20:25:12.319199 BS18_TS01_ENA_TEST  [SWITCHER 1]  srcIdx[0] mimoIdx[0] healthChanged from HEALTH_STATUS_OK to HEALTH_STATUS_NOK_ES_DATA_LOSS
Mar  6 20:25:12.520071 BS18_TS01_ENA_TEST  [SWITCHER 1]  srcIdx[0] mimoIdx[0] healthChanged from HEALTH_STATUS_NOK_ES_DATA_LOSS to HEALTH_STATUS_OK
Mar  7 05:08:30.370983 BS18_TS01_ENA_TEST  [SWITCHER 1]  srcIdx[1] mimoIdx[3] healthChanged from HEALTH_STATUS_OK to HEALTH_STATUS_NOK_ES_DATA_LOSS
Mar  7 05:08:30.371012 BS18_TS01_ENA_TEST  [SWITCHER 1]  srcIdx[1] mimoIdx[3] healthChanged from HEALTH_STATUS_NOK_ES_DATA_LOSS to HEALTH_STATUS_OK
Mar  7 19:25:28.236863 BS18_TS01_ENA_TEST  [SWITCHER 1]  srcIdx[1] mimoIdx[3] healthChanged from HEALTH_STATUS_OK to HEALTH_STATUS_NOK_ES_DATA_LOSS
Mar  7 19:25:28.236887 BS18_TS01_ENA_TEST  [SWITCHER 1]  srcIdx[1] mimoIdx[3] healthChanged from HEALTH_STATUS_NOK_ES_DATA_LOSS to HEALTH_STATUS_OK
Mar  7 19:32:07.561916 BS18_TS01_ENA_TEST  [SWITCHER 1]  srcIdx[0] mimoIdx[0] healthChanged from HEALTH_STATUS_OK to HEALTH_STATUS_NOK_ES_DATA_LOSS
Mar  7 19:32:07.818862 BS18_TS01_ENA_TEST  [SWITCHER 1]  srcIdx[0] mimoIdx[0] healthChanged from HEALTH_STATUS_NOK_ES_DATA_LOSS to HEALTH_STATUS_OK
Mar  7 20:24:43.796323 BS18_TS01_ENA_TEST  [SWITCHER 1]  srcIdx[0] mimoIdx[0] healthChanged from HEALTH_STATUS_OK to HEALTH_STATUS_NOK_ES_DATA_LOSS
Mar  7 20:24:43.997017 BS18_TS01_ENA_TEST  [SWITCHER 1]  srcIdx[0] mimoIdx[0] healthChanged from HEALTH_STATUS_NOK_ES_DATA_LOSS to HEALTH_STATUS_OK
Mar  8 10:39:38.087828 BS18_TS01_ENA_TEST  [SWITCHER 1]  srcIdx[1] mimoIdx[3] healthChanged from HEALTH_STATUS_OK to HEALTH_STATUS_NOK_ES_DATA_LOSS
Mar  8 10:39:38.087860 BS18_TS01_ENA_TEST  [SWITCHER 1]  srcIdx[1] mimoIdx[3] healthChanged from HEALTH_STATUS_NOK_ES_DATA_LOSS to HEALTH_STATUS_OK
Mar  8 19:44:25.431757 BS18_TS01_ENA_TEST  [SWITCHER 1]  srcIdx[0] mimoIdx[0] healthChanged from HEALTH_STATUS_OK to HEALTH_STATUS_NOK_ES_DATA_LOSS
Mar  8 19:44:25.568367 BS18_TS01_ENA_TEST  [SWITCHER 1]  srcIdx[0] mimoIdx[0] healthChanged from HEALTH_STATUS_NOK_ES_DATA_LOSS to HEALTH_STATUS_OK
Mar  8 20:38:55.619661 BS18_TS01_ENA_TEST  [SWITCHER 1]  srcIdx[0] mimoIdx[0] healthChanged from HEALTH_STATUS_OK to HEALTH_STATUS_NOK_ES_DATA_LOSS
Mar  8 20:38:55.860484 BS18_TS01_ENA_TEST  [SWITCHER 1]  srcIdx[0] mimoIdx[0] healthChanged from HEALTH_STATUS_NOK_ES_DATA_LOSS to HEALTH_STATUS_OK
Mar  9 00:15:57.043436 BS18_TS01_ENA_TEST  [SWITCHER 1]  srcIdx[1] mimoIdx[3] healthChanged from HEALTH_STATUS_OK to HEALTH_STATUS_NOK_ES_DATA_LOSS
Mar  9 00:15:57.043470 BS18_TS01_ENA_TEST  [SWITCHER 1]  srcIdx[1] mimoIdx[3] healthChanged from HEALTH_STATUS_NOK_ES_DATA_LOSS to HEALTH_STATUS_OK
Mar  9 16:42:29.632990 BS18_TS01_ENA_TEST  [SWITCHER 1]  srcIdx[1] mimoIdx[3] healthChanged from HEALTH_STATUS_OK to HEALTH_STATUS_NOK_ES_DATA_LOSS
Mar  9 16:42:29.633023 BS18_TS01_ENA_TEST  [SWITCHER 1]  srcIdx[1] mimoIdx[3] healthChanged from HEALTH_STATUS_NOK_ES_DATA_LOSS to HEALTH_STATUS_OK
Mar  9 19:56:16.252468 BS18_TS01_ENA_TEST  [SWITCHER 1]  srcIdx[0] mimoIdx[0] healthChanged from HEALTH_STATUS_OK to HEALTH_STATUS_NOK_ES_DATA_LOSS
Mar  9 19:56:16.284631 BS18_TS01_ENA_TEST  [SWITCHER 1]  srcIdx[0] mimoIdx[0] healthChanged from HEALTH_STATUS_NOK_ES_DATA_LOSS to HEALTH_STATUS_OK
Mar  9 20:54:26.720342 BS18_TS01_ENA_TEST  [SWITCHER 1]  srcIdx[0] mimoIdx[0] healthChanged from HEALTH_STATUS_OK to HEALTH_STATUS_NOK_ES_DATA_LOSS
Mar  9 20:54:26.792562 BS18_TS01_ENA_TEST  [SWITCHER 1]  srcIdx[0] mimoIdx[0] healthChanged from HEALTH_STATUS_NOK_ES_DATA_LOSS to HEALTH_STATUS_OK
Mar 10 06:55:28.230196 BS18_TS01_ENA_TEST  [SWITCHER 1]  srcIdx[1] mimoIdx[3] healthChanged from HEALTH_STATUS_OK to HEALTH_STATUS_NOK_ES_DATA_LOSS
Mar 10 06:55:28.230228 BS18_TS01_ENA_TEST  [SWITCHER 1]  srcIdx[1] mimoIdx[3] healthChanged from HEALTH_STATUS_NOK_ES_DATA_LOSS to HEALTH_STATUS_OK
Mar 10 20:08:20.918030 BS18_TS01_ENA_TEST  [SWITCHER 1]  srcIdx[0] mimoIdx[0] healthChanged from HEALTH_STATUS_OK to HEALTH_STATUS_NOK_ES_DATA_LOSS
Mar 10 20:08:21.014386 BS18_TS01_ENA_TEST  [SWITCHER 1]  srcIdx[0] mimoIdx[0] healthChanged from HEALTH_STATUS_NOK_ES_DATA_LOSS to HEALTH_STATUS_OK
Mar 10 21:43:30.053783 BS18_TS01_ENA_TEST  [SWITCHER 1]  srcIdx[1] mimoIdx[3] healthChanged from HEALTH_STATUS_OK to HEALTH_STATUS_NOK_ES_DATA_LOSS
Mar 10 21:43:30.053806 BS18_TS01_ENA_TEST  [SWITCHER 1]  srcIdx[1] mimoIdx[3] healthChanged from HEALTH_STATUS_NOK_ES_DATA_LOSS to HEALTH_STATUS_OK
Mar 11 13:09:38.019900 BS18_TS01_ENA_TEST  [SWITCHER 1]  srcIdx[1] mimoIdx[3] healthChanged from HEALTH_STATUS_OK to HEALTH_STATUS_NOK_ES_DATA_LOSS
Mar 11 13:09:38.019942 BS18_TS01_ENA_TEST  [SWITCHER 1]  srcIdx[1] mimoIdx[3] healthChanged from HEALTH_STATUS_NOK_ES_DATA_LOSS to HEALTH_STATUS_OK
Mar 11 20:19:30.668224 BS18_TS01_ENA_TEST  [SWITCHER 1]  srcIdx[0] mimoIdx[0] healthChanged from HEALTH_STATUS_OK to HEALTH_STATUS_NOK_ES_DATA_LOSS
Mar 11 20:19:30.704028 BS18_TS01_ENA_TEST  [SWITCHER 1]  srcIdx[0] mimoIdx[0] healthChanged from HEALTH_STATUS_NOK_ES_DATA_LOSS to HEALTH_STATUS_OK
Mar 12 03:13:21.582912 BS18_TS01_ENA_TEST  [SWITCHER 1]  srcIdx[1] mimoIdx[3] healthChanged from HEALTH_STATUS_OK to HEALTH_STATUS_NOK_ES_DATA_LOSS
Mar 12 03:13:21.582965 BS18_TS01_ENA_TEST  [SWITCHER 1]  srcIdx[1] mimoIdx[3] healthChanged from HEALTH_STATUS_NOK_ES_DATA_LOSS to HEALTH_STATUS_OK
Mar 12 18:30:17.516711 BS18_TS01_ENA_TEST  [SWITCHER 1]  srcIdx[1] mimoIdx[3] healthChanged from HEALTH_STATUS_OK to HEALTH_STATUS_NOK_ES_DATA_LOSS
Mar 12 18:30:17.516742 BS18_TS01_ENA_TEST  [SWITCHER 1]  srcIdx[1] mimoIdx[3] healthChanged from HEALTH_STATUS_NOK_ES_DATA_LOSS to HEALTH_STATUS_OK
Mar 13 09:43:21.742141 BS18_TS01_ENA_TEST  [SWITCHER 1]  srcIdx[1] mimoIdx[3] healthChanged from HEALTH_STATUS_OK to HEALTH_STATUS_NOK_ES_DATA_LOSS
Mar 13 09:43:21.742165 BS18_TS01_ENA_TEST  [SWITCHER 1]  srcIdx[1] mimoIdx[3] healthChanged from HEALTH_STATUS_NOK_ES_DATA_LOSS to HEALTH_STATUS_OK
Mar 13 10:36:42.692411 BS18_TS01_ENA_TEST  [CAPTURE 1_0] Connect to url udp://239.0.99.162:5000 using interface 172.16.12.51 
Mar 13 10:36:42.696926 BS18_TS01_ENA_TEST  [CAPTURE 1_1] Connect to url udp://239.10.22.17:5000 using interface 172.16.12.141 
Mar 13 10:36:42.993676 BS18_TS01_ENA_TEST  [SWITCHER 1]  Active source reset: Switch active source from 0 to 0
Mar 13 10:36:42.993761 BS18_TS01_ENA_TEST  [SWITCHER 1]  srcIdx[0] mimoIdx[0] healthChanged from HEALTH_STATUS_OK to HEALTH_STATUS_NOK_ES_DATA_LOSS
Mar 13 10:36:42.994173 BS18_TS01_ENA_TEST  [SWITCHER 1]  srcIdx[1] mimoIdx[2] healthChanged from HEALTH_STATUS_OK to HEALTH_STATUS_NOK_ES_DATA_LOSS
Mar 13 10:36:43.379804 BS18_TS01_ENA_TEST  [SWITCHER 1]  srcIdx[1] mimoIdx[2] healthChanged from HEALTH_STATUS_NOK_ES_DATA_LOSS to HEALTH_STATUS_OK
Mar 13 10:36:43.379830 BS18_TS01_ENA_TEST  [SWITCHER 1]  Switch active source from 0 to 1
Mar 13 10:36:43.379936 BS18_TS01_ENA_TEST  [SWITCHER 1]  update reference clock with clock from activeSource 1 and delta -4676
Mar 13 10:36:43.700275 BS18_TS01_ENA_TEST  [SWITCHER 1]  srcIdx[0] mimoIdx[0] healthChanged from HEALTH_STATUS_NOK_ES_DATA_LOSS to HEALTH_STATUS_OK
Mar 13 21:36:55.183442 BS18_TS01_ENA_TEST  [SWITCHER 1]  srcIdx[0] mimoIdx[0] healthChanged from HEALTH_STATUS_OK to HEALTH_STATUS_NOK_ES_DATA_LOSS
Mar 13 21:36:55.392250 BS18_TS01_ENA_TEST  [SWITCHER 1]  srcIdx[0] mimoIdx[0] healthChanged from HEALTH_STATUS_NOK_ES_DATA_LOSS to HEALTH_STATUS_OK
Mar 13 22:01:33.046645 BS18_TS01_ENA_TEST  [SWITCHER 1]  srcIdx[1] mimoIdx[2] healthChanged from HEALTH_STATUS_OK to HEALTH_STATUS_NOK_ES_DATA_LOSS
Mar 13 22:01:33.885720 BS18_TS01_ENA_TEST  [SWITCHER 1]  srcIdx[1] mimoIdx[2] healthChanged from HEALTH_STATUS_NOK_ES_DATA_LOSS to HEALTH_STATUS_OK
Mar 13 22:01:44.195078 BS18_TS01_ENA_TEST  [SWITCHER 1]  srcIdx[1] mimoIdx[2] healthChanged from HEALTH_STATUS_OK to HEALTH_STATUS_NOK_ES_DATA_LOSS
Mar 13 22:01:45.851328 BS18_TS01_ENA_TEST  [SWITCHER 1]  srcIdx[1] mimoIdx[2] healthChanged from HEALTH_STATUS_NOK_ES_DATA_LOSS to HEALTH_STATUS_OK
Mar 14 00:43:21.681035 BS18_TS01_ENA_TEST  [SWITCHER 1]  srcIdx[1] mimoIdx[3] healthChanged from HEALTH_STATUS_OK to HEALTH_STATUS_NOK_ES_DATA_LOSS
Mar 14 00:43:21.681248 BS18_TS01_ENA_TEST  [SWITCHER 1]  srcIdx[1] mimoIdx[3] healthChanged from HEALTH_STATUS_NOK_ES_DATA_LOSS to HEALTH_STATUS_OK
Mar 14 14:43:21.593840 BS18_TS01_ENA_TEST  [SWITCHER 1]  srcIdx[1] mimoIdx[3] healthChanged from HEALTH_STATUS_OK to HEALTH_STATUS_NOK_ES_DATA_LOSS
Mar 14 14:43:21.594216 BS18_TS01_ENA_TEST  [SWITCHER 1]  srcIdx[1] mimoIdx[3] healthChanged from HEALTH_STATUS_NOK_ES_DATA_LOSS to HEALTH_STATUS_OK
Mar 14 20:54:48.098604 BS18_TS01_ENA_TEST  [SWITCHER 1]  srcIdx[0] mimoIdx[0] healthChanged from HEALTH_STATUS_OK to HEALTH_STATUS_NOK_ES_DATA_LOSS
Mar 14 20:54:48.355633 BS18_TS01_ENA_TEST  [SWITCHER 1]  srcIdx[0] mimoIdx[0] healthChanged from HEALTH_STATUS_NOK_ES_DATA_LOSS to HEALTH_STATUS_OK
Mar 15 08:30:17.477384 BS18_TS01_ENA_TEST  [SWITCHER 1]  srcIdx[1] mimoIdx[3] healthChanged from HEALTH_STATUS_OK to HEALTH_STATUS_NOK_ES_DATA_LOSS
Mar 15 08:30:17.477741 BS18_TS01_ENA_TEST  [SWITCHER 1]  srcIdx[1] mimoIdx[3] healthChanged from HEALTH_STATUS_NOK_ES_DATA_LOSS to HEALTH_STATUS_OK
