Aug  8 00:52:25.043963 CS18_TS12_Lotte  [standalone] Start monitoring (inputSourceId: c64a23f195db44d6b98f23e87ca7ada1)
Aug  8 00:52:55.487270 CS18_TS12_Lotte  [standalone] SampleQueue main.processings.processing_0.Video_01_enc_1.encoderQueue_Video_01_enc_1 : skipped 50 samples
Aug  8 00:52:55.487294 CS18_TS12_Lotte  [standalone] Encoder main.processings.processing_0.Video_01_enc_1.h264_encoder_Video_01_enc_1 : encoded 70 samples late
Aug  8 00:59:35.700532 CS18_TS12_Lotte  [standalone] Start monitoring (inputSourceId: c64a23f195db44d6b98f23e87ca7ada1)
Aug  8 01:04:22.236674 CS18_TS12_Lotte  [standalone] SampleQueue main.processings.processing_0.Video_01_enc_1.encoderQueue_Video_01_enc_1 : skipped 16 samples
Aug  8 01:04:22.236725 CS18_TS12_Lotte  [standalone] Encoder main.processings.processing_0.Video_01_enc_1.h264_encoder_Video_01_enc_1 : encoded 64 samples late
Aug  8 23:10:37.781082 CS18_TS12_Lotte  [standalone] Start monitoring (inputSourceId: c64a23f195db44d6b98f23e87ca7ada1)
Aug  8 23:11:08.089057 CS18_TS12_Lotte  [standalone] SampleQueue main.processings.processing_0.Video_01_enc_1.encoderQueue_Video_01_enc_1 : skipped 30 samples
Aug  8 23:11:08.089080 CS18_TS12_Lotte  [standalone] Encoder main.processings.processing_0.Video_01_enc_1.h264_encoder_Video_01_enc_1 : encoded 65 samples late
Sep 14 02:31:03.837068 CS18_TS12_Lotte  [standalone] Start monitoring (inputSourceId: c64a23f195db44d6b98f23e87ca7ada1)
Sep 14 02:31:34.147447 CS18_TS12_Lotte  [standalone] SampleQueue main.processings.processing_0.Video_01_enc_1.encoderQueue_Video_01_enc_1 : skipped 23 samples
Sep 14 02:31:34.147474 CS18_TS12_Lotte  [standalone] Encoder main.processings.processing_0.Video_01_enc_1.h264_encoder_Video_01_enc_1 : encoded 68 samples late
Sep 14 02:39:36.492151 CS18_TS12_Lotte  [standalone] Start monitoring (inputSourceId: c64a23f195db44d6b98f23e87ca7ada1)
Sep 14 02:40:06.784658 CS18_TS12_Lotte  [standalone] SampleQueue main.processings.processing_0.Video_01_enc_1.encoderQueue_Video_01_enc_1 : skipped 49 samples
Sep 14 02:40:06.784726 CS18_TS12_Lotte  [standalone] Encoder main.processings.processing_0.Video_01_enc_1.h264_encoder_Video_01_enc_1 : encoded 75 samples late
Sep 25 16:35:29.497331 CS18_TS12_Lotte  [standalone] Start monitoring (inputSourceId: c64a23f195db44d6b98f23e87ca7ada1)
Sep 25 16:35:59.813633 CS18_TS12_Lotte  [standalone] SampleQueue main.processings.processing_0.Video_01_enc_1.encoderQueue_Video_01_enc_1 : skipped 55 samples
Sep 25 16:35:59.813649 CS18_TS12_Lotte  [standalone] Encoder main.processings.processing_0.Video_01_enc_1.h264_encoder_Video_01_enc_1 : encoded 66 samples late
Oct 25 03:27:36.108365 CS18_TS12_Lotte  [standalone] Start monitoring (inputSourceId: c64a23f195db44d6b98f23e87ca7ada1)
Oct 25 03:32:22.059254 CS18_TS12_Lotte  [standalone] SampleQueue main.processings.processing_0.Video_01_enc_1.encoderQueue_Video_01_enc_1 : skipped 17 samples
Oct 25 03:32:22.059280 CS18_TS12_Lotte  [standalone] Encoder main.processings.processing_0.Video_01_enc_1.h264_encoder_Video_01_enc_1 : encoded 66 samples late
Oct 25 03:32:22.059293 CS18_TS12_Lotte  [standalone] SampleQueue splicer.out.Master__Audio_1_decoded : skipped 1 samples
Nov 16 16:47:27.283750 CS18_TS12_Lotte  [standalone] Start monitoring (inputSourceId: c64a23f195db44d6b98f23e87ca7ada1)
Nov 16 16:47:57.580010 CS18_TS12_Lotte  [standalone] SampleQueue main.processings.processing_0.Video_01_enc_1.encoderQueue_Video_01_enc_1 : skipped 23 samples
Nov 16 16:47:57.580027 CS18_TS12_Lotte  [standalone] Encoder main.processings.processing_0.Video_01_enc_1.h264_encoder_Video_01_enc_1 : encoded 64 samples late
Nov 16 16:47:57.580035 CS18_TS12_Lotte  [standalone] SampleQueue splicer.out.Master__Audio_1_decoded : skipped 2 samples
Nov 23 10:21:32.422912 CS18_TS12_Lotte  [standalone] Start monitoring (inputSourceId: c64a23f195db44d6b98f23e87ca7ada1)
Nov 23 10:22:02.746847 CS18_TS12_Lotte  [standalone] SampleQueue main.processings.processing_0.Video_01_enc_1.encoderQueue_Video_01_enc_1 : skipped 25 samples
Nov 23 10:22:02.746871 CS18_TS12_Lotte  [standalone] Encoder main.processings.processing_0.Video_01_enc_1.h264_encoder_Video_01_enc_1 : encoded 70 samples late
Nov 28 14:34:08.621268 CS18_TS12_Lotte  [standalone] Start monitoring (inputSourceId: c64a23f195db44d6b98f23e87ca7ada1)
Nov 28 14:34:38.914000 CS18_TS12_Lotte  [standalone] SampleQueue main.processings.processing_0.Video_01_enc_1.encoderQueue_Video_01_enc_1 : skipped 35 samples
Nov 28 14:34:38.914022 CS18_TS12_Lotte  [standalone] Encoder main.processings.processing_0.Video_01_enc_1.h264_encoder_Video_01_enc_1 : encoded 68 samples late
Dec 18 14:02:49.619098 CS18_TS12_Lotte  [standalone] Start monitoring (inputSourceId: c64a23f195db44d6b98f23e87ca7ada1)
Dec 18 14:07:36.247190 CS18_TS12_Lotte  [standalone] SampleQueue main.processings.processing_0.Video_01_enc_1.encoderQueue_Video_01_enc_1 : skipped 16 samples
Dec 18 14:07:36.247213 CS18_TS12_Lotte  [standalone] Encoder main.processings.processing_0.Video_01_enc_1.h264_encoder_Video_01_enc_1 : encoded 69 samples late
Jan 24 13:31:42.152146 CS18_TS12_Lotte  [standalone] Start monitoring (inputSourceId: c64a23f195db44d6b98f23e87ca7ada1)
Jan 24 13:32:12.466929 CS18_TS12_Lotte  [standalone] SampleQueue main.processings.processing_0.Video_01_enc_1.encoderQueue_Video_01_enc_1 : skipped 30 samples
Jan 24 13:32:12.466950 CS18_TS12_Lotte  [standalone] Encoder main.processings.processing_0.Video_01_enc_1.h264_encoder_Video_01_enc_1 : encoded 70 samples late
Feb 27 10:06:26.455739 CS18_TS12_Lotte  [standalone] Start monitoring (inputSourceId: c64a23f195db44d6b98f23e87ca7ada1)
Feb 27 10:08:53.728118 CS18_TS12_Lotte  [standalone] Start monitoring (inputSourceId: c64a23f195db44d6b98f23e87ca7ada1)
Feb 27 10:11:09.526572 CS18_TS12_Lotte  [standalone] SampleQueue main.processings.processing_0.Video_01_enc_1.encoderQueue_Video_01_enc_1 : skipped 43 samples
Feb 27 10:11:09.526616 CS18_TS12_Lotte  [standalone] Encoder main.processings.processing_0.Video_01_enc_1.h264_encoder_Video_01_enc_1 : encoded 75 samples late
