Thu May 12 08:46:52 UTC 2022 : Server start
● rabbitmq-server.service - RabbitMQ broker
   Loaded: loaded (/usr/lib/systemd/system/rabbitmq-server.service; enabled; vendor preset: disabled)
  Drop-In: /etc/systemd/system/rabbitmq-server.service.d
           └─limits.conf, override.conf
   Active: active (running) since Thu 2022-05-12 17:47:06 KST; 9min ago
 Main PID: 2871 (beam.smp)
   Status: "Initialized"
   CGroup: /system.slice/rabbitmq-server.service
           ├─2871 /usr/lib64/erlang/erts-10.7.2.5/bin/beam.smp -W w -K true -A 1024 -MBas ageffcbf -MHas ageffcbf -MBlmbcs 512 -MHlmbcs 512 -MMmcs 30 -P 1048576 -t 5000000 -stbt db -zdbbl 128000 -- -root /usr/lib64/erlang -progname erl -- -home /var/lib/rabbitmq -- -pa  -noshell -noinput -s rabbit boot -boot start_sasl -lager crash_log false -lager handlers [] --
           ├─5089 erl_child_setup 65000
           ├─5832 /usr/lib64/erlang/erts-10.7.2.5/bin/epmd -daemon
           ├─6122 inet_gethost 4
           └─6123 inet_gethost 4

May 12 17:47:05 MKEL_HD17_B rabbitmq-server[2871]: Doc guides: https://rabbitmq.com/documentation.html
May 12 17:47:05 MKEL_HD17_B rabbitmq-server[2871]: Support:    https://rabbitmq.com/contact.html
May 12 17:47:05 MKEL_HD17_B rabbitmq-server[2871]: Tutorials:  https://rabbitmq.com/getstarted.html
May 12 17:47:05 MKEL_HD17_B rabbitmq-server[2871]: Monitoring: https://rabbitmq.com/monitoring.html
May 12 17:47:05 MKEL_HD17_B rabbitmq-server[2871]: Logs: /var/log/rabbitmq/controller@192.168.21.52.log
May 12 17:47:05 MKEL_HD17_B rabbitmq-server[2871]: /var/log/rabbitmq/controller@192.168.21.52_upgrade.log
May 12 17:47:05 MKEL_HD17_B rabbitmq-server[2871]: Config file(s): /etc/rabbitmq/advanced.config
May 12 17:47:05 MKEL_HD17_B rabbitmq-server[2871]: /etc/rabbitmq/rabbitmq.conf
May 12 17:47:06 MKEL_HD17_B rabbitmq-server[2871]: Starting broker... completed with 3 plugins.
May 12 17:47:06 MKEL_HD17_B systemd[1]: Started RabbitMQ broker.
Thu May 12 08:56:52 UTC 2022 : SUCCESS status rabbitmq-server
Fri May 13 02:34:53 UTC 2022 : Server start
● rabbitmq-server.service - RabbitMQ broker
   Loaded: loaded (/usr/lib/systemd/system/rabbitmq-server.service; enabled; vendor preset: disabled)
  Drop-In: /etc/systemd/system/rabbitmq-server.service.d
           └─limits.conf, override.conf
   Active: active (running) since Fri 2022-05-13 11:41:03 KST; 3min 49s ago
 Main PID: 16435 (beam.smp)
   Status: "Initialized"
   CGroup: /system.slice/rabbitmq-server.service
           ├─16435 /usr/lib64/erlang/erts-10.7.2.5/bin/beam.smp -W w -K true -A 1024 -MBas ageffcbf -MHas ageffcbf -MBlmbcs 512 -MHlmbcs 512 -MMmcs 30 -P 1048576 -t 5000000 -stbt db -zdbbl 128000 -- -root /usr/lib64/erlang -progname erl -- -home /var/lib/rabbitmq -- -pa  -noshell -noinput -s rabbit boot -boot start_sasl -lager crash_log false -lager handlers [] --
           ├─17691 erl_child_setup 65000
           ├─17909 /usr/lib64/erlang/erts-10.7.2.5/bin/epmd -daemon
           ├─18122 inet_gethost 4
           └─18123 inet_gethost 4

May 13 11:39:14 MKEL_HD17_B rabbitmq-server[16435]: Doc guides: https://rabbitmq.com/documentation.html
May 13 11:39:14 MKEL_HD17_B rabbitmq-server[16435]: Support:    https://rabbitmq.com/contact.html
May 13 11:39:14 MKEL_HD17_B rabbitmq-server[16435]: Tutorials:  https://rabbitmq.com/getstarted.html
May 13 11:39:14 MKEL_HD17_B rabbitmq-server[16435]: Monitoring: https://rabbitmq.com/monitoring.html
May 13 11:39:14 MKEL_HD17_B rabbitmq-server[16435]: Logs: /var/log/rabbitmq/controller@192.168.21.52.log
May 13 11:39:14 MKEL_HD17_B rabbitmq-server[16435]: /var/log/rabbitmq/controller@192.168.21.52_upgrade.log
May 13 11:39:14 MKEL_HD17_B rabbitmq-server[16435]: Config file(s): /etc/rabbitmq/advanced.config
May 13 11:39:14 MKEL_HD17_B rabbitmq-server[16435]: /etc/rabbitmq/rabbitmq.conf
May 13 11:41:03 MKEL_HD17_B rabbitmq-server[16435]: Starting broker... completed with 3 plugins.
May 13 11:41:03 MKEL_HD17_B systemd[1]: Started RabbitMQ broker.
Fri May 13 02:44:53 UTC 2022 : SUCCESS status rabbitmq-server
Fri May 13 02:53:22 UTC 2022 : Server start
● rabbitmq-server.service - RabbitMQ broker
   Loaded: loaded (/usr/lib/systemd/system/rabbitmq-server.service; enabled; vendor preset: disabled)
  Drop-In: /etc/systemd/system/rabbitmq-server.service.d
           └─limits.conf, override.conf
   Active: active (running) since Fri 2022-05-13 11:53:35 KST; 9min ago
 Main PID: 3070 (beam.smp)
   Status: "Initialized"
   CGroup: /system.slice/rabbitmq-server.service
           ├─3070 /usr/lib64/erlang/erts-10.7.2.5/bin/beam.smp -W w -K true -A 1024 -MBas ageffcbf -MHas ageffcbf -MBlmbcs 512 -MHlmbcs 512 -MMmcs 30 -P 1048576 -t 5000000 -stbt db -zdbbl 128000 -- -root /usr/lib64/erlang -progname erl -- -home /var/lib/rabbitmq -- -pa  -noshell -noinput -s rabbit boot -boot start_sasl -lager crash_log false -lager handlers [] --
           ├─4916 erl_child_setup 65000
           ├─5492 /usr/lib64/erlang/erts-10.7.2.5/bin/epmd -daemon
           ├─5769 inet_gethost 4
           └─5770 inet_gethost 4

May 13 11:53:34 MKEL_HD17_B rabbitmq-server[3070]: Doc guides: https://rabbitmq.com/documentation.html
May 13 11:53:34 MKEL_HD17_B rabbitmq-server[3070]: Support:    https://rabbitmq.com/contact.html
May 13 11:53:34 MKEL_HD17_B rabbitmq-server[3070]: Tutorials:  https://rabbitmq.com/getstarted.html
May 13 11:53:34 MKEL_HD17_B rabbitmq-server[3070]: Monitoring: https://rabbitmq.com/monitoring.html
May 13 11:53:34 MKEL_HD17_B rabbitmq-server[3070]: Logs: /var/log/rabbitmq/controller@192.168.21.52.log
May 13 11:53:34 MKEL_HD17_B rabbitmq-server[3070]: /var/log/rabbitmq/controller@192.168.21.52_upgrade.log
May 13 11:53:34 MKEL_HD17_B rabbitmq-server[3070]: Config file(s): /etc/rabbitmq/advanced.config
May 13 11:53:34 MKEL_HD17_B rabbitmq-server[3070]: /etc/rabbitmq/rabbitmq.conf
May 13 11:53:35 MKEL_HD17_B rabbitmq-server[3070]: Starting broker... completed with 3 plugins.
May 13 11:53:35 MKEL_HD17_B systemd[1]: Started RabbitMQ broker.
Fri May 13 03:03:22 UTC 2022 : SUCCESS status rabbitmq-server
Tue Jun  7 06:45:31 UTC 2022 : Server start
● rabbitmq-server.service - RabbitMQ broker
   Loaded: loaded (/usr/lib/systemd/system/rabbitmq-server.service; enabled; vendor preset: disabled)
  Drop-In: /etc/systemd/system/rabbitmq-server.service.d
           └─limits.conf, override.conf
   Active: active (running) since Tue 2022-06-07 14:55:32 KST; 9min ago
 Main PID: 2833 (beam.smp)
   Status: "Initialized"
   CGroup: /system.slice/rabbitmq-server.service
           ├─2833 /usr/lib64/erlang/erts-10.7.2.5/bin/beam.smp -W w -K true -A 1024 -MBas ageffcbf -MHas ageffcbf -MBlmbcs 512 -MHlmbcs 512 -MMmcs 30 -P 1048576 -t 5000000 -stbt db -zdbbl 128000 -- -root /usr/lib64/erlang -progname erl -- -home /var/lib/rabbitmq -- -pa  -noshell -noinput -s rabbit boot -boot start_sasl -lager crash_log false -lager handlers [] --
           ├─4872 erl_child_setup 65000
           ├─5498 /usr/lib64/erlang/erts-10.7.2.5/bin/epmd -daemon
           ├─5848 inet_gethost 4
           └─5850 inet_gethost 4

Jun 07 15:45:43 MKEL_HD17_B rabbitmq-server[2833]: Doc guides: https://rabbitmq.com/documentation.html
Jun 07 15:45:43 MKEL_HD17_B rabbitmq-server[2833]: Support:    https://rabbitmq.com/contact.html
Jun 07 15:45:43 MKEL_HD17_B rabbitmq-server[2833]: Tutorials:  https://rabbitmq.com/getstarted.html
Jun 07 15:45:43 MKEL_HD17_B rabbitmq-server[2833]: Monitoring: https://rabbitmq.com/monitoring.html
Jun 07 15:45:43 MKEL_HD17_B rabbitmq-server[2833]: Logs: /var/log/rabbitmq/controller@192.168.21.52.log
Jun 07 15:45:43 MKEL_HD17_B rabbitmq-server[2833]: /var/log/rabbitmq/controller@192.168.21.52_upgrade.log
Jun 07 15:45:43 MKEL_HD17_B rabbitmq-server[2833]: Config file(s): /etc/rabbitmq/advanced.config
Jun 07 15:45:43 MKEL_HD17_B rabbitmq-server[2833]: /etc/rabbitmq/rabbitmq.conf
Jun 07 14:55:32 MKEL_HD17_B rabbitmq-server[2833]: Starting broker... completed with 3 plugins.
Jun 07 14:55:32 MKEL_HD17_B systemd[1]: Started RabbitMQ broker.
Tue Jun  7 06:05:19 UTC 2022 : SUCCESS status rabbitmq-server
Tue Jul 12 10:15:20 UTC 2022 : Server start
● rabbitmq-server.service - RabbitMQ broker
   Loaded: loaded (/usr/lib/systemd/system/rabbitmq-server.service; enabled; vendor preset: disabled)
  Drop-In: /etc/systemd/system/rabbitmq-server.service.d
           └─limits.conf, override.conf
   Active: active (running) since Tue 2022-07-12 19:15:33 KST; 9min ago
 Main PID: 3175 (beam.smp)
   Status: "Initialized"
   CGroup: /system.slice/rabbitmq-server.service
           ├─3175 /usr/lib64/erlang/erts-10.7.2.5/bin/beam.smp -W w -K true -A 1024 -MBas ageffcbf -MHas ageffcbf -MBlmbcs 512 -MHlmbcs 512 -MMmcs 30 -P 1048576 -t 5000000 -stbt db -zdbbl 128000 -- -root /usr/lib64/erlang -progname erl -- -home /var/lib/rabbitmq -- -pa  -noshell -noinput -s rabbit boot -boot start_sasl -lager crash_log false -lager handlers [] --
           ├─4917 erl_child_setup 65000
           ├─5504 /usr/lib64/erlang/erts-10.7.2.5/bin/epmd -daemon
           ├─5818 inet_gethost 4
           └─5823 inet_gethost 4

Jul 12 19:15:32 MKEL_HD16_B rabbitmq-server[3175]: Doc guides: https://rabbitmq.com/documentation.html
Jul 12 19:15:32 MKEL_HD16_B rabbitmq-server[3175]: Support:    https://rabbitmq.com/contact.html
Jul 12 19:15:32 MKEL_HD16_B rabbitmq-server[3175]: Tutorials:  https://rabbitmq.com/getstarted.html
Jul 12 19:15:32 MKEL_HD16_B rabbitmq-server[3175]: Monitoring: https://rabbitmq.com/monitoring.html
Jul 12 19:15:32 MKEL_HD16_B rabbitmq-server[3175]: Logs: /var/log/rabbitmq/controller@127.0.0.1.log
Jul 12 19:15:32 MKEL_HD16_B rabbitmq-server[3175]: /var/log/rabbitmq/controller@127.0.0.1_upgrade.log
Jul 12 19:15:32 MKEL_HD16_B rabbitmq-server[3175]: Config file(s): /etc/rabbitmq/advanced.config
Jul 12 19:15:32 MKEL_HD16_B rabbitmq-server[3175]: /etc/rabbitmq/rabbitmq.conf
Jul 12 19:15:33 MKEL_HD16_B rabbitmq-server[3175]: Starting broker... completed with 3 plugins.
Jul 12 19:15:33 MKEL_HD16_B systemd[1]: Started RabbitMQ broker.
Tue Jul 12 10:25:20 UTC 2022 : SUCCESS status rabbitmq-server
Wed Jul 13 01:14:36 UTC 2022 : Server start
● rabbitmq-server.service - RabbitMQ broker
   Loaded: loaded (/usr/lib/systemd/system/rabbitmq-server.service; enabled; vendor preset: disabled)
  Drop-In: /etc/systemd/system/rabbitmq-server.service.d
           └─limits.conf, override.conf
   Active: active (running) since Wed 2022-07-13 10:14:49 KST; 9min ago
 Main PID: 3472 (beam.smp)
   Status: "Initialized"
   CGroup: /system.slice/rabbitmq-server.service
           ├─3472 /usr/lib64/erlang/erts-10.7.2.5/bin/beam.smp -W w -K true -A 1024 -MBas ageffcbf -MHas ageffcbf -MBlmbcs 512 -MHlmbcs 512 -MMmcs 30 -P 1048576 -t 5000000 -stbt db -zdbbl 128000 -- -root /usr/lib64/erlang -progname erl -- -home /var/lib/rabbitmq -- -pa  -noshell -noinput -s rabbit boot -boot start_sasl -lager crash_log false -lager handlers [] --
           ├─4995 erl_child_setup 65000
           ├─5443 /usr/lib64/erlang/erts-10.7.2.5/bin/epmd -daemon
           ├─5799 inet_gethost 4
           └─5800 inet_gethost 4

Jul 13 10:14:48 MKEL_HD16_B rabbitmq-server[3472]: Doc guides: https://rabbitmq.com/documentation.html
Jul 13 10:14:48 MKEL_HD16_B rabbitmq-server[3472]: Support:    https://rabbitmq.com/contact.html
Jul 13 10:14:48 MKEL_HD16_B rabbitmq-server[3472]: Tutorials:  https://rabbitmq.com/getstarted.html
Jul 13 10:14:48 MKEL_HD16_B rabbitmq-server[3472]: Monitoring: https://rabbitmq.com/monitoring.html
Jul 13 10:14:48 MKEL_HD16_B rabbitmq-server[3472]: Logs: /var/log/rabbitmq/controller@192.168.21.51.log
Jul 13 10:14:48 MKEL_HD16_B rabbitmq-server[3472]: /var/log/rabbitmq/controller@192.168.21.51_upgrade.log
Jul 13 10:14:48 MKEL_HD16_B rabbitmq-server[3472]: Config file(s): /etc/rabbitmq/advanced.config
Jul 13 10:14:48 MKEL_HD16_B rabbitmq-server[3472]: /etc/rabbitmq/rabbitmq.conf
Jul 13 10:14:49 MKEL_HD16_B rabbitmq-server[3472]: Starting broker... completed with 3 plugins.
Jul 13 10:14:49 MKEL_HD16_B systemd[1]: Started RabbitMQ broker.
Wed Jul 13 01:24:37 UTC 2022 : SUCCESS status rabbitmq-server
Tue Aug  9 05:43:30 UTC 2022 : Server start
● rabbitmq-server.service - RabbitMQ broker
   Loaded: loaded (/usr/lib/systemd/system/rabbitmq-server.service; enabled; vendor preset: disabled)
  Drop-In: /etc/systemd/system/rabbitmq-server.service.d
           └─limits.conf, override.conf
   Active: active (running) since Tue 2022-08-09 14:43:43 KST; 9min ago
  Process: 2757 ExecStartPre=/bin/bash -c /opt/ericsson/controller/setup/remove_rabbit_empty_files.sh 2>&1 (code=exited, status=0/SUCCESS)
 Main PID: 3565 (beam.smp)
   Status: "Initialized"
   CGroup: /system.slice/rabbitmq-server.service
           ├─3565 /usr/lib64/erlang/erts-10.7.2.5/bin/beam.smp -W w -K true -A 1024 -MBas ageffcbf -MHas ageffcbf -MBlmbcs 512 -MHlmbcs 512 -MMmcs 30 -P 1048576 -t 5000000 -stbt db -zdbbl 128000 -- -root /usr/lib64/erlang -progname erl -- -home /var/lib/rabbitmq -- -pa  -noshell -noinput -s rabbit boot -boot start_sasl -lager crash_log false -lager handlers [] --
           ├─5020 erl_child_setup 65000
           ├─5638 /usr/lib64/erlang/erts-10.7.2.5/bin/epmd -daemon
           ├─5955 inet_gethost 4
           └─5957 inet_gethost 4

Aug 09 14:43:42 MKEL_HD16_B rabbitmq-server[3565]: Doc guides: https://rabbitmq.com/documentation.html
Aug 09 14:43:42 MKEL_HD16_B rabbitmq-server[3565]: Support:    https://rabbitmq.com/contact.html
Aug 09 14:43:42 MKEL_HD16_B rabbitmq-server[3565]: Tutorials:  https://rabbitmq.com/getstarted.html
Aug 09 14:43:42 MKEL_HD16_B rabbitmq-server[3565]: Monitoring: https://rabbitmq.com/monitoring.html
Aug 09 14:43:42 MKEL_HD16_B rabbitmq-server[3565]: Logs: /var/log/rabbitmq/controller@192.168.21.51.log
Aug 09 14:43:42 MKEL_HD16_B rabbitmq-server[3565]: /var/log/rabbitmq/controller@192.168.21.51_upgrade.log
Aug 09 14:43:42 MKEL_HD16_B rabbitmq-server[3565]: Config file(s): /etc/rabbitmq/advanced.config
Aug 09 14:43:42 MKEL_HD16_B rabbitmq-server[3565]: /etc/rabbitmq/rabbitmq.conf
Aug 09 14:43:42 MKEL_HD16_B rabbitmq-server[3565]: Starting broker... completed with 3 plugins.
Aug 09 14:43:43 MKEL_HD16_B systemd[1]: Started RabbitMQ broker.
Tue Aug  9 05:53:29 UTC 2022 : SUCCESS status rabbitmq-server
Tue Aug  9 06:51:58 UTC 2022 : Server start
● rabbitmq-server.service - RabbitMQ broker
   Loaded: loaded (/usr/lib/systemd/system/rabbitmq-server.service; enabled; vendor preset: disabled)
  Drop-In: /etc/systemd/system/rabbitmq-server.service.d
           └─limits.conf, override.conf
   Active: active (running) since Tue 2022-08-09 15:52:12 KST; 9min ago
  Process: 2758 ExecStartPre=/bin/bash -c /opt/ericsson/controller/setup/remove_rabbit_empty_files.sh 2>&1 (code=exited, status=0/SUCCESS)
 Main PID: 3569 (beam.smp)
   Status: "Initialized"
   CGroup: /system.slice/rabbitmq-server.service
           ├─3569 /usr/lib64/erlang/erts-10.7.2.5/bin/beam.smp -W w -K true -A 1024 -MBas ageffcbf -MHas ageffcbf -MBlmbcs 512 -MHlmbcs 512 -MMmcs 30 -P 1048576 -t 5000000 -stbt db -zdbbl 128000 -- -root /usr/lib64/erlang -progname erl -- -home /var/lib/rabbitmq -- -pa  -noshell -noinput -s rabbit boot -boot start_sasl -lager crash_log false -lager handlers [] --
           ├─4994 erl_child_setup 65000
           ├─5607 /usr/lib64/erlang/erts-10.7.2.5/bin/epmd -daemon
           ├─5913 inet_gethost 4
           └─5915 inet_gethost 4

Aug 09 15:52:11 MKEL_HD16_B rabbitmq-server[3569]: Doc guides: https://rabbitmq.com/documentation.html
Aug 09 15:52:11 MKEL_HD16_B rabbitmq-server[3569]: Support:    https://rabbitmq.com/contact.html
Aug 09 15:52:11 MKEL_HD16_B rabbitmq-server[3569]: Tutorials:  https://rabbitmq.com/getstarted.html
Aug 09 15:52:11 MKEL_HD16_B rabbitmq-server[3569]: Monitoring: https://rabbitmq.com/monitoring.html
Aug 09 15:52:11 MKEL_HD16_B rabbitmq-server[3569]: Logs: /var/log/rabbitmq/controller@192.168.21.51.log
Aug 09 15:52:11 MKEL_HD16_B rabbitmq-server[3569]: /var/log/rabbitmq/controller@192.168.21.51_upgrade.log
Aug 09 15:52:11 MKEL_HD16_B rabbitmq-server[3569]: Config file(s): /etc/rabbitmq/advanced.config
Aug 09 15:52:11 MKEL_HD16_B rabbitmq-server[3569]: /etc/rabbitmq/rabbitmq.conf
Aug 09 15:52:11 MKEL_HD16_B rabbitmq-server[3569]: Starting broker... completed with 3 plugins.
Aug 09 15:52:12 MKEL_HD16_B systemd[1]: Started RabbitMQ broker.
Tue Aug  9 07:01:58 UTC 2022 : SUCCESS status rabbitmq-server
Fri Aug 19 09:13:07 UTC 2022 : Server start
● rabbitmq-server.service - RabbitMQ broker
   Loaded: loaded (/usr/lib/systemd/system/rabbitmq-server.service; enabled; vendor preset: disabled)
  Drop-In: /etc/systemd/system/rabbitmq-server.service.d
           └─limits.conf, override.conf
   Active: active (running) since Fri 2022-08-19 18:13:43 KST; 9min ago
  Process: 2752 ExecStartPre=/bin/bash -c /opt/ericsson/controller/setup/remove_rabbit_empty_files.sh 2>&1 (code=exited, status=0/SUCCESS)
 Main PID: 3568 (beam.smp)
   Status: "Initialized"
   CGroup: /system.slice/rabbitmq-server.service
           ├─3568 /usr/lib64/erlang/erts-10.7.2.5/bin/beam.smp -W w -K true -A 1024 -MBas ageffcbf -MHas ageffcbf -MBlmbcs 512 -MHlmbcs 512 -MMmcs 30 -P 1048576 -t 5000000 -stbt db -zdbbl 128000 -- -root /usr/lib64/erlang -progname erl -- -home /var/lib/rabbitmq -- -pa  -noshell -noinput -s rabbit boot -boot start_sasl -lager crash_log false -lager handlers [] --
           ├─5002 erl_child_setup 65000
           ├─5578 /usr/lib64/erlang/erts-10.7.2.5/bin/epmd -daemon
           ├─5879 inet_gethost 4
           └─5882 inet_gethost 4

Aug 19 18:13:42 MKEL_HD16_B rabbitmq-server[3568]: Doc guides: https://rabbitmq.com/documentation.html
Aug 19 18:13:42 MKEL_HD16_B rabbitmq-server[3568]: Support:    https://rabbitmq.com/contact.html
Aug 19 18:13:42 MKEL_HD16_B rabbitmq-server[3568]: Tutorials:  https://rabbitmq.com/getstarted.html
Aug 19 18:13:42 MKEL_HD16_B rabbitmq-server[3568]: Monitoring: https://rabbitmq.com/monitoring.html
Aug 19 18:13:42 MKEL_HD16_B rabbitmq-server[3568]: Logs: /var/log/rabbitmq/controller@192.168.21.51.log
Aug 19 18:13:42 MKEL_HD16_B rabbitmq-server[3568]: /var/log/rabbitmq/controller@192.168.21.51_upgrade.log
Aug 19 18:13:42 MKEL_HD16_B rabbitmq-server[3568]: Config file(s): /etc/rabbitmq/advanced.config
Aug 19 18:13:42 MKEL_HD16_B rabbitmq-server[3568]: /etc/rabbitmq/rabbitmq.conf
Aug 19 18:13:43 MKEL_HD16_B rabbitmq-server[3568]: Starting broker... completed with 3 plugins.
Aug 19 18:13:43 MKEL_HD16_B systemd[1]: Started RabbitMQ broker.
Fri Aug 19 09:23:06 UTC 2022 : SUCCESS status rabbitmq-server
Fri Aug 26 08:00:04 UTC 2022 : Server start
● rabbitmq-server.service - RabbitMQ broker
   Loaded: loaded (/usr/lib/systemd/system/rabbitmq-server.service; enabled; vendor preset: disabled)
  Drop-In: /etc/systemd/system/rabbitmq-server.service.d
           └─limits.conf, override.conf
   Active: active (running) since Fri 2022-08-26 17:01:15 KST; 9min ago
  Process: 2788 ExecStartPre=/bin/bash -c /opt/ericsson/controller/setup/remove_rabbit_empty_files.sh 2>&1 (code=exited, status=0/SUCCESS)
 Main PID: 3591 (beam.smp)
   Status: "Initialized"
   CGroup: /system.slice/rabbitmq-server.service
           ├─3591 /usr/lib64/erlang/erts-10.7.2.5/bin/beam.smp -W w -K true -A 1024 -MBas ageffcbf -MHas ageffcbf -MBlmbcs 512 -MHlmbcs 512 -MMmcs 30 -P 1048576 -t 5000000 -stbt db -zdbbl 128000 -- -root /usr/lib64/erlang -progname erl -- -home /var/lib/rabbitmq -- -pa  -noshell -noinput -s rabbit boot -boot start_sasl -lager crash_log false -lager handlers [] --
           ├─5031 erl_child_setup 65000
           ├─5637 /usr/lib64/erlang/erts-10.7.2.5/bin/epmd -daemon
           ├─5929 inet_gethost 4
           └─5931 inet_gethost 4

Aug 26 17:01:14 MKEL_HD16_B rabbitmq-server[3591]: Doc guides: https://rabbitmq.com/documentation.html
Aug 26 17:01:14 MKEL_HD16_B rabbitmq-server[3591]: Support:    https://rabbitmq.com/contact.html
Aug 26 17:01:14 MKEL_HD16_B rabbitmq-server[3591]: Tutorials:  https://rabbitmq.com/getstarted.html
Aug 26 17:01:14 MKEL_HD16_B rabbitmq-server[3591]: Monitoring: https://rabbitmq.com/monitoring.html
Aug 26 17:01:14 MKEL_HD16_B rabbitmq-server[3591]: Logs: /var/log/rabbitmq/controller@192.168.21.51.log
Aug 26 17:01:14 MKEL_HD16_B rabbitmq-server[3591]: /var/log/rabbitmq/controller@192.168.21.51_upgrade.log
Aug 26 17:01:14 MKEL_HD16_B rabbitmq-server[3591]: Config file(s): /etc/rabbitmq/advanced.config
Aug 26 17:01:14 MKEL_HD16_B rabbitmq-server[3591]: /etc/rabbitmq/rabbitmq.conf
Aug 26 17:01:14 MKEL_HD16_B rabbitmq-server[3591]: Starting broker... completed with 3 plugins.
Aug 26 17:01:15 MKEL_HD16_B systemd[1]: Started RabbitMQ broker.
Fri Aug 26 08:10:38 UTC 2022 : SUCCESS status rabbitmq-server
Tue Sep 27 06:44:52 UTC 2022 : Server start
● rabbitmq-server.service - RabbitMQ broker
   Loaded: loaded (/usr/lib/systemd/system/rabbitmq-server.service; enabled; vendor preset: disabled)
  Drop-In: /etc/systemd/system/rabbitmq-server.service.d
           └─limits.conf, override.conf
   Active: active (running) since Tue 2022-09-27 15:45:05 KST; 9min ago
  Process: 2770 ExecStartPre=/bin/bash -c /opt/ericsson/controller/setup/remove_rabbit_empty_files.sh 2>&1 (code=exited, status=0/SUCCESS)
 Main PID: 3554 (beam.smp)
   Status: "Initialized"
   CGroup: /system.slice/rabbitmq-server.service
           ├─3554 /usr/lib64/erlang/erts-10.7.2.5/bin/beam.smp -W w -K true -A 1024 -MBas ageffcbf -MHas ageffcbf -MBlmbcs 512 -MHlmbcs 512 -MMmcs 30 -P 1048576 -t 5000000 -stbt db -zdbbl 128000 -- -root /usr/lib64/erlang -progname erl -- -home /var/lib/rabbitmq -- -pa  -noshell -noinput -s rabbit boot -boot start_sasl -lager crash_log false -lager handlers [] --
           ├─5030 erl_child_setup 65000
           ├─5713 /usr/lib64/erlang/erts-10.7.2.5/bin/epmd -daemon
           ├─6000 inet_gethost 4
           └─6002 inet_gethost 4

Sep 27 15:45:04 MKEL_HD16_B rabbitmq-server[3554]: Doc guides: https://rabbitmq.com/documentation.html
Sep 27 15:45:04 MKEL_HD16_B rabbitmq-server[3554]: Support:    https://rabbitmq.com/contact.html
Sep 27 15:45:04 MKEL_HD16_B rabbitmq-server[3554]: Tutorials:  https://rabbitmq.com/getstarted.html
Sep 27 15:45:04 MKEL_HD16_B rabbitmq-server[3554]: Monitoring: https://rabbitmq.com/monitoring.html
Sep 27 15:45:04 MKEL_HD16_B rabbitmq-server[3554]: Logs: /var/log/rabbitmq/controller@192.168.21.51.log
Sep 27 15:45:04 MKEL_HD16_B rabbitmq-server[3554]: /var/log/rabbitmq/controller@192.168.21.51_upgrade.log
Sep 27 15:45:04 MKEL_HD16_B rabbitmq-server[3554]: Config file(s): /etc/rabbitmq/advanced.config
Sep 27 15:45:04 MKEL_HD16_B rabbitmq-server[3554]: /etc/rabbitmq/rabbitmq.conf
Sep 27 15:45:04 MKEL_HD16_B rabbitmq-server[3554]: Starting broker... completed with 3 plugins.
Sep 27 15:45:05 MKEL_HD16_B systemd[1]: Started RabbitMQ broker.
Tue Sep 27 06:54:52 UTC 2022 : SUCCESS status rabbitmq-server
Mon Apr 24 06:17:06 UTC 2023 : Server start
● rabbitmq-server.service - RabbitMQ broker
   Loaded: loaded (/usr/lib/systemd/system/rabbitmq-server.service; enabled; vendor preset: disabled)
  Drop-In: /etc/systemd/system/rabbitmq-server.service.d
           └─limits.conf, override.conf
   Active: active (running) since Mon 2023-04-24 15:17:19 KST; 9min ago
  Process: 2770 ExecStartPre=/bin/bash -c /opt/ericsson/controller/setup/remove_rabbit_empty_files.sh 2>&1 (code=exited, status=0/SUCCESS)
 Main PID: 3574 (beam.smp)
   Status: "Initialized"
   CGroup: /system.slice/rabbitmq-server.service
           ├─3574 /usr/lib64/erlang/erts-10.7.2.5/bin/beam.smp -W w -K true -A 1024 -MBas ageffcbf -MHas ageffcbf -MBlmbcs 512 -MHlmbcs 512 -MMmcs 30 -P 1048576 -t 5000000 -stbt db -zdbbl 128000 -- -root /usr/lib64/erlang -progname erl -- -home /var/lib/rabbitmq -- -pa  -noshell -noinput -s rabbit boot -boot start_sasl -lager crash_log false -lager handlers [] --
           ├─5007 erl_child_setup 65000
           ├─5610 /usr/lib64/erlang/erts-10.7.2.5/bin/epmd -daemon
           ├─5903 inet_gethost 4
           └─5905 inet_gethost 4

Apr 24 15:17:18 MKEL_HD16_B rabbitmq-server[3574]: Doc guides: https://rabbitmq.com/documentation.html
Apr 24 15:17:18 MKEL_HD16_B rabbitmq-server[3574]: Support:    https://rabbitmq.com/contact.html
Apr 24 15:17:18 MKEL_HD16_B rabbitmq-server[3574]: Tutorials:  https://rabbitmq.com/getstarted.html
Apr 24 15:17:18 MKEL_HD16_B rabbitmq-server[3574]: Monitoring: https://rabbitmq.com/monitoring.html
Apr 24 15:17:18 MKEL_HD16_B rabbitmq-server[3574]: Logs: /var/log/rabbitmq/controller@192.168.21.51.log
Apr 24 15:17:18 MKEL_HD16_B rabbitmq-server[3574]: /var/log/rabbitmq/controller@192.168.21.51_upgrade.log
Apr 24 15:17:18 MKEL_HD16_B rabbitmq-server[3574]: Config file(s): /etc/rabbitmq/advanced.config
Apr 24 15:17:18 MKEL_HD16_B rabbitmq-server[3574]: /etc/rabbitmq/rabbitmq.conf
Apr 24 15:17:19 MKEL_HD16_B rabbitmq-server[3574]: Starting broker... completed with 3 plugins.
Apr 24 15:17:19 MKEL_HD16_B systemd[1]: Started RabbitMQ broker.
Mon Apr 24 06:27:06 UTC 2023 : SUCCESS status rabbitmq-server
Tue May 30 02:21:06 UTC 2023 : Server start
● rabbitmq-server.service - RabbitMQ broker
   Loaded: loaded (/usr/lib/systemd/system/rabbitmq-server.service; enabled; vendor preset: disabled)
  Drop-In: /etc/systemd/system/rabbitmq-server.service.d
           └─limits.conf, override.conf
   Active: active (running) since Tue 2023-05-30 11:21:19 KST; 9min ago
  Process: 2751 ExecStartPre=/bin/bash -c /opt/ericsson/controller/setup/remove_rabbit_empty_files.sh 2>&1 (code=exited, status=0/SUCCESS)
 Main PID: 3562 (beam.smp)
   Status: "Initialized"
   CGroup: /system.slice/rabbitmq-server.service
           ├─3562 /usr/lib64/erlang/erts-10.7.2.5/bin/beam.smp -W w -K true -A 1024 -MBas ageffcbf -MHas ageffcbf -MBlmbcs 512 -MHlmbcs 512 -MMmcs 30 -P 1048576 -t 5000000 -stbt db -zdbbl 128000 -- -root /usr/lib64/erlang -progname erl -- -home /var/lib/rabbitmq -- -pa  -noshell -noinput -s rabbit boot -boot start_sasl -lager crash_log false -lager handlers [] --
           ├─5004 erl_child_setup 65000
           ├─5616 /usr/lib64/erlang/erts-10.7.2.5/bin/epmd -daemon
           ├─5909 inet_gethost 4
           └─5911 inet_gethost 4

May 30 11:21:18 MKEL_HD16_B rabbitmq-server[3562]: Doc guides: https://rabbitmq.com/documentation.html
May 30 11:21:18 MKEL_HD16_B rabbitmq-server[3562]: Support:    https://rabbitmq.com/contact.html
May 30 11:21:18 MKEL_HD16_B rabbitmq-server[3562]: Tutorials:  https://rabbitmq.com/getstarted.html
May 30 11:21:18 MKEL_HD16_B rabbitmq-server[3562]: Monitoring: https://rabbitmq.com/monitoring.html
May 30 11:21:18 MKEL_HD16_B rabbitmq-server[3562]: Logs: /var/log/rabbitmq/controller@192.168.21.51.log
May 30 11:21:18 MKEL_HD16_B rabbitmq-server[3562]: /var/log/rabbitmq/controller@192.168.21.51_upgrade.log
May 30 11:21:18 MKEL_HD16_B rabbitmq-server[3562]: Config file(s): /etc/rabbitmq/advanced.config
May 30 11:21:18 MKEL_HD16_B rabbitmq-server[3562]: /etc/rabbitmq/rabbitmq.conf
May 30 11:21:18 MKEL_HD16_B rabbitmq-server[3562]: Starting broker... completed with 3 plugins.
May 30 11:21:19 MKEL_HD16_B systemd[1]: Started RabbitMQ broker.
Tue May 30 02:31:06 UTC 2023 : SUCCESS status rabbitmq-server
Mon Aug  7 15:13:23 UTC 2023 : Server start
● rabbitmq-server.service - RabbitMQ broker
   Loaded: loaded (/usr/lib/systemd/system/rabbitmq-server.service; enabled; vendor preset: disabled)
  Drop-In: /etc/systemd/system/rabbitmq-server.service.d
           └─limits.conf, override.conf
   Active: active (running) since Tue 2023-08-08 00:13:36 KST; 9min ago
 Main PID: 3473 (beam.smp)
   Status: "Initialized"
   CGroup: /system.slice/rabbitmq-server.service
           ├─3473 /usr/lib64/erlang/erts-10.7.2.5/bin/beam.smp -W w -K true -A 1024 -MBas ageffcbf -MHas ageffcbf -MBlmbcs 512 -MHlmbcs 512 -MMmcs 30 -P 1048576 -t 5000000 -stbt db -zdbbl 128000 -- -root /usr/lib64/erlang -progname erl -- -home /var/lib/rabbitmq -- -pa  -noshell -noinput -s rabbit boot -boot start_sasl -lager crash_log false -lager handlers [] --
           ├─5145 erl_child_setup 65000
           ├─5894 /usr/lib64/erlang/erts-10.7.2.5/bin/epmd -daemon
           ├─6316 inet_gethost 4
           └─6331 inet_gethost 4

Aug 08 00:13:35 MKEL_HD16_B rabbitmq-server[3473]: Doc guides: https://rabbitmq.com/documentation.html
Aug 08 00:13:35 MKEL_HD16_B rabbitmq-server[3473]: Support:    https://rabbitmq.com/contact.html
Aug 08 00:13:35 MKEL_HD16_B rabbitmq-server[3473]: Tutorials:  https://rabbitmq.com/getstarted.html
Aug 08 00:13:35 MKEL_HD16_B rabbitmq-server[3473]: Monitoring: https://rabbitmq.com/monitoring.html
Aug 08 00:13:35 MKEL_HD16_B rabbitmq-server[3473]: Logs: /var/log/rabbitmq/controller@192.168.21.51.log
Aug 08 00:13:35 MKEL_HD16_B rabbitmq-server[3473]: /var/log/rabbitmq/controller@192.168.21.51_upgrade.log
Aug 08 00:13:35 MKEL_HD16_B rabbitmq-server[3473]: Config file(s): /etc/rabbitmq/advanced.config
Aug 08 00:13:35 MKEL_HD16_B rabbitmq-server[3473]: /etc/rabbitmq/rabbitmq.conf
Aug 08 00:13:36 MKEL_HD16_B rabbitmq-server[3473]: Starting broker... completed with 3 plugins.
Aug 08 00:13:36 MKEL_HD16_B systemd[1]: Started RabbitMQ broker.
Mon Aug  7 15:23:23 UTC 2023 : SUCCESS status rabbitmq-server
Mon Aug  7 15:59:16 UTC 2023 : Server start
● rabbitmq-server.service - RabbitMQ broker
   Loaded: loaded (/usr/lib/systemd/system/rabbitmq-server.service; enabled; vendor preset: disabled)
  Drop-In: /etc/systemd/system/rabbitmq-server.service.d
           └─limits.conf, override.conf
   Active: active (running) since Tue 2023-08-08 00:59:30 KST; 9min ago
  Process: 2773 ExecStartPre=/bin/bash -c /opt/ericsson/controller/setup/remove_rabbit_empty_files.sh 2>&1 (code=exited, status=0/SUCCESS)
 Main PID: 3562 (beam.smp)
   Status: "Initialized"
   CGroup: /system.slice/rabbitmq-server.service
           ├─3562 /usr/lib64/erlang/erts-10.7.2.5/bin/beam.smp -W w -K true -A 1024 -MBas ageffcbf -MHas ageffcbf -MBlmbcs 512 -MHlmbcs 512 -MMmcs 30 -P 1048576 -t 5000000 -stbt db -zdbbl 128000 -- -root /usr/lib64/erlang -progname erl -- -home /var/lib/rabbitmq -- -pa  -noshell -noinput -s rabbit boot -boot start_sasl -lager crash_log false -lager handlers [] --
           ├─4996 erl_child_setup 65000
           ├─5604 /usr/lib64/erlang/erts-10.7.2.5/bin/epmd -daemon
           ├─5873 inet_gethost 4
           └─5876 inet_gethost 4

Aug 08 00:59:29 MKEL_HD16_B rabbitmq-server[3562]: Doc guides: https://rabbitmq.com/documentation.html
Aug 08 00:59:29 MKEL_HD16_B rabbitmq-server[3562]: Support:    https://rabbitmq.com/contact.html
Aug 08 00:59:29 MKEL_HD16_B rabbitmq-server[3562]: Tutorials:  https://rabbitmq.com/getstarted.html
Aug 08 00:59:29 MKEL_HD16_B rabbitmq-server[3562]: Monitoring: https://rabbitmq.com/monitoring.html
Aug 08 00:59:29 MKEL_HD16_B rabbitmq-server[3562]: Logs: /var/log/rabbitmq/controller@192.168.21.51.log
Aug 08 00:59:29 MKEL_HD16_B rabbitmq-server[3562]: /var/log/rabbitmq/controller@192.168.21.51_upgrade.log
Aug 08 00:59:29 MKEL_HD16_B rabbitmq-server[3562]: Config file(s): /etc/rabbitmq/advanced.config
Aug 08 00:59:29 MKEL_HD16_B rabbitmq-server[3562]: /etc/rabbitmq/rabbitmq.conf
Aug 08 00:59:30 MKEL_HD16_B rabbitmq-server[3562]: Starting broker... completed with 3 plugins.
Aug 08 00:59:30 MKEL_HD16_B systemd[1]: Started RabbitMQ broker.
Mon Aug  7 16:09:17 UTC 2023 : SUCCESS status rabbitmq-server
Tue Oct 24 18:27:18 UTC 2023 : Server start
● rabbitmq-server.service - RabbitMQ broker
   Loaded: loaded (/usr/lib/systemd/system/rabbitmq-server.service; enabled; vendor preset: disabled)
  Drop-In: /etc/systemd/system/rabbitmq-server.service.d
           └─limits.conf, override.conf
   Active: active (running) since Wed 2023-10-25 03:27:31 KST; 9min ago
  Process: 2700 ExecStartPre=/bin/bash -c /opt/ericsson/controller/setup/remove_rabbit_empty_files.sh 2>&1 (code=exited, status=0/SUCCESS)
 Main PID: 3554 (beam.smp)
   Status: "Initialized"
   CGroup: /system.slice/rabbitmq-server.service
           ├─3554 /usr/lib64/erlang/erts-10.7.2.5/bin/beam.smp -W w -K true -A 1024 -MBas ageffcbf -MHas ageffcbf -MBlmbcs 512 -MHlmbcs 512 -MMmcs 30 -P 1048576 -t 5000000 -stbt db -zdbbl 128000 -- -root /usr/lib64/erlang -progname erl -- -home /var/lib/rabbitmq -- -pa  -noshell -noinput -s rabbit boot -boot start_sasl -lager crash_log false -lager handlers [] --
           ├─4995 erl_child_setup 65000
           ├─5765 /usr/lib64/erlang/erts-10.7.2.5/bin/epmd -daemon
           ├─6055 inet_gethost 4
           └─6058 inet_gethost 4

Oct 25 03:27:30 MKEL_HD16_B rabbitmq-server[3554]: Doc guides: https://rabbitmq.com/documentation.html
Oct 25 03:27:30 MKEL_HD16_B rabbitmq-server[3554]: Support:    https://rabbitmq.com/contact.html
Oct 25 03:27:30 MKEL_HD16_B rabbitmq-server[3554]: Tutorials:  https://rabbitmq.com/getstarted.html
Oct 25 03:27:30 MKEL_HD16_B rabbitmq-server[3554]: Monitoring: https://rabbitmq.com/monitoring.html
Oct 25 03:27:30 MKEL_HD16_B rabbitmq-server[3554]: Logs: /var/log/rabbitmq/controller@192.168.21.51.log
Oct 25 03:27:30 MKEL_HD16_B rabbitmq-server[3554]: /var/log/rabbitmq/controller@192.168.21.51_upgrade.log
Oct 25 03:27:30 MKEL_HD16_B rabbitmq-server[3554]: Config file(s): /etc/rabbitmq/advanced.config
Oct 25 03:27:30 MKEL_HD16_B rabbitmq-server[3554]: /etc/rabbitmq/rabbitmq.conf
Oct 25 03:27:31 MKEL_HD16_B rabbitmq-server[3554]: Starting broker... completed with 3 plugins.
Oct 25 03:27:31 MKEL_HD16_B systemd[1]: Started RabbitMQ broker.
Tue Oct 24 18:37:18 UTC 2023 : SUCCESS status rabbitmq-server
Mon Dec 18 05:02:31 UTC 2023 : Server start
● rabbitmq-server.service - RabbitMQ broker
   Loaded: loaded (/usr/lib/systemd/system/rabbitmq-server.service; enabled; vendor preset: disabled)
  Drop-In: /etc/systemd/system/rabbitmq-server.service.d
           └─limits.conf, override.conf
   Active: active (running) since Mon 2023-12-18 14:02:44 KST; 9min ago
 Main PID: 3093 (beam.smp)
   Status: "Initialized"
   CGroup: /system.slice/rabbitmq-server.service
           ├─3093 /usr/lib64/erlang/erts-10.7.2.5/bin/beam.smp -W w -K true -A 1024 -MBas ageffcbf -MHas ageffcbf -MBlmbcs 512 -MHlmbcs 512 -MMmcs 30 -P 1048576 -t 5000000 -stbt db -zdbbl 128000 -- -root /usr/lib64/erlang -progname erl -- -home /var/lib/rabbitmq -- -pa  -noshell -noinput -s rabbit boot -boot start_sasl -lager crash_log false -lager handlers [] --
           ├─4954 erl_child_setup 65000
           ├─5652 /usr/lib64/erlang/erts-10.7.2.5/bin/epmd -daemon
           ├─5945 inet_gethost 4
           └─5951 inet_gethost 4

Dec 18 14:02:43 MKEL_HD16_B rabbitmq-server[3093]: Doc guides: https://rabbitmq.com/documentation.html
Dec 18 14:02:43 MKEL_HD16_B rabbitmq-server[3093]: Support:    https://rabbitmq.com/contact.html
Dec 18 14:02:43 MKEL_HD16_B rabbitmq-server[3093]: Tutorials:  https://rabbitmq.com/getstarted.html
Dec 18 14:02:43 MKEL_HD16_B rabbitmq-server[3093]: Monitoring: https://rabbitmq.com/monitoring.html
Dec 18 14:02:43 MKEL_HD16_B rabbitmq-server[3093]: Logs: /var/log/rabbitmq/controller@192.168.21.51.log
Dec 18 14:02:43 MKEL_HD16_B rabbitmq-server[3093]: /var/log/rabbitmq/controller@192.168.21.51_upgrade.log
Dec 18 14:02:43 MKEL_HD16_B rabbitmq-server[3093]: Config file(s): /etc/rabbitmq/advanced.config
Dec 18 14:02:43 MKEL_HD16_B rabbitmq-server[3093]: /etc/rabbitmq/rabbitmq.conf
Dec 18 14:02:44 MKEL_HD16_B rabbitmq-server[3093]: Starting broker... completed with 3 plugins.
Dec 18 14:02:44 MKEL_HD16_B systemd[1]: Started RabbitMQ broker.
Mon Dec 18 05:12:31 UTC 2023 : SUCCESS status rabbitmq-server
Tue Feb 27 01:06:08 UTC 2024 : Server start
● rabbitmq-server.service - RabbitMQ broker
   Loaded: loaded (/usr/lib/systemd/system/rabbitmq-server.service; enabled; vendor preset: disabled)
  Drop-In: /etc/systemd/system/rabbitmq-server.service.d
           └─limits.conf, override.conf
   Active: active (running) since Tue 2024-02-27 10:06:21 KST; 9min ago
 Main PID: 3513 (beam.smp)
   Status: "Initialized"
   CGroup: /system.slice/rabbitmq-server.service
           ├─3513 /usr/lib64/erlang/erts-10.7.2.5/bin/beam.smp -W w -K true -A 1024 -MBas ageffcbf -MHas ageffcbf -MBlmbcs 512 -MHlmbcs 512 -MMmcs 30 -P 1048576 -t 5000000 -stbt db -zdbbl 128000 -- -root /usr/lib64/erlang -progname erl -- -home /var/lib/rabbitmq -- -pa  -noshell -noinput -s rabbit boot -boot start_sasl -lager crash_log false -lager handlers [] --
           ├─4969 erl_child_setup 65000
           ├─5635 /usr/lib64/erlang/erts-10.7.2.5/bin/epmd -daemon
           ├─5928 inet_gethost 4
           └─5931 inet_gethost 4

Feb 27 10:06:20 MKEL_HD16_B rabbitmq-server[3513]: Doc guides: https://rabbitmq.com/documentation.html
Feb 27 10:06:20 MKEL_HD16_B rabbitmq-server[3513]: Support:    https://rabbitmq.com/contact.html
Feb 27 10:06:20 MKEL_HD16_B rabbitmq-server[3513]: Tutorials:  https://rabbitmq.com/getstarted.html
Feb 27 10:06:20 MKEL_HD16_B rabbitmq-server[3513]: Monitoring: https://rabbitmq.com/monitoring.html
Feb 27 10:06:20 MKEL_HD16_B rabbitmq-server[3513]: Logs: /var/log/rabbitmq/controller@192.168.21.51.log
Feb 27 10:06:20 MKEL_HD16_B rabbitmq-server[3513]: /var/log/rabbitmq/controller@192.168.21.51_upgrade.log
Feb 27 10:06:20 MKEL_HD16_B rabbitmq-server[3513]: Config file(s): /etc/rabbitmq/advanced.config
Feb 27 10:06:20 MKEL_HD16_B rabbitmq-server[3513]: /etc/rabbitmq/rabbitmq.conf
Feb 27 10:06:21 MKEL_HD16_B rabbitmq-server[3513]: Starting broker... completed with 3 plugins.
Feb 27 10:06:21 MKEL_HD16_B systemd[1]: Started RabbitMQ broker.
Tue Feb 27 01:16:08 UTC 2024 : SUCCESS status rabbitmq-server
