-----------Freespace (df -lh)---------------------------
Filesystem                   Size  Used Avail Use% Mounted on
/dev/mapper/vg_main-lv_root   33G  5.4G   26G  18% /
devtmpfs                      94G     0   94G   0% /dev
tmpfs                         94G   52K   94G   1% /dev/shm
tmpfs                         94G     0   94G   0% /sys/fs/cgroup
tmpfs                         94G 1019M   93G   2% /run
/dev/sda1                    488M  314M  139M  70% /boot
/dev/mapper/vg_main-lv_opt    33G  3.1G   28G  10% /opt
/dev/mapper/vg_main-lv_var   110G  1.7G  102G   2% /var

-----------process running (top -n -1 -b)---------------------------
top - 11:37:46 up 17 days,  1:31,  0 users,  load average: 55.55, 48.30, 48.77
Tasks: 923 total,   2 running, 921 sleeping,   0 stopped,   0 zombie
%Cpu(s): 54.2 us,  4.9 sy,  0.1 ni, 40.4 id,  0.0 wa,  0.0 hi,  0.4 si,  0.0 st
KiB Mem : 19651568+total, 15327406+free, 40134556 used,  3107052 buff/cache
KiB Swap:        0 total,        0 free,        0 used. 15460832+avail Mem 

   PID USER      PR  NI    VIRT    RES    SHR S  %CPU %MEM     TIME+ COMMAND
 13602 ericsson  20   0 9247144   2.0g  94892 S 477.8  1.1  89149:26 liveTrans+
 12289 ericsson  20   0 9944220   2.0g  95644 S 400.0  1.1  89038:57 liveTrans+
 12719 ericsson  20   0 9878688   1.9g  95584 S 394.4  1.0  88987:03 liveTrans+
 11918 ericsson  20   0 9775.1m   2.1g  95588 S 388.9  1.1  89423:42 liveTrans+
 12486 ericsson  20   0 9878684   1.9g  95652 S 388.9  1.0  90505:05 liveTrans+
 13239 ericsson  20   0 9878688   1.9g  95628 S 388.9  1.0  87942:12 liveTrans+
 12121 ericsson  20   0 8603652   1.8g  95708 S 366.7  1.0  89857:37 liveTrans+
 11727 ericsson  20   0 9878652   1.9g  95580 R 361.1  1.0  85703:17 liveTrans+
 13429 ericsson  20   0 9050536   1.8g  94844 S 350.0  1.0  83107:02 liveTrans+
 13788 ericsson  20   0 9878684   1.9g  95652 S 338.9  1.0  82067:38 liveTrans+
 12896 ericsson  20   0 9116072   1.9g  94844 S 333.3  1.0  88776:14 liveTrans+
 13060 ericsson  20   0 8649560   1.5g  94652 S 322.2  0.8  87441:40 liveTrans+
138694 ericsson  20   0 8939008   1.3g  95700 S 311.1  0.7   9118:20 liveTrans+
 11202 ericsson  20   0 8785668   1.5g  95640 S 294.4  0.8  79088:20 liveTrans+
 11363 ericsson  20   0 8481152   1.2g  95408 S 255.6  0.6  73252:41 liveTrans+
  2697 ericsson  20   0  279588  15396   9592 S  16.7  0.0   2948:11 automatio+
216691 apache    26   6   59096   2860   1460 R  16.7  0.0   0:00.05 top
  2657 ericsson  20   0  279588  15392   9592 S  11.1  0.0   2947:01 automatio+
  1754 root      20   0  270864   9592   1912 S   5.6  0.0   1081:06 rsyslogd
  3081 ericsson  20   0  171224  12672   1936 S   5.6  0.0 560:05.19 redis-ser+
  3169 ericsson  20   0  174296  12940   1948 S   5.6  0.0 104:28.07 redis-ser+
  5499 ericsson  20   0 1094060  81016   5576 S   5.6  0.0 159:46.86 uwsgi
  5514 ericsson  20   0 1094284  81712   5580 S   5.6  0.0 278:03.55 uwsgi
  5536 ericsson  20   0 1101604  89080   5696 S   5.6  0.0 276:59.82 uwsgi
  6556 ericsson  20   0  857128  95020   3492 S   5.6  0.0  41:06.36 celery
     1 root      20   0  194056   7192   4208 S   0.0  0.0   2:50.37 systemd
     2 root      20   0       0      0      0 S   0.0  0.0   0:00.55 kthreadd
     4 root       0 -20       0      0      0 S   0.0  0.0   0:00.00 kworker/0+
     5 root      20   0       0      0      0 S   0.0  0.0   0:00.00 kworker/u+
     6 root      20   0       0      0      0 S   0.0  0.0   0:35.96 ksoftirqd+
     7 root      rt   0       0      0      0 S   0.0  0.0   0:10.58 migration+
     8 root      20   0       0      0      0 S   0.0  0.0   0:00.00 rcu_bh
     9 root      20   0       0      0      0 S   0.0  0.0  90:36.59 rcu_sched
    10 root       0 -20       0      0      0 S   0.0  0.0   0:00.00 lru-add-d+
    11 root      rt   0       0      0      0 S   0.0  0.0   0:06.71 watchdog/0
    12 root      rt   0       0      0      0 S   0.0  0.0   0:06.95 watchdog/1
    13 root      rt   0       0      0      0 S   0.0  0.0   0:09.84 migration+
    14 root      20   0       0      0      0 S   0.0  0.0   5:56.96 ksoftirqd+
    16 root       0 -20       0      0      0 S   0.0  0.0   0:00.00 kworker/1+
    18 root      rt   0       0      0      0 S   0.0  0.0   0:04.59 watchdog/2
    19 root      rt   0       0      0      0 S   0.0  0.0   0:10.11 migration+
    20 root      20   0       0      0      0 S   0.0  0.0   3:03.60 ksoftirqd+
    22 root       0 -20       0      0      0 S   0.0  0.0   0:00.00 kworker/2+
    23 root      rt   0       0      0      0 S   0.0  0.0   0:04.22 watchdog/3
    24 root      rt   0       0      0      0 S   0.0  0.0   0:09.31 migration+
    25 root      20   0       0      0      0 S   0.0  0.0   2:44.98 ksoftirqd+
    27 root       0 -20       0      0      0 S   0.0  0.0   0:00.00 kworker/3+
    28 root      rt   0       0      0      0 S   0.0  0.0   0:03.99 watchdog/4
    29 root      rt   0       0      0      0 S   0.0  0.0   0:10.58 migration+
    30 root      20   0       0      0      0 S   0.0  0.0   2:40.06 ksoftirqd+
    32 root       0 -20       0      0      0 S   0.0  0.0   0:00.00 kworker/4+
    33 root      rt   0       0      0      0 S   0.0  0.0   0:03.36 watchdog/5
    34 root      rt   0       0      0      0 S   0.0  0.0   0:09.74 migration+
    35 root      20   0       0      0      0 S   0.0  0.0   0:27.37 ksoftirqd+
    37 root       0 -20       0      0      0 S   0.0  0.0   0:00.00 kworker/5+
    38 root      rt   0       0      0      0 S   0.0  0.0   0:04.02 watchdog/6
    39 root      rt   0       0      0      0 S   0.0  0.0   0:10.48 migration+
    40 root      20   0       0      0      0 S   0.0  0.0   4:54.81 ksoftirqd+
    42 root       0 -20       0      0      0 S   0.0  0.0   0:00.00 kworker/6+
    43 root      rt   0       0      0      0 S   0.0  0.0   0:03.45 watchdog/7
    44 root      rt   0       0      0      0 S   0.0  0.0   0:10.25 migration+
    45 root      20   0       0      0      0 S   0.0  0.0   0:16.97 ksoftirqd+
    47 root       0 -20       0      0      0 S   0.0  0.0   0:00.00 kworker/7+
    48 root      rt   0       0      0      0 S   0.0  0.0   0:04.34 watchdog/8
    49 root      rt   0       0      0      0 S   0.0  0.0   0:10.54 migration+
    50 root      20   0       0      0      0 S   0.0  0.0   3:01.98 ksoftirqd+
    52 root       0 -20       0      0      0 S   0.0  0.0   0:00.00 kworker/8+
    53 root      rt   0       0      0      0 S   0.0  0.0   0:04.56 watchdog/9
    54 root      rt   0       0      0      0 S   0.0  0.0   0:09.66 migration+
    55 root      20   0       0      0      0 S   0.0  0.0   6:37.19 ksoftirqd+
    57 root       0 -20       0      0      0 S   0.0  0.0   0:00.00 kworker/9+
    58 root      rt   0       0      0      0 S   0.0  0.0   0:04.38 watchdog/+
    59 root      rt   0       0      0      0 S   0.0  0.0   0:09.77 migration+
    60 root      20   0       0      0      0 S   0.0  0.0   0:12.28 ksoftirqd+
    62 root       0 -20       0      0      0 S   0.0  0.0   0:00.00 kworker/1+
    63 root      rt   0       0      0      0 S   0.0  0.0   0:04.64 watchdog/+
    64 root      rt   0       0      0      0 S   0.0  0.0   0:09.58 migration+
    65 root      20   0       0      0      0 S   0.0  0.0   1:55.17 ksoftirqd+
    67 root       0 -20       0      0      0 S   0.0  0.0   0:00.00 kworker/1+
    68 root      rt   0       0      0      0 S   0.0  0.0   0:04.12 watchdog/+
    69 root      rt   0       0      0      0 S   0.0  0.0   0:09.75 migration+
    70 root      20   0       0      0      0 S   0.0  0.0   0:16.53 ksoftirqd+
    72 root       0 -20       0      0      0 S   0.0  0.0   0:00.00 kworker/1+
    73 root      rt   0       0      0      0 S   0.0  0.0   0:04.25 watchdog/+
    74 root      rt   0       0      0      0 S   0.0  0.0   0:09.93 migration+
    75 root      20   0       0      0      0 S   0.0  0.0   9:07.20 ksoftirqd+
    77 root       0 -20       0      0      0 S   0.0  0.0   0:00.00 kworker/1+
    78 root      rt   0       0      0      0 S   0.0  0.0   0:03.61 watchdog/+
    79 root      rt   0       0      0      0 S   0.0  0.0   0:09.84 migration+
    80 root      20   0       0      0      0 S   0.0  0.0   0:10.06 ksoftirqd+
    82 root       0 -20       0      0      0 S   0.0  0.0   0:00.00 kworker/1+
    83 root      rt   0       0      0      0 S   0.0  0.0   0:03.92 watchdog/+
    84 root      rt   0       0      0      0 S   0.0  0.0   0:12.23 migration+
    85 root      20   0       0      0      0 S   0.0  0.0   1:58.77 ksoftirqd+
    87 root       0 -20       0      0      0 S   0.0  0.0   0:00.00 kworker/1+
    88 root      rt   0       0      0      0 S   0.0  0.0   0:04.05 watchdog/+
    89 root      rt   0       0      0      0 S   0.0  0.0   0:10.76 migration+
    90 root      20   0       0      0      0 S   0.0  0.0   5:38.09 ksoftirqd+
    92 root       0 -20       0      0      0 S   0.0  0.0   0:00.00 kworker/1+
    93 root      rt   0       0      0      0 S   0.0  0.0   0:03.83 watchdog/+
    94 root      rt   0       0      0      0 S   0.0  0.0   0:14.08 migration+
    95 root      20   0       0      0      0 S   0.0  0.0   1:59.43 ksoftirqd+
    97 root       0 -20       0      0      0 S   0.0  0.0   0:00.00 kworker/1+
    98 root      rt   0       0      0      0 S   0.0  0.0   0:04.15 watchdog/+
    99 root      rt   0       0      0      0 S   0.0  0.0   0:11.40 migration+
   100 root      20   0       0      0      0 S   0.0  0.0   0:07.54 ksoftirqd+
   102 root       0 -20       0      0      0 S   0.0  0.0   0:00.00 kworker/1+
   103 root      rt   0       0      0      0 S   0.0  0.0   0:04.07 watchdog/+
   104 root      rt   0       0      0      0 S   0.0  0.0   0:10.94 migration+
   105 root      20   0       0      0      0 S   0.0  0.0   0:06.74 ksoftirqd+
   107 root       0 -20       0      0      0 S   0.0  0.0   0:00.00 kworker/1+
   108 root      rt   0       0      0      0 S   0.0  0.0   0:04.62 watchdog/+
   109 root      rt   0       0      0      0 S   0.0  0.0   0:11.88 migration+
   110 root      20   0       0      0      0 S   0.0  0.0   2:49.95 ksoftirqd+
   112 root       0 -20       0      0      0 S   0.0  0.0   0:00.00 kworker/2+
   113 root      rt   0       0      0      0 S   0.0  0.0   0:04.31 watchdog/+
   114 root      rt   0       0      0      0 S   0.0  0.0   0:10.87 migration+
   115 root      20   0       0      0      0 S   0.0  0.0   0:05.39 ksoftirqd+
   117 root       0 -20       0      0      0 S   0.0  0.0   0:00.00 kworker/2+
   118 root      rt   0       0      0      0 S   0.0  0.0   0:04.13 watchdog/+
   119 root      rt   0       0      0      0 S   0.0  0.0   0:10.68 migration+
   120 root      20   0       0      0      0 S   0.0  0.0   0:06.29 ksoftirqd+
   122 root       0 -20       0      0      0 S   0.0  0.0   0:00.00 kworker/2+
   123 root      rt   0       0      0      0 S   0.0  0.0   0:03.73 watchdog/+
   124 root      rt   0       0      0      0 S   0.0  0.0   0:10.57 migration+
   125 root      20   0       0      0      0 S   0.0  0.0   0:05.63 ksoftirqd+
   127 root       0 -20       0      0      0 S   0.0  0.0   0:00.00 kworker/2+
   128 root      rt   0       0      0      0 S   0.0  0.0   0:04.71 watchdog/+
   129 root      rt   0       0      0      0 S   0.0  0.0   0:07.97 migration+
   130 root      20   0       0      0      0 S   0.0  0.0   0:03.39 ksoftirqd+
   132 root       0 -20       0      0      0 S   0.0  0.0   0:00.00 kworker/2+
   134 root      rt   0       0      0      0 S   0.0  0.0   0:04.51 watchdog/+
   135 root      rt   0       0      0      0 S   0.0  0.0   0:08.15 migration+
   136 root      20   0       0      0      0 S   0.0  0.0   0:25.35 ksoftirqd+
   138 root       0 -20       0      0      0 S   0.0  0.0   0:00.00 kworker/2+
   139 root      rt   0       0      0      0 S   0.0  0.0   0:04.11 watchdog/+
   140 root      rt   0       0      0      0 S   0.0  0.0   0:08.28 migration+
   141 root      20   0       0      0      0 S   0.0  0.0   0:02.94 ksoftirqd+
   143 root       0 -20       0      0      0 S   0.0  0.0   0:00.00 kworker/2+
   144 root      rt   0       0      0      0 S   0.0  0.0   0:03.80 watchdog/+
   145 root      rt   0       0      0      0 S   0.0  0.0   0:08.40 migration+
   146 root      20   0       0      0      0 S   0.0  0.0   0:03.06 ksoftirqd+
   148 root       0 -20       0      0      0 S   0.0  0.0   0:00.00 kworker/2+
   149 root      rt   0       0      0      0 S   0.0  0.0   0:03.42 watchdog/+
   150 root      rt   0       0      0      0 S   0.0  0.0   0:08.50 migration+
   151 root      20   0       0      0      0 S   0.0  0.0   0:02.78 ksoftirqd+
   153 root       0 -20       0      0      0 S   0.0  0.0   0:00.00 kworker/2+
   154 root      rt   0       0      0      0 S   0.0  0.0   0:03.24 watchdog/+
   155 root      rt   0       0      0      0 S   0.0  0.0   0:08.58 migration+
   156 root      20   0       0      0      0 S   0.0  0.0   0:02.67 ksoftirqd+
   158 root       0 -20       0      0      0 S   0.0  0.0   0:00.00 kworker/2+
   159 root      rt   0       0      0      0 S   0.0  0.0   0:03.67 watchdog/+
   160 root      rt   0       0      0      0 S   0.0  0.0   0:08.63 migration+
   161 root      20   0       0      0      0 S   0.0  0.0   0:02.59 ksoftirqd+
   163 root       0 -20       0      0      0 S   0.0  0.0   0:00.00 kworker/3+
   164 root      rt   0       0      0      0 S   0.0  0.0   0:04.37 watchdog/+
   165 root      rt   0       0      0      0 S   0.0  0.0   0:08.65 migration+
   166 root      20   0       0      0      0 S   0.0  0.0   0:02.59 ksoftirqd+
   168 root       0 -20       0      0      0 S   0.0  0.0   0:00.00 kworker/3+
   169 root      rt   0       0      0      0 S   0.0  0.0   0:03.96 watchdog/+
   170 root      rt   0       0      0      0 S   0.0  0.0   0:08.74 migration+
   171 root      20   0       0      0      0 S   0.0  0.0   0:02.63 ksoftirqd+
   173 root       0 -20       0      0      0 S   0.0  0.0   0:00.00 kworker/3+
   174 root      rt   0       0      0      0 S   0.0  0.0   0:04.30 watchdog/+
   175 root      rt   0       0      0      0 S   0.0  0.0   0:08.89 migration+
   176 root      20   0       0      0      0 S   0.0  0.0   0:02.64 ksoftirqd+
   178 root       0 -20       0      0      0 S   0.0  0.0   0:00.00 kworker/3+
   179 root      rt   0       0      0      0 S   0.0  0.0   0:04.39 watchdog/+
   180 root      rt   0       0      0      0 S   0.0  0.0   0:08.95 migration+
   181 root      20   0       0      0      0 S   0.0  0.0   0:02.64 ksoftirqd+
   183 root       0 -20       0      0      0 S   0.0  0.0   0:00.00 kworker/3+
   184 root      rt   0       0      0      0 S   0.0  0.0   0:04.11 watchdog/+
   185 root      rt   0       0      0      0 S   0.0  0.0   0:09.04 migration+
   186 root      20   0       0      0      0 S   0.0  0.0   0:02.65 ksoftirqd+
   188 root       0 -20       0      0      0 S   0.0  0.0   0:00.00 kworker/3+
   189 root      rt   0       0      0      0 S   0.0  0.0   0:03.82 watchdog/+
   190 root      rt   0       0      0      0 S   0.0  0.0   0:09.08 migration+
   191 root      20   0       0      0      0 S   0.0  0.0   0:02.71 ksoftirqd+
   193 root       0 -20       0      0      0 S   0.0  0.0   0:00.00 kworker/3+
   194 root      rt   0       0      0      0 S   0.0  0.0   0:03.59 watchdog/+
   195 root      rt   0       0      0      0 S   0.0  0.0   0:09.13 migration+
   196 root      20   0       0      0      0 S   0.0  0.0   0:02.73 ksoftirqd+
   198 root       0 -20       0      0      0 S   0.0  0.0   0:00.00 kworker/3+
   199 root      rt   0       0      0      0 S   0.0  0.0   0:03.29 watchdog/+
   200 root      rt   0       0      0      0 S   0.0  0.0   0:09.23 migration+
   201 root      20   0       0      0      0 S   0.0  0.0   0:02.59 ksoftirqd+
   203 root       0 -20       0      0      0 S   0.0  0.0   0:00.00 kworker/3+
   204 root      rt   0       0      0      0 S   0.0  0.0   0:03.33 watchdog/+
   205 root      rt   0       0      0      0 S   0.0  0.0   0:09.33 migration+
   206 root      20   0       0      0      0 S   0.0  0.0   0:02.54 ksoftirqd+
   208 root       0 -20       0      0      0 S   0.0  0.0   0:00.00 kworker/3+
   209 root      rt   0       0      0      0 S   0.0  0.0   0:03.56 watchdog/+
   210 root      rt   0       0      0      0 S   0.0  0.0   0:09.48 migration+
   211 root      20   0       0      0      0 S   0.0  0.0   0:02.56 ksoftirqd+
   213 root       0 -20       0      0      0 S   0.0  0.0   0:00.00 kworker/4+
   214 root      rt   0       0      0      0 S   0.0  0.0   0:03.98 watchdog/+
   215 root      rt   0       0      0      0 S   0.0  0.0   0:09.60 migration+
   216 root      20   0       0      0      0 S   0.0  0.0   0:02.58 ksoftirqd+
   218 root       0 -20       0      0      0 S   0.0  0.0   0:00.00 kworker/4+
   219 root      rt   0       0      0      0 S   0.0  0.0   0:04.56 watchdog/+
   220 root      rt   0       0      0      0 S   0.0  0.0   0:09.70 migration+
   221 root      20   0       0      0      0 S   0.0  0.0   0:02.60 ksoftirqd+
   223 root       0 -20       0      0      0 S   0.0  0.0   0:00.00 kworker/4+
   224 root      rt   0       0      0      0 S   0.0  0.0   0:04.41 watchdog/+
   225 root      rt   0       0      0      0 S   0.0  0.0   0:09.78 migration+
   226 root      20   0       0      0      0 S   0.0  0.0   0:02.60 ksoftirqd+
   228 root       0 -20       0      0      0 S   0.0  0.0   0:00.00 kworker/4+
   229 root      rt   0       0      0      0 S   0.0  0.0   0:04.29 watchdog/+
   230 root      rt   0       0      0      0 S   0.0  0.0   0:09.89 migration+
   231 root      20   0       0      0      0 S   0.0  0.0   0:02.61 ksoftirqd+
   233 root       0 -20       0      0      0 S   0.0  0.0   0:00.00 kworker/4+
   234 root      rt   0       0      0      0 S   0.0  0.0   0:03.95 watchdog/+
   235 root      rt   0       0      0      0 S   0.0  0.0   0:10.06 migration+
   236 root      20   0       0      0      0 S   0.0  0.0   0:02.54 ksoftirqd+
   238 root       0 -20       0      0      0 S   0.0  0.0   0:00.00 kworker/4+
   239 root      rt   0       0      0      0 S   0.0  0.0   0:03.88 watchdog/+
   240 root      rt   0       0      0      0 S   0.0  0.0   0:10.26 migration+
   241 root      20   0       0      0      0 S   0.0  0.0   0:02.57 ksoftirqd+
   243 root       0 -20       0      0      0 S   0.0  0.0   0:00.00 kworker/4+
   244 root      rt   0       0      0      0 S   0.0  0.0   0:03.42 watchdog/+
   245 root      rt   0       0      0      0 S   0.0  0.0   0:10.42 migration+
   246 root      20   0       0      0      0 S   0.0  0.0   0:02.77 ksoftirqd+
   248 root       0 -20       0      0      0 S   0.0  0.0   0:00.00 kworker/4+
   249 root      rt   0       0      0      0 S   0.0  0.0   0:05.60 watchdog/+
   250 root      rt   0       0      0      0 S   0.0  0.0   0:04.08 migration+
   251 root      20   0       0      0      0 S   0.0  0.0   0:03.79 ksoftirqd+
   253 root       0 -20       0      0      0 S   0.0  0.0   0:00.00 kworker/4+
   254 root      rt   0       0      0      0 S   0.0  0.0   0:05.04 watchdog/+
   255 root      rt   0       0      0      0 S   0.0  0.0   0:04.13 migration+
   256 root      20   0       0      0      0 S   0.0  0.0   0:03.35 ksoftirqd+
   258 root       0 -20       0      0      0 S   0.0  0.0   0:00.00 kworker/4+
   259 root      rt   0       0      0      0 S   0.0  0.0   0:03.75 watchdog/+
   260 root      rt   0       0      0      0 S   0.0  0.0   0:07.23 migration+
   261 root      20   0       0      0      0 S   0.0  0.0   3:41.88 ksoftirqd+
   263 root       0 -20       0      0      0 S   0.0  0.0   0:00.00 kworker/5+
   264 root      rt   0       0      0      0 S   0.0  0.0   0:03.74 watchdog/+
   265 root      rt   0       0      0      0 S   0.0  0.0   0:06.96 migration+
   266 root      20   0       0      0      0 S   0.0  0.0   2:57.93 ksoftirqd+
   268 root       0 -20       0      0      0 S   0.0  0.0   0:00.00 kworker/5+
   269 root      rt   0       0      0      0 S   0.0  0.0   0:03.25 watchdog/+
   270 root      rt   0       0      0      0 S   0.0  0.0   0:04.34 migration+
   271 root      20   0       0      0      0 S   0.0  0.0   0:01.92 ksoftirqd+
   273 root       0 -20       0      0      0 S   0.0  0.0   0:00.00 kworker/5+
   274 root      rt   0       0      0      0 S   0.0  0.0   0:03.01 watchdog/+
   275 root      rt   0       0      0      0 S   0.0  0.0   0:04.25 migration+
   276 root      20   0       0      0      0 S   0.0  0.0   0:02.01 ksoftirqd+
   278 root       0 -20       0      0      0 S   0.0  0.0   0:00.00 kworker/5+
   279 root      rt   0       0      0      0 S   0.0  0.0   0:04.41 watchdog/+
   280 root      rt   0       0      0      0 S   0.0  0.0   0:07.88 migration+
   281 root      20   0       0      0      0 S   0.0  0.0   3:27.26 ksoftirqd+
   283 root       0 -20       0      0      0 S   0.0  0.0   0:00.00 kworker/5+
   284 root      rt   0       0      0      0 S   0.0  0.0   0:03.56 watchdog/+
   285 root      rt   0       0      0      0 S   0.0  0.0   0:04.25 migration+
   286 root      20   0       0      0      0 S   0.0  0.0   0:01.97 ksoftirqd+
   288 root       0 -20       0      0      0 S   0.0  0.0   0:00.00 kworker/5+
   289 root      rt   0       0      0      0 S   0.0  0.0   0:03.90 watchdog/+
   290 root      rt   0       0      0      0 S   0.0  0.0   0:04.23 migration+
   291 root      20   0       0      0      0 S   0.0  0.0   1:33.79 ksoftirqd+
   293 root       0 -20       0      0      0 S   0.0  0.0   0:00.00 kworker/5+
   294 root      rt   0       0      0      0 S   0.0  0.0   0:04.24 watchdog/+
   295 root      rt   0       0      0      0 S   0.0  0.0   0:04.29 migration+
   296 root      20   0       0      0      0 S   0.0  0.0   0:01.93 ksoftirqd+
   298 root       0 -20       0      0      0 S   0.0  0.0   0:00.00 kworker/5+
   299 root      rt   0       0      0      0 S   0.0  0.0   0:04.43 watchdog/+
   300 root      rt   0       0      0      0 S   0.0  0.0   0:05.94 migration+
   301 root      20   0       0      0      0 S   0.0  0.0   2:22.55 ksoftirqd+
   303 root       0 -20       0      0      0 S   0.0  0.0   0:00.00 kworker/5+
   304 root      rt   0       0      0      0 S   0.0  0.0   0:04.54 watchdog/+
   305 root      rt   0       0      0      0 S   0.0  0.0   0:06.53 migration+
   306 root      20   0       0      0      0 S   0.0  0.0   5:40.78 ksoftirqd+
   308 root       0 -20       0      0      0 S   0.0  0.0   0:00.00 kworker/5+
   309 root      rt   0       0      0      0 S   0.0  0.0   0:04.09 watchdog/+
   310 root      rt   0       0      0      0 S   0.0  0.0   0:04.31 migration+
   311 root      20   0       0      0      0 S   0.0  0.0   0:01.86 ksoftirqd+
   313 root       0 -20       0      0      0 S   0.0  0.0   0:00.00 kworker/6+
   314 root      rt   0       0      0      0 S   0.0  0.0   0:03.99 watchdog/+
   315 root      rt   0       0      0      0 S   0.0  0.0   0:04.40 migration+
   316 root      20   0       0      0      0 S   0.0  0.0   0:21.32 ksoftirqd+
   318 root       0 -20       0      0      0 S   0.0  0.0   0:00.00 kworker/6+
   319 root      rt   0       0      0      0 S   0.0  0.0   0:03.86 watchdog/+
   320 root      rt   0       0      0      0 S   0.0  0.0   0:04.37 migration+
   321 root      20   0       0      0      0 S   0.0  0.0   0:02.34 ksoftirqd+
   323 root       0 -20       0      0      0 S   0.0  0.0   0:00.00 kworker/6+
   324 root      rt   0       0      0      0 S   0.0  0.0   0:04.25 watchdog/+
   325 root      rt   0       0      0      0 S   0.0  0.0   0:04.55 migration+
   326 root      20   0       0      0      0 S   0.0  0.0   3:12.20 ksoftirqd+
   328 root       0 -20       0      0      0 S   0.0  0.0   0:00.00 kworker/6+
   329 root      rt   0       0      0      0 S   0.0  0.0   0:04.15 watchdog/+
   330 root      rt   0       0      0      0 S   0.0  0.0   0:09.80 migration+
   331 root      20   0       0      0      0 S   0.0  0.0   3:06.48 ksoftirqd+
   333 root       0 -20       0      0      0 S   0.0  0.0   0:00.00 kworker/6+
   334 root      rt   0       0      0      0 S   0.0  0.0   0:03.50 watchdog/+
   335 root      rt   0       0      0      0 S   0.0  0.0   0:04.82 migration+
   336 root      20   0       0      0      0 S   0.0  0.0   0:01.66 ksoftirqd+
   338 root       0 -20       0      0      0 S   0.0  0.0   0:00.00 kworker/6+
   339 root      rt   0       0      0      0 S   0.0  0.0   0:03.57 watchdog/+
   340 root      rt   0       0      0      0 S   0.0  0.0   0:04.46 migration+
   341 root      20   0       0      0      0 S   0.0  0.0   0:03.81 ksoftirqd+
   343 root       0 -20       0      0      0 S   0.0  0.0   0:00.00 kworker/6+
   344 root      rt   0       0      0      0 S   0.0  0.0   0:03.42 watchdog/+
   345 root      rt   0       0      0      0 S   0.0  0.0   0:04.48 migration+
   346 root      20   0       0      0      0 S   0.0  0.0   0:01.61 ksoftirqd+
   348 root       0 -20       0      0      0 S   0.0  0.0   0:00.00 kworker/6+
   349 root      rt   0       0      0      0 S   0.0  0.0   0:03.25 watchdog/+
   350 root      rt   0       0      0      0 S   0.0  0.0   0:04.67 migration+
   351 root      20   0       0      0      0 S   0.0  0.0   0:01.74 ksoftirqd+
   353 root       0 -20       0      0      0 S   0.0  0.0   0:00.00 kworker/6+
   354 root      rt   0       0      0      0 S   0.0  0.0   0:03.64 watchdog/+
   355 root      rt   0       0      0      0 S   0.0  0.0   0:04.50 migration+
   356 root      20   0       0      0      0 S   0.0  0.0   7:49.28 ksoftirqd+
   358 root       0 -20       0      0      0 S   0.0  0.0   0:00.00 kworker/6+
   359 root      rt   0       0      0      0 S   0.0  0.0   0:02.93 watchdog/+
   360 root      rt   0       0      0      0 S   0.0  0.0   0:04.54 migration+
   361 root      20   0       0      0      0 S   0.0  0.0   0:01.60 ksoftirqd+
   363 root       0 -20       0      0      0 S   0.0  0.0   0:00.00 kworker/7+
   364 root      rt   0       0      0      0 S   0.0  0.0   0:02.86 watchdog/+
   365 root      rt   0       0      0      0 S   0.0  0.0   0:04.63 migration+
   366 root      20   0       0      0      0 S   0.0  0.0   0:01.55 ksoftirqd+
   368 root       0 -20       0      0      0 S   0.0  0.0   0:00.00 kworker/7+
   369 root      rt   0       0      0      0 S   0.0  0.0   0:03.33 watchdog/+
   370 root      rt   0       0      0      0 S   0.0  0.0   0:03.97 migration+
   371 root      20   0       0      0      0 S   0.0  0.0   0:00.82 ksoftirqd+
   373 root       0 -20       0      0      0 S   0.0  0.0   0:00.00 kworker/7+
   374 root      rt   0       0      0      0 S   0.0  0.0   0:03.53 watchdog/+
   375 root      rt   0       0      0      0 S   0.0  0.0   0:04.48 migration+
   376 root      20   0       0      0      0 S   0.0  0.0   0:00.90 ksoftirqd+
   378 root       0 -20       0      0      0 S   0.0  0.0   0:00.00 kworker/7+
   379 root      rt   0       0      0      0 S   0.0  0.0   0:03.32 watchdog/+
   380 root      rt   0       0      0      0 S   0.0  0.0   0:04.71 migration+
   381 root      20   0       0      0      0 S   0.0  0.0   0:00.92 ksoftirqd+
   383 root       0 -20       0      0      0 S   0.0  0.0   0:00.00 kworker/7+
   384 root      rt   0       0      0      0 S   0.0  0.0   0:03.43 watchdog/+
   385 root      rt   0       0      0      0 S   0.0  0.0   0:04.82 migration+
   386 root      20   0       0      0      0 S   0.0  0.0   0:01.85 ksoftirqd+
   388 root       0 -20       0      0      0 S   0.0  0.0   0:00.00 kworker/7+
   389 root      rt   0       0      0      0 S   0.0  0.0   0:04.02 watchdog/+
   390 root      rt   0       0      0      0 S   0.0  0.0   0:04.85 migration+
   391 root      20   0       0      0      0 S   0.0  0.0   0:00.93 ksoftirqd+
   393 root       0 -20       0      0      0 S   0.0  0.0   0:00.00 kworker/7+
   394 root      rt   0       0      0      0 S   0.0  0.0   0:03.69 watchdog/+
   395 root      rt   0       0      0      0 S   0.0  0.0   0:04.84 migration+
   396 root      20   0       0      0      0 S   0.0  0.0   0:00.97 ksoftirqd+
   398 root       0 -20       0      0      0 S   0.0  0.0   0:00.00 kworker/7+
   399 root      rt   0       0      0      0 S   0.0  0.0   0:03.94 watchdog/+
   400 root      rt   0       0      0      0 S   0.0  0.0   0:04.90 migration+
   401 root      20   0       0      0      0 S   0.0  0.0   0:00.93 ksoftirqd+
   403 root       0 -20       0      0      0 S   0.0  0.0   0:00.00 kworker/7+
   404 root      rt   0       0      0      0 S   0.0  0.0   0:04.34 watchdog/+
   405 root      rt   0       0      0      0 S   0.0  0.0   0:04.86 migration+
   406 root      20   0       0      0      0 S   0.0  0.0   0:00.94 ksoftirqd+
   408 root       0 -20       0      0      0 S   0.0  0.0   0:00.00 kworker/7+
   409 root      rt   0       0      0      0 S   0.0  0.0   0:04.11 watchdog/+
   410 root      rt   0       0      0      0 S   0.0  0.0   0:04.88 migration+
   411 root      20   0       0      0      0 S   0.0  0.0   0:00.94 ksoftirqd+
   413 root       0 -20       0      0      0 S   0.0  0.0   0:00.00 kworker/8+
   414 root      rt   0       0      0      0 S   0.0  0.0   0:04.12 watchdog/+
   415 root      rt   0       0      0      0 S   0.0  0.0   0:04.95 migration+
   416 root      20   0       0      0      0 S   0.0  0.0   0:00.92 ksoftirqd+
   418 root       0 -20       0      0      0 S   0.0  0.0   0:00.00 kworker/8+
   419 root      rt   0       0      0      0 S   0.0  0.0   0:04.16 watchdog/+
   420 root      rt   0       0      0      0 S   0.0  0.0   0:05.00 migration+
   421 root      20   0       0      0      0 S   0.0  0.0   0:00.95 ksoftirqd+
   423 root       0 -20       0      0      0 S   0.0  0.0   0:00.00 kworker/8+
   424 root      rt   0       0      0      0 S   0.0  0.0   0:04.14 watchdog/+
   425 root      rt   0       0      0      0 S   0.0  0.0   0:05.00 migration+
   426 root      20   0       0      0      0 S   0.0  0.0   0:00.93 ksoftirqd+
   428 root       0 -20       0      0      0 S   0.0  0.0   0:00.00 kworker/8+
   429 root      rt   0       0      0      0 S   0.0  0.0   0:03.92 watchdog/+
   430 root      rt   0       0      0      0 S   0.0  0.0   0:05.06 migration+
   431 root      20   0       0      0      0 S   0.0  0.0   0:00.90 ksoftirqd+
   433 root       0 -20       0      0      0 S   0.0  0.0   0:00.00 kworker/8+
   434 root      rt   0       0      0      0 S   0.0  0.0   0:03.74 watchdog/+
   435 root      rt   0       0      0      0 S   0.0  0.0   0:05.08 migration+
   436 root      20   0       0      0      0 S   0.0  0.0   0:00.88 ksoftirqd+
   438 root       0 -20       0      0      0 S   0.0  0.0   0:00.00 kworker/8+
   439 root      rt   0       0      0      0 S   0.0  0.0   0:03.63 watchdog/+
   440 root      rt   0       0      0      0 S   0.0  0.0   0:05.17 migration+
   441 root      20   0       0      0      0 S   0.0  0.0   0:00.84 ksoftirqd+
   443 root       0 -20       0      0      0 S   0.0  0.0   0:00.00 kworker/8+
   444 root      rt   0       0      0      0 S   0.0  0.0   0:03.43 watchdog/+
   445 root      rt   0       0      0      0 S   0.0  0.0   0:05.23 migration+
   446 root      20   0       0      0      0 S   0.0  0.0   0:00.83 ksoftirqd+
   448 root       0 -20       0      0      0 S   0.0  0.0   0:00.00 kworker/8+
   449 root      rt   0       0      0      0 S   0.0  0.0   0:03.56 watchdog/+
   450 root      rt   0       0      0      0 S   0.0  0.0   0:05.33 migration+
   451 root      20   0       0      0      0 S   0.0  0.0   0:00.86 ksoftirqd+
   453 root       0 -20       0      0      0 S   0.0  0.0   0:00.00 kworker/8+
   454 root      rt   0       0      0      0 S   0.0  0.0   0:03.29 watchdog/+
   455 root      rt   0       0      0      0 S   0.0  0.0   0:05.34 migration+
   456 root      20   0       0      0      0 S   0.0  0.0   0:00.87 ksoftirqd+
   458 root       0 -20       0      0      0 S   0.0  0.0   0:00.00 kworker/8+
   459 root      rt   0       0      0      0 S   0.0  0.0   0:03.13 watchdog/+
   460 root      rt   0       0      0      0 S   0.0  0.0   0:05.44 migration+
   461 root      20   0       0      0      0 S   0.0  0.0   0:00.83 ksoftirqd+
   463 root       0 -20       0      0      0 S   0.0  0.0   0:00.00 kworker/9+
   464 root      rt   0       0      0      0 S   0.0  0.0   0:03.07 watchdog/+
   465 root      rt   0       0      0      0 S   0.0  0.0   0:05.45 migration+
   466 root      20   0       0      0      0 S   0.0  0.0   0:00.83 ksoftirqd+
   468 root       0 -20       0      0      0 S   0.0  0.0   0:00.00 kworker/9+
   469 root      rt   0       0      0      0 S   0.0  0.0   0:02.92 watchdog/+
   470 root      rt   0       0      0      0 S   0.0  0.0   0:05.54 migration+
   471 root      20   0       0      0      0 S   0.0  0.0   0:00.81 ksoftirqd+
   473 root       0 -20       0      0      0 S   0.0  0.0   0:00.00 kworker/9+
   474 root      rt   0       0      0      0 S   0.0  0.0   0:03.15 watchdog/+
   475 root      rt   0       0      0      0 S   0.0  0.0   0:05.61 migration+
   476 root      20   0       0      0      0 S   0.0  0.0   0:00.82 ksoftirqd+
   478 root       0 -20       0      0      0 S   0.0  0.0   0:00.00 kworker/9+
   479 root      rt   0       0      0      0 S   0.0  0.0   0:03.43 watchdog/+
   480 root      rt   0       0      0      0 S   0.0  0.0   0:05.61 migration+
   481 root      20   0       0      0      0 S   0.0  0.0   0:00.79 ksoftirqd+
   483 root       0 -20       0      0      0 S   0.0  0.0   0:00.00 kworker/9+
   484 root      rt   0       0      0      0 S   0.0  0.0   0:03.45 watchdog/+
   485 root      rt   0       0      0      0 S   0.0  0.0   0:05.66 migration+
   486 root      20   0       0      0      0 S   0.0  0.0   0:00.85 ksoftirqd+
   488 root       0 -20       0      0      0 S   0.0  0.0   0:00.00 kworker/9+
   491 root      20   0       0      0      0 S   0.0  0.0   0:00.00 kdevtmpfs
   492 root       0 -20       0      0      0 S   0.0  0.0   0:00.00 netns
   493 root      20   0       0      0      0 S   0.0  0.0   0:10.48 khungtaskd
   494 root       0 -20       0      0      0 S   0.0  0.0   0:00.00 writeback
   495 root       0 -20       0      0      0 S   0.0  0.0   0:00.00 kintegrit+
   496 root       0 -20       0      0      0 S   0.0  0.0   0:00.00 bioset
   497 root       0 -20       0      0      0 S   0.0  0.0   0:00.00 bioset
   498 root       0 -20       0      0      0 S   0.0  0.0   0:00.00 bioset
   499 root       0 -20       0      0      0 S   0.0  0.0   0:00.00 kblockd
   500 root       0 -20       0      0      0 S   0.0  0.0   0:00.00 md
   501 root       0 -20       0      0      0 S   0.0  0.0   0:00.00 edac-poll+
   502 root       0 -20       0      0      0 S   0.0  0.0   0:00.00 watchdogd
   509 root      20   0       0      0      0 S   0.0  0.0   0:00.00 kswapd0
   510 root      20   0       0      0      0 S   0.0  0.0   0:00.00 kswapd1
   511 root      25   5       0      0      0 S   0.0  0.0   0:00.00 ksmd
   512 root      39  19       0      0      0 S   0.0  0.0   0:10.42 khugepaged
   513 root       0 -20       0      0      0 S   0.0  0.0   0:00.00 crypto
   521 root       0 -20       0      0      0 S   0.0  0.0   0:00.00 kthrotld
   524 root       0 -20       0      0      0 S   0.0  0.0   0:00.00 kmpath_rd+
   525 root       0 -20       0      0      0 S   0.0  0.0   0:00.00 kaluad
   567 root       0 -20       0      0      0 S   0.0  0.0   0:00.00 kpsmoused
   571 root      20   0       0      0      0 S   0.0  0.0   0:09.35 kworker/4+
   590 root      20   0       0      0      0 S   0.0  0.0   0:05.93 kworker/6+
   598 root      20   0       0      0      0 S   0.0  0.0   0:05.28 kworker/7+
   602 root      20   0       0      0      0 S   0.0  0.0   0:05.76 kworker/7+
   606 root      20   0       0      0      0 S   0.0  0.0   0:05.65 kworker/7+
   613 root      20   0       0      0      0 S   0.0  0.0   0:05.33 kworker/8+
   615 root      20   0       0      0      0 S   0.0  0.0   0:05.35 kworker/8+
   616 root      20   0       0      0      0 S   0.0  0.0   0:05.78 kworker/8+
   617 root      20   0       0      0      0 S   0.0  0.0   0:06.48 kworker/9+
   623 root       0 -20       0      0      0 S   0.0  0.0   0:00.00 ipv6_addr+
   636 root       0 -20       0      0      0 S   0.0  0.0   0:00.00 deferwq
   637 root      20   0       0      0      0 S   0.0  0.0   0:00.03 kworker/u+
   674 root      20   0       0      0      0 S   0.0  0.0   0:54.32 kauditd
   727 root      39  19       0      0      0 S   0.0  0.0   0:00.11 kipmi0
   837 root      20   0       0      0      0 S   0.0  0.0   0:01.49 kworker/8+
   860 root       0 -20       0      0      0 S   0.0  0.0   0:00.00 nfit
   893 root       0 -20       0      0      0 S   0.0  0.0   0:00.00 ata_sff
   894 root      20   0       0      0      0 S   0.0  0.0   0:00.00 scsi_eh_0
   895 root       0 -20       0      0      0 S   0.0  0.0   0:00.00 scsi_tmf_0
   896 root      20   0       0      0      0 S   0.0  0.0   0:00.00 scsi_eh_1
   897 root       0 -20       0      0      0 S   0.0  0.0   0:00.00 scsi_tmf_1
   898 root      20   0       0      0      0 S   0.0  0.0   0:00.00 scsi_eh_2
   899 root       0 -20       0      0      0 S   0.0  0.0   0:00.00 scsi_tmf_2
   900 root      20   0       0      0      0 S   0.0  0.0   0:00.00 scsi_eh_3
   901 root       0 -20       0      0      0 S   0.0  0.0   0:00.00 scsi_tmf_3
   902 root      20   0       0      0      0 S   0.0  0.0   0:00.00 scsi_eh_4
   903 root       0 -20       0      0      0 S   0.0  0.0   0:00.00 scsi_tmf_4
   904 root      20   0       0      0      0 S   0.0  0.0   0:00.00 scsi_eh_5
   905 root       0 -20       0      0      0 S   0.0  0.0   0:00.00 scsi_tmf_5
   927 root       0 -20       0      0      0 S   0.0  0.0   0:00.00 i40e
   928 root      20   0       0      0      0 S   0.0  0.0   0:00.00 scsi_eh_6
   929 root       0 -20       0      0      0 S   0.0  0.0   0:00.00 scsi_tmf_6
   930 root      20   0       0      0      0 S   0.0  0.0   0:00.00 scsi_eh_7
   931 root       0 -20       0      0      0 S   0.0  0.0   0:00.00 scsi_tmf_7
   932 root      20   0       0      0      0 S   0.0  0.0   0:00.00 scsi_eh_8
   933 root       0 -20       0      0      0 S   0.0  0.0   0:00.00 scsi_tmf_8
   934 root      20   0       0      0      0 S   0.0  0.0   0:00.00 scsi_eh_9
   935 root       0 -20       0      0      0 S   0.0  0.0   0:00.00 scsi_tmf_9
   936 root      20   0       0      0      0 S   0.0  0.0   0:00.00 scsi_eh_10
   937 root       0 -20       0      0      0 S   0.0  0.0   0:00.00 scsi_tmf_+
   938 root      20   0       0      0      0 S   0.0  0.0   0:00.00 scsi_eh_11
   939 root       0 -20       0      0      0 S   0.0  0.0   0:00.00 scsi_tmf_+
   940 root      20   0       0      0      0 S   0.0  0.0   0:00.00 scsi_eh_12
   941 root       0 -20       0      0      0 S   0.0  0.0   0:00.00 scsi_tmf_+
   942 root      20   0       0      0      0 S   0.0  0.0   0:00.00 scsi_eh_13
   943 root       0 -20       0      0      0 S   0.0  0.0   0:00.00 scsi_tmf_+
  1154 root       0 -20       0      0      0 S   0.0  0.0   0:00.00 kdmflush
  1155 root       0 -20       0      0      0 S   0.0  0.0   0:00.00 bioset
  1167 root       0 -20       0      0      0 S   0.0  0.0   0:34.95 kworker/0+
  1174 root      20   0       0      0      0 S   0.0  0.0   0:04.35 jbd2/dm-0+
  1175 root       0 -20       0      0      0 S   0.0  0.0   0:00.00 ext4-rsv-+
  1256 root      20   0  259472 147632 147016 S   0.0  0.1   6:50.02 systemd-j+
  1280 root      20   0  201116   4172   2596 S   0.0  0.0   0:00.01 lvmetad
  1290 root      20   0   50324   6796   2892 S   0.0  0.0   0:05.21 systemd-u+
  1497 root     -51   0       0      0      0 S   0.0  0.0   0:00.00 irq/596-m+
  1555 root      20   0       0      0      0 S   0.0  0.0   0:00.00 jbd2/sda1+
  1556 root       0 -20       0      0      0 S   0.0  0.0   0:00.00 ext4-rsv-+
  1654 root       0 -20       0      0      0 S   0.0  0.0   0:00.00 kdmflush
  1655 root       0 -20       0      0      0 S   0.0  0.0   0:00.00 bioset
  1657 root       0 -20       0      0      0 S   0.0  0.0   0:00.00 kdmflush
  1658 root       0 -20       0      0      0 S   0.0  0.0   0:00.00 bioset
  1685 root      20   0       0      0      0 S   0.0  0.0   0:17.63 jbd2/dm-1+
  1686 root       0 -20       0      0      0 S   0.0  0.0   0:00.00 ext4-rsv-+
  1688 root      20   0       0      0      0 S   0.0  0.0   1:53.26 jbd2/dm-2+
  1689 root       0 -20       0      0      0 S   0.0  0.0   0:00.00 ext4-rsv-+
  1718 root      16  -4   55532   1092    640 S   0.0  0.0   3:56.87 auditd
  1757 polkitd   20   0  613012  15116   4920 S   0.0  0.0   0:15.54 polkitd
  1764 dbus      20   0   66456   2632   1880 S   0.0  0.0   1:09.37 dbus-daem+
  1774 ntp       20   0   25732   2024   1428 S   0.0  0.0   0:04.45 ntpd
  1798 root      20   0   26384   1772   1456 S   0.0  0.0   0:41.57 systemd-l+
  1817 ericsson  20   0  113284   1212   1036 S   0.0  0.0   0:00.00 bash
  1823 root      20   0  358872  29620   7064 S   0.0  0.0   0:05.99 firewalld
  1825 root      20   0  126388   1688   1052 S   0.0  0.0   0:07.04 crond
  1827 root      20   0   25908    948    748 S   0.0  0.0   0:00.13 atd
  1828 ericsson  20   0  302956  10412   5836 S   0.0  0.0  10:53.08 snmpAgent
  1889 root      20   0  477008  11440   6768 S   0.0  0.0  18:00.02 NetworkMa+
  1955 root       0 -20       0      0      0 S   0.0  0.0   0:00.00 ib-comp-wq
  1956 root       0 -20       0      0      0 S   0.0  0.0   0:00.00 kworker/u+
  1957 root       0 -20       0      0      0 S   0.0  0.0   0:00.00 kworker/u+
  1958 root       0 -20       0      0      0 S   0.0  0.0   0:00.00 kworker/u+
  1959 root       0 -20       0      0      0 S   0.0  0.0   0:00.00 ib-comp-u+
  1960 root       0 -20       0      0      0 S   0.0  0.0   0:00.00 ib_mcast
  1961 root       0 -20       0      0      0 S   0.0  0.0   0:00.00 ib_nl_sa_+
  1984 root       0 -20       0      0      0 S   0.0  0.0   0:00.00 mlx5_ib_s+
  2057 root       0 -20       0      0      0 S   0.0  0.0   0:00.05 kworker/1+
  2106 root       0 -20       0      0      0 S   0.0  0.0   0:00.00 rdma_cm
  2292 root       0 -20       0      0      0 S   0.0  0.0   0:00.01 kworker/5+
  2652 ericsson  20   0  208600  12892   4724 S   0.0  0.0   3:10.56 python3.7
  2661 ericsson  20   0  293004  50000   5588 S   0.0  0.0  23:34.47 celery
  2671 root      20   0  113000   4328   3292 S   0.0  0.0   0:00.03 sshd
  2675 ericsson  20   0  177884  16300   1936 S   0.0  0.0 142:12.14 redis-ser+
  2716 ericsson  20   0  329144  26804   5388 S   0.0  0.0   0:06.04 mfvp-stat+
  2747 ericsson  20   0  262944  29996   5472 S   0.0  0.0   0:00.49 envivio-c+
  2753 root      20   0  574292  19624   6108 S   0.0  0.0   9:28.77 tuned
  2759 root      20   0   19024    420    216 S   0.0  0.0   0:01.70 vmad
  2764 etcd      20   0   12.9g  64696  12624 S   0.0  0.0 339:58.83 etcd
  2765 root      20   0  228580   6268   4548 S   0.0  0.0   0:47.46 snmptrapd
  2775 root      20   0  308852  14424  10368 S   0.0  0.0   1:02.85 httpd
  2776 root      20   0  229404  12108   6636 S   0.0  0.0  21:05.32 snmpd
  2916 ericsson  20   0  113284   1476   1268 S   0.0  0.0   0:00.01 bash
  2937 ericsson  20   0  113284   1468   1260 S   0.0  0.0   0:00.01 bash
  2948 ericsson  20   0  113284   1464   1260 S   0.0  0.0   0:00.00 bash
  2955 ericsson  20   0  432880  35376   6100 S   0.0  0.0   8:36.99 automatio+
  2966 ericsson  20   0  620672  90340   7628 S   0.0  0.0  79:06.13 celery
  2976 ericsson  20   0  297120  49632   5704 S   0.0  0.0  57:28.69 ericsson-+
  2994 ericsson  20   0 1515696  45236   5416 S   0.0  0.0 149:28.36 ericsson-+
  3013 ericsson  20   0  113284   1476   1248 S   0.0  0.0   0:00.00 bash
  3016 root       0 -20       0      0      0 S   0.0  0.0   0:00.01 kworker/2+
  3025 ericsson  20   0  399212  87924   7636 S   0.0  0.0  24:25.33 celery
  3029 ericsson  20   0  113284   1464   1260 S   0.0  0.0   0:00.00 bash
  3030 root       0 -20       0      0      0 S   0.0  0.0   0:00.01 kworker/4+
  3031 root       0 -20       0      0      0 S   0.0  0.0   0:00.03 kworker/5+
  3032 root       0 -20       0      0      0 S   0.0  0.0   0:00.01 kworker/4+
  3040 root       0 -20       0      0      0 S   0.0  0.0   0:00.01 kworker/3+
  3055 root       0 -20       0      0      0 S   0.0  0.0   0:00.00 kworker/8+
  3059 ericsson  20   0  113284   1464   1260 S   0.0  0.0   0:00.00 bash
  3062 ericsson  20   0  113284   1464   1260 S   0.0  0.0   0:00.00 bash
  3063 root       0 -20       0      0      0 S   0.0  0.0   0:00.01 kworker/3+
  3064 ericsson  20   0  711608  72272   7320 S   0.0  0.0 135:32.00 daphne
  3068 ericsson  20   0  572188  39880   5496 S   0.0  0.0  19:28.96 ericsson-+
  3069 ericsson  20   0 1938300  79472   7496 S   0.0  0.0 685:32.03 python
  3078 root       0 -20       0      0      0 S   0.0  0.0   0:00.01 kworker/2+
  3084 ericsson  20   0  113284   1464   1260 S   0.0  0.0   0:00.00 bash
  3086 root       0 -20       0      0      0 S   0.0  0.0   0:00.00 kworker/8+
  3090 ericsson  20   0  577512 117080   6308 S   0.0  0.1  26:46.55 liveencod+
  3093 ericsson  20   0  113284   1468   1260 S   0.0  0.0   0:00.00 bash
  3100 ericsson  20   0  113284   1480   1276 S   0.0  0.0   0:00.00 unified-u+
  3102 root       0 -20       0      0      0 S   0.0  0.0   0:00.04 kworker/8+
  3103 root       0 -20       0      0      0 S   0.0  0.0   0:00.03 kworker/1+
  3108 ericsson  20   0  744332  58384   6156 S   0.0  0.0  74:18.57 ericsson-+
  3109 root       0 -20       0      0      0 S   0.0  0.0   0:00.01 kworker/3+
  3110 root       0 -20       0      0      0 S   0.0  0.0   0:00.04 kworker/1+
  3114 ericsson  20   0  113284   1464   1260 S   0.0  0.0   0:00.00 bash
  3120 ericsson  20   0  113284   1468   1260 S   0.0  0.0   0:00.00 bash
  3121 ericsson  20   0  488064  36076   5564 S   0.0  0.0  16:20.04 ericsson-+
  3123 root       0 -20       0      0      0 S   0.0  0.0   0:00.01 kworker/3+
  3124 root       0 -20       0      0      0 S   0.0  0.0   0:00.00 kworker/7+
  3128 ericsson  20   0  734352  46904   5884 S   0.0  0.0  31:59.40 ericsson-+
  3129 ericsson  20   0  713568  38068   5684 S   0.0  0.0  61:55.31 ericsson-+
  3132 root       0 -20       0      0      0 S   0.0  0.0   0:00.04 kworker/1+
  3133 ericsson  20   0  113284   1468   1260 S   0.0  0.0   0:00.00 bash
  3136 root       0 -20       0      0      0 S   0.0  0.0   0:00.00 kworker/8+
  3138 ericsson  20   0  113284   1468   1260 S   0.0  0.0   0:00.00 bash
  3142 ericsson  20   0  113284   1464   1260 S   0.0  0.0   0:00.00 bash
  3143 ericsson  20   0  762748  27976   5608 S   0.0  0.0  25:21.53 ericsson-+
  3148 ericsson  20   0  722516  43772   5596 S   0.0  0.0  86:52.37 ericsson-+
  3156 root       0 -20       0      0      0 S   0.0  0.0   0:00.02 kworker/2+
  3160 ericsson  20   0  507408  44960   5660 S   0.0  0.0  21:24.60 envivio-s+
  3162 ericsson  20   0  887988  48632   6064 S   0.0  0.0  96:11.28 envivio-s+
  3176 root       0 -20       0      0      0 S   0.0  0.0   0:00.01 kworker/4+
  3178 ericsson  20   0  727752  41448   6020 S   0.0  0.0  35:48.67 ericsson-+
  3183 root       0 -20       0      0      0 S   0.0  0.0   0:00.01 kworker/3+
  3188 ericsson  20   0  113284   1468   1260 S   0.0  0.0   0:00.00 bash
  3194 root       0 -20       0      0      0 S   0.0  0.0   0:00.00 kworker/8+
  3195 ericsson  20   0  489788  35856   5660 S   0.0  0.0  16:35.13 envivio-t+
  3196 ericsson  20   0  562508  57632   6080 S   0.0  0.0  20:06.69 ericsson-+
  3197 ericsson  20   0   34.3g 192924   5852 S   0.0  0.1  66:50.74 mediakind+
  3199 ericsson  20   0  488564  36572   5660 S   0.0  0.0 196:33.46 envivio-s+
  3203 ericsson  20   0  367020  71052   9192 S   0.0  0.0   0:51.06 uwsgi
  3205 root       0 -20       0      0      0 S   0.0  0.0   0:00.01 kworker/6+
  3207 ericsson  20   0 1018416  48032   6352 S   0.0  0.0  45:07.73 livesourc+
  3227 root       0 -20       0      0      0 S   0.0  0.0   0:00.00 kworker/8+
  3231 root       0 -20       0      0      0 S   0.0  0.0   0:00.01 kworker/4+
  3240 root       0 -20       0      0      0 S   0.0  0.0   0:00.01 kworker/3+
  3242 ericsson  20   0  113284   1468   1264 S   0.0  0.0   0:00.00 bash
  3244 root       0 -20       0      0      0 S   0.0  0.0   0:00.00 kworker/8+
  3256 ericsson  20   0  113284   1464   1260 S   0.0  0.0   0:00.00 bash
  3267 root       0 -20       0      0      0 S   0.0  0.0   0:00.01 kworker/2+
  3271 root       0 -20       0      0      0 S   0.0  0.0   0:00.01 kworker/3+
  3272 ericsson  20   0  652500  37416   7480 S   0.0  0.0  16:58.69 pois_resi+
  3280 ericsson  20   0 5069900  63072   5652 S   0.0  0.0  17:20.11 mediakind+
  3283 ericsson  20   0  878412  56192   6288 S   0.0  0.0  18:23.97 liveencod+
  3294 root       0 -20       0      0      0 S   0.0  0.0   0:00.04 kworker/6+
  3298 ericsson  20   0  113284   1464   1260 S   0.0  0.0   0:00.00 bash
  3359 root       0 -20       0      0      0 S   0.0  0.0   0:00.02 kworker/1+
  3361 ericsson  20   0  276340  38188   9476 S   0.0  0.0   0:59.86 uwsgi
  3362 root       0 -20       0      0      0 S   0.0  0.0   0:00.00 kworker/8+
  3371 root       0 -20       0      0      0 S   0.0  0.0   0:00.01 kworker/2+
  3376 ericsson  20   0   10.8g 119752  10240 S   0.0  0.1 395:14.69 ericsson-+
  3439 root       0 -20       0      0      0 S   0.0  0.0   0:00.01 kworker/4+
  3444 ericsson  20   0  638320  36800   5652 S   0.0  0.0   8:44.81 ericsson-+
  3446 root       0 -20       0      0      0 S   0.0  0.0   0:00.02 kworker/2+
  3448 root       0 -20       0      0      0 S   0.0  0.0   0:00.01 kworker/3+
  3456 root       0 -20       0      0      0 S   0.0  0.0   0:00.01 kworker/4+
  3471 root       0 -20       0      0      0 S   0.0  0.0   0:00.03 kworker/1+
  3475 root       0 -20       0      0      0 S   0.0  0.0   0:00.00 kworker/2+
  3505 root       0 -20       0      0      0 S   0.0  0.0   0:00.01 kworker/4+
  3510 root       0 -20       0      0      0 S   0.0  0.0   0:00.01 kworker/4+
  3513 rabbitmq  20   0   49.9g 196420   4736 S   0.0  0.1   1295:10 beam.smp
  3514 root       0 -20       0      0      0 S   0.0  0.0   0:00.01 kworker/3+
  3521 ericsson  20   0  113284   1464   1260 S   0.0  0.0   0:00.00 bash
  3524 root       0 -20       0      0      0 S   0.0  0.0   0:00.01 kworker/7+
  3533 root       0 -20       0      0      0 S   0.0  0.0   0:00.00 kworker/8+
  3541 root       0 -20       0      0      0 S   0.0  0.0   0:00.00 kworker/7+
  3547 ericsson  20   0 1316096  43908   5856 S   0.0  0.0  57:05.44 envivio-s+
  3554 root       0 -20       0      0      0 S   0.0  0.0   0:00.00 kworker/8+
  3684 root       0 -20       0      0      0 S   0.0  0.0   0:00.00 kworker/9+
  3717 root       0 -20       0      0      0 S   0.0  0.0   0:00.00 kworker/5+
  3772 root       0 -20       0      0      0 S   0.0  0.0   0:00.00 kworker/9+
  3797 root       0 -20       0      0      0 S   0.0  0.0   0:00.00 kworker/7+
  3804 root      20   0   11296   5016   2076 S   0.0  0.0  67:49.24 lserv
  3826 root       0 -20       0      0      0 S   0.0  0.0   0:00.00 kworker/6+
  3838 root       0 -20       0      0      0 S   0.0  0.0   0:00.00 kworker/7+
  3851 root       0 -20       0      0      0 S   0.0  0.0   0:00.05 kworker/2+
  3888 root      20   0  113284   1424   1220 S   0.0  0.0   0:00.00 bash
  3895 root      20   0  517552  43392   7068 S   0.0  0.0  25:05.37 ericsson-+
  4969 rabbitmq  20   0    4356    532    444 S   0.0  0.0   0:52.76 erl_child+
  4974 mongod    20   0 1823752 192956  14040 S   0.0  0.1 486:05.44 mongod
  5193 root      20   0   89804   2220   1180 S   0.0  0.0   0:06.88 master
  5195 postfix   20   0   89976   4096   3084 S   0.0  0.0   0:02.66 qmgr
  5276 root      20   0       0      0      0 S   0.0  0.0   0:00.20 kworker/6+
  5313 root       0 -20       0      0      0 S   0.0  0.0   0:00.01 kworker/5+
  5322 ericsson  20   0  562708  42648   4896 S   0.0  0.0   0:00.91 uwsgi
  5327 ericsson  20   0  562708  42604   4852 S   0.0  0.0   0:00.94 uwsgi
  5332 ericsson  20   0  561160  41368   5028 S   0.0  0.0   0:02.18 uwsgi
  5334 ericsson  20   0  561160  41376   5036 S   0.0  0.0   0:01.67 uwsgi
  5342 ericsson  20   0  562684  42576   5064 S   0.0  0.0   0:02.98 uwsgi
  5347 ericsson  20   0  562684  42576   5072 S   0.0  0.0   0:03.94 uwsgi
  5352 ericsson  20   0  564732  44584   5024 S   0.0  0.0   0:05.61 uwsgi
  5357 ericsson  20   0  567160  47320   5172 S   0.0  0.0   0:57.33 uwsgi
  5358 ericsson  20   0  564732  44864   5172 S   0.0  0.0   0:09.41 uwsgi
  5367 ericsson  20   0  566648  46744   5140 S   0.0  0.0   0:35.02 uwsgi
  5372 ericsson  20   0  276340  29436    676 S   0.0  0.0   0:17.69 uwsgi
  5389 root       0 -20       0      0      0 S   0.0  0.0   0:00.00 kworker/9+
  5390 root       0 -20       0      0      0 S   0.0  0.0   0:00.05 kworker/3+
  5439 root       0 -20       0      0      0 S   0.0  0.0   0:00.03 kworker/1+
  5440 root       0 -20       0      0      0 S   0.0  0.0   0:00.00 kworker/7+
  5473 root       0 -20       0      0      0 S   0.0  0.0   0:00.04 kworker/7+
  5493 ericsson  20   0  430756  31876   2648 S   0.0  0.0   7:51.07 automatio+
  5494 ericsson  20   0  870696  79020   5556 S   0.0  0.0 147:12.64 uwsgi
  5504 ericsson  20   0 1092572  80452   5584 S   0.0  0.0 278:26.64 uwsgi
  5509 ericsson  20   0 1092680  79996   5572 S   0.0  0.0 273:52.53 uwsgi
  5519 ericsson  20   0 1096460  83824   5636 S   0.0  0.0 271:59.53 uwsgi
  5524 ericsson  20   0 1097332  84784   5684 S   0.0  0.0 264:21.65 uwsgi
  5529 ericsson  20   0 1095792  83472   5684 S   0.0  0.0 274:47.33 uwsgi
  5548 ericsson  20   0  367152  62644    760 S   0.0  0.0   0:04.79 uwsgi
  5635 rabbitmq  20   0   50868   2676    296 S   0.0  0.0   0:37.36 epmd
  5672 root      20   0       0      0      0 S   0.0  0.0   0:06.15 kworker/4+
  5862 root       0 -20       0      0      0 S   0.0  0.0   0:00.01 kworker/4+
  5928 rabbitmq  20   0   11592    460    356 S   0.0  0.0   0:01.83 inet_geth+
  5931 rabbitmq  20   0   43616   1268    956 S   0.0  0.0   0:06.49 inet_geth+
  6186 root      20   0  110208    860    732 S   0.0  0.0   0:00.01 agetty
  6348 root       0 -20       0      0      0 S   0.0  0.0   0:00.01 kworker/3+
  6357 root       0 -20       0      0      0 S   0.0  0.0   0:00.03 kworker/1+
  6380 root       0 -20       0      0      0 S   0.0  0.0   0:00.00 kworker/7+
  6546 ericsson  20   0  629132  90148   3408 S   0.0  0.0  16:29.91 celery
  6714 ericsson  20   0  292976  45940   1528 S   0.0  0.0   0:00.00 celery
  6731 ericsson  20   0  292980  45956   1544 S   0.0  0.0   0:00.00 celery
  6739 ericsson  20   0  292984  45968   1556 S   0.0  0.0   0:00.00 celery
  6740 ericsson  20   0  292988  45964   1552 S   0.0  0.0   0:00.00 celery
  6741 ericsson  20   0  292992  45964   1552 S   0.0  0.0   0:00.00 celery
  6746 ericsson  20   0  292996  45956   1544 S   0.0  0.0   0:00.00 celery
  6747 ericsson  20   0  293000  45960   1548 S   0.0  0.0   0:00.00 celery
  6748 ericsson  20   0  293004  45968   1556 S   0.0  0.0   0:00.00 celery
  9661 root      20   0       0      0      0 S   0.0  0.0   0:01.56 kworker/8+
  9986 root      20   0       0      0      0 S   0.0  0.0   0:04.00 kworker/3+
 10376 root       0 -20       0      0      0 S   0.0  0.0   0:00.03 kworker/2+
 10385 root       0 -20       0      0      0 S   0.0  0.0   0:00.00 kworker/9+
 10738 root       0 -20       0      0      0 S   0.0  0.0   0:00.03 kworker/1+
 12592 root      20   0       0      0      0 S   0.0  0.0   0:01.41 kworker/1+
 13422 root      20   0       0      0      0 S   0.0  0.0   0:00.00 kworker/3+
 13905 root      20   0       0      0      0 S   0.0  0.0   0:00.00 kworker/5+
 13996 root       0 -20       0      0      0 S   0.0  0.0   0:00.05 kworker/4+
 14294 root       0 -20       0      0      0 S   0.0  0.0   0:00.00 kworker/5+
 14312 root       0 -20       0      0      0 S   0.0  0.0   0:00.00 kworker/9+
 14371 root       0 -20       0      0      0 S   0.0  0.0   0:00.03 kworker/1+
 14605 root       0 -20       0      0      0 S   0.0  0.0   0:00.00 kworker/5+
 14850 root       0 -20       0      0      0 S   0.0  0.0   0:00.04 kworker/9+
 14855 root      20   0       0      0      0 S   0.0  0.0   0:00.00 kworker/4+
 15097 root       0 -20       0      0      0 S   0.0  0.0   0:00.00 kworker/5+
 15115 root       0 -20       0      0      0 S   0.0  0.0   0:00.02 kworker/2+
 15127 root       0 -20       0      0      0 S   0.0  0.0   0:00.03 kworker/1+
 15225 root      20   0       0      0      0 S   0.0  0.0   0:00.00 kworker/2+
 15362 root       0 -20       0      0      0 S   0.0  0.0   0:00.01 kworker/6+
 15624 root       0 -20       0      0      0 S   0.0  0.0   0:00.01 kworker/4+
 15913 root       0 -20       0      0      0 S   0.0  0.0   0:00.00 kworker/6+
 16135 root       0 -20       0      0      0 S   0.0  0.0   0:00.00 kworker/5+
 16154 root       0 -20       0      0      0 S   0.0  0.0   0:00.00 kworker/5+
 16397 root       0 -20       0      0      0 S   0.0  0.0   0:00.00 kworker/5+
 16402 root       0 -20       0      0      0 S   0.0  0.0   0:00.01 kworker/5+
 16658 root       0 -20       0      0      0 S   0.0  0.0   0:00.00 kworker/7+
 16810 root      20   0       0      0      0 S   0.0  0.0   0:05.15 kworker/7+
 17412 root       0 -20       0      0      0 S   0.0  0.0   0:00.01 kworker/2+
 17417 root       0 -20       0      0      0 S   0.0  0.0   0:00.00 kworker/8+
 17661 root       0 -20       0      0      0 S   0.0  0.0   0:00.00 kworker/9+
 17894 root       0 -20       0      0      0 S   0.0  0.0   0:00.01 kworker/6+
 18401 root       0 -20       0      0      0 S   0.0  0.0   0:00.00 kworker/6+
 18414 root       0 -20       0      0      0 S   0.0  0.0   0:00.01 kworker/7+
 18611 root      20   0       0      0      0 S   0.0  0.0   0:04.59 kworker/2+
 19048 root      20   0       0      0      0 S   0.0  0.0   0:00.56 kworker/6+
 20386 root       0 -20       0      0      0 S   0.0  0.0   0:00.02 kworker/6+
 21150 root       0 -20       0      0      0 S   0.0  0.0   0:00.01 kworker/6+
 22150 root       0 -20       0      0      0 S   0.0  0.0   0:00.01 kworker/7+
 23661 root      20   0       0      0      0 S   0.0  0.0   0:00.00 kworker/1+
 25014 root      20   0       0      0      0 S   0.0  0.0   0:03.35 kworker/6+
 26846 root       0 -20       0      0      0 S   0.0  0.0   0:00.00 kworker/6+
 27695 root       0 -20       0      0      0 S   0.0  0.0   0:00.00 kworker/6+
 29590 root      20   0       0      0      0 S   0.0  0.0   0:04.51 kworker/4+
 30182 root      20   0       0      0      0 S   0.0  0.0   0:02.28 kworker/2+
 31110 root      20   0       0      0      0 S   0.0  0.0   0:00.00 kworker/6+
 33653 root      20   0       0      0      0 S   0.0  0.0   0:00.00 kworker/2+
 33758 root      20   0       0      0      0 S   0.0  0.0   0:10.74 kworker/2+
 35139 root      20   0       0      0      0 S   0.0  0.0   0:04.93 kworker/7+
 36136 root      20   0       0      0      0 S   0.0  0.0   0:00.20 kworker/5+
 37116 root      20   0       0      0      0 S   0.0  0.0   0:01.32 kworker/u+
 42138 root      20   0       0      0      0 S   0.0  0.0   0:01.24 kworker/3+
 46163 root      20   0       0      0      0 S   0.0  0.0   0:00.50 kworker/5+
 46335 root      20   0       0      0      0 S   0.0  0.0   0:00.00 kworker/4+
 47400 root      20   0       0      0      0 S   0.0  0.0   1:03.52 kworker/1+
 50971 root      20   0       0      0      0 S   0.0  0.0   0:00.16 kworker/6+
 52189 root      20   0       0      0      0 S   0.0  0.0   0:00.00 kworker/1+
 55771 root      20   0       0      0      0 S   0.0  0.0   0:00.00 kworker/7+
 55846 root      20   0       0      0      0 S   0.0  0.0   0:00.28 kworker/5+
 55979 root      20   0       0      0      0 S   0.0  0.0   0:00.80 kworker/2+
 61351 root      20   0       0      0      0 S   0.0  0.0   2:12.53 kworker/0+
 63791 root      20   0       0      0      0 S   0.0  0.0   0:02.03 kworker/5+
 66748 root      20   0       0      0      0 S   0.0  0.0   0:00.00 kworker/7+
 66883 root      20   0       0      0      0 S   0.0  0.0   0:00.25 kworker/1+
 68123 root      20   0       0      0      0 S   0.0  0.0   0:00.00 kworker/4+
 69320 root      20   0       0      0      0 S   0.0  0.0   0:00.00 kworker/5+
 72975 root      20   0       0      0      0 S   0.0  0.0   0:00.00 kworker/8+
 74755 root      20   0       0      0      0 S   0.0  0.0   0:05.31 kworker/8+
 75415 root      20   0       0      0      0 S   0.0  0.0   0:00.00 kworker/1+
 76420 root      20   0       0      0      0 S   0.0  0.0   0:02.62 kworker/8+
 77002 root      20   0       0      0      0 S   0.0  0.0   1:00.16 kworker/8+
 77075 root      20   0       0      0      0 S   0.0  0.0   0:06.40 kworker/9+
 77922 root      20   0       0      0      0 S   0.0  0.0   0:00.22 kworker/2+
 79140 root      20   0       0      0      0 S   0.0  0.0   0:00.00 kworker/5+
 79171 root      20   0       0      0      0 S   0.0  0.0   0:01.41 kworker/7+
 80360 root      20   0       0      0      0 S   0.0  0.0   0:00.00 kworker/4+
 82276 root      20   0       0      0      0 S   0.0  0.0   0:00.00 kworker/7+
 82587 root      20   0       0      0      0 S   0.0  0.0   0:00.00 kworker/3+
 83362 root      20   0       0      0      0 S   0.0  0.0   0:03.40 kworker/3+
 84056 root      20   0       0      0      0 S   0.0  0.0   0:00.00 kworker/3+
 86243 root      20   0       0      0      0 S   0.0  0.0   0:00.00 kworker/4+
 86608 root      20   0       0      0      0 S   0.0  0.0   0:00.46 kworker/6+
 87463 root      20   0       0      0      0 S   0.0  0.0   0:00.00 kworker/2+
 88694 root      20   0       0      0      0 S   0.0  0.0   0:01.39 kworker/3+
 97295 root      20   0       0      0      0 S   0.0  0.0   0:00.00 kworker/1+
 97686 root      20   0       0      0      0 S   0.0  0.0   0:01.98 kworker/9+
 97837 root      20   0       0      0      0 S   0.0  0.0   0:02.02 kworker/7+
 98443 root      20   0       0      0      0 S   0.0  0.0   0:12.70 kworker/5+
 99360 root      20   0       0      0      0 S   0.0  0.0   0:01.83 kworker/7+
 99648 root      20   0       0      0      0 S   0.0  0.0   0:04.59 kworker/2+
 99874 root      20   0       0      0      0 S   0.0  0.0   0:00.81 kworker/4+
104912 root      20   0       0      0      0 S   0.0  0.0   0:00.00 kworker/2+
108726 root      20   0       0      0      0 S   0.0  0.0   0:00.00 kworker/4+
110768 root      20   0       0      0      0 S   0.0  0.0   0:00.00 kworker/6+
113206 root      20   0       0      0      0 S   0.0  0.0   0:00.00 kworker/8+
113593 root      20   0       0      0      0 S   0.0  0.0   0:01.74 kworker/6+
118839 root      20   0       0      0      0 S   0.0  0.0   0:02.32 kworker/5+
118939 root      20   0       0      0      0 S   0.0  0.0   0:05.10 kworker/6+
119300 root      20   0       0      0      0 S   0.0  0.0   0:00.00 kworker/1+
119893 root      20   0       0      0      0 S   0.0  0.0   0:04.61 kworker/9+
124239 root      20   0       0      0      0 S   0.0  0.0   0:00.00 kworker/6+
127894 root      20   0       0      0      0 S   0.0  0.0   0:00.00 kworker/2+
129112 root      20   0       0      0      0 S   0.0  0.0   0:00.00 kworker/2+
130333 root      20   0       0      0      0 S   0.0  0.0   0:00.00 kworker/2+
131552 root      20   0       0      0      0 S   0.0  0.0   0:00.00 kworker/3+
133775 root      20   0       0      0      0 S   0.0  0.0   0:05.58 kworker/1+
134295 root      20   0       0      0      0 S   0.0  0.0   0:00.15 kworker/2+
135274 root      20   0       0      0      0 S   0.0  0.0   0:00.00 kworker/4+
137194 root      20   0       0      0      0 S   0.0  0.0   0:03.02 kworker/9+
142462 root      20   0       0      0      0 S   0.0  0.0   0:01.07 kworker/5+
142822 root      20   0       0      0      0 S   0.0  0.0   0:00.00 kworker/1+
143536 root      20   0       0      0      0 S   0.0  0.0   0:04.63 kworker/3+
146260 root      20   0       0      0      0 S   0.0  0.0   0:00.00 kworker/5+
149578 root      20   0       0      0      0 S   0.0  0.0   0:55.42 kworker/1+
149985 root      20   0       0      0      0 S   0.0  0.0   0:00.00 kworker/1+
153234 root      20   0       0      0      0 S   0.0  0.0   0:02.42 kworker/8+
153641 root      20   0       0      0      0 S   0.0  0.0   0:00.00 kworker/6+
155493 root      20   0       0      0      0 S   0.0  0.0   0:04.73 kworker/5+
159889 root      20   0       0      0      0 S   0.0  0.0   0:00.65 kworker/7+
160895 root      20   0       0      0      0 S   0.0  0.0   0:01.47 kworker/1+
160950 root      20   0       0      0      0 S   0.0  0.0   0:00.00 kworker/2+
163691 root      20   0       0      0      0 S   0.0  0.0   0:00.00 kworker/0+
164648 root      20   0       0      0      0 S   0.0  0.0   0:00.00 kworker/u+
164671 root      20   0       0      0      0 S   0.0  0.0   0:00.00 kworker/7+
164830 root      20   0       0      0      0 S   0.0  0.0   0:00.00 kworker/5+
164835 root      20   0       0      0      0 S   0.0  0.0   0:06.38 kworker/9+
165892 root      20   0       0      0      0 S   0.0  0.0   0:00.00 kworker/8+
170764 root      20   0       0      0      0 S   0.0  0.0   0:00.00 kworker/7+
171114 root      20   0       0      0      0 S   0.0  0.0   0:03.11 kworker/2+
172332 root      20   0       0      0      0 S   0.0  0.0   0:01.04 kworker/2+
172803 ericsson  20   0 1095348  82540   5692 S   0.0  0.0  31:32.09 uwsgi
173456 root      20   0       0      0      0 S   0.0  0.0   0:02.44 kworker/4+
175282 root      20   0       0      0      0 S   0.0  0.0   0:00.00 kworker/9+
175398 root      20   0       0      0      0 S   0.0  0.0   0:00.46 kworker/u+
175653 root      20   0       0      0      0 S   0.0  0.0   0:00.00 kworker/1+
176197 root      20   0       0      0      0 S   0.0  0.0   0:03.92 kworker/3+
177034 root      20   0       0      0      0 S   0.0  0.0   0:00.00 kworker/9+
178396 root      20   0       0      0      0 S   0.0  0.0   0:00.00 kworker/5+
179376 root      20   0       0      0      0 S   0.0  0.0   0:00.00 kworker/5+
180594 root      20   0       0      0      0 S   0.0  0.0   0:00.00 kworker/4+
180754 root      20   0       0      0      0 S   0.0  0.0   0:00.60 kworker/4+
184251 root      20   0       0      0      0 S   0.0  0.0   0:00.05 kworker/1+
185469 root      20   0       0      0      0 S   0.0  0.0   0:00.00 kworker/2+
187498 root      20   0       0      0      0 S   0.0  0.0   0:02.02 kworker/7+
189126 root      20   0       0      0      0 S   0.0  0.0   0:00.00 kworker/1+
189863 root      20   0       0      0      0 S   0.0  0.0   0:00.00 kworker/u+
190346 root      20   0       0      0      0 S   0.0  0.0   0:00.00 kworker/4+
190504 root      20   0       0      0      0 S   0.0  0.0   0:00.00 kworker/2+
193109 root      20   0       0      0      0 S   0.0  0.0   0:00.00 kworker/1+
193714 root      20   0       0      0      0 S   0.0  0.0   0:00.00 kworker/9+
194327 root      20   0       0      0      0 S   0.0  0.0   0:03.83 kworker/5+
195309 root      20   0       0      0      0 S   0.0  0.0   0:00.00 kworker/2+
197748 root      20   0       0      0      0 S   0.0  0.0   0:00.00 kworker/7+
198592 root      20   0       0      0      0 S   0.0  0.0   0:00.00 kworker/8+
198655 root      20   0       0      0      0 S   0.0  0.0   0:05.22 kworker/3+
198970 root      20   0       0      0      0 S   0.0  0.0   0:00.00 kworker/6+
200188 root      20   0       0      0      0 S   0.0  0.0   0:00.00 kworker/7+
200320 root      20   0       0      0      0 S   0.0  0.0   0:00.00 kworker/4+
201032 root      20   0       0      0      0 S   0.0  0.0   0:00.00 kworker/8+
201411 root      20   0       0      0      0 S   0.0  0.0   0:00.00 kworker/5+
202630 root      20   0       0      0      0 S   0.0  0.0   0:00.00 kworker/6+
203593 postfix   20   0   89908   4084   3068 S   0.0  0.0   0:00.01 pickup
205069 root      20   0       0      0      0 S   0.0  0.0   0:00.00 kworker/8+
206415 root      20   0       0      0      0 S   0.0  0.0   0:00.00 kworker/6+
207808 root      20   0       0      0      0 S   0.0  0.0   0:00.00 kworker/5+
208905 root      20   0       0      0      0 S   0.0  0.0   0:08.09 kworker/4+
209791 root      20   0       0      0      0 S   0.0  0.0   0:00.00 kworker/6+
210857 root      20   0       0      0      0 S   0.0  0.0   0:00.00 kworker/9+
211011 root      20   0       0      0      0 S   0.0  0.0   0:00.00 kworker/9+
213450 root      20   0       0      0      0 S   0.0  0.0   0:00.00 kworker/3+
214523 root      20   0       0      0      0 S   0.0  0.0   0:00.64 kworker/6+
216600 apache    20   0  309120   6184   1984 S   0.0  0.0   0:00.00 httpd
216615 apache    20   0  309120   6092   1924 S   0.0  0.0   0:00.00 httpd
216620 apache    20   0  309120   6092   1920 S   0.0  0.0   0:00.00 httpd
216637 apache    20   0   89388  13252   4084 S   0.0  0.0   0:00.11 reportPac+
216642 apache    26   6  182184  15752   4688 S   0.0  0.0   0:00.18 createRep+
216679 root      20   0       0      0      0 S   0.0  0.0   0:00.00 kworker/2+
219638 root      20   0       0      0      0 S   0.0  0.0   0:01.27 kworker/5+
223008 root      20   0       0      0      0 S   0.0  0.0   0:04.71 kworker/4+
228269 root      20   0       0      0      0 S   0.0  0.0   0:00.00 kworker/6+
232751 root      20   0       0      0      0 S   0.0  0.0   0:03.79 kworker/4+
232785 root      20   0       0      0      0 S   0.0  0.0   0:07.31 kworker/3+
233148 root      20   0       0      0      0 S   0.0  0.0   0:00.00 kworker/5+
236810 root      20   0       0      0      0 S   0.0  0.0   0:00.00 kworker/3+
237115 root      20   0       0      0      0 S   0.0  0.0   0:00.00 kworker/4+
238000 root      20   0       0      0      0 S   0.0  0.0   0:00.98 kworker/1+
238094 root      20   0       0      0      0 S   0.0  0.0   0:00.00 kworker/7+
240530 root      20   0       0      0      0 S   0.0  0.0   0:00.00 kworker/3+
240558 root      20   0       0      0      0 S   0.0  0.0   0:02.40 kworker/2+
241750 root      20   0       0      0      0 S   0.0  0.0   0:00.00 kworker/8+
243355 root      20   0       0      0      0 S   0.0  0.0   0:00.00 kworker/5+
245945 root      20   0       0      0      0 S   0.0  0.0   0:00.00 kworker/7+
248627 root      20   0       0      0      0 S   0.0  0.0   0:01.56 kworker/2+
249058 root      20   0       0      0      0 S   0.0  0.0   0:00.46 kworker/1+
251802 apache    20   0  309120   6484   2240 S   0.0  0.0   0:04.06 httpd
251803 apache    20   0  309120   6412   2188 S   0.0  0.0   0:03.63 httpd
251804 apache    20   0  309120   6312   2084 S   0.0  0.0   0:03.66 httpd
251806 apache    20   0  309120   6404   2172 S   0.0  0.0   0:04.09 httpd
251807 apache    20   0  309120   6408   2176 S   0.0  0.0   0:02.86 httpd
251815 apache    20   0  309120   6392   2164 S   0.0  0.0   0:03.39 httpd
252066 apache    20   0  309120   6308   2084 S   0.0  0.0   0:03.50 httpd
252473 root      20   0       0      0      0 S   0.0  0.0   0:02.03 kworker/1+
253507 root      20   0       0      0      0 S   0.0  0.0   0:00.00 kworker/7+
253767 apache    20   0  309120   6312   2084 S   0.0  0.0   0:03.70 httpd
253768 apache    20   0  309120   6396   2164 S   0.0  0.0   0:04.37 httpd
253770 apache    20   0  309120   6308   2084 S   0.0  0.0   0:03.46 httpd
255945 root      20   0       0      0      0 S   0.0  0.0   0:00.00 kworker/8+
256637 root      20   0       0      0      0 S   0.0  0.0   0:02.93 kworker/3+
256811 root      20   0       0      0      0 S   0.0  0.0   0:02.58 kworker/9+
260086 root      20   0       0      0      0 S   0.0  0.0   1:30.90 kworker/7+
260094 root      20   0       0      0      0 S   0.0  0.0   0:02.07 kworker/9+
260462 root      20   0       0      0      0 S   0.0  0.0   0:02.53 kworker/3+
261342 root      20   0       0      0      0 S   0.0  0.0   0:00.00 kworker/3+
265411 root      20   0       0      0      0 S   0.0  0.0   0:04.35 kworker/5+
273607 root      20   0       0      0      0 S   0.0  0.0   0:00.42 kworker/4+
275002 root      20   0       0      0      0 S   0.0  0.0   0:00.00 kworker/9+
277364 root      20   0       0      0      0 S   0.0  0.0   0:00.00 kworker/8+
279259 root      20   0       0      0      0 S   0.0  0.0   0:00.90 kworker/6+
284333 root      20   0       0      0      0 S   0.0  0.0   0:01.94 kworker/4+
287801 root      20   0       0      0      0 S   0.0  0.0   0:00.78 kworker/8+
290301 root      20   0       0      0      0 S   0.0  0.0   0:00.00 kworker/8+
294154 root      20   0       0      0      0 S   0.0  0.0   1:58.78 kworker/8+
295410 root      20   0       0      0      0 S   0.0  0.0   0:00.00 kworker/3+
295655 root      20   0       0      0      0 S   0.0  0.0   0:00.00 kworker/7+
300355 root      20   0       0      0      0 S   0.0  0.0   0:00.00 kworker/6+
302787 root      20   0       0      0      0 S   0.0  0.0   0:00.00 kworker/3+
305317 root      20   0       0      0      0 S   0.0  0.0   0:02.52 kworker/1+
310407 root      20   0       0      0      0 S   0.0  0.0   0:00.37 kworker/1+
311282 root      20   0       0      0      0 S   0.0  0.0   0:05.41 kworker/3+
313332 root      20   0       0      0      0 S   0.0  0.0   0:00.00 kworker/6+
313831 root      20   0       0      0      0 S   0.0  0.0   0:00.00 kworker/3+
317979 root      20   0       0      0      0 S   0.0  0.0   0:02.57 kworker/6+
327423 root      20   0       0      0      0 S   0.0  0.0   0:00.00 kworker/8+

-----------Current physical memory used (free -m)---------------------------
              total        used        free      shared  buff/cache   available
Mem:         191909       39193      149682        1026        3034      150985
Swap:             0           0           0

-----------RAM usage (/proc/meminfo)---------------------------
MemTotal:       196515672 kB
MemFree:        153273992 kB
MemAvailable:   154608244 kB
Buffers:          458040 kB
Cached:          2482024 kB
SwapCached:            0 kB
Active:         31332348 kB
Inactive:        1477584 kB
Active(anon):   30217872 kB
Inactive(anon):   702928 kB
Active(file):    1114476 kB
Inactive(file):   774656 kB
Unevictable:           4 kB
Mlocked:               4 kB
SwapTotal:             0 kB
SwapFree:              0 kB
Dirty:               540 kB
Writeback:             8 kB
AnonPages:      29870512 kB
Mapped:           291564 kB
Shmem:           1050772 kB
Slab:             772520 kB
SReclaimable:     166988 kB
SUnreclaim:       605532 kB
KernelStack:       92784 kB
PageTables:       148628 kB
NFS_Unstable:          0 kB
Bounce:                0 kB
WritebackTmp:          0 kB
CommitLimit:    186689888 kB
Committed_AS:   40906960 kB
VmallocTotal:   34359738367 kB
VmallocUsed:      805276 kB
VmallocChunk:   34258274300 kB
Percpu:            94720 kB
HardwareCorrupted:     0 kB
AnonHugePages:  19673088 kB
CmaTotal:              0 kB
CmaFree:               0 kB
HugePages_Total:       0
HugePages_Free:        0
HugePages_Rsvd:        0
HugePages_Surp:        0
Hugepagesize:       2048 kB
DirectMap4k:      543700 kB
DirectMap2M:    11710464 kB
DirectMap1G:    189792256 kB
