
					"bytesIn" : NumberLong(0),
					"bytesOut" : NumberLong(0)
				}
			},
			"zlib" : {
				"compressor" : {
					"bytesIn" : NumberLong(0),
					"bytesOut" : NumberLong(0)
				},
				"decompressor" : {
					"bytesIn" : NumberLong(0),
					"bytesOut" : NumberLong(0)
				}
			}
		},
		"serviceExecutorTaskStats" : {
			"executor" : "passthrough",
			"threadsRunning" : 165
		}
	},
	"opLatencies" : {
		"reads" : {
			"latency" : NumberLong("9902728823"),
			"ops" : NumberLong(16276219)
		},
		"writes" : {
			"latency" : NumberLong("2855706188"),
			"ops" : NumberLong(9893337)
		},
		"commands" : {
			"latency" : NumberLong(607620045),
			"ops" : NumberLong(13348756)
		},
		"transactions" : {
			"latency" : NumberLong(0),
			"ops" : NumberLong(0)
		}
	},
	"opReadConcernCounters" : {
		"available" : NumberLong(0),
		"linearizable" : NumberLong(0),
		"local" : NumberLong(0),
		"majority" : NumberLong(0),
		"snapshot" : NumberLong(0),
		"none" : NumberLong(14949229)
	},
	"opcounters" : {
		"insert" : NumberLong(593391),
		"query" : NumberLong(14949229),
		"update" : NumberLong(8948361),
		"delete" : NumberLong(146943),
		"getmore" : NumberLong(0),
		"command" : NumberLong(14989391)
	},
	"opcountersRepl" : {
		"insert" : NumberLong(0),
		"query" : NumberLong(0),
		"update" : NumberLong(0),
		"delete" : NumberLong(0),
		"getmore" : NumberLong(0),
		"command" : NumberLong(0)
	},
	"security" : {
		"authentication" : {
			"mechanisms" : {
				"MONGODB-X509" : {
					"speculativeAuthenticate" : {
						"received" : NumberLong(0),
						"successful" : NumberLong(0)
					},
					"authenticate" : {
						"received" : NumberLong(0),
						"successful" : NumberLong(0)
					}
				},
				"SCRAM-SHA-1" : {
					"speculativeAuthenticate" : {
						"received" : NumberLong(0),
						"successful" : NumberLong(0)
					},
					"authenticate" : {
						"received" : NumberLong(0),
						"successful" : NumberLong(0)
					}
				},
				"SCRAM-SHA-256" : {
					"speculativeAuthenticate" : {
						"received" : NumberLong(3049),
						"successful" : NumberLong(3049)
					},
					"authenticate" : {
						"received" : NumberLong(3070),
						"successful" : NumberLong(3070)
					}
				}
			}
		}
	},
	"storageEngine" : {
		"name" : "wiredTiger",
		"supportsCommittedReads" : true,
		"oldestRequiredTimestampForCrashRecovery" : Timestamp(0, 0),
		"supportsPendingDrops" : true,
		"dropPendingIdents" : NumberLong(0),
		"supportsTwoPhaseIndexBuild" : true,
		"supportsSnapshotReadConcern" : true,
		"readOnly" : false,
		"persistent" : true,
		"backupCursorOpen" : false
	},
	"tcmalloc" : {
		"generic" : {
			"current_allocated_bytes" : 137662072,
			"heap_size" : 173645824
		},
		"tcmalloc" : {
			"pageheap_free_bytes" : 11001856,
			"pageheap_unmapped_bytes" : 6942720,
			"max_total_thread_cache_bytes" : NumberLong(1073741824),
			"current_total_thread_cache_bytes" : 11464736,
			"total_free_bytes" : 18039176,
			"central_cache_free_bytes" : 4802088,
			"transfer_cache_free_bytes" : 1772352,
			"thread_cache_free_bytes" : 11464736,
			"aggressive_memory_decommit" : 0,
			"pageheap_committed_bytes" : 166703104,
			"pageheap_scavenge_count" : 6248,
			"pageheap_commit_count" : 11541,
			"pageheap_total_commit_bytes" : NumberLong(2081529856),
			"pageheap_decommit_count" : 6248,
			"pageheap_total_decommit_bytes" : NumberLong(1914826752),
			"pageheap_reserve_count" : 116,
			"pageheap_total_reserve_bytes" : 173645824,
			"spinlock_total_delay_ns" : 4235235,
			"release_rate" : 1,
			"formattedString" : "------------------------------------------------\nMALLOC:      137662648 (  131.3 MiB) Bytes in use by application\nMALLOC: +     11001856 (   10.5 MiB) Bytes in page heap freelist\nMALLOC: +      4802088 (    4.6 MiB) Bytes in central cache freelist\nMALLOC: +      1772352 (    1.7 MiB) Bytes in transfer cache freelist\nMALLOC: +     11464160 (   10.9 MiB) Bytes in thread cache freelists\nMALLOC: +      3538944 (    3.4 MiB) Bytes in malloc metadata\nMALLOC:   ------------\nMALLOC: =    170242048 (  162.4 MiB) Actual memory used (physical + swap)\nMALLOC: +      6942720 (    6.6 MiB) Bytes released to OS (aka unmapped)\nMALLOC:   ------------\nMALLOC: =    177184768 (  169.0 MiB) Virtual address space used\nMALLOC:\nMALLOC:           6890              Spans in use\nMALLOC:            195              Thread heaps in use\nMALLOC:           4096              Tcmalloc page size\n------------------------------------------------\nCall ReleaseFreeMemory() to release freelist memory to the OS (via madvise()).\nBytes released to the OS take up virtual address space but no physical memory.\n"
		}
	},
	"trafficRecording" : {
		"running" : false
	},
	"transactions" : {
		"retriedCommandsCount" : NumberLong(0),
		"retriedStatementsCount" : NumberLong(0),
		"transactionsCollectionWriteCount" : NumberLong(0),
		"currentActive" : NumberLong(0),
		"currentInactive" : NumberLong(0),
		"currentOpen" : NumberLong(0),
		"totalAborted" : NumberLong(0),
		"totalCommitted" : NumberLong(0),
		"totalStarted" : NumberLong(0),
		"totalPrepared" : NumberLong(0),
		"totalPreparedThenCommitted" : NumberLong(0),
		"totalPreparedThenAborted" : NumberLong(0),
		"currentPrepared" : NumberLong(0)
	},
	"transportSecurity" : {
		"1.0" : NumberLong(0),
		"1.1" : NumberLong(0),
		"1.2" : NumberLong(0),
		"1.3" : NumberLong(0),
		"unknown" : NumberLong(0)
	},
	"twoPhaseCommitCoordinator" : {
		"totalCreated" : NumberLong(0),
		"totalStartedTwoPhaseCommit" : NumberLong(0),
		"totalAbortedTwoPhaseCommit" : NumberLong(0),
		"totalCommittedTwoPhaseCommit" : NumberLong(0),
		"currentInSteps" : {
			"writingParticipantList" : NumberLong(0),
			"waitingForVotes" : NumberLong(0),
			"writingDecision" : NumberLong(0),
			"waitingForDecisionAcks" : NumberLong(0),
			"deletingCoordinatorDoc" : NumberLong(0)
		}
	},
	"wiredTiger" : {
		"uri" : "statistics:",
		"block-manager" : {
			"blocks pre-loaded" : 463,
			"blocks read" : 243346,
			"blocks written" : 1205174,
			"bytes read" : 998191104,
			"bytes read via memory map API" : 0,
			"bytes read via system call API" : 0,
			"bytes written" : 9268011008,
			"bytes written for checkpoint" : 9267568640,
			"bytes written via memory map API" : 0,
			"bytes written via system call API" : 0,
			"mapped blocks read" : 0,
			"mapped bytes read" : 0,
			"number of times the file was remapped because it changed size via fallocate or truncate" : 0,
			"number of times the region was remapped via write" : 0
		},
		"cache" : {
			"application threads page read from disk to cache count" : 244,
			"application threads page read from disk to cache time (usecs)" : 40606,
			"application threads page write from cache to disk count" : 672269,
			"application threads page write from cache to disk time (usecs)" : 22701727,
			"bytes allocated for updates" : 21713031,
			"bytes belonging to page images in the cache" : 4089390,
			"bytes belonging to the history store table in the cache" : 476,
			"bytes currently in the cache" : 27621200,
			"bytes dirty in the cache cumulative" : 298705610856,
			"bytes not belonging to page images in the cache" : 23531810,
			"bytes read into cache" : 3796715,
			"bytes written from cache" : 8629324615,
			"cache overflow score" : 0,
			"checkpoint blocked page eviction" : 5,
			"checkpoint of history store file blocked non-history store page eviction" : 0,
			"eviction calls to get a page" : 254805,
			"eviction calls to get a page found queue empty" : 206276,
			"eviction calls to get a page found queue empty after locking" : 260,
			"eviction currently operating in aggressive mode" : 0,
			"eviction empty score" : 0,
			"eviction gave up due to detecting an out of order on disk value behind the last update on the chain" : 0,
			"eviction gave up due to detecting an out of order tombstone ahead of the selected on disk update" : 0,
			"eviction gave up due to detecting an out of order tombstone ahead of the selected on disk update after validating the update chain" : 0,
			"eviction gave up due to detecting out of order timestamps on the update chain after the selected on disk update" : 0,
			"eviction passes of a file" : 0,
			"eviction server candidate queue empty when topping up" : 0,
			"eviction server candidate queue not empty when topping up" : 0,
			"eviction server evicting pages" : 0,
			"eviction server slept, because we did not make progress with eviction" : 63979,
			"eviction server unable to reach eviction goal" : 0,
			"eviction server waiting for a leaf page" : 50,
			"eviction state" : 64,
			"eviction walk target pages histogram - 0-9" : 0,
			"eviction walk target pages histogram - 10-31" : 0,
			"eviction walk target pages histogram - 128 and higher" : 0,
			"eviction walk target pages histogram - 32-63" : 0,
			"eviction walk target pages histogram - 64-128" : 0,
			"eviction walk target pages reduced due to history store cache pressure" : 0,
			"eviction walk target strategy both clean and dirty pages" : 0,
			"eviction walk target strategy only clean pages" : 0,
			"eviction walk target strategy only dirty pages" : 0,
			"eviction walks abandoned" : 0,
			"eviction walks gave up because they restarted their walk twice" : 0,
			"eviction walks gave up because they saw too many pages and found no candidates" : 0,
			"eviction walks gave up because they saw too many pages and found too few candidates" : 0,
			"eviction walks reached end of tree" : 0,
			"eviction walks restarted" : 0,
			"eviction walks started from root of tree" : 0,
			"eviction walks started from saved location in tree" : 0,
			"eviction worker thread active" : 4,
			"eviction worker thread created" : 0,
			"eviction worker thread evicting pages" : 47040,
			"eviction worker thread removed" : 0,
			"eviction worker thread stable number" : 0,
			"files with active eviction walks" : 0,
			"files with new eviction walks started" : 0,
			"force re-tuning of eviction workers once in a while" : 0,
			"forced eviction - history store pages failed to evict while session has history store cursor open" : 0,
			"forced eviction - history store pages selected while session has history store cursor open" : 0,
			"forced eviction - history store pages successfully evicted while session has history store cursor open" : 0,
			"forced eviction - pages evicted that were clean count" : 0,
			"forced eviction - pages evicted that were clean time (usecs)" : 0,
			"forced eviction - pages evicted that were dirty count" : 143,
			"forced eviction - pages evicted that were dirty time (usecs)" : 212592,
			"forced eviction - pages selected because of a large number of updates to a single item" : 0,
			"forced eviction - pages selected because of too many deleted items count" : 186,
			"forced eviction - pages selected count" : 153,
			"forced eviction - pages selected unable to be evicted count" : 0,
			"forced eviction - pages selected unable to be evicted time" : 0,
			"hazard pointer blocked page eviction" : 986,
			"hazard pointer check calls" : 47193,
			"hazard pointer check entries walked" : 15363,
			"hazard pointer maximum array length" : 1,
			"history store score" : 0,
			"history store table insert calls" : 5,
			"history store table insert calls that returned restart" : 0,
			"history store table max on-disk size" : 0,
			"history store table on-disk size" : 12288,
			"history store table out-of-order resolved updates that lose their durable timestamp" : 0,
			"history store table out-of-order updates that were fixed up by reinserting with the fixed timestamp" : 0,
			"history store table reads" : 0,
			"history store table reads missed" : 0,
			"history store table reads requiring squashed modifies" : 0,
			"history store table truncation by rollback to stable to remove an unstable update" : 0,
			"history store table truncation by rollback to stable to remove an update" : 0,
			"history store table truncation to remove an update" : 0,
			"history store table truncation to remove range of updates due to key being removed from the data page during reconciliation" : 6155005,
			"history store table truncation to remove range of updates due to out-of-order timestamp update on data page" : 0,
			"history store table writes requiring squashed modifies" : 0,
			"in-memory page passed criteria to be split" : 20,
			"in-memory page splits" : 10,
			"internal pages evicted" : 0,
			"internal pages queued for eviction" : 0,
			"internal pages seen by eviction walk" : 0,
			"internal pages seen by eviction walk that are already queued" : 0,
			"internal pages split during eviction" : 0,
			"leaf pages split during eviction" : 1,
			"maximum bytes configured" : 100078190592,
			"maximum page size at eviction" : 360,
			"modified pages evicted" : 46192,
			"modified pages evicted by application threads" : 0,
			"operations timed out waiting for space in cache" : 0,
			"overflow pages read into cache" : 0,
			"page split during eviction deepened the tree" : 0,
			"page written requiring history store records" : 1,
			"pages currently held in the cache" : 356,
			"pages evicted by application threads" : 0,
			"pages evicted in parallel with checkpoint" : 45855,
			"pages queued for eviction" : 0,
			"pages queued for eviction post lru sorting" : 0,
			"pages queued for urgent eviction" : 47080,
			"pages queued for urgent eviction during walk" : 0,
			"pages queued for urgent eviction from history store due to high dirty content" : 0,
			"pages read into cache" : 349,
			"pages read into cache after truncate" : 46127,
			"pages read into cache after truncate in prepare state" : 0,
			"pages requested from the cache" : 88172779,
			"pages seen by eviction walk" : 0,
			"pages seen by eviction walk that are already queued" : 0,
			"pages selected for eviction unable to be evicted" : 991,
			"pages selected for eviction unable to be evicted as the parent page has overflow items" : 0,
			"pages selected for eviction unable to be evicted because of active children on an internal page" : 0,
			"pages selected for eviction unable to be evicted because of failure in reconciliation" : 0,
			"pages selected for eviction unable to be evicted because of race between checkpoint and out of order timestamps handling" : 0,
			"pages walked for eviction" : 0,
			"pages written from cache" : 672273,
			"pages written requiring in-memory restoration" : 205,
			"percentage overhead" : 8,
			"tracked bytes belonging to internal pages in the cache" : 102071,
			"tracked bytes belonging to leaf pages in the cache" : 27519129,
			"tracked dirty bytes in the cache" : 8471754,
			"tracked dirty pages in the cache" : 7,
			"unmodified pages evicted" : 0
		},
		"capacity" : {
			"background fsync file handles considered" : 0,
			"background fsync file handles synced" : 0,
			"background fsync time (msecs)" : 0,
			"bytes read" : 2875392,
			"bytes written for checkpoint" : 5111332294,
			"bytes written for eviction" : 38264,
			"bytes written for log" : 2301024768,
			"bytes written total" : 7412395326,
			"threshold to call fsync" : 0,
			"time waiting due to total capacity (usecs)" : 0,
			"time waiting during checkpoint (usecs)" : 0,
			"time waiting during eviction (usecs)" : 0,
			"time waiting during logging (usecs)" : 0,
			"time waiting during read (usecs)" : 0
		},
		"checkpoint-cleanup" : {
			"pages added for eviction" : 47033,
			"pages removed" : 0,
			"pages skipped during tree walk" : 1320835,
			"pages visited" : 2360864
		},
		"connection" : {
			"auto adjusting condition resets" : 517846,
			"auto adjusting condition wait calls" : 9803703,
			"auto adjusting condition wait raced to update timeout and skipped updating" : 12,
			"detected system time went backwards" : 0,
			"files currently open" : 100,
			"hash bucket array size for data handles" : 512,
			"hash bucket array size general" : 512,
			"memory allocations" : 182090259,
			"memory frees" : 181868863,
			"memory re-allocations" : 11188723,
			"pthread mutex condition wait calls" : 24952344,
			"pthread mutex shared lock read-lock calls" : 130437120,
			"pthread mutex shared lock write-lock calls" : 5660077,
			"total fsync I/Os" : 3762906,
			"total read I/Os" : 268859,
			"total write I/Os" : 4639594
		},
		"cursor" : {
			"Total number of entries skipped by cursor next calls" : 1649783919,
			"Total number of entries skipped by cursor prev calls" : 205993507,
			"Total number of -----------rs_status()---------------------------
MongoDB shell version v4.4.9
connecting to: mongodb://127.0.0.1:27017/admin?compressors=disabled&gssapiServiceName=mongodb
Implicit session: session { "id" : UUID("a672eff5-bc2e-4120-9326-a8146a70eb93") }
MongoDB server version: 4.4.9
{
	"ok" : 0,
	"errmsg" : "not running with --replSet",
	"code" : 76,
	"codeName" : "NoReplicationEnabled"
}
-----------is_master()---------------------------
MongoDB shell version v4.4.9
connecting to: mongodb://127.0.0.1:27017/admin?compressors=disabled&gssapiServiceName=mongodb
Implicit session: session { "id" : UUID("b49201d4-1b0a-41c9-a263-2186ffbe9977") }
MongoDB server version: 4.4.9
{
	"ismaster" : true,
	"topologyVersion" : {
		"processId" : ObjectId("65dd3589c700d831a8efdce0"),
		"counter" : NumberLong(0)
	},
	"maxBsonObjectSize" : 16777216,
	"maxMessageSizeBytes" : 48000000,
	"maxWriteBatchSize" : 100000,
	"localTime" : ISODate("2024-03-15T02:39:14.100Z"),
	"logicalSessionTimeoutMinutes" : 30,
	"connectionId" : 7967,
	"minWireVersion" : 0,
	"maxWireVersion" : 9,
	"readOnly" : false,
	"ok" : 1
}
-----------serverStatus()---------------------------
MongoDB shell version v4.4.9
connecting to: mongodb://127.0.0.1:27017/admin?compressors=disabled&gssapiServiceName=mongodb
Implicit session: session { "id" : UUID("e3a54125-dcd8-4dac-9911-2ad7805509ea") }
MongoDB server version: 4.4.9
{
	"host" : "MKEL_HD16_B",
	"version" : "4.4.9",
	"process" : "mongod",
	"pid" : NumberLong(4974),
	"uptime" : 1474377,
	"uptimeMillis" : NumberLong(1474377123),
	"uptimeEstimate" : NumberLong(1474377),
	"localTime" : ISODate("2024-03-15T02:39:14.236Z"),
	"asserts" : {
		"regular" : 0,
		"warning" : 0,
		"msg" : 0,
		"user" : 590066,
		"rollovers" : 0
	},
	"connections" : {
		"current" : 165,
		"available" : 51035,
		"totalCreated" : 7968,
		"active" : 54,
		"exhaustIsMaster" : 0,
		"exhaustHello" : 51,
		"awaitingTopologyChanges" : 53
	},
	"electionMetrics" : {
		"stepUpCmd" : {
			"called" : NumberLong(0),
			"successful" : NumberLong(0)
		},
		"priorityTakeover" : {
			"called" : NumberLong(0),
			"successful" : NumberLong(0)
		},
		"catchUpTakeover" : {
			"called" : NumberLong(0),
			"successful" : NumberLong(0)
		},
		"electionTimeout" : {
			"called" : NumberLong(0),
			"successful" : NumberLong(0)
		},
		"freezeTimeout" : {
			"called" : NumberLong(0),
			"successful" : NumberLong(0)
		},
		"numStepDownsCausedByHigherTerm" : NumberLong(0),
		"numCatchUps" : NumberLong(0),
		"numCatchUpsSucceeded" : NumberLong(0),
		"numCatchUpsAlreadyCaughtUp" : NumberLong(0),
		"numCatchUpsSkipped" : NumberLong(0),
		"numCatchUpsTimedOut" : NumberLong(0),
		"numCatchUpsFailedWithError" : NumberLong(0),
		"numCatchUpsFailedWithNewTerm" : NumberLong(0),
		"numCatchUpsFailedWithReplSetAbortPrimaryCatchUpCmd" : NumberLong(0),
		"averageCatchUpOps" : 0
	},
	"extra_info" : {
		"note" : "fields vary by platform",
		"user_time_us" : NumberLong("23779063551"),
		"system_time_us" : NumberLong("5388393978"),
		"maximum_resident_set_kb" : NumberLong(195004),
		"input_blocks" : NumberLong(32208),
		"output_blocks" : NumberLong(56720416),
		"page_reclaims" : NumberLong(30382258),
		"page_faults" : NumberLong(95),
		"voluntary_context_switches" : NumberLong(163235936),
		"involuntary_context_switches" : NumberLong(11782372)
	},
	"flowControl" : {
		"enabled" : true,
		"targetRateLimit" : 1000000000,
		"timeAcquiringMicros" : NumberLong(11081210),
		"locksPerKiloOp" : 0,
		"sustainerRate" : 0,
		"isLagged" : false,
		"isLaggedCount" : 0,
		"isLaggedTimeMicros" : NumberLong(0)
	},
	"freeMonitoring" : {
		"state" : "undecided"
	},
	"globalLock" : {
		"totalTime" : NumberLong("1474377034000"),
		"currentQueue" : {
			"total" : 0,
			"readers" : 0,
			"writers" : 0
		},
		"activeClients" : {
			"total" : 0,
			"readers" : 0,
			"writers" : 0
		}
	},
	"locks" : {
		"ParallelBatchWriterMode" : {
			"acquireCount" : {
				"r" : NumberLong(14239164)
			}
		},
		"ReplicationStateTransition" : {
			"acquireCount" : {
				"w" : NumberLong(46808750)
			}
		},
		"Global" : {
			"acquireCount" : {
				"r" : NumberLong(32643393),
				"w" : NumberLong(14165353),
				"W" : NumberLong(4)
			}
		},
		"Database" : {
			"acquireCount" : {
				"r" : NumberLong(26745890),
				"w" : NumberLong(14165349),
				"W" : NumberLong(4)
			}
		},
		"Collection" : {
			"acquireCount" : {
				"r" : NumberLong(28839714),
				"w" : NumberLong(12113349),
				"W" : NumberLong(46)
			}
		},
		"Mutex" : {
			"acquireCount" : {
				"r" : NumberLong(30988125)
			}
		}
	},
	"logicalSessionRecordCache" : {
		"activeSessionsCount" : 35,
		"sessionsCollectionJobCount" : 4915,
		"lastSessionsCollectionJobDurationMillis" : 2,
		"lastSessionsCollectionJobTimestamp" : ISODate("2024-03-15T02:36:18.225Z"),
		"lastSessionsCollectionJobEntriesRefreshed" : 19,
		"lastSessionsCollectionJobEntriesEnded" : 0,
		"lastSessionsCollectionJobCursorsClosed" : 0,
		"transactionReaperJobCount" : 4915,
		"lastTransactionReaperJobDurationMillis" : 0,
		"lastTransactionReaperJobTimestamp" : ISODate("2024-03-15T02:36:18.226Z"),
		"lastTransactionReaperJobEntriesCleanedUp" : 0,
		"sessionCatalogSize" : 0
	},
	"network" : {
		"bytesIn" : NumberLong("8452253223"),
		"bytesOut" : NumberLong("71529106197"),
		"physicalBytesIn" : NumberLong("7516689501"),
		"physicalBytesOut" : NumberLong("71528546703"),
		"numSlowDNSOperations" : NumberLong(0),
		"numSlowSSLOperations" : NumberLong(0),
		"numRequests" : NumberLong(39518366),
		"tcpFastOpen" : {
			"kernelSetting" : NumberLong(0),
			"serverSupported" : true,
			"clientSupported" : false,
			"accepted" : NumberLong(0)
		},
		"compression" : {
			"snappy" : {
				"compressor" : {
					"bytesIn" : NumberLong(0),
					"bytesOut" : NumberLong(0)
				},
				"decompressor" : {
					"bytesIn" : NumberLong(0),
					"bytesOut" : NumberLong(0)
				}
			},
			"zstd" : {
				"compressor" : {
					"bytesIn" : NumberLong(0),
					"bytesOut" : NumberLong(0)
				},
				"decompressor" : {entries skipped to position the history store cursor" : 0,
			"Total number of pages skipped without reading by cursor next calls" : 0,
			"Total number of pages skipped without reading by cursor prev calls" : 0,
			"Total number of times a search near has exited due to prefix config" : 0,
			"cached cursor count" : 193,
			"cursor bulk loaded cursor insert calls" : 0,
			"cursor close calls that result in cache" : 58593181,
			"cursor create calls" : 32418,
			"cursor insert calls" : 2021985,
			"cursor insert key and value bytes" : 529071691,
			"cursor modify calls" : 4862763,
			"cursor modify key and value bytes affected" : 17797553276,
			"cursor modify value bytes modified" : 144382794,
			"cursor next calls" : 53496234,
			"cursor next calls that skip due to a globally visible history store tombstone" : 0,
			"cursor next calls that skip greater than or equal to 100 entries" : 3346661,
			"cursor next calls that skip less than 100 entries" : 50149571,
			"cursor operation restarted" : 1,
			"cursor prev calls" : 10007304695,
			"cursor prev calls that skip due to a globally visible history store tombstone" : 0,
			"cursor prev calls that skip greater than or equal to 100 entries" : 317620,
			"cursor prev calls that skip less than 100 entries" : 10006987075,
			"cursor remove calls" : 132022,
			"cursor remove key bytes removed" : 2245513,
			"cursor reserve calls" : 0,
			"cursor reset calls" : 132420566,
			"cursor search calls" : 39122262,
			"cursor search history store calls" : 0,
			"cursor search near calls" : 39242529,
			"cursor sweep buckets" : 10184362,
			"cursor sweep cursors closed" : 142,
			"cursor sweep cursors examined" : 957002,
			"cursor sweeps" : 1697370,
			"cursor truncate calls" : 0,
			"cursor update calls" : 0,
			"cursor update key and value bytes" : 0,
			"cursor update value size change" : 0,
			"cursors reused from cache" : 58592809,
			"open cursor count" : 9
		},
		"data-handle" : {
			"connection data handle size" : 440,
			"connection data handles currently active" : 193,
			"connection sweep candidate became referenced" : 0,
			"connection sweep dhandles closed" : 88,
			"connection sweep dhandles removed from hash list" : 290152,
			"connection sweep time-of-death sets" : 4256501,
			"connection sweeps" : 147514,
			"connection sweeps skipped due to checkpoint gathering handles" : 1,
			"session dhandles swept" : 727520,
			"session sweep attempts" : 28781
		},
		"lock" : {
			"checkpoint lock acquisitions" : 24568,
			"checkpoint lock application thread wait time (usecs)" : 55,
			"checkpoint lock internal thread wait time (usecs)" : 0,
			"dhandle lock application thread time waiting (usecs)" : 687,
			"dhandle lock internal thread time waiting (usecs)" : 234,
			"dhandle read lock acquisitions" : 6313130,
			"dhandle write lock acquisitions" : 580589,
			"durable timestamp queue lock application thread time waiting (usecs)" : 0,
			"durable timestamp queue lock internal thread time waiting (usecs)" : 0,
			"durable timestamp queue read lock acquisitions" : 0,
			"durable timestamp queue write lock acquisitions" : 0,
			"metadata lock acquisitions" : 24567,
			"metadata lock application thread wait time (usecs)" : 738,
			"metadata lock internal thread wait time (usecs)" : 0,
			"read timestamp queue lock application thread time waiting (usecs)" : 0,
			"read timestamp queue lock internal thread time waiting (usecs)" : 0,
			"read timestamp queue read lock acquisitions" : 0,
			"read timestamp queue write lock acquisitions" : 0,
			"schema lock acquisitions" : 24940,
			"schema lock application thread wait time (usecs)" : 13628,
			"schema lock internal thread wait time (usecs)" : 0,
			"table lock application thread time waiting for the table lock (usecs)" : 0,
			"table lock internal thread time waiting for the table lock (usecs)" : 2181,
			"table read lock acquisitions" : 0,
			"table write lock acquisitions" : 361,
			"txn global lock application thread time waiting (usecs)" : 3,
			"txn global lock internal thread time waiting (usecs)" : 0,
			"txn global read lock acquisitions" : 3404122,
			"txn global write lock acquisitions" : 3061700
		},
		"log" : {
			"busy returns attempting to switch slots" : 1900,
			"force archive time sleeping (usecs)" : 0,
			"log bytes of payload data" : 1259274193,
			"log bytes written" : 1574767488,
			"log files manually zero-filled" : 0,
			"log flush operations" : 14741846,
			"log force write operations" : 16756857,
			"log force write operations skipped" : 13371861,
			"log records compressed" : 503290,
			"log records not compressed" : 118433,
			"log records too small to compress" : 4683390,
			"log release advances write LSN" : 24744,
			"log scan operations" : 6,
			"log scan records requiring two reads" : 0,
			"log server thread advances write LSN" : 3384987,
			"log server thread write LSN walk skipped" : 4793997,
			"log sync operations" : 3397580,
			"log sync time duration (usecs)" : 972179616,
			"log sync_dir operations" : 16,
			"log sync_dir time duration (usecs)" : 11002,
			"log write operations" : 5305113,
			"logging bytes consolidated" : 1574763136,
			"maximum log file size" : 104857600,
			"number of pre-allocated log files to create" : 2,
			"pre-allocated log files not ready and missed" : 1,
			"pre-allocated log files prepared" : 17,
			"pre-allocated log files used" : 15,
			"records processed by log scan" : 15,
			"slot close lost race" : 0,
			"slot close unbuffered waits" : 0,
			"slot closures" : 3409731,
			"slot join atomic update races" : 22,
			"slot join calls atomic updates raced" : 22,
			"slot join calls did not yield" : 5305076,
			"slot join calls found active slot closed" : 15,
			"slot join calls slept" : 0,
			"slot join calls yielded" : 37,
			"slot join found active slot closed" : 15,
			"slot joins yield time (usecs)" : 95,
			"slot transitions unable to find free slot" : 0,
			"slot unbuffered writes" : 0,
			"total in-memory size of compressed records" : 2147543180,
			"total log buffer size" : 33554432,
			"total size of compressed records" : 911011835,
			"written slots coalesced" : 0,
			"yields waiting for previous log file close" : 0
		},
		"perf" : {
			"file system read latency histogram (bucket 1) - 10-49ms" : 0,
			"file system read latency histogram (bucket 2) - 50-99ms" : 0,
			"file system read latency histogram (bucket 3) - 100-249ms" : 0,
			"file system read latency histogram (bucket 4) - 250-499ms" : 0,
			"file system read latency histogram (bucket 5) - 500-999ms" : 0,
			"file system read latency histogram (bucket 6) - 1000ms+" : 0,
			"file system write latency histogram (bucket 1) - 10-49ms" : 0,
			"file system write latency histogram (bucket 2) - 50-99ms" : 0,
			"file system write latency histogram (bucket 3) - 100-249ms" : 0,
			"file system write latency histogram (bucket 4) - 250-499ms" : 0,
			"file system write latency histogram (bucket 5) - 500-999ms" : 0,
			"file system write latency histogram (bucket 6) - 1000ms+" : 0,
			"operation read latency histogram (bucket 1) - 100-249us" : 452361,
			"operation read latency histogram (bucket 2) - 250-499us" : 109804,
			"operation read latency histogram (bucket 3) - 500-999us" : 2115,
			"operation read latency histogram (bucket 4) - 1000-9999us" : 65,
			"operation read latency histogram (bucket 5) - 10000us+" : 10,
			"operation write latency histogram (bucket 1) - 100-249us" : 133,
			"operation write latency histogram (bucket 2) - 250-499us" : 22,
			"operation write latency histogram (bucket 3) - 500-999us" : 12,
			"operation write latency histogram (bucket 4) - 1000-9999us" : 29,
			"operation write latency histogram (bucket 5) - 10000us+" : 0
		},
		"reconciliation" : {
			"approximate byte size of timestamps in pages written" : 8,
			"approximate byte size of transaction IDs in pages written" : 2694160,
			"fast-path pages deleted" : 0,
			"internal-page overflow keys" : 0,
			"leaf-page overflow keys" : 0,
			"maximum seconds spent in a reconciliation call" : 0,
			"page reconciliation calls" : 778266,
			"page reconciliation calls for eviction" : 46192,
			"page reconciliation calls that resulted in values with prepared transaction metadata" : 0,
			"page reconciliation calls that resulted in values with timestamps" : 0,
			"page reconciliation calls that resulted in values with transaction ids" : 136137,
			"pages deleted" : 140154,
			"pages written including an aggregated newest start durable timestamp " : 0,
			"pages written including an aggregated newest stop durable timestamp " : 0,
			"pages written including an aggregated newest stop timestamp " : 2,
			"pages written including an aggregated newest stop transaction ID" : 2,
			"pages written including an aggregated newest transaction ID " : 3,
			"pages written including an aggregated oldest start timestamp " : 0,
			"pages written including an aggregated prepare" : 0,
			"pages written including at least one prepare state" : 0,
			"pages written including at least one start durable timestamp" : 0,
			"pages written including at least one start timestamp" : 0,
			"pages written including at least one start transaction ID" : 136138,
			"pages written including at least one stop durable timestamp" : 0,
			"pages written including at least one stop timestamp" : 1,
			"pages written including at least one stop transaction ID" : 1,
			"records written including a prepare state" : 0,
			"records written including a start durable timestamp" : 0,
			"records written including a start timestamp" : 0,
			"records written including a start transaction ID" : 336769,
			"records written including a stop durable timestamp" : 0,
			"records written including a stop timestamp" : 1,
			"records written including a stop transaction ID" : 1,
			"split bytes currently awaiting free" : 0,
			"split objects currently awaiting free" : 0
		},
		"session" : {
			"flush state races" : 0,
			"flush_tier operation calls" : 0,
			"open session count" : 17,
			"session query timestamp calls" : 0,
			"table alter failed calls" : 0,
			"table alter successful calls" : 0,
			"table alter unchanged and skipped" : 0,
			"table compact failed calls" : 0,
			"table compact successful calls" : 0,
			"table create failed calls" : 0,
			"table create successful calls" : 89,
			"table drop failed calls" : 0,
			"table drop successful calls" : 88,
			"table rename failed calls" : 0,
			"table rename successful calls" : 0,
			"table salvage failed calls" : 0,
			"table salvage successful calls" : 0,
			"table truncate failed calls" : 0,
			"table truncate successful calls" : 0,
			"table verify failed calls" : 0,
			"table verify successful calls" : 0,
			"tiered operations dequeued and processed" : 0,
			"tiered operations scheduled" : 0,
			"tiered storage local retention time (secs)" : 0,
			"tiered storage object size" : 0
		},
		"thread-state" : {
			"active filesystem fsync calls" : 0,
			"active filesystem read calls" : 0,
			"active filesystem write calls" : 0
		},
		"thread-yield" : {
			"application thread time evicting (usecs)" : 0,
			"application thread time waiting for cache (usecs)" : 0,
			"connection close blocked waiting for transaction state stabilization" : 0,
			"connection close yielded for lsm manager shutdown" : 0,
			"data handle lock yielded" : 16664,
			"get reference for page index and slot time sleeping (usecs)" : 0,
			"page access yielded due to prepare state change" : 0,
			"page acquire busy blocked" : 6,
			"page acquire eviction blocked" : 0,
			"page acquire locked blocked" : 11,
			"page acquire read blocked" : 13,
			"page acquire time sleeping (usecs)" : 3200,
			"page delete rollback time sleeping for state change (usecs)" : 0,
			"page reconciliation yielded due to child modification" : 1
		},
		"transaction" : {
			"Number of prepared updates" : 0,
			"Number of prepared updates committed" : 0,
			"Number of prepared updates repeated on the same key" : 0,
			"Number of prepared updates rolled back" : 0,
			"prepared transactions" : 0,
			"prepared transactions committed" : 0,
			"prepared transactions currently active" : 0,
			"prepared transactions rolled back" : 0,
			"prepared transactions rolled back and do not remove the history store entry" : 0,
			"prepared transactions rolled back and fix the history store entry with checkpoint reserved transaction id" : 0,
			"query timestamp calls" : 1474377,
			"race to read prepared update retry" : 0,
			"rollback to stable calls" : 0,
			"rollback to stable history store records with stop timestamps older than newer records" : 0,
			"rollback to stable inconsistent checkpoint" : 0,
			"rollback to stable keys removed" : 0,
			"rollback to stable keys restored" : 0,
			"rollback to stable pages visited" : 1,
			"rollback to stable restored tombstones from history store" : 0,
			"rollback to stable restored updates from history store" : 0,
			"rollback to stable skipping delete rle" : 0,
			"rollback to stable skipping stable rle" : 0,
			"rollback to stable sweeping history store keys" : 0,
			"rollback to stable tree walk skipping pages" : 0,
			"rollback to stable updates aborted" : 0,
			"rollback to stable updates removed from history store" : 0,
			"sessions scanned in each walk of concurrent sessions" : 468085041,
			"set timestamp calls" : 0,
			"set timestamp durable calls" : 0,
			"set timestamp durable updates" : 0,
			"set timestamp oldest calls" : 0,
			"set timestamp oldest updates" : 0,
			"set timestamp stable calls" : 0,
			"set timestamp stable updates" : 0,
			"transaction begins" : 41804284,
			"transaction checkpoint currently running" : 0,
			"transaction checkpoint currently running for history store file" : 0,
			"transaction checkpoint generation" : 24568,
			"transaction checkpoint history store file duration (usecs)" : 149,
			"transaction checkpoint max time (msecs)" : 155,
			"transaction checkpoint min time (msecs)" : 4,
			"transaction checkpoint most recent duration for gathering all handles (usecs)" : 509,
			"transaction checkpoint most recent duration for gathering applied handles (usecs)" : 110,
			"transaction checkpoint most recent duration for gathering skipped handles (usecs)" : 200,
			"transaction checkpoint most recent handles applied" : 12,
			"transaction checkpoint most recent handles skipped" : 84,
			"transaction checkpoint most recent handles walked" : 204,
			"transaction checkpoint most recent time (msecs)" : 14,
			"transaction checkpoint prepare currently running" : 0,
			"transaction checkpoint prepare max time (msecs)" : 6,
			"transaction checkpoint prepare min time (msecs)" : 0,
			"transaction checkpoint prepare most recent time (msecs)" : 0,
			"transaction checkpoint prepare total time (msecs)" : 375,
			"transaction checkpoint scrub dirty target" : 0,
			"transaction checkpoint scrub time (msecs)" : 0,
			"transaction checkpoint total time (msecs)" : 368270,
			"transaction checkpoints" : 24567,
			"transaction checkpoints due to obsolete pages" : 1,
			"transaction checkpoints skipped because database was clean" : 0,
			"transaction failures due to history store" : 0,
			"transaction fsync calls for checkpoint after allocating the transaction ID" : 24567,
			"transaction fsync duration for checkpoint after allocating the transaction ID (usecs)" : 3966,
			"transaction range of IDs currently pinned" : 0,
			"transaction range of IDs currently pinned by a checkpoint" : 0,
			"transaction range of timestamps currently pinned" : 0,
			"transaction range of timestamps pinned by a checkpoint" : 0,
			"transaction range of timestamps pinned by the oldest active read timestamp" : 0,
			"transaction range of timestamps pinned by the oldest timestamp" : 0,
			"transaction read timestamp of the oldest active reader" : 0,
			"transaction rollback to stable currently running" : 0,
			"transaction walk of concurrent sessions" : 27925001,
			"transactions committed" : 5181398,
			"transactions rolled back" : 36622886,
			"update conflicts" : 64
		},
		"concurrentTransactions" : {
			"write" : {
				"out" : 0,
				"available" : 128,
				"totalTickets" : 128
			},
			"read" : {
				"out" : 1,
				"available" : 127,
				"totalTickets" : 128
			}
		},
		"snapshot-window-settings" : {
			"cache pressure percentage threshold" : 95,
			"current cache pressure percentage" : NumberLong(0),
			"total number of SnapshotTooOld errors" : NumberLong(0),
			"max target available snapshots window size in seconds" : 5,
			"target available snapshots window size in seconds" : 5,
			"current available snapshots window size in seconds" : 0,
			"latest majority snapshot timestamp available" : "Jan  1 09:00:00:0",
			"oldest majority snapshot timestamp available" : "Jan  1 09:00:00:0"
		},
		"oplog" : {
			"visibility timestamp" : Timestamp(0, 0)
		}
	},
	"mem" : {
		"bits" : 64,
		"resident" : 188,
		"virtual" : 1781,
		"supported" : true
	},
	"metrics" : {
		"aggStageCounters" : {
			"$_internalInhibitOptimization" : NumberLong(0),
			"$_internalSplitPipeline" : NumberLong(0),
			"$addFields" : NumberLong(0),
			"$bucket" : NumberLong(0),
			"$bucketAuto" : NumberLong(0),
			"$changeStream" : NumberLong(0),
			"$collStats" : NumberLong(0),
			"$count" : NumberLong(0),
			"$currentOp" : NumberLong(0),
			"$documents" : NumberLong(0),
			"$facet" : NumberLong(0),
			"$geoNear" : NumberLong(0),
			"$graphLookup" : NumberLong(0),
			"$group" : NumberLong(458055),
			"$indexStats" : NumberLong(0),
			"$limit" : NumberLong(308233),
			"$listLocalSessions" : NumberLong(0),
			"$listSessions" : NumberLong(0),
			"$lookup" : NumberLong(0),
			"$match" : NumberLong(458055),
			"$merge" : NumberLong(0),
			"$mergeCursors" : NumberLong(0),
			"$out" : NumberLong(0),
			"$planCacheStats" : NumberLong(0),
			"$project" : NumberLong(0),
			"$queue" : NumberLong(0),
			"$redact" : NumberLong(0),
			"$replaceRoot" : NumberLong(0),
			"$replaceWith" : NumberLong(0),
			"$sample" : NumberLong(0),
			"$set" : NumberLong(188279),
			"$skip" : NumberLong(0),
			"$sort" : NumberLong(0),
			"$sortByCount" : NumberLong(0),
			"$unionWith" : NumberLong(0),
			"$unset" : NumberLong(0),
			"$unwind" : NumberLong(0)
		},
		"commands" : {
			"aggregate" : {
				"failed" : NumberLong(0),
				"total" : NumberLong(458055)
			},
			"buildInfo" : {
				"failed" : NumberLong(0),
				"total" : NumberLong(589171)
			},
			"count" : {
				"failed" : NumberLong(0),
				"total" : NumberLong(873851)
			},
			"createIndexes" : {
				"failed" : NumberLong(0),
				"total" : NumberLong(2051890)
			},
			"delete" : {
				"failed" : NumberLong(0),
				"total" : NumberLong(146943)
			},
			"drop" : {
				"failed" : NumberLong(22),
				"total" : NumberLong(66)
			},
			"endSessions" : {
				"failed" : NumberLong(0),
				"total" : NumberLong(1)
			},
			"find" : {
				"failed" : NumberLong(0),
				"total" : NumberLong(14949229)
			},
			"findAndModify" : {
				"arrayFilters" : NumberLong(0),
				"failed" : NumberLong(22),
				"pipeline" : NumberLong(0),
				"total" : NumberLong(298846)
			},
			"hello" : {
				"failed" : NumberLong(4783),
				"total" : NumberLong(7891067)
			},
			"hostInfo" : {
				"failed" : NumberLong(0),
				"total" : NumberLong(1564)
			},
			"insert" : {
				"failed" : NumberLong(0),
				"total" : NumberLong(593391)
			},
			"isMaster" : {
				"failed" : NumberLong(0),
				"total" : NumberLong(2811945)
			},
			"listIndexes" : {
				"failed" : NumberLong(0),
				"total" : NumberLong(9834)
			},
			"ping" : {
				"failed" : NumberLong(0),
				"total" : NumberLong(1)
			},
			"replSetGetStatus" : {
				"failed" : NumberLong(1),
				"total" : NumberLong(1)
			},
			"saslContinue" : {
				"failed" : NumberLong(0),
				"total" : NumberLong(3074)
			},
			"saslStart" : {
				"failed" : NumberLong(0),
				"total" : NumberLong(21)
			},
			"serverStatus" : {
				"failed" : NumberLong(0),
				"total" : NumberLong(1)
			},
			"update" : {
				"arrayFilters" : NumberLong(0),
				"failed" : NumberLong(0),
				"pipeline" : NumberLong(94163),
				"total" : NumberLong(8859071)
			},
			"whatsmyuri" : {
				"failed" : NumberLong(0),
				"total" : NumberLong(3)
			}
		},
		"cursor" : {
			"timedOut" : NumberLong(0),
			"open" : {
				"noTimeout" : NumberLong(0),
				"pinned" : NumberLong(0),
				"total" : NumberLong(0)
			}
		},
		"document" : {
			"deleted" : NumberLong(1182),
			"inserted" : NumberLong(3642),
			"returned" : NumberLong(24302919),
			"updated" : NumberLong(5224367)
		},
		"getLastError" : {
			"wtime" : {
				"num" : 0,
				"totalMillis" : 0
			},
			"wtimeouts" : NumberLong(0),
			"default" : {
				"unsatisfiable" : NumberLong(0),
				"wtimeouts" : NumberLong(0)
			}
		},
		"operation" : {
			"scanAndOrder" : NumberLong(117),
			"writeConflicts" : NumberLong(64)
		},
		"query" : {
			"planCacheTotalSizeEstimateBytes" : NumberLong(107177),
			"updateOneOpStyleBroadcastWithExactIDCount" : NumberLong(0)
		},
		"queryExecutor" : {
			"scanned" : NumberLong("10039887575"),
			"scannedObjects" : NumberLong(35339855),
			"collectionScans" : {
				"nonTailable" : NumberLong(5267213),
				"total" : NumberLong(5267213)
			}
		},
		"record" : {
			"moves" : NumberLong(0)
		},
		"repl" : {
			"executor" : {
				"pool" : {
					"inProgressCount" : 0
				},
				"queues" : {
					"networkInProgress" : 0,
					"sleepers" : 0
				},
				"unsignaledEvents" : 0,
				"shuttingDown" : false,
				"networkInterface" : "DEPRECATED: getDiagnosticString is deprecated in NetworkInterfaceTL"
			},
			"apply" : {
				"attemptsToBecomeSecondary" : NumberLong(0),
				"batchSize" : NumberLong(0),
				"batches" : {
					"num" : 0,
					"totalMillis" : 0
				},
				"ops" : NumberLong(0)
			},
			"buffer" : {
				"count" : NumberLong(0),
				"maxSizeBytes" : NumberLong(0),
				"sizeBytes" : NumberLong(0)
			},
			"initialSync" : {
				"completed" : NumberLong(0),
				"failedAttempts" : NumberLong(0),
				"failures" : NumberLong(0)
			},
			"network" : {
				"bytes" : NumberLong(0),
				"getmores" : {
					"num" : 0,
					"totalMillis" : 0,
					"numEmptyBatches" : NumberLong(0)
				},
				"notPrimaryLegacyUnacknowledgedWrites" : NumberLong(0),
				"notPrimaryUnacknowledgedWrites" : NumberLong(0),
				"oplogGetMoresProcessed" : {
					"num" : 0,
					"totalMillis" : 0
				},
				"ops" : NumberLong(0),
				"readersCreated" : NumberLong(0),
				"replSetUpdatePosition" : {
					"num" : NumberLong(0)
				}
			},
			"stateTransition" : {
				"lastStateTransition" : "",
				"userOperationsKilled" : NumberLong(0),
				"userOperationsRunning" : NumberLong(0)
			},
			"syncSource" : {
				"numSelections" : NumberLong(0),
				"numTimesChoseDifferent" : NumberLong(0),
				"numTimesChoseSame" : NumberLong(0),
				"numTimesCouldNotFind" : NumberLong(0)
			}
		},
		"ttl" : {
			"deletedDocuments" : NumberLong(1193),
			"passes" : NumberLong(24572)
		}
	},
	"ok" : 1
}
