root:x:0:0:root:/root:/bin/bash
bin:x:1:1:bin:/bin:/sbin/nologin
daemon:x:2:2:daemon:/sbin:/sbin/nologin
adm:x:3:4:adm:/var/adm:/sbin/nologin
lp:x:4:7:lp:/var/spool/lpd:/sbin/nologin
sync:x:5:0:sync:/sbin:/bin/sync
shutdown:x:6:0:shutdown:/sbin:/sbin/shutdown
halt:x:7:0:halt:/sbin:/sbin/halt
mail:x:8:12:mail:/var/spool/mail:/sbin/nologin
operator:x:11:0:operator:/root:/sbin/nologin
games:x:12:100:games:/usr/games:/sbin/nologin
ftp:x:14:50:FTP User:/var/ftp:/sbin/nologin
nobody:x:99:99:Nobody:/:/sbin/nologin
systemd-network:x:192:192:systemd Network Management:/:/sbin/nologin
dbus:x:81:81:System message bus:/:/sbin/nologin
polkitd:x:999:998:User for polkitd:/:/sbin/nologin
sshd:x:74:74:Privilege-separated SSH:/var/empty/sshd:/sbin/nologin
postfix:x:89:89::/var/spool/postfix:/sbin/nologin
chrony:x:998:996::/var/lib/chrony:/sbin/nologin
apache:x:48:48:Apache:/usr/share/httpd:/sbin/nologin
ntp:x:38:38::/etc/ntp:/sbin/nologin
muse:x:501:500:Muse User:/home/muse:/bin/bash
halo:x:502:500:Halo User:/home/halo:/bin/bash
ericsson:x:1000:1000::/home/ericsson:/bin/bash
rabbitmq:x:500:499:RabbitMQ messaging server:/var/lib/rabbitmq:/sbin/nologin
etcd:x:499:498:etcd user:/var/lib/etcd:/sbin/nologin
saslauth:x:498:76:Saslauthd user:/run/saslauthd:/sbin/nologin
mongod:x:497:497:mongod:/var/lib/mongo:/bin/false
avahi:x:70:70:Avahi mDNS/DNS-SD Stack:/var/run/avahi-daemon:/sbin/nologin
tss:x:59:59:Account used by the trousers package to sandbox the tcsd daemon:/dev/null:/sbin/nologin
mkuser:x:496:496::/home/mkuser:/bin/bash
