-----------Current process (ps aux)---------------------------
USER        PID %CPU %MEM    VSZ   RSS TTY      STAT START   TIME COMMAND
root          1  0.0  0.0 194056  7192 ?        Ss   Feb27   2:50 /usr/lib/systemd/systemd --switched-root --system --deserialize 22
root          2  0.0  0.0      0     0 ?        S    Feb27   0:00 [kthreadd]
root          4  0.0  0.0      0     0 ?        S<   Feb27   0:00 [kworker/0:0H]
root          5  0.0  0.0      0     0 ?        S    Feb27   0:00 [kworker/u640:0]
root          6  0.0  0.0      0     0 ?        S    Feb27   0:35 [ksoftirqd/0]
root          7  0.0  0.0      0     0 ?        S    Feb27   0:10 [migration/0]
root          8  0.0  0.0      0     0 ?        S    Feb27   0:00 [rcu_bh]
root          9  0.3  0.0      0     0 ?        S    Feb27  90:36 [rcu_sched]
root         10  0.0  0.0      0     0 ?        S<   Feb27   0:00 [lru-add-drain]
root         11  0.0  0.0      0     0 ?        S    Feb27   0:06 [watchdog/0]
root         12  0.0  0.0      0     0 ?        S    Feb27   0:06 [watchdog/1]
root         13  0.0  0.0      0     0 ?        S    Feb27   0:09 [migration/1]
root         14  0.0  0.0      0     0 ?        S    Feb27   5:56 [ksoftirqd/1]
root         16  0.0  0.0      0     0 ?        S<   Feb27   0:00 [kworker/1:0H]
root         18  0.0  0.0      0     0 ?        S    Feb27   0:04 [watchdog/2]
root         19  0.0  0.0      0     0 ?        S    Feb27   0:10 [migration/2]
root         20  0.0  0.0      0     0 ?        S    Feb27   3:03 [ksoftirqd/2]
root         22  0.0  0.0      0     0 ?        S<   Feb27   0:00 [kworker/2:0H]
root         23  0.0  0.0      0     0 ?        S    Feb27   0:04 [watchdog/3]
root         24  0.0  0.0      0     0 ?        S    Feb27   0:09 [migration/3]
root         25  0.0  0.0      0     0 ?        S    Feb27   2:44 [ksoftirqd/3]
root         27  0.0  0.0      0     0 ?        S<   Feb27   0:00 [kworker/3:0H]
root         28  0.0  0.0      0     0 ?        S    Feb27   0:03 [watchdog/4]
root         29  0.0  0.0      0     0 ?        S    Feb27   0:10 [migration/4]
root         30  0.0  0.0      0     0 ?        S    Feb27   2:40 [ksoftirqd/4]
root         32  0.0  0.0      0     0 ?        S<   Feb27   0:00 [kworker/4:0H]
root         33  0.0  0.0      0     0 ?        S    Feb27   0:03 [watchdog/5]
root         34  0.0  0.0      0     0 ?        S    Feb27   0:09 [migration/5]
root         35  0.0  0.0      0     0 ?        S    Feb27   0:27 [ksoftirqd/5]
root         37  0.0  0.0      0     0 ?        S<   Feb27   0:00 [kworker/5:0H]
root         38  0.0  0.0      0     0 ?        S    Feb27   0:04 [watchdog/6]
root         39  0.0  0.0      0     0 ?        S    Feb27   0:10 [migration/6]
root         40  0.0  0.0      0     0 ?        S    Feb27   4:54 [ksoftirqd/6]
root         42  0.0  0.0      0     0 ?        S<   Feb27   0:00 [kworker/6:0H]
root         43  0.0  0.0      0     0 ?        S    Feb27   0:03 [watchdog/7]
root         44  0.0  0.0      0     0 ?        S    Feb27   0:10 [migration/7]
root         45  0.0  0.0      0     0 ?        S    Feb27   0:16 [ksoftirqd/7]
root         47  0.0  0.0      0     0 ?        S<   Feb27   0:00 [kworker/7:0H]
root         48  0.0  0.0      0     0 ?        S    Feb27   0:04 [watchdog/8]
root         49  0.0  0.0      0     0 ?        S    Feb27   0:10 [migration/8]
root         50  0.0  0.0      0     0 ?        S    Feb27   3:01 [ksoftirqd/8]
root         52  0.0  0.0      0     0 ?        S<   Feb27   0:00 [kworker/8:0H]
root         53  0.0  0.0      0     0 ?        S    Feb27   0:04 [watchdog/9]
root         54  0.0  0.0      0     0 ?        S    Feb27   0:09 [migration/9]
root         55  0.0  0.0      0     0 ?        S    Feb27   6:37 [ksoftirqd/9]
root         57  0.0  0.0      0     0 ?        S<   Feb27   0:00 [kworker/9:0H]
root         58  0.0  0.0      0     0 ?        S    Feb27   0:04 [watchdog/10]
root         59  0.0  0.0      0     0 ?        S    Feb27   0:09 [migration/10]
root         60  0.0  0.0      0     0 ?        S    Feb27   0:12 [ksoftirqd/10]
root         62  0.0  0.0      0     0 ?        S<   Feb27   0:00 [kworker/10:0H]
root         63  0.0  0.0      0     0 ?        S    Feb27   0:04 [watchdog/11]
root         64  0.0  0.0      0     0 ?        S    Feb27   0:09 [migration/11]
root         65  0.0  0.0      0     0 ?        S    Feb27   1:55 [ksoftirqd/11]
root         67  0.0  0.0      0     0 ?        S<   Feb27   0:00 [kworker/11:0H]
root         68  0.0  0.0      0     0 ?        S    Feb27   0:04 [watchdog/12]
root         69  0.0  0.0      0     0 ?        S    Feb27   0:09 [migration/12]
root         70  0.0  0.0      0     0 ?        S    Feb27   0:16 [ksoftirqd/12]
root         72  0.0  0.0      0     0 ?        S<   Feb27   0:00 [kworker/12:0H]
root         73  0.0  0.0      0     0 ?        S    Feb27   0:04 [watchdog/13]
root         74  0.0  0.0      0     0 ?        S    Feb27   0:09 [migration/13]
root         75  0.0  0.0      0     0 ?        S    Feb27   9:07 [ksoftirqd/13]
root         77  0.0  0.0      0     0 ?        S<   Feb27   0:00 [kworker/13:0H]
root         78  0.0  0.0      0     0 ?        S    Feb27   0:03 [watchdog/14]
root         79  0.0  0.0      0     0 ?        S    Feb27   0:09 [migration/14]
root         80  0.0  0.0      0     0 ?        S    Feb27   0:10 [ksoftirqd/14]
root         82  0.0  0.0      0     0 ?        S<   Feb27   0:00 [kworker/14:0H]
root         83  0.0  0.0      0     0 ?        S    Feb27   0:03 [watchdog/15]
root         84  0.0  0.0      0     0 ?        S    Feb27   0:12 [migration/15]
root         85  0.0  0.0      0     0 ?        S    Feb27   1:58 [ksoftirqd/15]
root         87  0.0  0.0      0     0 ?        S<   Feb27   0:00 [kworker/15:0H]
root         88  0.0  0.0      0     0 ?        S    Feb27   0:04 [watchdog/16]
root         89  0.0  0.0      0     0 ?        S    Feb27   0:10 [migration/16]
root         90  0.0  0.0      0     0 ?        S    Feb27   5:38 [ksoftirqd/16]
root         92  0.0  0.0      0     0 ?        S<   Feb27   0:00 [kworker/16:0H]
root         93  0.0  0.0      0     0 ?        S    Feb27   0:03 [watchdog/17]
root         94  0.0  0.0      0     0 ?        S    Feb27   0:14 [migration/17]
root         95  0.0  0.0      0     0 ?        S    Feb27   1:59 [ksoftirqd/17]
root         97  0.0  0.0      0     0 ?        S<   Feb27   0:00 [kworker/17:0H]
root         98  0.0  0.0      0     0 ?        S    Feb27   0:04 [watchdog/18]
root         99  0.0  0.0      0     0 ?        S    Feb27   0:11 [migration/18]
root        100  0.0  0.0      0     0 ?        S    Feb27   0:07 [ksoftirqd/18]
root        102  0.0  0.0      0     0 ?        S<   Feb27   0:00 [kworker/18:0H]
root        103  0.0  0.0      0     0 ?        S    Feb27   0:04 [watchdog/19]
root        104  0.0  0.0      0     0 ?        S    Feb27   0:10 [migration/19]
root        105  0.0  0.0      0     0 ?        S    Feb27   0:06 [ksoftirqd/19]
root        107  0.0  0.0      0     0 ?        S<   Feb27   0:00 [kworker/19:0H]
root        108  0.0  0.0      0     0 ?        S    Feb27   0:04 [watchdog/20]
root        109  0.0  0.0      0     0 ?        S    Feb27   0:11 [migration/20]
root        110  0.0  0.0      0     0 ?        S    Feb27   2:49 [ksoftirqd/20]
root        112  0.0  0.0      0     0 ?        S<   Feb27   0:00 [kworker/20:0H]
root        113  0.0  0.0      0     0 ?        S    Feb27   0:04 [watchdog/21]
root        114  0.0  0.0      0     0 ?        S    Feb27   0:10 [migration/21]
root        115  0.0  0.0      0     0 ?        S    Feb27   0:05 [ksoftirqd/21]
root        117  0.0  0.0      0     0 ?        S<   Feb27   0:00 [kworker/21:0H]
root        118  0.0  0.0      0     0 ?        S    Feb27   0:04 [watchdog/22]
root        119  0.0  0.0      0     0 ?        S    Feb27   0:10 [migration/22]
root        120  0.0  0.0      0     0 ?        S    Feb27   0:06 [ksoftirqd/22]
root        122  0.0  0.0      0     0 ?        S<   Feb27   0:00 [kworker/22:0H]
root        123  0.0  0.0      0     0 ?        S    Feb27   0:03 [watchdog/23]
root        124  0.0  0.0      0     0 ?        S    Feb27   0:10 [migration/23]
root        125  0.0  0.0      0     0 ?        S    Feb27   0:05 [ksoftirqd/23]
root        127  0.0  0.0      0     0 ?        S<   Feb27   0:00 [kworker/23:0H]
root        128  0.0  0.0      0     0 ?        S    Feb27   0:04 [watchdog/24]
root        129  0.0  0.0      0     0 ?        S    Feb27   0:07 [migration/24]
root        130  0.0  0.0      0     0 ?        S    Feb27   0:03 [ksoftirqd/24]
root        132  0.0  0.0      0     0 ?        S<   Feb27   0:00 [kworker/24:0H]
root        134  0.0  0.0      0     0 ?        S    Feb27   0:04 [watchdog/25]
root        135  0.0  0.0      0     0 ?        S    Feb27   0:08 [migration/25]
root        136  0.0  0.0      0     0 ?        S    Feb27   0:25 [ksoftirqd/25]
root        138  0.0  0.0      0     0 ?        S<   Feb27   0:00 [kworker/25:0H]
root        139  0.0  0.0      0     0 ?        S    Feb27   0:04 [watchdog/26]
root        140  0.0  0.0      0     0 ?        S    Feb27   0:08 [migration/26]
root        141  0.0  0.0      0     0 ?        S    Feb27   0:02 [ksoftirqd/26]
root        143  0.0  0.0      0     0 ?        S<   Feb27   0:00 [kworker/26:0H]
root        144  0.0  0.0      0     0 ?        S    Feb27   0:03 [watchdog/27]
root        145  0.0  0.0      0     0 ?        S    Feb27   0:08 [migration/27]
root        146  0.0  0.0      0     0 ?        S    Feb27   0:03 [ksoftirqd/27]
root        148  0.0  0.0      0     0 ?        S<   Feb27   0:00 [kworker/27:0H]
root        149  0.0  0.0      0     0 ?        S    Feb27   0:03 [watchdog/28]
root        150  0.0  0.0      0     0 ?        S    Feb27   0:08 [migration/28]
root        151  0.0  0.0      0     0 ?        S    Feb27   0:02 [ksoftirqd/28]
root        153  0.0  0.0      0     0 ?        S<   Feb27   0:00 [kworker/28:0H]
root        154  0.0  0.0      0     0 ?        S    Feb27   0:03 [watchdog/29]
root        155  0.0  0.0      0     0 ?        S    Feb27   0:08 [migration/29]
root        156  0.0  0.0      0     0 ?        S    Feb27   0:02 [ksoftirqd/29]
root        158  0.0  0.0      0     0 ?        S<   Feb27   0:00 [kworker/29:0H]
root        159  0.0  0.0      0     0 ?        S    Feb27   0:03 [watchdog/30]
root        160  0.0  0.0      0     0 ?        S    Feb27   0:08 [migration/30]
root        161  0.0  0.0      0     0 ?        S    Feb27   0:02 [ksoftirqd/30]
root        163  0.0  0.0      0     0 ?        S<   Feb27   0:00 [kworker/30:0H]
root        164  0.0  0.0      0     0 ?        S    Feb27   0:04 [watchdog/31]
root        165  0.0  0.0      0     0 ?        S    Feb27   0:08 [migration/31]
root        166  0.0  0.0      0     0 ?        S    Feb27   0:02 [ksoftirqd/31]
root        168  0.0  0.0      0     0 ?        S<   Feb27   0:00 [kworker/31:0H]
root        169  0.0  0.0      0     0 ?        S    Feb27   0:03 [watchdog/32]
root        170  0.0  0.0      0     0 ?        S    Feb27   0:08 [migration/32]
root        171  0.0  0.0      0     0 ?        S    Feb27   0:02 [ksoftirqd/32]
root        173  0.0  0.0      0     0 ?        S<   Feb27   0:00 [kworker/32:0H]
root        174  0.0  0.0      0     0 ?        S    Feb27   0:04 [watchdog/33]
root        175  0.0  0.0      0     0 ?        S    Feb27   0:08 [migration/33]
root        176  0.0  0.0      0     0 ?        S    Feb27   0:02 [ksoftirqd/33]
root        178  0.0  0.0      0     0 ?        S<   Feb27   0:00 [kworker/33:0H]
root        179  0.0  0.0      0     0 ?        S    Feb27   0:04 [watchdog/34]
root        180  0.0  0.0      0     0 ?        S    Feb27   0:08 [migration/34]
root        181  0.0  0.0      0     0 ?        S    Feb27   0:02 [ksoftirqd/34]
root        183  0.0  0.0      0     0 ?        S<   Feb27   0:00 [kworker/34:0H]
root        184  0.0  0.0      0     0 ?        S    Feb27   0:04 [watchdog/35]
root        185  0.0  0.0      0     0 ?        S    Feb27   0:09 [migration/35]
root        186  0.0  0.0      0     0 ?        S    Feb27   0:02 [ksoftirqd/35]
root        188  0.0  0.0      0     0 ?        S<   Feb27   0:00 [kworker/35:0H]
root        189  0.0  0.0      0     0 ?        S    Feb27   0:03 [watchdog/36]
root        190  0.0  0.0      0     0 ?        S    Feb27   0:09 [migration/36]
root        191  0.0  0.0      0     0 ?        S    Feb27   0:02 [ksoftirqd/36]
root        193  0.0  0.0      0     0 ?        S<   Feb27   0:00 [kworker/36:0H]
root        194  0.0  0.0      0     0 ?        S    Feb27   0:03 [watchdog/37]
root        195  0.0  0.0      0     0 ?        S    Feb27   0:09 [migration/37]
root        196  0.0  0.0      0     0 ?        S    Feb27   0:02 [ksoftirqd/37]
root        198  0.0  0.0      0     0 ?        S<   Feb27   0:00 [kworker/37:0H]
root        199  0.0  0.0      0     0 ?        S    Feb27   0:03 [watchdog/38]
root        200  0.0  0.0      0     0 ?        S    Feb27   0:09 [migration/38]
root        201  0.0  0.0      0     0 ?        S    Feb27   0:02 [ksoftirqd/38]
root        203  0.0  0.0      0     0 ?        S<   Feb27   0:00 [kworker/38:0H]
root        204  0.0  0.0      0     0 ?        S    Feb27   0:03 [watchdog/39]
root        205  0.0  0.0      0     0 ?        S    Feb27   0:09 [migration/39]
root        206  0.0  0.0      0     0 ?        S    Feb27   0:02 [ksoftirqd/39]
root        208  0.0  0.0      0     0 ?        S<   Feb27   0:00 [kworker/39:0H]
root        209  0.0  0.0      0     0 ?        S    Feb27   0:03 [watchdog/40]
root        210  0.0  0.0      0     0 ?        S    Feb27   0:09 [migration/40]
root        211  0.0  0.0      0     0 ?        S    Feb27   0:02 [ksoftirqd/40]
root        213  0.0  0.0      0     0 ?        S<   Feb27   0:00 [kworker/40:0H]
root        214  0.0  0.0      0     0 ?        S    Feb27   0:03 [watchdog/41]
root        215  0.0  0.0      0     0 ?        S    Feb27   0:09 [migration/41]
root        216  0.0  0.0      0     0 ?        S    Feb27   0:02 [ksoftirqd/41]
root        218  0.0  0.0      0     0 ?        S<   Feb27   0:00 [kworker/41:0H]
root        219  0.0  0.0      0     0 ?        S    Feb27   0:04 [watchdog/42]
root        220  0.0  0.0      0     0 ?        S    Feb27   0:09 [migration/42]
root        221  0.0  0.0      0     0 ?        S    Feb27   0:02 [ksoftirqd/42]
root        223  0.0  0.0      0     0 ?        S<   Feb27   0:00 [kworker/42:0H]
root        224  0.0  0.0      0     0 ?        S    Feb27   0:04 [watchdog/43]
root        225  0.0  0.0      0     0 ?        S    Feb27   0:09 [migration/43]
root        226  0.0  0.0      0     0 ?        S    Feb27   0:02 [ksoftirqd/43]
root        228  0.0  0.0      0     0 ?        S<   Feb27   0:00 [kworker/43:0H]
root        229  0.0  0.0      0     0 ?        S    Feb27   0:04 [watchdog/44]
root        230  0.0  0.0      0     0 ?        S    Feb27   0:09 [migration/44]
root        231  0.0  0.0      0     0 ?        S    Feb27   0:02 [ksoftirqd/44]
root        233  0.0  0.0      0     0 ?        S<   Feb27   0:00 [kworker/44:0H]
root        234  0.0  0.0      0     0 ?        S    Feb27   0:03 [watchdog/45]
root        235  0.0  0.0      0     0 ?        S    Feb27   0:10 [migration/45]
root        236  0.0  0.0      0     0 ?        S    Feb27   0:02 [ksoftirqd/45]
root        238  0.0  0.0      0     0 ?        S<   Feb27   0:00 [kworker/45:0H]
root        239  0.0  0.0      0     0 ?        S    Feb27   0:03 [watchdog/46]
root        240  0.0  0.0      0     0 ?        S    Feb27   0:10 [migration/46]
root        241  0.0  0.0      0     0 ?        S    Feb27   0:02 [ksoftirqd/46]
root        243  0.0  0.0      0     0 ?        S<   Feb27   0:00 [kworker/46:0H]
root        244  0.0  0.0      0     0 ?        S    Feb27   0:03 [watchdog/47]
root        245  0.0  0.0      0     0 ?        S    Feb27   0:10 [migration/47]
root        246  0.0  0.0      0     0 ?        S    Feb27   0:02 [ksoftirqd/47]
root        248  0.0  0.0      0     0 ?        S<   Feb27   0:00 [kworker/47:0H]
root        249  0.0  0.0      0     0 ?        S    Feb27   0:05 [watchdog/48]
root        250  0.0  0.0      0     0 ?        S    Feb27   0:04 [migration/48]
root        251  0.0  0.0      0     0 ?        S    Feb27   0:03 [ksoftirqd/48]
root        253  0.0  0.0      0     0 ?        S<   Feb27   0:00 [kworker/48:0H]
root        254  0.0  0.0      0     0 ?        S    Feb27   0:05 [watchdog/49]
root        255  0.0  0.0      0     0 ?        S    Feb27   0:04 [migration/49]
root        256  0.0  0.0      0     0 ?        S    Feb27   0:03 [ksoftirqd/49]
root        258  0.0  0.0      0     0 ?        S<   Feb27   0:00 [kworker/49:0H]
root        259  0.0  0.0      0     0 ?        S    Feb27   0:03 [watchdog/50]
root        260  0.0  0.0      0     0 ?        S    Feb27   0:07 [migration/50]
root        261  0.0  0.0      0     0 ?        S    Feb27   3:41 [ksoftirqd/50]
root        263  0.0  0.0      0     0 ?        S<   Feb27   0:00 [kworker/50:0H]
root        264  0.0  0.0      0     0 ?        S    Feb27   0:03 [watchdog/51]
root        265  0.0  0.0      0     0 ?        S    Feb27   0:06 [migration/51]
root        266  0.0  0.0      0     0 ?        S    Feb27   2:57 [ksoftirqd/51]
root        268  0.0  0.0      0     0 ?        S<   Feb27   0:00 [kworker/51:0H]
root        269  0.0  0.0      0     0 ?        S    Feb27   0:03 [watchdog/52]
root        270  0.0  0.0      0     0 ?        S    Feb27   0:04 [migration/52]
root        271  0.0  0.0      0     0 ?        S    Feb27   0:01 [ksoftirqd/52]
root        273  0.0  0.0      0     0 ?        S<   Feb27   0:00 [kworker/52:0H]
root        274  0.0  0.0      0     0 ?        S    Feb27   0:03 [watchdog/53]
root        275  0.0  0.0      0     0 ?        S    Feb27   0:04 [migration/53]
root        276  0.0  0.0      0     0 ?        S    Feb27   0:02 [ksoftirqd/53]
root        278  0.0  0.0      0     0 ?        S<   Feb27   0:00 [kworker/53:0H]
root        279  0.0  0.0      0     0 ?        S    Feb27   0:04 [watchdog/54]
root        280  0.0  0.0      0     0 ?        S    Feb27   0:07 [migration/54]
root        281  0.0  0.0      0     0 ?        S    Feb27   3:27 [ksoftirqd/54]
root        283  0.0  0.0      0     0 ?        S<   Feb27   0:00 [kworker/54:0H]
root        284  0.0  0.0      0     0 ?        S    Feb27   0:03 [watchdog/55]
root        285  0.0  0.0      0     0 ?        S    Feb27   0:04 [migration/55]
root        286  0.0  0.0      0     0 ?        S    Feb27   0:01 [ksoftirqd/55]
root        288  0.0  0.0      0     0 ?        S<   Feb27   0:00 [kworker/55:0H]
root        289  0.0  0.0      0     0 ?        S    Feb27   0:03 [watchdog/56]
root        290  0.0  0.0      0     0 ?        S    Feb27   0:04 [migration/56]
root        291  0.0  0.0      0     0 ?        S    Feb27   1:33 [ksoftirqd/56]
root        293  0.0  0.0      0     0 ?        S<   Feb27   0:00 [kworker/56:0H]
root        294  0.0  0.0      0     0 ?        S    Feb27   0:04 [watchdog/57]
root        295  0.0  0.0      0     0 ?        S    Feb27   0:04 [migration/57]
root        296  0.0  0.0      0     0 ?        S    Feb27   0:01 [ksoftirqd/57]
root        298  0.0  0.0      0     0 ?        S<   Feb27   0:00 [kworker/57:0H]
root        299  0.0  0.0      0     0 ?        S    Feb27   0:04 [watchdog/58]
root        300  0.0  0.0      0     0 ?        S    Feb27   0:05 [migration/58]
root        301  0.0  0.0      0     0 ?        S    Feb27   2:22 [ksoftirqd/58]
root        303  0.0  0.0      0     0 ?        S<   Feb27   0:00 [kworker/58:0H]
root        304  0.0  0.0      0     0 ?        S    Feb27   0:04 [watchdog/59]
root        305  0.0  0.0      0     0 ?        S    Feb27   0:06 [migration/59]
root        306  0.0  0.0      0     0 ?        S    Feb27   5:40 [ksoftirqd/59]
root        308  0.0  0.0      0     0 ?        S<   Feb27   0:00 [kworker/59:0H]
root        309  0.0  0.0      0     0 ?        S    Feb27   0:04 [watchdog/60]
root        310  0.0  0.0      0     0 ?        S    Feb27   0:04 [migration/60]
root        311  0.0  0.0      0     0 ?        S    Feb27   0:01 [ksoftirqd/60]
root        313  0.0  0.0      0     0 ?        S<   Feb27   0:00 [kworker/60:0H]
root        314  0.0  0.0      0     0 ?        S    Feb27   0:03 [watchdog/61]
root        315  0.0  0.0      0     0 ?        S    Feb27   0:04 [migration/61]
root        316  0.0  0.0      0     0 ?        S    Feb27   0:21 [ksoftirqd/61]
root        318  0.0  0.0      0     0 ?        S<   Feb27   0:00 [kworker/61:0H]
root        319  0.0  0.0      0     0 ?        S    Feb27   0:03 [watchdog/62]
root        320  0.0  0.0      0     0 ?        S    Feb27   0:04 [migration/62]
root        321  0.0  0.0      0     0 ?        S    Feb27   0:02 [ksoftirqd/62]
root        323  0.0  0.0      0     0 ?        S<   Feb27   0:00 [kworker/62:0H]
root        324  0.0  0.0      0     0 ?        S    Feb27   0:04 [watchdog/63]
root        325  0.0  0.0      0     0 ?        S    Feb27   0:04 [migration/63]
root        326  0.0  0.0      0     0 ?        S    Feb27   3:12 [ksoftirqd/63]
root        328  0.0  0.0      0     0 ?        S<   Feb27   0:00 [kworker/63:0H]
root        329  0.0  0.0      0     0 ?        S    Feb27   0:04 [watchdog/64]
root        330  0.0  0.0      0     0 ?        S    Feb27   0:09 [migration/64]
root        331  0.0  0.0      0     0 ?        S    Feb27   3:06 [ksoftirqd/64]
root        333  0.0  0.0      0     0 ?        S<   Feb27   0:00 [kworker/64:0H]
root        334  0.0  0.0      0     0 ?        S    Feb27   0:03 [watchdog/65]
root        335  0.0  0.0      0     0 ?        S    Feb27   0:04 [migration/65]
root        336  0.0  0.0      0     0 ?        S    Feb27   0:01 [ksoftirqd/65]
root        338  0.0  0.0      0     0 ?        S<   Feb27   0:00 [kworker/65:0H]
root        339  0.0  0.0      0     0 ?        S    Feb27   0:03 [watchdog/66]
root        340  0.0  0.0      0     0 ?        S    Feb27   0:04 [migration/66]
root        341  0.0  0.0      0     0 ?        S    Feb27   0:03 [ksoftirqd/66]
root        343  0.0  0.0      0     0 ?        S<   Feb27   0:00 [kworker/66:0H]
root        344  0.0  0.0      0     0 ?        S    Feb27   0:03 [watchdog/67]
root        345  0.0  0.0      0     0 ?        S    Feb27   0:04 [migration/67]
root        346  0.0  0.0      0     0 ?        S    Feb27   0:01 [ksoftirqd/67]
root        348  0.0  0.0      0     0 ?        S<   Feb27   0:00 [kworker/67:0H]
root        349  0.0  0.0      0     0 ?        S    Feb27   0:03 [watchdog/68]
root        350  0.0  0.0      0     0 ?        S    Feb27   0:04 [migration/68]
root        351  0.0  0.0      0     0 ?        S    Feb27   0:01 [ksoftirqd/68]
root        353  0.0  0.0      0     0 ?        S<   Feb27   0:00 [kworker/68:0H]
root        354  0.0  0.0      0     0 ?        S    Feb27   0:03 [watchdog/69]
root        355  0.0  0.0      0     0 ?        S    Feb27   0:04 [migration/69]
root        356  0.0  0.0      0     0 ?        S    Feb27   7:49 [ksoftirqd/69]
root        358  0.0  0.0      0     0 ?        S<   Feb27   0:00 [kworker/69:0H]
root        359  0.0  0.0      0     0 ?        S    Feb27   0:02 [watchdog/70]
root        360  0.0  0.0      0     0 ?        S    Feb27   0:04 [migration/70]
root        361  0.0  0.0      0     0 ?        S    Feb27   0:01 [ksoftirqd/70]
root        363  0.0  0.0      0     0 ?        S<   Feb27   0:00 [kworker/70:0H]
root        364  0.0  0.0      0     0 ?        S    Feb27   0:02 [watchdog/71]
root        365  0.0  0.0      0     0 ?        S    Feb27   0:04 [migration/71]
root        366  0.0  0.0      0     0 ?        S    Feb27   0:01 [ksoftirqd/71]
root        368  0.0  0.0      0     0 ?        S<   Feb27   0:00 [kworker/71:0H]
root        369  0.0  0.0      0     0 ?        S    Feb27   0:03 [watchdog/72]
root        370  0.0  0.0      0     0 ?        S    Feb27   0:03 [migration/72]
root        371  0.0  0.0      0     0 ?        S    Feb27   0:00 [ksoftirqd/72]
root        373  0.0  0.0      0     0 ?        S<   Feb27   0:00 [kworker/72:0H]
root        374  0.0  0.0      0     0 ?        S    Feb27   0:03 [watchdog/73]
root        375  0.0  0.0      0     0 ?        S    Feb27   0:04 [migration/73]
root        376  0.0  0.0      0     0 ?        S    Feb27   0:00 [ksoftirqd/73]
root        378  0.0  0.0      0     0 ?        S<   Feb27   0:00 [kworker/73:0H]
root        379  0.0  0.0      0     0 ?        S    Feb27   0:03 [watchdog/74]
root        380  0.0  0.0      0     0 ?        S    Feb27   0:04 [migration/74]
root        381  0.0  0.0      0     0 ?        S    Feb27   0:00 [ksoftirqd/74]
root        383  0.0  0.0      0     0 ?        S<   Feb27   0:00 [kworker/74:0H]
root        384  0.0  0.0      0     0 ?        S    Feb27   0:03 [watchdog/75]
root        385  0.0  0.0      0     0 ?        S    Feb27   0:04 [migration/75]
root        386  0.0  0.0      0     0 ?        S    Feb27   0:01 [ksoftirqd/75]
root        388  0.0  0.0      0     0 ?        S<   Feb27   0:00 [kworker/75:0H]
root        389  0.0  0.0      0     0 ?        S    Feb27   0:04 [watchdog/76]
root        390  0.0  0.0      0     0 ?        S    Feb27   0:04 [migration/76]
root        391  0.0  0.0      0     0 ?        S    Feb27   0:00 [ksoftirqd/76]
root        393  0.0  0.0      0     0 ?        S<   Feb27   0:00 [kworker/76:0H]
root        394  0.0  0.0      0     0 ?        S    Feb27   0:03 [watchdog/77]
root        395  0.0  0.0      0     0 ?        S    Feb27   0:04 [migration/77]
root        396  0.0  0.0      0     0 ?        S    Feb27   0:00 [ksoftirqd/77]
root        398  0.0  0.0      0     0 ?        S<   Feb27   0:00 [kworker/77:0H]
root        399  0.0  0.0      0     0 ?        S    Feb27   0:03 [watchdog/78]
root        400  0.0  0.0      0     0 ?        S    Feb27   0:04 [migration/78]
root        401  0.0  0.0      0     0 ?        S    Feb27   0:00 [ksoftirqd/78]
root        403  0.0  0.0      0     0 ?        S<   Feb27   0:00 [kworker/78:0H]
root        404  0.0  0.0      0     0 ?        S    Feb27   0:04 [watchdog/79]
root        405  0.0  0.0      0     0 ?        S    Feb27   0:04 [migration/79]
root        406  0.0  0.0      0     0 ?        S    Feb27   0:00 [ksoftirqd/79]
root        408  0.0  0.0      0     0 ?        S<   Feb27   0:00 [kworker/79:0H]
root        409  0.0  0.0      0     0 ?        S    Feb27   0:04 [watchdog/80]
root        410  0.0  0.0      0     0 ?        S    Feb27   0:04 [migration/80]
root        411  0.0  0.0      0     0 ?        S    Feb27   0:00 [ksoftirqd/80]
root        413  0.0  0.0      0     0 ?        S<   Feb27   0:00 [kworker/80:0H]
root        414  0.0  0.0      0     0 ?        S    Feb27   0:04 [watchdog/81]
root        415  0.0  0.0      0     0 ?        S    Feb27   0:04 [migration/81]
root        416  0.0  0.0      0     0 ?        S    Feb27   0:00 [ksoftirqd/81]
root        418  0.0  0.0      0     0 ?        S<   Feb27   0:00 [kworker/81:0H]
root        419  0.0  0.0      0     0 ?        S    Feb27   0:04 [watchdog/82]
root        420  0.0  0.0      0     0 ?        S    Feb27   0:05 [migration/82]
root        421  0.0  0.0      0     0 ?        S    Feb27   0:00 [ksoftirqd/82]
root        423  0.0  0.0      0     0 ?        S<   Feb27   0:00 [kworker/82:0H]
root        424  0.0  0.0      0     0 ?        S    Feb27   0:04 [watchdog/83]
root        425  0.0  0.0      0     0 ?        S    Feb27   0:05 [migration/83]
root        426  0.0  0.0      0     0 ?        S    Feb27   0:00 [ksoftirqd/83]
root        428  0.0  0.0      0     0 ?        S<   Feb27   0:00 [kworker/83:0H]
root        429  0.0  0.0      0     0 ?        S    Feb27   0:03 [watchdog/84]
root        430  0.0  0.0      0     0 ?        S    Feb27   0:05 [migration/84]
root        431  0.0  0.0      0     0 ?        S    Feb27   0:00 [ksoftirqd/84]
root        433  0.0  0.0      0     0 ?        S<   Feb27   0:00 [kworker/84:0H]
root        434  0.0  0.0      0     0 ?        S    Feb27   0:03 [watchdog/85]
root        435  0.0  0.0      0     0 ?        S    Feb27   0:05 [migration/85]
root        436  0.0  0.0      0     0 ?        S    Feb27   0:00 [ksoftirqd/85]
root        438  0.0  0.0      0     0 ?        S<   Feb27   0:00 [kworker/85:0H]
root        439  0.0  0.0      0     0 ?        S    Feb27   0:03 [watchdog/86]
root        440  0.0  0.0      0     0 ?        S    Feb27   0:05 [migration/86]
root        441  0.0  0.0      0     0 ?        S    Feb27   0:00 [ksoftirqd/86]
root        443  0.0  0.0      0     0 ?        S<   Feb27   0:00 [kworker/86:0H]
root        444  0.0  0.0      0     0 ?        S    Feb27   0:03 [watchdog/87]
root        445  0.0  0.0      0     0 ?        S    Feb27   0:05 [migration/87]
root        446  0.0  0.0      0     0 ?        S    Feb27   0:00 [ksoftirqd/87]
root        448  0.0  0.0      0     0 ?        S<   Feb27   0:00 [kworker/87:0H]
root        449  0.0  0.0      0     0 ?        S    Feb27   0:03 [watchdog/88]
root        450  0.0  0.0      0     0 ?        S    Feb27   0:05 [migration/88]
root        451  0.0  0.0      0     0 ?        S    Feb27   0:00 [ksoftirqd/88]
root        453  0.0  0.0      0     0 ?        S<   Feb27   0:00 [kworker/88:0H]
root        454  0.0  0.0      0     0 ?        S    Feb27   0:03 [watchdog/89]
root        455  0.0  0.0      0     0 ?        S    Feb27   0:05 [migration/89]
root        456  0.0  0.0      0     0 ?        S    Feb27   0:00 [ksoftirqd/89]
root        458  0.0  0.0      0     0 ?        S<   Feb27   0:00 [kworker/89:0H]
root        459  0.0  0.0      0     0 ?        S    Feb27   0:03 [watchdog/90]
root        460  0.0  0.0      0     0 ?        S    Feb27   0:05 [migration/90]
root        461  0.0  0.0      0     0 ?        S    Feb27   0:00 [ksoftirqd/90]
root        463  0.0  0.0      0     0 ?        S<   Feb27   0:00 [kworker/90:0H]
root        464  0.0  0.0      0     0 ?        S    Feb27   0:03 [watchdog/91]
root        465  0.0  0.0      0     0 ?        S    Feb27   0:05 [migration/91]
root        466  0.0  0.0      0     0 ?        S    Feb27   0:00 [ksoftirqd/91]
root        468  0.0  0.0      0     0 ?        S<   Feb27   0:00 [kworker/91:0H]
root        469  0.0  0.0      0     0 ?        S    Feb27   0:02 [watchdog/92]
root        470  0.0  0.0      0     0 ?        S    Feb27   0:05 [migration/92]
root        471  0.0  0.0      0     0 ?        S    Feb27   0:00 [ksoftirqd/92]
root        473  0.0  0.0      0     0 ?        S<   Feb27   0:00 [kworker/92:0H]
root        474  0.0  0.0      0     0 ?        S    Feb27   0:03 [watchdog/93]
root        475  0.0  0.0      0     0 ?        S    Feb27   0:05 [migration/93]
root        476  0.0  0.0      0     0 ?        S    Feb27   0:00 [ksoftirqd/93]
root        478  0.0  0.0      0     0 ?        S<   Feb27   0:00 [kworker/93:0H]
root        479  0.0  0.0      0     0 ?        S    Feb27   0:03 [watchdog/94]
root        480  0.0  0.0      0     0 ?        S    Feb27   0:05 [migration/94]
root        481  0.0  0.0      0     0 ?        S    Feb27   0:00 [ksoftirqd/94]
root        483  0.0  0.0      0     0 ?        S<   Feb27   0:00 [kworker/94:0H]
root        484  0.0  0.0      0     0 ?        S    Feb27   0:03 [watchdog/95]
root        485  0.0  0.0      0     0 ?        S    Feb27   0:05 [migration/95]
root        486  0.0  0.0      0     0 ?        S    Feb27   0:00 [ksoftirqd/95]
root        488  0.0  0.0      0     0 ?        S<   Feb27   0:00 [kworker/95:0H]
root        491  0.0  0.0      0     0 ?        S    Feb27   0:00 [kdevtmpfs]
root        492  0.0  0.0      0     0 ?        S<   Feb27   0:00 [netns]
root        493  0.0  0.0      0     0 ?        S    Feb27   0:10 [khungtaskd]
root        494  0.0  0.0      0     0 ?        S<   Feb27   0:00 [writeback]
root        495  0.0  0.0      0     0 ?        S<   Feb27   0:00 [kintegrityd]
root        496  0.0  0.0      0     0 ?        S<   Feb27   0:00 [bioset]
root        497  0.0  0.0      0     0 ?        S<   Feb27   0:00 [bioset]
root        498  0.0  0.0      0     0 ?        S<   Feb27   0:00 [bioset]
root        499  0.0  0.0      0     0 ?        S<   Feb27   0:00 [kblockd]
root        500  0.0  0.0      0     0 ?        S<   Feb27   0:00 [md]
root        501  0.0  0.0      0     0 ?        S<   Feb27   0:00 [edac-poller]
root        502  0.0  0.0      0     0 ?        S<   Feb27   0:00 [watchdogd]
root        509  0.0  0.0      0     0 ?        S    Feb27   0:00 [kswapd0]
root        510  0.0  0.0      0     0 ?        S    Feb27   0:00 [kswapd1]
root        511  0.0  0.0      0     0 ?        SN   Feb27   0:00 [ksmd]
root        512  0.0  0.0      0     0 ?        SN   Feb27   0:10 [khugepaged]
root        513  0.0  0.0      0     0 ?        S<   Feb27   0:00 [crypto]
root        521  0.0  0.0      0     0 ?        S<   Feb27   0:00 [kthrotld]
root        524  0.0  0.0      0     0 ?        S<   Feb27   0:00 [kmpath_rdacd]
root        525  0.0  0.0      0     0 ?        S<   Feb27   0:00 [kaluad]
root        567  0.0  0.0      0     0 ?        S<   Feb27   0:00 [kpsmoused]
root        571  0.0  0.0      0     0 ?        S    Feb27   0:09 [kworker/43:1]
root        590  0.0  0.0      0     0 ?        S    Feb27   0:05 [kworker/62:1]
root        598  0.0  0.0      0     0 ?        S    Feb27   0:05 [kworker/72:1]
root        602  0.0  0.0      0     0 ?        S    Feb27   0:05 [kworker/74:1]
root        606  0.0  0.0      0     0 ?        S    Feb27   0:05 [kworker/78:1]
root        613  0.0  0.0      0     0 ?        S    Feb27   0:05 [kworker/81:1]
root        615  0.0  0.0      0     0 ?        S    Feb27   0:05 [kworker/84:1]
root        616  0.0  0.0      0     0 ?        S    Feb27   0:05 [kworker/88:1]
root        617  0.0  0.0      0     0 ?        S    Feb27   0:06 [kworker/90:1]
root        623  0.0  0.0      0     0 ?        S<   Feb27   0:00 [ipv6_addrconf]
root        636  0.0  0.0      0     0 ?        S<   Feb27   0:00 [deferwq]
root        637  0.0  0.0      0     0 ?        S    Feb27   0:00 [kworker/u640:1]
root        674  0.0  0.0      0     0 ?        S    Feb27   0:54 [kauditd]
root        727  0.0  0.0      0     0 ?        SN   Feb27   0:00 [kipmi0]
root        837  0.0  0.0      0     0 ?        S    Mar13   0:01 [kworker/8:1]
root        860  0.0  0.0      0     0 ?        S<   Feb27   0:00 [nfit]
root        893  0.0  0.0      0     0 ?        S<   Feb27   0:00 [ata_sff]
root        894  0.0  0.0      0     0 ?        S    Feb27   0:00 [scsi_eh_0]
root        895  0.0  0.0      0     0 ?        S<   Feb27   0:00 [scsi_tmf_0]
root        896  0.0  0.0      0     0 ?        S    Feb27   0:00 [scsi_eh_1]
root        897  0.0  0.0      0     0 ?        S<   Feb27   0:00 [scsi_tmf_1]
root        898  0.0  0.0      0     0 ?        S    Feb27   0:00 [scsi_eh_2]
root        899  0.0  0.0      0     0 ?        S<   Feb27   0:00 [scsi_tmf_2]
root        900  0.0  0.0      0     0 ?        S    Feb27   0:00 [scsi_eh_3]
root        901  0.0  0.0      0     0 ?        S<   Feb27   0:00 [scsi_tmf_3]
root        902  0.0  0.0      0     0 ?        S    Feb27   0:00 [scsi_eh_4]
root        903  0.0  0.0      0     0 ?        S<   Feb27   0:00 [scsi_tmf_4]
root        904  0.0  0.0      0     0 ?        S    Feb27   0:00 [scsi_eh_5]
root        905  0.0  0.0      0     0 ?        S<   Feb27   0:00 [scsi_tmf_5]
root        927  0.0  0.0      0     0 ?        S<   Feb27   0:00 [i40e]
root        928  0.0  0.0      0     0 ?        S    Feb27   0:00 [scsi_eh_6]
root        929  0.0  0.0      0     0 ?        S<   Feb27   0:00 [scsi_tmf_6]
root        930  0.0  0.0      0     0 ?        S    Feb27   0:00 [scsi_eh_7]
root        931  0.0  0.0      0     0 ?        S<   Feb27   0:00 [scsi_tmf_7]
root        932  0.0  0.0      0     0 ?        S    Feb27   0:00 [scsi_eh_8]
root        933  0.0  0.0      0     0 ?        S<   Feb27   0:00 [scsi_tmf_8]
root        934  0.0  0.0      0     0 ?        S    Feb27   0:00 [scsi_eh_9]
root        935  0.0  0.0      0     0 ?        S<   Feb27   0:00 [scsi_tmf_9]
root        936  0.0  0.0      0     0 ?        S    Feb27   0:00 [scsi_eh_10]
root        937  0.0  0.0      0     0 ?        S<   Feb27   0:00 [scsi_tmf_10]
root        938  0.0  0.0      0     0 ?        S    Feb27   0:00 [scsi_eh_11]
root        939  0.0  0.0      0     0 ?        S<   Feb27   0:00 [scsi_tmf_11]
root        940  0.0  0.0      0     0 ?        S    Feb27   0:00 [scsi_eh_12]
root        941  0.0  0.0      0     0 ?        S<   Feb27   0:00 [scsi_tmf_12]
root        942  0.0  0.0      0     0 ?        S    Feb27   0:00 [scsi_eh_13]
root        943  0.0  0.0      0     0 ?        S<   Feb27   0:00 [scsi_tmf_13]
root       1154  0.0  0.0      0     0 ?        S<   Feb27   0:00 [kdmflush]
root       1155  0.0  0.0      0     0 ?        S<   Feb27   0:00 [bioset]
root       1167  0.0  0.0      0     0 ?        S<   Feb27   0:34 [kworker/0:1H]
root       1174  0.0  0.0      0     0 ?        S    Feb27   0:04 [jbd2/dm-0-8]
root       1175  0.0  0.0      0     0 ?        S<   Feb27   0:00 [ext4-rsv-conver]
root       1256  0.0  0.0 259472 147632 ?       Ss   Feb27   6:50 /usr/lib/systemd/systemd-journald
root       1280  0.0  0.0 201116  4172 ?        Ss   Feb27   0:00 /usr/sbin/lvmetad -f
root       1290  0.0  0.0  50324  6796 ?        Ss   Feb27   0:05 /usr/lib/systemd/systemd-udevd
root       1497  0.0  0.0      0     0 ?        S    Feb27   0:00 [irq/596-mei_me]
root       1555  0.0  0.0      0     0 ?        S    Feb27   0:00 [jbd2/sda1-8]
root       1556  0.0  0.0      0     0 ?        S<   Feb27   0:00 [ext4-rsv-conver]
root       1654  0.0  0.0      0     0 ?        S<   Feb27   0:00 [kdmflush]
root       1655  0.0  0.0      0     0 ?        S<   Feb27   0:00 [bioset]
root       1657  0.0  0.0      0     0 ?        S<   Feb27   0:00 [kdmflush]
root       1658  0.0  0.0      0     0 ?        S<   Feb27   0:00 [bioset]
root       1685  0.0  0.0      0     0 ?        S    Feb27   0:17 [jbd2/dm-1-8]
root       1686  0.0  0.0      0     0 ?        S<   Feb27   0:00 [ext4-rsv-conver]
root       1688  0.0  0.0      0     0 ?        S    Feb27   1:53 [jbd2/dm-2-8]
root       1689  0.0  0.0      0     0 ?        S<   Feb27   0:00 [ext4-rsv-conver]
root       1718  0.0  0.0  55532  1092 ?        S<sl Feb27   3:56 /sbin/auditd
root       1754  4.3  0.0 270864  9592 ?        Ssl  Feb27 1081:06 /sbin/rsyslogd -n
polkitd    1757  0.0  0.0 613012 15116 ?        Ssl  Feb27   0:15 /usr/lib/polkit-1/polkitd --no-debug
dbus       1764  0.0  0.0  66456  2632 ?        Ssl  Feb27   1:09 /usr/bin/dbus-daemon --system --address=systemd: --nofork --nopidfile --systemd-activation
ntp        1774  0.0  0.0  25732  2024 ?        Ss   Feb27   0:04 /usr/sbin/ntpd -u ntp:ntp -g
root       1798  0.0  0.0  26384  1772 ?        Ss   Feb27   0:41 /usr/lib/systemd/systemd-logind
ericsson   1817  0.0  0.0 113284  1212 ?        Ss   Feb27   0:00 /bin/bash -c cd /opt/ericsson/snmp/bin ; ./snmpAgent /opt/ericsson/snmp/etc/snmpConfig.json
root       1823  0.0  0.0 358872 29620 ?        Ssl  Feb27   0:05 /usr/bin/python2 -Es /usr/sbin/firewalld --nofork --nopid
root       1825  0.0  0.0 126388  1688 ?        Ss   Feb27   0:07 /usr/sbin/crond -n
root       1827  0.0  0.0  25908   948 ?        Ss   Feb27   0:00 /usr/sbin/atd -f
ericsson   1828  0.0  0.0 302956 10412 ?        Sl   Feb27  10:53 ./snmpAgent /opt/ericsson/snmp/etc/snmpConfig.json
root       1889  0.0  0.0 477008 11440 ?        Ssl  Feb27  18:00 /usr/sbin/NetworkManager --no-daemon
root       1955  0.0  0.0      0     0 ?        S<   Feb27   0:00 [ib-comp-wq]
root       1956  0.0  0.0      0     0 ?        S<   Feb27   0:00 [kworker/u643:0]
root       1957  0.0  0.0      0     0 ?        S<   Feb27   0:00 [kworker/u644:0]
root       1958  0.0  0.0      0     0 ?        S<   Feb27   0:00 [kworker/u645:0]
root       1959  0.0  0.0      0     0 ?        S<   Feb27   0:00 [ib-comp-unb-wq]
root       1960  0.0  0.0      0     0 ?        S<   Feb27   0:00 [ib_mcast]
root       1961  0.0  0.0      0     0 ?        S<   Feb27   0:00 [ib_nl_sa_wq]
root       1984  0.0  0.0      0     0 ?        S<   Feb27   0:00 [mlx5_ib_sigerr_]
root       2057  0.0  0.0      0     0 ?        S<   Feb27   0:00 [kworker/1:1H]
root       2106  0.0  0.0      0     0 ?        S<   Feb27   0:00 [rdma_cm]
root       2292  0.0  0.0      0     0 ?        S<   Feb27   0:00 [kworker/55:1H]
ericsson   2652  0.0  0.0 208600 12892 ?        Ss   Feb27   3:10 /opt/ericsson/python3.7/bin/python3.7 /opt/ericsson/controller/setup/mapserverid.py
ericsson   2657 11.9  0.0 279588 15392 ?        Ssl  Feb27 2947:01 /opt/ericsson/automation-proxy/bin/automation-proxy -mode secondary -settings /opt/ericsson/automation-proxy/etc/config.json -serverId serverId
ericsson   2661  0.0  0.0 293004 50000 ?        Ss   Feb27  23:34 /opt/ericsson/failover-api/bin/python3.7 /opt/ericsson/failover-api/bin/celery -A ericsson.failover worker --concurrency=8 --logfile=/var/log/ericsson/failover-api/private/celery-worker.log --loglevel=INFO -Ofair
root       2671  0.0  0.0 113000  4328 ?        Ss   Feb27   0:00 /usr/sbin/sshd -D
ericsson   2675  0.5  0.0 177884 16300 ?        Ssl  Feb27 142:12 /usr/bin/redis-server *:6381
ericsson   2697 11.9  0.0 279588 15396 ?        Ssl  Feb27 2948:11 /opt/ericsson/automation-proxy/bin/automation-proxy -mode primary -settings /opt/ericsson/automation-proxy/etc/config.json -serverId serverId
ericsson   2716  0.0  0.0 329144 26804 ?        Ssl  Feb27   0:06 /opt/ericsson/statistic/bin/python3.7 /opt/ericsson/statistic/bin/mfvp-stats-api --conf /opt/ericsson/statistic/etc/statistic.cfg --logging /opt/ericsson/statistic/etc/logging.json
ericsson   2747  0.0  0.0 262944 29996 ?        Ss   Feb27   0:00 /opt/ericsson/command/bin/python3.7 /opt/ericsson/command/bin/envivio-command-api --conf /opt/ericsson/command/etc/command-api.cfg --logging /opt/ericsson/command/etc/logging.json
root       2753  0.0  0.0 574292 19624 ?        Ssl  Feb27   9:28 /usr/bin/python2 -Es /usr/sbin/tuned -l -P
root       2759  0.0  0.0  19024   420 ?        Ss   Feb27   0:01 /usr/sbin/vmad
etcd       2764  1.3  0.0 13475296 64696 ?      Ssl  Feb27 339:58 /usr/bin/etcd --name=standalone --data-dir=/var/lib/etcd/default.etcd --listen-client-urls=http://0.0.0.0:2379
root       2765  0.0  0.0 228580  6268 ?        Ss   Feb27   0:47 /usr/sbin/snmptrapd -Lf /var/log/ericsson/snmp/snmptrapd.log -p /var/run/snmptrapd.pid -m ENVIVIO-COMMON-MIB -f
root       2775  0.0  0.0 308852 14424 ?        Ss   Feb27   1:02 /usr/sbin/httpd -DFOREGROUND
root       2776  0.0  0.0 229404 12108 ?        Ss   Feb27  21:05 /usr/sbin/snmpd -LS0-4d -Lf /var/log/ericsson/snmp/snmpd.log -p /var/run/snmpd.pid -a -f
ericsson   2916  0.0  0.0 113284  1476 ?        Ss   Feb27   0:00 /bin/bash -c cd /opt/ericsson/automation-config/bin; source activate; ./automation-config --conf /opt/ericsson/automation-config/etc/automation-config.ini --logging /opt/ericsson/automation-config/etc/logging.json > /var/log/ericsson/automation-config/private/console.log 2>&1
ericsson   2937  0.0  0.0 113284  1468 ?        Ss   Feb27   0:00 /bin/bash -c cd /opt/ericsson/server-monitor/bin;source activate;./ericsson-server-monitor --logging /opt/ericsson/server-monitor/etc/logging.json --conf /opt/ericsson/server-monitor/etc/server-monitor.ini >> /var/log/ericsson/server-monitor/private/console.log 2>&1
ericsson   2948  0.0  0.0 113284  1464 ?        Ss   Feb27   0:00 /bin/bash -c cd /opt/ericsson/failover-api/bin;source activate;./ericsson-failover-daemon --logging /opt/ericsson/failover-api/etc/logging_failover-daemon.json --conf /opt/ericsson/failover-api/etc/failover-api.ini >> /var/log/ericsson/failover-api/private/console_daemon.log 2>&1
ericsson   2955  0.0  0.0 432880 35376 ?        Sl   Feb27   8:36 /opt/ericsson/automation-config/bin/python3 ./automation-config --conf /opt/ericsson/automation-config/etc/automation-config.ini --logging /opt/ericsson/automation-config/etc/logging.json
ericsson   2966  0.3  0.0 620672 90340 ?        Ssl  Feb27  79:06 /opt/ericsson/unified-ui/bin/python3.7 /opt/ericsson/unified-ui/bin/celery -A envivio.unified.ui beat --logfile=/var/log/ericsson/unified-ui/private/celery-beat.log --pidfile= --loglevel=INFO
ericsson   2976  0.2  0.0 297120 49632 ?        S    Feb27  57:28 /opt/ericsson/failover-api/bin/python3.7 ./ericsson-failover-daemon --logging /opt/ericsson/failover-api/etc/logging_failover-daemon.json --conf /opt/ericsson/failover-api/etc/failover-api.ini
ericsson   2994  0.6  0.0 1515696 45236 ?       Sl   Feb27 149:28 /opt/ericsson/server-monitor/bin/python3.7 ./ericsson-server-monitor --logging /opt/ericsson/server-monitor/etc/logging.json --conf /opt/ericsson/server-monitor/etc/server-monitor.ini
ericsson   3013  0.0  0.0 113284  1476 ?        Ss   Feb27   0:00 /bin/bash -c cd /opt/ericsson/unified-ui/bin;source activate;./python /opt/ericsson/unified-ui/lib/python3.7/site-packages/envivio/unified/manage.py runworker --only-channels=websocket.* >> /var/log/ericsson/unified-ui/private/worker-ws.log 2>&1
root       3016  0.0  0.0      0     0 ?        S<   Feb27   0:00 [kworker/26:1H]
ericsson   3025  0.0  0.0 399212 87924 ?        Ss   Feb27  24:25 /opt/ericsson/unified-ui/bin/python3.7 /opt/ericsson/unified-ui/bin/celery -A envivio.unified.ui worker --logfile=/var/log/ericsson/unified-ui/private/celery-worker.log --loglevel=INFO -Ofair
ericsson   3029  0.0  0.0 113284  1464 ?        Ss   Feb27   0:00 /bin/bash -c cd /opt/ericsson/unified-ui/bin;source activate;./daphne ericsson.websocket.asgi:channel_layer -p 8889 --ws-protocol v11.stomp --root-path /opt/ericsson/unified-ui/lib/python3.7/site-packages >> /var/log/ericsson/unified-ui/private/daphne.log 2>&1
root       3030  0.0  0.0      0     0 ?        S<   Feb27   0:00 [kworker/41:1H]
root       3031  0.0  0.0      0     0 ?        S<   Feb27   0:00 [kworker/5:1H]
root       3032  0.0  0.0      0     0 ?        S<   Feb27   0:00 [kworker/40:1H]
root       3040  0.0  0.0      0     0 ?        S<   Feb27   0:00 [kworker/36:1H]
root       3055  0.0  0.0      0     0 ?        S<   Feb27   0:00 [kworker/89:1H]
ericsson   3059  0.0  0.0 113284  1464 ?        Ss   Feb27   0:00 /bin/bash -c cd /opt/ericsson/controller-config/bin; source activate; ./ericsson-controller-config --conf /opt/ericsson/controller-config/etc/controller-config.ini --logging /opt/ericsson/controller-config/etc/logging.json >> /var/log/ericsson/controller-config/private/console.log 2>&1
ericsson   3062  0.0  0.0 113284  1464 ?        Ss   Feb27   0:00 /bin/bash -c cd /opt/ericsson/alarm-proxy/bin; source activate; ./ericsson-alarm-proxy --conf /opt/ericsson/alarm-proxy/etc/alarm-proxy.ini --logging /opt/ericsson/alarm-proxy/etc/logging.json >> /var/log/ericsson/alarm-proxy/private/console.log 2>&1
root       3063  0.0  0.0      0     0 ?        S<   Feb27   0:00 [kworker/37:1H]
ericsson   3064  0.5  0.0 711608 72272 ?        Sl   Feb27 135:32 /opt/ericsson/unified-ui/bin/python3.7 ./daphne ericsson.websocket.asgi:channel_layer -p 8889 --ws-protocol v11.stomp --root-path /opt/ericsson/unified-ui/lib/python3.7/site-packages
ericsson   3068  0.0  0.0 572188 39880 ?        Ssl  Feb27  19:28 /opt/ericsson/alarm/bin/python3.7 /opt/ericsson/alarm/bin/ericsson-alarm-legacy-daemon --conf /opt/ericsson/alarm/etc/alarm-api.ini --logging /opt/ericsson/alarm/etc/alarm-legacy-daemon-logging.json
ericsson   3069  2.7  0.0 1938300 79472 ?       Sl   Feb27 685:32 ./python /opt/ericsson/unified-ui/lib/python3.7/site-packages/envivio/unified/manage.py runworker --only-channels=websocket.*
root       3078  0.0  0.0      0     0 ?        S<   Feb27   0:00 [kworker/29:1H]
ericsson   3081  2.2  0.0 171224 12672 ?        Ssl  Feb27 560:05 /usr/bin/redis-server *:6382
ericsson   3084  0.0  0.0 113284  1464 ?        Ss   Feb27   0:00 /bin/bash -c cd /opt/ericsson/service-api/bin;source activate;./envivio-service-monitor --logging /opt/ericsson/service-api/etc/logging_service-monitor.json --conf /opt/ericsson/service-api/etc/service-api.ini >> /var/log/ericsson/service-api/private/console-monitor.log 2>&1
root       3086  0.0  0.0      0     0 ?        S<   Feb27   0:00 [kworker/80:1H]
ericsson   3090  0.1  0.0 577512 117080 ?       Ssl  Feb27  26:46 /opt/ericsson/encoding-live-worker/bin/python3.9 /opt/ericsson/encoding-live-worker/bin/liveencoder-daemon --conf /opt/ericsson/encoding-live-worker/etc/encoding-live-worker.ini --logging /opt/ericsson/encoding-live-worker/etc/encoding-live-worker-logging.json
ericsson   3093  0.0  0.0 113284  1468 ?        Ss   Feb27   0:00 /bin/bash -c cd /opt/ericsson/failover-api/bin;source activate;./ericsson-failover-api --logging /opt/ericsson/failover-api/etc/logging_failover-api.json --conf /opt/ericsson/failover-api/etc/failover-api.ini >> /var/log/ericsson/failover-api/private/console.log 2>&1
ericsson   3100  0.0  0.0 113284  1480 ?        Ss   Feb27   0:00 /bin/sh /opt/ericsson/unified-ui/bin/unified-ui.sh start
root       3102  0.0  0.0      0     0 ?        S<   Feb27   0:00 [kworker/8:1H]
root       3103  0.0  0.0      0     0 ?        S<   Feb27   0:00 [kworker/19:1H]
ericsson   3108  0.3  0.0 744332 58384 ?        Ssl  Feb27  74:18 /opt/ericsson/alarm/bin/python3.7 /opt/ericsson/alarm/bin/ericsson-alarm-legacy-collector --conf /opt/ericsson/alarm/etc/alarm-api.ini --logging /opt/ericsson/alarm/etc/alarm-legacy-collector-logging.json
root       3109  0.0  0.0      0     0 ?        S<   Feb27   0:00 [kworker/39:1H]
root       3110  0.0  0.0      0     0 ?        S<   Feb27   0:00 [kworker/11:1H]
ericsson   3114  0.0  0.0 113284  1464 ?        Ss   Feb27   0:00 /bin/bash -c cd /opt/ericsson/service-api/bin;source activate;./envivio-service-api --logging /opt/ericsson/service-api/etc/logging_service-api.json --conf /opt/ericsson/service-api/etc/service-api.ini >> /var/log/ericsson/service-api/private/console-api.log 2>&1
ericsson   3120  0.0  0.0 113284  1468 ?        Ss   Feb27   0:00 /bin/bash -c cd /opt/ericsson/snmp-notification/bin; source activate; ./ericsson-snmp-notification --conf /opt/ericsson/snmp-notification/etc/snmp-notification.ini --logging /opt/ericsson/snmp-notification/etc/logging.json >> /var/log/ericsson/snmp-notification/private/console.log 2>&1
ericsson   3121  0.0  0.0 488064 36076 ?        Sl   Feb27  16:20 /opt/ericsson/controller-config/bin/python3.7 ./ericsson-controller-config --conf /opt/ericsson/controller-config/etc/controller-config.ini --logging /opt/ericsson/controller-config/etc/logging.json
root       3123  0.0  0.0      0     0 ?        S<   Feb27   0:00 [kworker/31:1H]
root       3124  0.0  0.0      0     0 ?        S<   Feb27   0:00 [kworker/79:1H]
ericsson   3128  0.1  0.0 734352 46904 ?        Sl   Feb27  31:59 /opt/ericsson/failover-api/bin/python3.7 ./ericsson-failover-api --logging /opt/ericsson/failover-api/etc/logging_failover-api.json --conf /opt/ericsson/failover-api/etc/failover-api.ini
ericsson   3129  0.2  0.0 713568 38068 ?        Ssl  Feb27  61:55 /opt/ericsson/alarm/bin/python3.7 /opt/ericsson/alarm/bin/ericsson-alarm-api --conf /opt/ericsson/alarm/etc/alarm-api.ini --logging /opt/ericsson/alarm/etc/alarm-api-logging.json
root       3132  0.0  0.0      0     0 ?        S<   Feb27   0:00 [kworker/10:1H]
ericsson   3133  0.0  0.0 113284  1468 ?        Ss   Feb27   0:00 /bin/bash -c cd /opt/ericsson/template-api/bin;source activate;./envivio-template-api --logging /opt/ericsson/template-api/etc/logging.json --conf /opt/ericsson/template-api/etc/template-api.ini >> /var/log/ericsson/template-api/private/console.log 2>&1
root       3136  0.0  0.0      0     0 ?        S<   Feb27   0:00 [kworker/87:1H]
ericsson   3138  0.0  0.0 113284  1468 ?        Ss   Feb27   0:00 /bin/bash -c cd /opt/ericsson/server-api/bin;source activate;./envivio-server-api --logging /opt/ericsson/server-api/etc/logging.json --conf /opt/ericsson/server-api/etc/server-api.ini >> /var/log/ericsson/server-api/private/console.log 2>&1
ericsson   3142  0.0  0.0 113284  1464 ?        Ss   Feb27   0:00 /bin/bash -c cd /opt/ericsson/flow/bin;source activate;./mediakind-flow --logging /opt/ericsson/flow/etc/logging.json --conf /opt/ericsson/flow/etc/flow.ini >> /var/log/ericsson/flow/private/console.log 2>&1
ericsson   3143  0.1  0.0 762748 27976 ?        Sl   Feb27  25:21 /opt/ericsson/alarm-proxy/bin/python3.7 ./ericsson-alarm-proxy --conf /opt/ericsson/alarm-proxy/etc/alarm-proxy.ini --logging /opt/ericsson/alarm-proxy/etc/logging.json
ericsson   3148  0.3  0.0 722516 43772 ?        Ssl  Feb27  86:52 /opt/ericsson/alarm/bin/python3.7 /opt/ericsson/alarm/bin/ericsson-alarm-daemon --conf /opt/ericsson/alarm/etc/alarm-api.ini --logging /opt/ericsson/alarm/etc/alarm-daemon-logging.json
root       3156  0.0  0.0      0     0 ?        S<   Feb27   0:00 [kworker/21:1H]
ericsson   3160  0.0  0.0 507408 44960 ?        Sl   Feb27  21:24 /opt/ericsson/service-api/bin/python3.7 ./envivio-service-monitor --logging /opt/ericsson/service-api/etc/logging_service-monitor.json --conf /opt/ericsson/service-api/etc/service-api.ini
ericsson   3162  0.3  0.0 887988 48632 ?        Sl   Feb27  96:11 /opt/ericsson/service-api/bin/python3.7 ./envivio-service-api --logging /opt/ericsson/service-api/etc/logging_service-api.json --conf /opt/ericsson/service-api/etc/service-api.ini
ericsson   3169  0.4  0.0 174296 12940 ?        Ssl  Feb27 104:28 /bin/redis-server 127.0.0.1:6380
root       3176  0.0  0.0      0     0 ?        S<   Feb27   0:00 [kworker/47:1H]
ericsson   3178  0.1  0.0 727752 41448 ?        Ssl  Feb27  35:48 /opt/ericsson/alarm/bin/python3.7 /opt/ericsson/alarm/bin/ericsson-alarm-collector --conf /opt/ericsson/alarm/etc/alarm-api.ini --logging /opt/ericsson/alarm/etc/alarm-collector-logging.json
root       3183  0.0  0.0      0     0 ?        S<   Feb27   0:00 [kworker/34:1H]
ericsson   3188  0.0  0.0 113284  1468 ?        Ss   Feb27   0:00 /bin/bash -c cd /opt/ericsson/nmos-sidecar/bin;source activate;./mediakind-nmos-sidecar --logging /opt/ericsson/nmos-sidecar/etc/logging.json --conf /opt/ericsson/nmos-sidecar/etc/nmos-sidecar.ini >> /var/log/ericsson/nmos-sidecar/private/console.log 2>&1
root       3194  0.0  0.0      0     0 ?        S<   Feb27   0:00 [kworker/83:1H]
ericsson   3195  0.0  0.0 489788 35856 ?        Sl   Feb27  16:35 /opt/ericsson/template-api/bin/python3.7 ./envivio-template-api --logging /opt/ericsson/template-api/etc/logging.json --conf /opt/ericsson/template-api/etc/template-api.ini
ericsson   3196  0.0  0.0 562508 57632 ?        Sl   Feb27  20:06 /opt/ericsson/snmp-notification/bin/python3.7 ./ericsson-snmp-notification --conf /opt/ericsson/snmp-notification/etc/snmp-notification.ini --logging /opt/ericsson/snmp-notification/etc/logging.json
ericsson   3197  0.2  0.0 35966260 192924 ?     Sl   Feb27  66:50 /opt/ericsson/flow/bin/python3.7 ./mediakind-flow --logging /opt/ericsson/flow/etc/logging.json --conf /opt/ericsson/flow/etc/flow.ini
ericsson   3199  0.7  0.0 488564 36572 ?        Sl   Feb27 196:33 /opt/ericsson/server-api/bin/python3.7 ./envivio-server-api --logging /opt/ericsson/server-api/etc/logging.json --conf /opt/ericsson/server-api/etc/server-api.ini
ericsson   3203  0.0  0.0 367020 71052 ?        S    Feb27   0:51 ./uwsgi --ini /opt/ericsson/unified-ui/etc/uwsgi.ini
root       3205  0.0  0.0      0     0 ?        S<   Feb27   0:00 [kworker/67:1H]
ericsson   3207  0.1  0.0 1018416 48032 ?       Ssl  Feb27  45:07 /opt/ericsson/live-sources-config/bin/python3.9 /opt/ericsson/live-sources-config/bin/livesources-config --conf /opt/ericsson/live-sources-config/etc/live-sources-config.ini --logging /opt/ericsson/live-sources-config/etc/logging.json
root       3227  0.0  0.0      0     0 ?        S<   Feb27   0:00 [kworker/82:1H]
root       3231  0.0  0.0      0     0 ?        S<   Feb27   0:00 [kworker/44:1H]
root       3240  0.0  0.0      0     0 ?        S<   Feb27   0:00 [kworker/32:1H]
ericsson   3242  0.0  0.0 113284  1468 ?        Ss   Feb27   0:00 /bin/bash -c cd /opt/ericsson/encoding-live-ui-connector/bin ; source activate; ./uwsgi --ini /opt/ericsson/encoding-live-ui-connector/etc/uwsgi.ini >> /var/log/ericsson/encoding-live-ui-connector/private/console.log 2>&1
root       3244  0.0  0.0      0     0 ?        S<   Feb27   0:00 [kworker/84:1H]
ericsson   3256  0.0  0.0 113284  1464 ?        Ss   Feb27   0:00 /bin/bash -c cd /opt/ericsson/interface-discovery/bin; source activate; ./ericsson-interface-discovery --watch /opt/ericsson/interface-discovery/etc/watch.yaml --conf /opt/ericsson/interface-discovery/etc/interface-discovery.ini --logging /opt/ericsson/interface-discovery/etc/logging.json >> /var/log/ericsson/interface-discovery/private/console.log 2>&1
root       3267  0.0  0.0      0     0 ?        S<   Feb27   0:00 [kworker/27:1H]
root       3271  0.0  0.0      0     0 ?        S<   Feb27   0:00 [kworker/30:1H]
ericsson   3272  0.0  0.0 652500 37416 ?        Ssl  Feb27  16:58 /opt/ericsson/internal-pois-resiliency/bin/python3.9 /opt/ericsson/internal-pois-resiliency/bin/pois_resiliency --conf /opt/ericsson/internal-pois-resiliency/etc/internal-pois-resiliency.ini --logging /opt/ericsson/internal-pois-resiliency/etc/logging.json
ericsson   3280  0.0  0.0 5069900 63072 ?       Sl   Feb27  17:20 /opt/ericsson/nmos-sidecar/bin/python3.7 ./mediakind-nmos-sidecar --logging /opt/ericsson/nmos-sidecar/etc/logging.json --conf /opt/ericsson/nmos-sidecar/etc/nmos-sidecar.ini
ericsson   3283  0.0  0.0 878412 56192 ?        Ssl  Feb27  18:23 /opt/ericsson/encoding-live-config/bin/python3.9 /opt/ericsson/encoding-live-config/bin/liveencoder-config --conf /opt/ericsson/encoding-live-config/etc/encoding-live-config.ini --logging /opt/ericsson/encoding-live-config/etc/logging.json
root       3294  0.0  0.0      0     0 ?        S<   Feb27   0:00 [kworker/6:1H]
ericsson   3298  0.0  0.0 113284  1464 ?        Ss   Feb27   0:00 /bin/bash -c cd /opt/ericsson/esam-proxy/bin;source activate;./ericsson-esam-proxy --logging /opt/ericsson/esam-proxy/etc/logging.json --conf /opt/ericsson/esam-proxy/etc/esam-proxy.ini >> /var/log/ericsson/esam-proxy/private/console.log 2>&1
root       3359  0.0  0.0      0     0 ?        S<   Feb27   0:00 [kworker/18:1H]
ericsson   3361  0.0  0.0 276340 38188 ?        S    Feb27   0:59 ./uwsgi --ini /opt/ericsson/encoding-live-ui-connector/etc/uwsgi.ini
root       3362  0.0  0.0      0     0 ?        S<   Feb27   0:00 [kworker/81:1H]
root       3371  0.0  0.0      0     0 ?        S<   Feb27   0:00 [kworker/24:1H]
ericsson   3376  1.6  0.0 11326616 119752 ?     Sl   Feb27 395:14 /opt/ericsson/interface-discovery/bin/python3.7 ./ericsson-interface-discovery --watch /opt/ericsson/interface-discovery/etc/watch.yaml --conf /opt/ericsson/interface-discovery/etc/interface-discovery.ini --logging /opt/ericsson/interface-discovery/etc/logging.json
root       3439  0.0  0.0      0     0 ?        S<   Feb27   0:00 [kworker/42:1H]
ericsson   3444  0.0  0.0 638320 36800 ?        Sl   Feb27   8:44 /opt/ericsson/esam-proxy/bin/python3.7 ./ericsson-esam-proxy --logging /opt/ericsson/esam-proxy/etc/logging.json --conf /opt/ericsson/esam-proxy/etc/esam-proxy.ini
root       3446  0.0  0.0      0     0 ?        S<   Feb27   0:00 [kworker/23:1H]
root       3448  0.0  0.0      0     0 ?        S<   Feb27   0:00 [kworker/33:1H]
root       3456  0.0  0.0      0     0 ?        S<   Feb27   0:00 [kworker/45:1H]
root       3471  0.0  0.0      0     0 ?        S<   Feb27   0:00 [kworker/17:1H]
root       3475  0.0  0.0      0     0 ?        S<   Feb27   0:00 [kworker/25:1H]
root       3505  0.0  0.0      0     0 ?        S<   Feb27   0:00 [kworker/43:1H]
root       3510  0.0  0.0      0     0 ?        S<   Feb27   0:00 [kworker/46:1H]
rabbitmq   3513  5.2  0.0 52340784 196420 ?     Ssl  Feb27 1295:10 /usr/lib64/erlang/erts-10.7.2.5/bin/beam.smp -W w -K true -A 1024 -MBas ageffcbf -MHas ageffcbf -MBlmbcs 512 -MHlmbcs 512 -MMmcs 30 -P 1048576 -t 5000000 -stbt db -zdbbl 128000 -- -root /usr/lib64/erlang -progname erl -- -home /var/lib/rabbitmq -- -pa  -noshell -noinput -s rabbit boot -boot start_sasl -lager crash_log false -lager handlers [] --
root       3514  0.0  0.0      0     0 ?        S<   Feb27   0:00 [kworker/38:1H]
ericsson   3521  0.0  0.0 113284  1464 ?        Ss   Feb27   0:00 /bin/bash -c cd /opt/ericsson/server-daemon/bin;source activate;./envivio-server-daemon --logging /opt/ericsson/server-daemon/etc/logging.json --conf /opt/ericsson/server-daemon/etc/server-daemon.ini  >> /var/log/ericsson/server-daemon/private/console.log 2>&1
root       3524  0.0  0.0      0     0 ?        S<   Feb27   0:00 [kworker/75:1H]
root       3533  0.0  0.0      0     0 ?        S<   Feb27   0:00 [kworker/88:1H]
root       3541  0.0  0.0      0     0 ?        S<   Feb27   0:00 [kworker/77:1H]
ericsson   3547  0.2  0.0 1316096 43908 ?       Sl   Feb27  57:05 /opt/ericsson/server-daemon/bin/python3.7 ./envivio-server-daemon --logging /opt/ericsson/server-daemon/etc/logging.json --conf /opt/ericsson/server-daemon/etc/server-daemon.ini
root       3554  0.0  0.0      0     0 ?        S<   Feb27   0:00 [kworker/86:1H]
root       3684  0.0  0.0      0     0 ?        S<   Feb27   0:00 [kworker/93:1H]
root       3717  0.0  0.0      0     0 ?        S<   Feb27   0:00 [kworker/56:1H]
root       3772  0.0  0.0      0     0 ?        S<   Feb27   0:00 [kworker/95:1H]
root       3797  0.0  0.0      0     0 ?        S<   Feb27   0:00 [kworker/72:1H]
root       3804  0.2  0.0  11296  5016 ?        S    Feb27  67:49 /opt/ericsson/license-manager/bin/lserv -s /opt/ericsson/license-manager/licenses/nlservrc -e /opt/ericsson/license-manager/conf/lsreserv -port 5093 -l /var/log/ericsson/license-manager/private/server_stat.log -z 500m -extended-log
root       3826  0.0  0.0      0     0 ?        S<   Feb27   0:00 [kworker/60:1H]
root       3838  0.0  0.0      0     0 ?        S<   Feb27   0:00 [kworker/73:1H]
root       3851  0.0  0.0      0     0 ?        S<   Feb27   0:00 [kworker/2:1H]
root       3888  0.0  0.0 113284  1424 ?        Ss   Feb27   0:00 /bin/bash -c cd /opt/ericsson/license-manager/bin;source activate;./ericsson-license-api --logging /opt/ericsson/license-manager/etc/logging.json --conf /opt/ericsson/license-manager/etc/license-manager.ini >> /dev/null
root       3895  0.1  0.0 517552 43392 ?        Sl   Feb27  25:05 /opt/ericsson/license-manager/bin/python3.7 ./ericsson-license-api --logging /opt/ericsson/license-manager/etc/logging.json --conf /opt/ericsson/license-manager/etc/license-manager.ini
rabbitmq   4969  0.0  0.0   4356   532 ?        Ss   Feb27   0:52 erl_child_setup 65000
mongod     4974  1.9  0.0 1823752 192956 ?      SLl  Feb27 486:05 /usr/bin/mongod -f /etc/mongod.conf
root       5193  0.0  0.0  89804  2220 ?        Ss   Feb27   0:06 /usr/libexec/postfix/master -w
postfix    5195  0.0  0.0  89976  4096 ?        S    Feb27   0:02 qmgr -l -t unix -u
root       5276  0.0  0.0      0     0 ?        S    Mar14   0:00 [kworker/67:0]
root       5313  0.0  0.0      0     0 ?        S<   Feb27   0:00 [kworker/50:1H]
ericsson   5322  0.0  0.0 562708 42648 ?        Sl   Feb27   0:00 ./uwsgi --ini /opt/ericsson/encoding-live-ui-connector/etc/uwsgi.ini
ericsson   5327  0.0  0.0 562708 42604 ?        Sl   Feb27   0:00 ./uwsgi --ini /opt/ericsson/encoding-live-ui-connector/etc/uwsgi.ini
ericsson   5332  0.0  0.0 561160 41368 ?        Sl   Feb27   0:02 ./uwsgi --ini /opt/ericsson/encoding-live-ui-connector/etc/uwsgi.ini
ericsson   5334  0.0  0.0 561160 41376 ?        Sl   Feb27   0:01 ./uwsgi --ini /opt/ericsson/encoding-live-ui-connector/etc/uwsgi.ini
ericsson   5342  0.0  0.0 562684 42576 ?        Sl   Feb27   0:02 ./uwsgi --ini /opt/ericsson/encoding-live-ui-connector/etc/uwsgi.ini
ericsson   5347  0.0  0.0 562684 42576 ?        Sl   Feb27   0:03 ./uwsgi --ini /opt/ericsson/encoding-live-ui-connector/etc/uwsgi.ini
ericsson   5352  0.0  0.0 564732 44584 ?        Sl   Feb27   0:05 ./uwsgi --ini /opt/ericsson/encoding-live-ui-connector/etc/uwsgi.ini
ericsson   5357  0.0  0.0 567160 47320 ?        Sl   Feb27   0:57 ./uwsgi --ini /opt/ericsson/encoding-live-ui-connector/etc/uwsgi.ini
ericsson   5358  0.0  0.0 564732 44864 ?        Sl   Feb27   0:09 ./uwsgi --ini /opt/ericsson/encoding-live-ui-connector/etc/uwsgi.ini
ericsson   5367  0.0  0.0 566648 46744 ?        Sl   Feb27   0:35 ./uwsgi --ini /opt/ericsson/encoding-live-ui-connector/etc/uwsgi.ini
ericsson   5372  0.0  0.0 276340 29436 ?        S    Feb27   0:17 ./uwsgi --ini /opt/ericsson/encoding-live-ui-connector/etc/uwsgi.ini
root       5389  0.0  0.0      0     0 ?        S<   Feb27   0:00 [kworker/92:1H]
root       5390  0.0  0.0      0     0 ?        S<   Feb27   0:00 [kworker/3:1H]
root       5439  0.0  0.0      0     0 ?        S<   Feb27   0:00 [kworker/13:1H]
root       5440  0.0  0.0      0     0 ?        S<   Feb27   0:00 [kworker/74:1H]
root       5473  0.0  0.0      0     0 ?        S<   Feb27   0:00 [kworker/7:1H]
ericsson   5493  0.0  0.0 430756 31876 ?        Sl   Feb27   7:51 /opt/ericsson/automation-config/bin/python3 ./automation-config --conf /opt/ericsson/automation-config/etc/automation-config.ini --logging /opt/ericsson/automation-config/etc/logging.json
ericsson   5494  0.5  0.0 870696 79020 ?        Sl   Feb27 147:12 ./uwsgi --ini /opt/ericsson/unified-ui/etc/uwsgi.ini
ericsson   5499  0.6  0.0 1094060 81016 ?       Sl   Feb27 159:46 ./uwsgi --ini /opt/ericsson/unified-ui/etc/uwsgi.ini
ericsson   5504  1.1  0.0 1092572 80452 ?       Sl   Feb27 278:26 ./uwsgi --ini /opt/ericsson/unified-ui/etc/uwsgi.ini
ericsson   5509  1.1  0.0 1092680 79996 ?       Sl   Feb27 273:52 ./uwsgi --ini /opt/ericsson/unified-ui/etc/uwsgi.ini
ericsson   5514  1.1  0.0 1094284 81712 ?       Sl   Feb27 278:03 ./uwsgi --ini /opt/ericsson/unified-ui/etc/uwsgi.ini
ericsson   5519  1.1  0.0 1096460 83824 ?       Sl   Feb27 271:59 ./uwsgi --ini /opt/ericsson/unified-ui/etc/uwsgi.ini
ericsson   5524  1.0  0.0 1097332 84784 ?       Sl   Feb27 264:21 ./uwsgi --ini /opt/ericsson/unified-ui/etc/uwsgi.ini
ericsson   5529  1.1  0.0 1095792 83472 ?       Sl   Feb27 274:47 ./uwsgi --ini /opt/ericsson/unified-ui/etc/uwsgi.ini
ericsson   5536  1.1  0.0 1101604 89080 ?       Sl   Feb27 276:59 ./uwsgi --ini /opt/ericsson/unified-ui/etc/uwsgi.ini
ericsson   5548  0.0  0.0 367152 62644 ?        S    Feb27   0:04 ./uwsgi --ini /opt/ericsson/unified-ui/etc/uwsgi.ini
rabbitmq   5635  0.0  0.0  50868  2676 ?        S    Feb27   0:37 /usr/lib64/erlang/erts-10.7.2.5/bin/epmd -daemon
root       5672  0.0  0.0      0     0 ?        S    Feb28   0:06 [kworker/48:0]
root       5862  0.0  0.0      0     0 ?        S<   Feb27   0:00 [kworker/49:1H]
rabbitmq   5928  0.0  0.0  11592   460 ?        Ss   Feb27   0:01 inet_gethost 4
rabbitmq   5931  0.0  0.0  43616  1268 ?        S    Feb27   0:06 inet_gethost 4
root       6186  0.0  0.0 110208   860 tty1     Ss+  Feb27   0:00 /sbin/agetty --noclear tty1 linux
root       6348  0.0  0.0      0     0 ?        S<   Feb27   0:00 [kworker/35:1H]
root       6357  0.0  0.0      0     0 ?        S<   Feb27   0:00 [kworker/14:1H]
root       6380  0.0  0.0      0     0 ?        S<   Feb27   0:00 [kworker/78:1H]
ericsson   6546  0.0  0.0 629132 90148 ?        Sl   Feb27  16:29 /opt/ericsson/unified-ui/bin/python3.7 /opt/ericsson/unified-ui/bin/celery -A envivio.unified.ui worker --logfile=/var/log/ericsson/unified-ui/private/celery-worker.log --loglevel=INFO -Ofair
ericsson   6556  0.1  0.0 857128 95020 ?        Sl   Feb27  41:06 /opt/ericsson/unified-ui/bin/python3.7 /opt/ericsson/unified-ui/bin/celery -A envivio.unified.ui worker --logfile=/var/log/ericsson/unified-ui/private/celery-worker.log --loglevel=INFO -Ofair
ericsson   6714  0.0  0.0 292976 45940 ?        S    Feb27   0:00 /opt/ericsson/failover-api/bin/python3.7 /opt/ericsson/failover-api/bin/celery -A ericsson.failover worker --concurrency=8 --logfile=/var/log/ericsson/failover-api/private/celery-worker.log --loglevel=INFO -Ofair
ericsson   6731  0.0  0.0 292980 45956 ?        S    Feb27   0:00 /opt/ericsson/failover-api/bin/python3.7 /opt/ericsson/failover-api/bin/celery -A ericsson.failover worker --concurrency=8 --logfile=/var/log/ericsson/failover-api/private/celery-worker.log --loglevel=INFO -Ofair
ericsson   6739  0.0  0.0 292984 45968 ?        S    Feb27   0:00 /opt/ericsson/failover-api/bin/python3.7 /opt/ericsson/failover-api/bin/celery -A ericsson.failover worker --concurrency=8 --logfile=/var/log/ericsson/failover-api/private/celery-worker.log --loglevel=INFO -Ofair
ericsson   6740  0.0  0.0 292988 45964 ?        S    Feb27   0:00 /opt/ericsson/failover-api/bin/python3.7 /opt/ericsson/failover-api/bin/celery -A ericsson.failover worker --concurrency=8 --logfile=/var/log/ericsson/failover-api/private/celery-worker.log --loglevel=INFO -Ofair
ericsson   6741  0.0  0.0 292992 45964 ?        S    Feb27   0:00 /opt/ericsson/failover-api/bin/python3.7 /opt/ericsson/failover-api/bin/celery -A ericsson.failover worker --concurrency=8 --logfile=/var/log/ericsson/failover-api/private/celery-worker.log --loglevel=INFO -Ofair
ericsson   6746  0.0  0.0 292996 45956 ?        S    Feb27   0:00 /opt/ericsson/failover-api/bin/python3.7 /opt/ericsson/failover-api/bin/celery -A ericsson.failover worker --concurrency=8 --logfile=/var/log/ericsson/failover-api/private/celery-worker.log --loglevel=INFO -Ofair
ericsson   6747  0.0  0.0 293000 45960 ?        S    Feb27   0:00 /opt/ericsson/failover-api/bin/python3.7 /opt/ericsson/failover-api/bin/celery -A ericsson.failover worker --concurrency=8 --logfile=/var/log/ericsson/failover-api/private/celery-worker.log --loglevel=INFO -Ofair
ericsson   6748  0.0  0.0 293004 45968 ?        S    Feb27   0:00 /opt/ericsson/failover-api/bin/python3.7 /opt/ericsson/failover-api/bin/celery -A ericsson.failover worker --concurrency=8 --logfile=/var/log/ericsson/failover-api/private/celery-worker.log --loglevel=INFO -Ofair
root       9661  0.0  0.0      0     0 ?        S    Mar10   0:01 [kworker/82:0]
root       9986  0.0  0.0      0     0 ?        S    Mar08   0:04 [kworker/37:0]
root      10376  0.0  0.0      0     0 ?        S<   Feb27   0:00 [kworker/20:1H]
root      10385  0.0  0.0      0     0 ?        S<   Feb27   0:00 [kworker/90:1H]
root      10738  0.0  0.0      0     0 ?        S<   Feb27   0:00 [kworker/12:1H]
ericsson  11202  321  0.8 8785668 1577464 ?     Sl   Feb27 79088:20 /opt/ericsson/encoding-live-worker/bin/liveTranscoder -file /var/opt/ericsson/encoding-live-worker/conf/b9b4c7e17da448ad918dc91469452a66.json -serverId standalone -serviceId b9b4c7e17da448ad918dc91469452a66 -settings /opt/ericsson/encoding-live-worker/etc/liveTranscoder.json
ericsson  11363  298  0.6 8481152 1230984 ?     Sl   Feb27 73252:41 /opt/ericsson/encoding-live-worker/bin/liveTranscoder -file /var/opt/ericsson/encoding-live-worker/conf/3522ab0eb856477eaf22a77d951ff840.json -serverId standalone -serviceId 3522ab0eb856477eaf22a77d951ff840 -settings /opt/ericsson/encoding-live-worker/etc/liveTranscoder.json
ericsson  11727  348  1.0 9878652 2011388 ?     Sl   Feb27 85703:17 /opt/ericsson/encoding-live-worker/bin/liveTranscoder -file /var/opt/ericsson/encoding-live-worker/conf/31c56fae4edc4240ae9ea687819e9792.json -serverId standalone -serviceId 31c56fae4edc4240ae9ea687819e9792 -settings /opt/ericsson/encoding-live-worker/etc/liveTranscoder.json
ericsson  11918  363  1.0 10009724 2157296 ?    Sl   Feb27 89423:42 /opt/ericsson/encoding-live-worker/bin/liveTranscoder -file /var/opt/ericsson/encoding-live-worker/conf/e9c9447699d94ad9a463e0b93d3e8f55.json -serverId standalone -serviceId e9c9447699d94ad9a463e0b93d3e8f55 -settings /opt/ericsson/encoding-live-worker/etc/liveTranscoder.json
ericsson  12121  365  0.9 8603652 1908196 ?     Sl   Feb27 89857:37 /opt/ericsson/encoding-live-worker/bin/liveTranscoder -file /var/opt/ericsson/encoding-live-worker/conf/a4d0285e3df84c3584d4f04a8da44332.json -serverId standalone -serviceId a4d0285e3df84c3584d4f04a8da44332 -settings /opt/ericsson/encoding-live-worker/etc/liveTranscoder.json
ericsson  12289  362  1.0 9944220 2066732 ?     Sl   Feb27 89038:58 /opt/ericsson/encoding-live-worker/bin/liveTranscoder -file /var/opt/ericsson/encoding-live-worker/conf/0697dee362af4ebdbef021d6d0ba5b41.json -serverId standalone -serviceId 0697dee362af4ebdbef021d6d0ba5b41 -settings /opt/ericsson/encoding-live-worker/etc/liveTranscoder.json
ericsson  12486  368  1.0 9878684 1974420 ?     Sl   Feb27 90505:06 /opt/ericsson/encoding-live-worker/bin/liveTranscoder -file /var/opt/ericsson/encoding-live-worker/conf/ab302d6e9b7f43d6b85d43e37e3e9b63.json -serverId standalone -serviceId ab302d6e9b7f43d6b85d43e37e3e9b63 -settings /opt/ericsson/encoding-live-worker/etc/liveTranscoder.json
root      12592  0.0  0.0      0     0 ?        S    Mar13   0:01 [kworker/15:0]
ericsson  12719  362  1.0 9878688 1969196 ?     Sl   Feb27 88987:03 /opt/ericsson/encoding-live-worker/bin/liveTranscoder -file /var/opt/ericsson/encoding-live-worker/conf/e3b7eaa65360453990b000653c440869.json -serverId standalone -serviceId e3b7eaa65360453990b000653c440869 -settings /opt/ericsson/encoding-live-worker/etc/liveTranscoder.json
ericsson  12896  361  1.0 9116072 1987952 ?     Sl   Feb27 88776:14 /opt/ericsson/encoding-live-worker/bin/liveTranscoder -file /var/opt/ericsson/encoding-live-worker/conf/639990a0dd794986b0de2ac84b000083.json -serverId standalone -serviceId 639990a0dd794986b0de2ac84b000083 -settings /opt/ericsson/encoding-live-worker/etc/liveTranscoder.json
ericsson  13060  355  0.8 8649560 1575104 ?     Sl   Feb27 87441:40 /opt/ericsson/encoding-live-worker/bin/liveTranscoder -file /var/opt/ericsson/encoding-live-worker/conf/c64a23f195db44d6b98f23e87ca7ada1.json -serverId standalone -serviceId c64a23f195db44d6b98f23e87ca7ada1 -settings /opt/ericsson/encoding-live-worker/etc/liveTranscoder.json
ericsson  13239  357  1.0 9878688 2020768 ?     Sl   Feb27 87942:12 /opt/ericsson/encoding-live-worker/bin/liveTranscoder -file /var/opt/ericsson/encoding-live-worker/conf/283e342d3287461d800b3de7937bd685.json -serverId standalone -serviceId 283e342d3287461d800b3de7937bd685 -settings /opt/ericsson/encoding-live-worker/etc/liveTranscoder.json
root      13422  0.0  0.0      0     0 ?        S    Mar14   0:00 [kworker/36:0]
ericsson  13429  338  0.9 9050536 1902696 ?     Sl   Feb27 83107:02 /opt/ericsson/encoding-live-worker/bin/liveTranscoder -file /var/opt/ericsson/encoding-live-worker/conf/f2a68ac9b3ce4d6f8705f19aff45179b.json -serverId standalone -serviceId f2a68ac9b3ce4d6f8705f19aff45179b -settings /opt/ericsson/encoding-live-worker/etc/liveTranscoder.json
ericsson  13602  362  1.0 9247144 2092724 ?     Sl   Feb27 89149:26 /opt/ericsson/encoding-live-worker/bin/liveTranscoder -file /var/opt/ericsson/encoding-live-worker/conf/2d773fd785ef4c189f022a7007a6f81e.json -serverId standalone -serviceId 2d773fd785ef4c189f022a7007a6f81e -settings /opt/ericsson/encoding-live-worker/etc/liveTranscoder.json
ericsson  13788  334  1.0 9878684 1974944 ?     Sl   Feb27 82067:39 /opt/ericsson/encoding-live-worker/bin/liveTranscoder -file /var/opt/ericsson/encoding-live-worker/conf/392f304b1c4f4afaaafe617a6bd93368.json -serverId standalone -serviceId 392f304b1c4f4afaaafe617a6bd93368 -settings /opt/ericsson/encoding-live-worker/etc/liveTranscoder.json
root      13905  0.0  0.0      0     0 ?        S    Mar13   0:00 [kworker/54:0]
root      13996  0.0  0.0      0     0 ?        S<   Feb27   0:00 [kworker/4:1H]
root      14294  0.0  0.0      0     0 ?        S<   Feb27   0:00 [kworker/51:1H]
root      14312  0.0  0.0      0     0 ?        S<   Feb27   0:00 [kworker/94:1H]
root      14371  0.0  0.0      0     0 ?        S<   Feb27   0:00 [kworker/16:1H]
root      14605  0.0  0.0      0     0 ?        S<   Feb27   0:00 [kworker/58:1H]
root      14850  0.0  0.0      0     0 ?        S<   Feb27   0:00 [kworker/9:1H]
root      14855  0.0  0.0      0     0 ?        S    Mar13   0:00 [kworker/49:1]
root      15097  0.0  0.0      0     0 ?        S<   Feb27   0:00 [kworker/57:1H]
root      15115  0.0  0.0      0     0 ?        S<   Feb27   0:00 [kworker/22:1H]
root      15127  0.0  0.0      0     0 ?        S<   Feb27   0:00 [kworker/15:1H]
root      15225  0.0  0.0      0     0 ?        S    Mar13   0:00 [kworker/25:1]
root      15362  0.0  0.0      0     0 ?        S<   Feb27   0:00 [kworker/68:1H]
root      15624  0.0  0.0      0     0 ?        S<   Feb27   0:00 [kworker/48:1H]
root      15913  0.0  0.0      0     0 ?        S<   Feb27   0:00 [kworker/62:1H]
root      16135  0.0  0.0      0     0 ?        S<   Feb27   0:00 [kworker/54:1H]
root      16154  0.0  0.0      0     0 ?        S<   Feb27   0:00 [kworker/53:1H]
root      16397  0.0  0.0      0     0 ?        S<   Feb27   0:00 [kworker/59:1H]
root      16402  0.0  0.0      0     0 ?        S<   Feb27   0:00 [kworker/52:1H]
root      16658  0.0  0.0      0     0 ?        S<   Feb27   0:00 [kworker/76:1H]
root      16810  0.0  0.0      0     0 ?        S    Feb28   0:05 [kworker/75:2]
root      17412  0.0  0.0      0     0 ?        S<   Feb27   0:00 [kworker/28:1H]
root      17417  0.0  0.0      0     0 ?        S<   Feb27   0:00 [kworker/85:1H]
root      17661  0.0  0.0      0     0 ?        S<   Feb27   0:00 [kworker/91:1H]
root      17894  0.0  0.0      0     0 ?        S<   Feb27   0:00 [kworker/63:1H]
root      18401  0.0  0.0      0     0 ?        S<   Feb27   0:00 [kworker/64:1H]
root      18414  0.0  0.0      0     0 ?        S<   Feb27   0:00 [kworker/70:1H]
root      18611  0.0  0.0      0     0 ?        S    Mar06   0:04 [kworker/24:1]
root      19048  0.0  0.0      0     0 ?        S    Mar14   0:00 [kworker/69:2]
root      20386  0.0  0.0      0     0 ?        S<   Feb27   0:00 [kworker/66:1H]
root      21150  0.0  0.0      0     0 ?        S<   Feb27   0:00 [kworker/65:1H]
root      22150  0.0  0.0      0     0 ?        S<   Feb27   0:00 [kworker/71:1H]
root      23661  0.0  0.0      0     0 ?        S    Mar14   0:00 [kworker/12:1]
root      25014  0.0  0.0      0     0 ?        S    Mar05   0:03 [kworker/61:1]
root      26846  0.0  0.0      0     0 ?        S<   Feb27   0:00 [kworker/69:1H]
root      27695  0.0  0.0      0     0 ?        S<   Feb27   0:00 [kworker/61:1H]
root      29590  0.0  0.0      0     0 ?        S    Mar03   0:04 [kworker/49:2]
root      30182  0.0  0.0      0     0 ?        S    Mar11   0:02 [kworker/26:1]
root      31110  0.0  0.0      0     0 ?        S    Mar14   0:00 [kworker/69:1]
root      33653  0.0  0.0      0     0 ?        S    Mar14   0:00 [kworker/24:2]
root      33758  0.0  0.0      0     0 ?        S    Mar12   0:10 [kworker/27:1]
root      35139  0.0  0.0      0     0 ?        S    Feb29   0:04 [kworker/77:0]
root      36136  0.0  0.0      0     0 ?        S    Mar14   0:00 [kworker/50:0]
root      37116  0.0  0.0      0     0 ?        S    Mar14   0:01 [kworker/u641:0]
root      42138  0.0  0.0      0     0 ?        S    Mar13   0:01 [kworker/30:1]
root      46163  0.0  0.0      0     0 ?        S    Mar14   0:00 [kworker/58:0]
root      46335  0.0  0.0      0     0 ?        S    00:01   0:00 [kworker/48:2]
root      47400  0.0  0.0      0     0 ?        S    Mar12   1:03 [kworker/13:1]
root      50971  0.0  0.0      0     0 ?        S    00:20   0:00 [kworker/66:0]
root      52189  0.0  0.0      0     0 ?        S    00:25   0:00 [kworker/1:1]
root      55771  0.0  0.0      0     0 ?        S    Mar12   0:00 [kworker/78:0]
root      55846  0.0  0.0      0     0 ?        S    00:40   0:00 [kworker/5:0]
root      55979  0.0  0.0      0     0 ?        S    Mar14   0:00 [kworker/22:2]
root      61351  0.0  0.0      0     0 ?        S    Mar09   2:12 [kworker/0:2]
root      63791  0.0  0.0      0     0 ?        S    Mar09   0:02 [kworker/55:1]
root      66748  0.0  0.0      0     0 ?        S    Mar12   0:00 [kworker/76:0]
root      66883  0.0  0.0      0     0 ?        S    01:25   0:00 [kworker/16:0]
root      68123  0.0  0.0      0     0 ?        S    Mar11   0:00 [kworker/43:2]
root      69320  0.0  0.0      0     0 ?        S    01:35   0:00 [kworker/5:2]
root      72975  0.0  0.0      0     0 ?        S    01:50   0:00 [kworker/83:2]
root      74755  0.0  0.0      0     0 ?        S    Feb27   0:05 [kworker/86:2]
root      75415  0.0  0.0      0     0 ?        S    02:00   0:00 [kworker/11:2]
root      76420  0.0  0.0      0     0 ?        S    Mar06   0:02 [kworker/85:2]
root      77002  0.0  0.0      0     0 ?        S    Mar05   1:00 [kworker/83:0]
root      77075  0.0  0.0      0     0 ?        S    Feb28   0:06 [kworker/92:0]
root      77922  0.0  0.0      0     0 ?        S    02:10   0:00 [kworker/21:0]
root      79140  0.0  0.0      0     0 ?        S    02:15   0:00 [kworker/50:2]
root      79171  0.0  0.0      0     0 ?        S    Mar11   0:01 [kworker/70:0]
root      80360  0.0  0.0      0     0 ?        S    02:20   0:00 [kworker/45:1]
root      82276  0.0  0.0      0     0 ?        S    Mar08   0:00 [kworker/79:2]
root      82587  0.0  0.0      0     0 ?        S    02:30   0:00 [kworker/3:1]
root      83362  0.0  0.0      0     0 ?        S    Mar09   0:03 [kworker/36:2]
root      84056  0.0  0.0      0     0 ?        S    Mar13   0:00 [kworker/31:0]
root      86243  0.0  0.0      0     0 ?        S    02:45   0:00 [kworker/47:2]
root      86608  0.0  0.0      0     0 ?        S    Mar14   0:00 [kworker/68:0]
root      87463  0.0  0.0      0     0 ?        S    02:50   0:00 [kworker/26:2]
root      88694  0.0  0.0      0     0 ?        S    Mar13   0:01 [kworker/3:0]
root      97295  0.0  0.0      0     0 ?        S    03:30   0:00 [kworker/17:2]
root      97686  0.0  0.0      0     0 ?        S    Mar10   0:01 [kworker/91:0]
root      97837  0.0  0.0      0     0 ?        S    Mar09   0:02 [kworker/71:0]
root      98443  0.0  0.0      0     0 ?        S    Mar13   0:12 [kworker/53:1]
root      99360  0.0  0.0      0     0 ?        S    Mar09   0:01 [kworker/76:1]
root      99648  0.0  0.0      0     0 ?        S    Mar06   0:04 [kworker/25:2]
root      99874  0.0  0.0      0     0 ?        S    Mar14   0:00 [kworker/4:1]
root     104912  0.0  0.0      0     0 ?        S    04:01   0:00 [kworker/20:1]
root     108726  0.0  0.0      0     0 ?        S    Mar10   0:00 [kworker/46:2]
root     110768  0.0  0.0      0     0 ?        S    04:25   0:00 [kworker/65:2]
root     113206  0.0  0.0      0     0 ?        S    04:35   0:00 [kworker/87:2]
root     113593  0.0  0.0      0     0 ?        S    Mar10   0:01 [kworker/63:2]
root     118839  0.0  0.0      0     0 ?        S    Mar08   0:02 [kworker/52:0]
root     118939  0.0  0.0      0     0 ?        S    Mar07   0:05 [kworker/6:2]
root     119300  0.0  0.0      0     0 ?        S    05:00   0:00 [kworker/14:1]
root     119893  0.0  0.0      0     0 ?        S    Feb27   0:04 [kworker/91:2]
root     124239  0.0  0.0      0     0 ?        S    05:20   0:00 [kworker/6:0]
root     127894  0.0  0.0      0     0 ?        S    05:35   0:00 [kworker/29:2]
root     129112  0.0  0.0      0     0 ?        S    05:40   0:00 [kworker/23:2]
root     130333  0.0  0.0      0     0 ?        S    05:45   0:00 [kworker/28:0]
root     131552  0.0  0.0      0     0 ?        S    05:50   0:00 [kworker/34:2]
root     133775  0.0  0.0      0     0 ?        S    Mar07   0:05 [kworker/1:0]
root     134295  0.0  0.0      0     0 ?        S    06:01   0:00 [kworker/2:2]
root     135274  0.0  0.0      0     0 ?        S    06:05   0:00 [kworker/44:1]
root     137194  0.0  0.0      0     0 ?        S    Mar08   0:03 [kworker/95:0]
ericsson 138694  310  0.6 8939008 1372392 ?     Sl   Mar13 9118:21 /opt/ericsson/encoding-live-worker/bin/liveTranscoder -file /var/opt/ericsson/encoding-live-worker/conf/895e90f3e23e4900a5138da27d5c7ef3.json -serverId standalone -serviceId 895e90f3e23e4900a5138da27d5c7ef3 -settings /opt/ericsson/encoding-live-worker/etc/liveTranscoder.json
root     142462  0.0  0.0      0     0 ?        S    Mar12   0:01 [kworker/54:2]
root     142822  0.0  0.0      0     0 ?        S    06:35   0:00 [kworker/10:0]
root     143536  0.0  0.0      0     0 ?        S    Mar07   0:04 [kworker/31:2]
root     146260  0.0  0.0      0     0 ?        S    06:50   0:00 [kworker/55:2]
root     149578  0.0  0.0      0     0 ?        S    Mar07   0:55 [kworker/11:0]
root     149985  0.0  0.0      0     0 ?        S    07:05   0:00 [kworker/15:1]
root     153234  0.0  0.0      0     0 ?        S    Mar07   0:02 [kworker/87:0]
root     153641  0.0  0.0      0     0 ?        S    07:20   0:00 [kworker/61:2]
root     155493  0.0  0.0      0     0 ?        S    Mar03   0:04 [kworker/59:2]
root     159889  0.0  0.0      0     0 ?        S    Mar14   0:00 [kworker/7:1]
root     160895  0.0  0.0      0     0 ?        S    Mar12   0:01 [kworker/16:1]
root     160950  0.0  0.0      0     0 ?        S    07:50   0:00 [kworker/2:0]
root     163691  0.0  0.0      0     0 ?        S    08:01   0:00 [kworker/0:1]
root     164648  0.0  0.0      0     0 ?        S    08:04   0:00 [kworker/u642:2]
root     164671  0.0  0.0      0     0 ?        S    08:05   0:00 [kworker/72:2]
root     164830  0.0  0.0      0     0 ?        S    Mar14   0:00 [kworker/58:1]
root     164835  0.0  0.0      0     0 ?        S    Feb28   0:06 [kworker/94:0]
root     165892  0.0  0.0      0     0 ?        S    08:10   0:00 [kworker/8:2]
root     170764  0.0  0.0      0     0 ?        S    08:30   0:00 [kworker/70:1]
root     171114  0.0  0.0      0     0 ?        S    Mar09   0:03 [kworker/23:0]
root     172332  0.0  0.0      0     0 ?        S    Mar13   0:01 [kworker/29:0]
ericsson 172803  1.1  0.0 1095348 82540 ?       Sl   Mar13  31:32 ./uwsgi --ini /opt/ericsson/unified-ui/etc/uwsgi.ini
root     173456  0.0  0.0      0     0 ?        S    Mar10   0:02 [kworker/47:1]
root     175282  0.0  0.0      0     0 ?        S    Mar13   0:00 [kworker/92:1]
root     175398  0.0  0.0      0     0 ?        S    08:49   0:00 [kworker/u642:0]
root     175653  0.0  0.0      0     0 ?        S    08:50   0:00 [kworker/19:2]
root     176197  0.0  0.0      0     0 ?        S    Mar08   0:03 [kworker/39:1]
root     177034  0.0  0.0      0     0 ?        S    Mar14   0:00 [kworker/94:1]
root     178396  0.0  0.0      0     0 ?        S    09:01   0:00 [kworker/51:0]
root     179376  0.0  0.0      0     0 ?        S    09:05   0:00 [kworker/53:2]
root     180594  0.0  0.0      0     0 ?        S    09:10   0:00 [kworker/4:0]
root     180754  0.0  0.0      0     0 ?        S    Mar14   0:00 [kworker/40:2]
root     184251  0.0  0.0      0     0 ?        S    09:25   0:00 [kworker/12:0]
root     185469  0.0  0.0      0     0 ?        S    09:30   0:00 [kworker/21:2]
root     187498  0.0  0.0      0     0 ?        S    Mar09   0:02 [kworker/79:0]
root     189126  0.0  0.0      0     0 ?        S    09:45   0:00 [kworker/18:0]
root     189863  0.0  0.0      0     0 ?        S    09:48   0:00 [kworker/u641:2]
root     190346  0.0  0.0      0     0 ?        S    09:50   0:00 [kworker/42:0]
root     190504  0.0  0.0      0     0 ?        S    Mar14   0:00 [kworker/27:0]
root     193109  0.0  0.0      0     0 ?        S    10:01   0:00 [kworker/13:0]
root     193714  0.0  0.0      0     0 ?        S    Mar13   0:00 [kworker/90:2]
root     194327  0.0  0.0      0     0 ?        S    Mar04   0:03 [kworker/51:2]
root     195309  0.0  0.0      0     0 ?        S    10:10   0:00 [kworker/22:1]
root     197748  0.0  0.0      0     0 ?        S    10:20   0:00 [kworker/71:2]
root     198592  0.0  0.0      0     0 ?        S    Mar13   0:00 [kworker/88:0]
root     198655  0.0  0.0      0     0 ?        S    Mar06   0:05 [kworker/38:2]
root     198970  0.0  0.0      0     0 ?        S    10:25   0:00 [kworker/60:1]
root     200188  0.0  0.0      0     0 ?        S    10:30   0:00 [kworker/7:0]
root     200320  0.0  0.0      0     0 ?        S    Mar14   0:00 [kworker/40:0]
root     201032  0.0  0.0      0     0 ?        S    Mar13   0:00 [kworker/81:0]
root     201411  0.0  0.0      0     0 ?        S    10:35   0:00 [kworker/57:1]
root     202630  0.0  0.0      0     0 ?        S    10:40   0:00 [kworker/66:2]
postfix  203593  0.0  0.0  89908  4084 ?        S    10:44   0:00 pickup -l -t unix -u
root     205069  0.0  0.0      0     0 ?        S    10:50   0:00 [kworker/80:2]
root     206415  0.0  0.0      0     0 ?        S    Mar14   0:00 [kworker/64:1]
root     207808  0.0  0.0      0     0 ?        S    11:01   0:00 [kworker/59:1]
root     208905  0.0  0.0      0     0 ?        S    Feb28   0:08 [kworker/46:1]
root     209791  0.0  0.0      0     0 ?        S    11:10   0:00 [kworker/63:1]
root     210857  0.0  0.0      0     0 ?        S    Mar12   0:00 [kworker/95:1]
root     211011  0.0  0.0      0     0 ?        S    11:15   0:00 [kworker/9:0]
root     213450  0.0  0.0      0     0 ?        S    11:25   0:00 [kworker/37:2]
root     214523  0.0  0.0      0     0 ?        S    Mar13   0:00 [kworker/65:1]
apache   216600  0.0  0.0 309120  6184 ?        S    11:37   0:00 /usr/sbin/httpd -DFOREGROUND
apache   216615  0.0  0.0 309120  6092 ?        S    11:37   0:00 /usr/sbin/httpd -DFOREGROUND
apache   216620  0.0  0.0 309120  6092 ?        S    11:37   0:00 /usr/sbin/httpd -DFOREGROUND
apache   216637 11.0  0.0  89388 13252 ?        S    11:37   0:00 /opt/ericsson/python3.4/bin/python3.4 /opt/ericsson/support/reportPackageList.py
apache   216642  0.0  0.0 182184 15752 ?        SNl  11:37   0:00 /opt/ericsson/python3.4/bin/python3.4 /opt/ericsson/support/createReportPackage.py
root     216679  0.0  0.0      0     0 ?        S    11:37   0:00 [kworker/23:1]
apache   216697  0.0  0.0  51732  1752 ?        RN   11:37   0:00 /bin/ps -aux
root     219638  0.0  0.0      0     0 ?        S    Mar11   0:01 [kworker/56:1]
root     223008  0.0  0.0      0     0 ?        S    Mar07   0:04 [kworker/41:1]
root     228269  0.0  0.0      0     0 ?        S    Mar14   0:00 [kworker/68:1]
root     232751  0.0  0.0      0     0 ?        S    Mar08   0:03 [kworker/42:2]
root     232785  0.0  0.0      0     0 ?        S    Mar01   0:07 [kworker/32:2]
root     233148  0.0  0.0      0     0 ?        S    Mar14   0:00 [kworker/52:2]
root     236810  0.0  0.0      0     0 ?        S    Mar14   0:00 [kworker/39:0]
root     237115  0.0  0.0      0     0 ?        S    Mar14   0:00 [kworker/41:2]
root     238000  0.0  0.0      0     0 ?        S    Mar13   0:00 [kworker/19:1]
root     238094  0.0  0.0      0     0 ?        S    Mar14   0:00 [kworker/74:0]
root     240530  0.0  0.0      0     0 ?        S    Mar14   0:00 [kworker/32:1]
root     240558  0.0  0.0      0     0 ?        S    Mar10   0:02 [kworker/28:2]
root     241750  0.0  0.0      0     0 ?        S    Mar14   0:00 [kworker/89:1]
root     243355  0.0  0.0      0     0 ?        S    Mar13   0:00 [kworker/56:0]
root     245945  0.0  0.0      0     0 ?        S    Mar08   0:00 [kworker/77:2]
root     248627  0.0  0.0      0     0 ?        S    Mar12   0:01 [kworker/20:2]
root     249058  0.0  0.0      0     0 ?        S    Mar14   0:00 [kworker/18:1]
apache   251802  0.0  0.0 309120  6484 ?        S    Mar14   0:04 /usr/sbin/httpd -DFOREGROUND
apache   251803  0.0  0.0 309120  6412 ?        S    Mar14   0:03 /usr/sbin/httpd -DFOREGROUND
apache   251804  0.0  0.0 309120  6312 ?        S    Mar14   0:03 /usr/sbin/httpd -DFOREGROUND
apache   251806  0.0  0.0 309120  6404 ?        S    Mar14   0:04 /usr/sbin/httpd -DFOREGROUND
apache   251807  0.0  0.0 309120  6408 ?        S    Mar14   0:02 /usr/sbin/httpd -DFOREGROUND
apache   251815  0.0  0.0 309120  6392 ?        S    Mar14   0:03 /usr/sbin/httpd -DFOREGROUND
apache   252066  0.0  0.0 309120  6308 ?        S    Mar14   0:03 /usr/sbin/httpd -DFOREGROUND
root     252473  0.0  0.0      0     0 ?        S    Mar11   0:02 [kworker/17:0]
root     253507  0.0  0.0      0     0 ?        S    Mar12   0:00 [kworker/73:2]
apache   253767  0.0  0.0 309120  6312 ?        S    Mar14   0:03 /usr/sbin/httpd -DFOREGROUND
apache   253768  0.0  0.0 309120  6396 ?        S    Mar14   0:04 /usr/sbin/httpd -DFOREGROUND
apache   253770  0.0  0.0 309120  6308 ?        S    Mar14   0:03 /usr/sbin/httpd -DFOREGROUND
root     255945  0.0  0.0      0     0 ?        S    Mar12   0:00 [kworker/84:0]
root     256637  0.0  0.0      0     0 ?        S    Mar10   0:02 [kworker/33:1]
root     256811  0.0  0.0      0     0 ?        S    Mar09   0:02 [kworker/93:0]
root     260086  0.0  0.0      0     0 ?        S    Feb29   1:30 [kworker/73:0]
root     260094  0.0  0.0      0     0 ?        S    Mar11   0:02 [kworker/9:1]
root     260462  0.0  0.0      0     0 ?        S    Mar11   0:02 [kworker/34:0]
root     261342  0.0  0.0      0     0 ?        S    Mar14   0:00 [kworker/35:2]
root     265411  0.0  0.0      0     0 ?        S    Mar09   0:04 [kworker/57:2]
root     273607  0.0  0.0      0     0 ?        S    Mar14   0:00 [kworker/45:2]
root     275002  0.0  0.0      0     0 ?        S    Mar10   0:00 [kworker/93:1]
root     277364  0.0  0.0      0     0 ?        S    Mar13   0:00 [kworker/82:2]
root     279259  0.0  0.0      0     0 ?        S    Mar12   0:00 [kworker/60:0]
root     284333  0.0  0.0      0     0 ?        S    Mar12   0:01 [kworker/44:2]
root     287801  0.0  0.0      0     0 ?        S    Mar12   0:00 [kworker/80:1]
root     290301  0.0  0.0      0     0 ?        S    Mar12   0:00 [kworker/86:0]
root     294154  0.0  0.0      0     0 ?        S    Mar05   1:58 [kworker/89:0]
root     295410  0.0  0.0      0     0 ?        S    Mar14   0:00 [kworker/33:0]
root     295655  0.0  0.0      0     0 ?        S    Mar10   0:00 [kworker/75:1]
root     300355  0.0  0.0      0     0 ?        S    Mar14   0:00 [kworker/62:0]
root     302787  0.0  0.0      0     0 ?        S    Mar14   0:00 [kworker/30:2]
root     305317  0.0  0.0      0     0 ?        S    Mar11   0:02 [kworker/10:1]
root     310407  0.0  0.0      0     0 ?        S    Mar14   0:00 [kworker/14:2]
root     311282  0.0  0.0      0     0 ?        S    Mar05   0:05 [kworker/35:1]
root     313332  0.0  0.0      0     0 ?        S    Mar13   0:00 [kworker/67:1]
root     313831  0.0  0.0      0     0 ?        S    Mar14   0:00 [kworker/38:0]
root     317979  0.0  0.0      0     0 ?        S    Mar08   0:02 [kworker/64:0]
root     327423  0.0  0.0      0     0 ?        S    Mar13   0:00 [kworker/85:1]
