  UNIT                                                                                       LOAD   ACTIVE SUB       DESCRIPTION
  proc-sys-fs-binfmt_misc.automount                                                          loaded active running   Arbitrary Executable File Formats File System Automount Point
  sys-devices-pci0000:00-0000:00:17.0-ata7-host6-target6:0:0-6:0:0:0-block-sda-sda1.device   loaded active plugged   INTEL_SSDSC2KB240G8 1
  sys-devices-pci0000:00-0000:00:17.0-ata7-host6-target6:0:0-6:0:0:0-block-sda-sda2.device   loaded active plugged   INTEL_SSDSC2KB240G8 2
  sys-devices-pci0000:00-0000:00:17.0-ata7-host6-target6:0:0-6:0:0:0-block-sda-sda3.device   loaded active plugged   INTEL_SSDSC2KB240G8 3
  sys-devices-pci0000:00-0000:00:17.0-ata7-host6-target6:0:0-6:0:0:0-block-sda.device        loaded active plugged   INTEL_SSDSC2KB240G8
  sys-devices-pci0000:3a-0000:3a:00.0-0000:3b:00.0-0000:3c:03.0-0000:3d:00.0-net-eth0.device loaded active plugged   Ethernet Connection X722 for 10GBASE-T
  sys-devices-pci0000:3a-0000:3a:00.0-0000:3b:00.0-0000:3c:03.0-0000:3d:00.1-net-eth1.device loaded active plugged   Ethernet Connection X722 for 10GBASE-T
  sys-devices-pci0000:3a-0000:3a:00.0-0000:3b:00.0-0000:3c:03.0-0000:3d:00.2-net-eth7.device loaded active plugged   Ethernet Connection X722 for 10GBASE-T
  sys-devices-pci0000:3a-0000:3a:00.0-0000:3b:00.0-0000:3c:03.0-0000:3d:00.3-net-eth6.device loaded active plugged   Ethernet Connection X722 for 10GBASE-T
  sys-devices-pci0000:ae-0000:ae:00.0-0000:af:00.0-net-eth5.device                           loaded active plugged   I350 Gigabit Network Connection
  sys-devices-pci0000:ae-0000:ae:00.0-0000:af:00.1-net-eth4.device                           loaded active plugged   I350 Gigabit Network Connection
  sys-devices-pci0000:ae-0000:ae:00.0-0000:af:00.2-net-eth3.device                           loaded active plugged   I350 Gigabit Network Connection
  sys-devices-pci0000:ae-0000:ae:00.0-0000:af:00.3-net-eth2.device                           loaded active plugged   I350 Gigabit Network Connection
  sys-devices-platform-serial8250-tty-ttyS2.device                                           loaded active plugged   /sys/devices/platform/serial8250/tty/ttyS2
  sys-devices-platform-serial8250-tty-ttyS3.device                                           loaded active plugged   /sys/devices/platform/serial8250/tty/ttyS3
  sys-devices-pnp0-00:02-tty-ttyS0.device                                                    loaded active plugged   /sys/devices/pnp0/00:02/tty/ttyS0
  sys-devices-pnp0-00:03-tty-ttyS1.device                                                    loaded active plugged   /sys/devices/pnp0/00:03/tty/ttyS1
  sys-devices-virtual-block-dm\x2d0.device                                                   loaded active plugged   /sys/devices/virtual/block/dm-0
  sys-devices-virtual-block-dm\x2d1.device                                                   loaded active plugged   /sys/devices/virtual/block/dm-1
  sys-devices-virtual-block-dm\x2d2.device                                                   loaded active plugged   /sys/devices/virtual/block/dm-2
  sys-module-configfs.device                                                                 loaded active plugged   /sys/module/configfs
  sys-subsystem-net-devices-eth0.device                                                      loaded active plugged   Ethernet Connection X722 for 10GBASE-T
  sys-subsystem-net-devices-eth1.device                                                      loaded active plugged   Ethernet Connection X722 for 10GBASE-T
  sys-subsystem-net-devices-eth2.device                                                      loaded active plugged   I350 Gigabit Network Connection
  sys-subsystem-net-devices-eth3.device                                                      loaded active plugged   I350 Gigabit Network Connection
  sys-subsystem-net-devices-eth4.device                                                      loaded active plugged   I350 Gigabit Network Connection
  sys-subsystem-net-devices-eth5.device                                                      loaded active plugged   I350 Gigabit Network Connection
  sys-subsystem-net-devices-eth6.device                                                      loaded active plugged   Ethernet Connection X722 for 10GBASE-T
  sys-subsystem-net-devices-eth7.device                                                      loaded active plugged   Ethernet Connection X722 for 10GBASE-T
  -.mount                                                                                    loaded active mounted   /
  boot.mount                                                                                 loaded active mounted   /boot
  dev-hugepages.mount                                                                        loaded active mounted   Huge Pages File System
  dev-mqueue.mount                                                                           loaded active mounted   POSIX Message Queue File System
  opt.mount                                                                                  loaded active mounted   /opt
  proc-sys-fs-binfmt_misc.mount                                                              loaded active mounted   Arbitrary Executable File Formats File System
  sys-kernel-config.mount                                                                    loaded active mounted   Configuration File System
  sys-kernel-debug.mount                                                                     loaded active mounted   Debug File System
  var.mount                                                                                  loaded active mounted   /var
  systemd-ask-password-plymouth.path                                                         loaded active waiting   Forward Password Requests to Plymouth Directory Watch
  systemd-ask-password-wall.path                                                             loaded active waiting   Forward Password Requests to Wall Directory Watch
  atd.service                                                                                loaded active running   Job spooling tools
  auditd.service                                                                             loaded active running   Security Auditing Service
  crond.service                                                                              loaded active running   Command Scheduler
  dbus.service                                                                               loaded active running   D-Bus System Message Bus
  ericsson-alarm-api.service                                                                 loaded active running   ericsson-alarm
  ericsson-alarm-collector.service                                                           loaded active running   ericsson-alarm
  ericsson-alarm-daemon.service                                                              loaded active running   ericsson-alarm
  ericsson-alarm-legacy-collector.service                                                    loaded active running   ericsson-alarm
  ericsson-alarm-legacy-daemon.service                                                       loaded active running   ericsson-alarm
  ericsson-alarm-proxy-redis.service                                                         loaded active running   Redis persistent key-value database
  ericsson-alarm-proxy.service                                                               loaded active running   ericsson-alarm-proxy
  ericsson-automation-config.service                                                         loaded active running   ericsson-automation-config
  ericsson-automation-proxy-primary.service                                                  loaded active running   ericsson-automation-proxy-primary
  ericsson-automation-proxy-secondary.service                                                loaded active running   ericsson-automation-proxy-secondary
  ericsson-command-api.service                                                               loaded active running   ericsson-command-api
  ericsson-command-redis.service                                                             loaded active running   Redis persistent key-value database
  ericsson-controller-config.service                                                         loaded active running   ericsson-controller-config
  ericsson-controller-mapserverid.service                                                    loaded active running   mapserverid
  ericsson-encoding-live-config.service                                                      loaded active running   ericsson-encoding-live-config
  ericsson-encoding-live-ui-connector.service                                                loaded active running   ericsson-encoding-live-ui-connector
  ericsson-encoding-live-worker.service                                                      loaded active running   ericsson-encoding-live-worker
  ericsson-esam-proxy.service                                                                loaded active running   ericsson-esam-proxy
  ericsson-failover-api-celery.service                                                       loaded active running   ericsson-failover-api-celery
  ericsson-failover-api.service                                                              loaded active running   ericsson-failover-api
  ericsson-failover-daemon.service                                                           loaded active running   ericsson-failover-daemon
  ericsson-flow.service                                                                      loaded active running   mediakind-flow
  ericsson-interface-discovery.service                                                       loaded active running   ericsson-interface-discovery
  ericsson-license-api.service                                                               loaded active running   ericsson-license-api
  ericsson-license-server.service                                                            loaded active running   lserv
  ericsson-nmos-sidecar.service                                                              loaded active running   mediakind-nmos-sidecar
  ericsson-server-api.service                                                                loaded active running   envivio-server-api
  ericsson-server-daemon.service                                                             loaded active running   envivio-server-daemon
  ericsson-server-monitor.service                                                            loaded active running   ericsson-server-monitor
  ericsson-service-api.service                                                               loaded active running   envivio-service-api
  ericsson-service-monitor.service                                                           loaded active running   envivio-service-monitor
  ericsson-snmp-notification.service                                                         loaded active running   ericsson-snmp-notification
  ericsson-snmp.service                                                                      loaded active running   ericsson-snmp
  ericsson-statistic-api.service                                                             loaded active running   ericsson-statistic-api
  ericsson-statistic-redis.service                                                           loaded active running   Redis persistent key-value database
  ericsson-template-api.service                                                              loaded active running   envivio-template-api
  ericsson-unified-ui-celery.service                                                         loaded active running   ericsson-unified-ui-celery
  ericsson-unified-ui-celerybeat.service                                                     loaded active running   ericsson-unified-ui-celerybeat
  ericsson-unified-ui-daphne.service                                                         loaded active running   ericsson-unified-ui-daphne webserver
  ericsson-unified-ui-ws.service                                                             loaded active running   ericsson-unified-ui-ws
  ericsson-unified-ui.service                                                                loaded active running   ericsson-unified-ui
  etcd.service                                                                               loaded active running   Etcd Server
  firewalld.service                                                                          loaded active running   firewalld - dynamic firewall daemon
  firmware-on-shutdown.service                                                               loaded active exited    Dektec Firmware Variant Check On Shutdown
  firmware-upgrade.service                                                                   loaded active exited    Dektec Firmware Upgrade
  getty@tty1.service                                                                         loaded active running   Getty on tty1
  httpd.service                                                                              loaded active running   The Apache HTTP Server
  ipmi.service                                                                               loaded active exited    IPMI Driver
  kdump.service                                                                              loaded active exited    Crash recovery kernel arming
  kmod-static-nodes.service                                                                  loaded active exited    Create list of required static device nodes for the current kernel
  lm_sensors.service                                                                         loaded active exited    Initialize hardware monitoring sensors
  lvm2-lvmetad.service                                                                       loaded active running   LVM2 metadata daemon
  lvm2-monitor.service                                                                       loaded active exited    Monitoring of LVM2 mirrors, snapshots etc. using dmeventd or progress polling
  lvm2-pvscan@8:2.service                                                                    loaded active exited    LVM2 PV scan on device 8:2
  mediakind-internal-pois-resiliency.service                                                 loaded active running   mediakind-internal-pois-resiliency
  mediakind-live-sources-config.service                                                      loaded active running   mediakind-live-sources-config
  mongod.service                                                                             loaded active running   MongoDB Database Server
● network.service                                                                            loaded failed failed    LSB: Bring up/down networking
  NetworkManager-wait-online.service                                                         loaded active exited    Network Manager Wait Online
  NetworkManager.service                                                                     loaded active running   Network Manager
  ntpd.service                                                                               loaded active running   Network Time Service
  openibd.service                                                                            loaded active exited    openibd - configure Mellanox devices
  polkit.service                                                                             loaded active running   Authorization Manager
  postfix.service                                                                            loaded active running   Postfix Mail Transport Agent
  rabbitmq-server.service                                                                    loaded active running   RabbitMQ broker
  rc-local.service                                                                           loaded active exited    /etc/rc.d/rc.local Compatibility
  rhel-dmesg.service                                                                         loaded active exited    Dump dmesg to /var/log/dmesg
  rhel-domainname.service                                                                    loaded active exited    Read and set NIS domainname from /etc/sysconfig/network
  rhel-import-state.service                                                                  loaded active exited    Import network configuration from initramfs
  rhel-readonly.service                                                                      loaded active exited    Configure read-only root support
  rsyslog.service                                                                            loaded active running   System Logging Service
  snmpd.service                                                                              loaded active running   Simple Network Management Protocol (SNMP) Daemon.
  snmptrapd.service                                                                          loaded active running   Simple Network Management Protocol (SNMP) Trap Daemon.
  sshd.service                                                                               loaded active running   OpenSSH server daemon
  systemd-fsck-root.service                                                                  loaded active exited    File System Check on Root Device
  systemd-fsck@dev-disk-by\x2duuid-53c75ede\x2d1244\x2d4292\x2db29d\x2d4ecdadee9173.service  loaded active exited    File System Check on /dev/disk/by-uuid/53c75ede-1244-4292-b29d-4ecdadee9173
  systemd-fsck@dev-mapper-vg_main\x2dlv_opt.service                                          loaded active exited    File System Check on /dev/mapper/vg_main-lv_opt
  systemd-fsck@dev-mapper-vg_main\x2dlv_var.service                                          loaded active exited    File System Check on /dev/mapper/vg_main-lv_var
  systemd-journal-flush.service                                                              loaded active exited    Flush Journal to Persistent Storage
  systemd-journald.service                                                                   loaded active running   Journal Service
  systemd-logind.service                                                                     loaded active running   Login Service
  systemd-modules-load.service                                                               loaded active exited    Load Kernel Modules
  systemd-random-seed.service                                                                loaded active exited    Load/Save Random Seed
  systemd-readahead-collect.service                                                          loaded active exited    Collect Read-Ahead Data
  systemd-readahead-replay.service                                                           loaded active exited    Replay Read-Ahead Data
  systemd-remount-fs.service                                                                 loaded active exited    Remount Root and Kernel File Systems
  systemd-sysctl.service                                                                     loaded active exited    Apply Kernel Variables
  systemd-tmpfiles-setup-dev.service                                                         loaded active exited    Create Static Device Nodes in /dev
  systemd-tmpfiles-setup.service                                                             loaded active exited    Create Volatile Files and Directories
  systemd-udev-trigger.service                                                               loaded active exited    udev Coldplug all Devices
  systemd-udevd.service                                                                      loaded active running   udev Kernel Device Manager
  systemd-update-utmp.service                                                                loaded active exited    Update UTMP about System Boot/Shutdown
  systemd-user-sessions.service                                                              loaded active exited    Permit User Sessions
  systemd-vconsole-setup.service                                                             loaded active exited    Setup Virtual Console
  tuned.service                                                                              loaded active running   Dynamic System Tuning Daemon
  vma.service                                                                                loaded active running   VMA Daemon. Version: 9.2.2-1
  -.slice                                                                                    loaded active active    Root Slice
  system-getty.slice                                                                         loaded active active    system-getty.slice
  system-lvm2\x2dpvscan.slice                                                                loaded active active    system-lvm2\x2dpvscan.slice
  system-selinux\x2dpolicy\x2dmigrate\x2dlocal\x2dchanges.slice                              loaded active active    system-selinux\x2dpolicy\x2dmigrate\x2dlocal\x2dchanges.slice
  system-systemd\x2dfsck.slice                                                               loaded active active    system-systemd\x2dfsck.slice
  system.slice                                                                               loaded active active    System Slice
  user.slice                                                                                 loaded active active    User and Session Slice
  dbus.socket                                                                                loaded active running   D-Bus System Message Bus Socket
  dm-event.socket                                                                            loaded active listening Device-mapper event daemon FIFOs
  lvm2-lvmetad.socket                                                                        loaded active running   LVM2 metadata daemon socket
  lvm2-lvmpolld.socket                                                                       loaded active listening LVM2 poll daemon socket
  systemd-initctl.socket                                                                     loaded active listening /dev/initctl Compatibility Named Pipe
  systemd-journald.socket                                                                    loaded active running   Journal Socket
  systemd-shutdownd.socket                                                                   loaded active listening Delayed Shutdown Socket
  systemd-udevd-control.socket                                                               loaded active running   udev Control Socket
  systemd-udevd-kernel.socket                                                                loaded active running   udev Kernel Socket
  basic.target                                                                               loaded active active    Basic System
  cryptsetup.target                                                                          loaded active active    Local Encrypted Volumes
  getty.target                                                                               loaded active active    Login Prompts
  local-fs-pre.target                                                                        loaded active active    Local File Systems (Pre)
  local-fs.target                                                                            loaded active active    Local File Systems
  multi-user.target                                                                          loaded active active    Multi-User System
  network-online.target                                                                      loaded active active    Network is Online
  network-pre.target                                                                         loaded active active    Network (Pre)
  network.target                                                                             loaded active active    Network
  paths.target                                                                               loaded active active    Paths
  remote-fs.target                                                                           loaded active active    Remote File Systems
  slices.target                                                                              loaded active active    Slices
  sockets.target                                                                             loaded active active    Sockets
  swap.target                                                                                loaded active active    Swap
  sysinit.target                                                                             loaded active active    System Initialization
  timers.target                                                                              loaded active active    Timers
  systemd-readahead-done.timer                                                               loaded active elapsed   Stop Read-Ahead Data Collection 10s After Completed Startup
  systemd-tmpfiles-clean.timer                                                               loaded active waiting   Daily Cleanup of Temporary Directories

LOAD   = Reflects whether the unit definition was properly loaded.
ACTIVE = The high-level unit activation state, i.e. generalization of SUB.
SUB    = The low-level unit activation state, values depend on unit type.

174 loaded units listed. Pass --all to see loaded but inactive units, too.
To show all installed unit files use 'systemctl list-unit-files'.
