{"log_msg":"# Startup Sentinel RMS License Manager v9.7.2.0006 Thu Dec 14 10:09:27 2023  1702548567 mksp1 0 6 v2.0 1010410"}
{"log_msg":"# Startup Sentinel RMS License Manager v9.7.2.0006 Tue Jan 02 08:59:03 2024  1704185943 mksp1 0 6 v2.0 378841"}
{"log_msg":"2 1 MTkxMjM= Thu Jan 04 04:47:41 2024  1704343661 FAT1023975/1 v 14 15 0 daemon mksp1 9.7.2.0006 15 - - - - - - 0 - - - D98A116202F340208ED0A4DE7377DFDC MA== 520227 ODk5MDcw"}
{"log_msg":"2 1 MTkxMjM= Thu Jan 04 04:50:28 2024  1704343828 FAT1023975/1 v 17 15 0 daemon mksp2 9.7.2.0006 15 - - - - - - 0 - - - AD4035EABE934DCEA9A630DDD3CE5F91 MQ== 579125 MTA5OTM1NA=="}
{"log_msg":"2 1 MTkxMjM= Thu Jan 04 04:52:58 2024  1704343978 FAT1023975/1 v 18 15 0 daemon mksp1 9.7.2.0006 15 - - - - - - 0 - - - D98A116202F340208ED0A4DE7377DFDC Mg== 406376 OTg1NTAz"}
{"log_msg":"2 1 MTkxMjM= Thu Jan 04 04:52:58 2024  1704343978 FAT1023975/1 v 2 0 317 daemon mksp2 9.7.2.0006 15 - - - - - - 0 - - - AD4035EABE934DCEA9A630DDD3CE5F91 Mw== 986392 MTM5Mjc3MA=="}
{"log_msg":"# Startup Sentinel RMS License Manager v9.7.2.0006 Thu Jan 11 14:13:32 2024  1704982412 mksp1 0 7 v2.0 144598"}
{"log_msg":"# Startup Sentinel RMS License Manager v9.7.2.0006 Fri Jan 12 14:08:13 2024  1705068493 mksp1 0 7 v2.0 420834"}
{"log_msg":"2 1 MTkxMjM= Mon Jan 22 05:43:24 2024  1705902204 FAT1023975/1 v 0 15 0 daemon mksp1 9.7.2.0006 15 - - - - - - 0 - - - 96A5120A41A448D8B220C5F5503B14C1 MA== 1234779 MTY1NTYxNQ=="}
{"log_msg":"2 1 MTkxMjM= Mon Jan 22 07:31:48 2024  1705908708 FAT1023975/1 v 2 0 6504 daemon mksp1 9.7.2.0006 15 - - - - - - 0 - - - 96A5120A41A448D8B220C5F5503B14C1 MQ== 991720 MjIyNjUwMQ=="}
{"log_msg":"2 1 MTkxMjM= Mon Jan 22 07:33:25 2024  1705908805 FAT1023975/1 v 0 15 0 daemon mksp1 9.7.2.0006 15 - - - - - - 0 - - - BFF0E014BF654955919B5A2375DF2388 Mg== 1296292 MjI4ODAxNA=="}
{"log_msg":"2 1 MTkxMjM= Mon Jan 22 07:34:10 2024  1705908850 FAT1023975/1 v 2 0 45 daemon mksp1 9.7.2.0006 15 - - - - - - 0 - - - BFF0E014BF654955919B5A2375DF2388 Mw== 571872 MTg2ODE2Ng=="}
{"log_msg":"2 1 MTkxMjM= Mon Jan 22 07:35:22 2024  1705908922 FAT1023975/1 v 0 15 0 daemon mksp1 9.7.2.0006 15 - - - - - - 0 - - - 3807842D3D8C4FD2BBC2AC758CB7E445 NA== 2053198 MjYyNTA3Mg=="}
{"log_msg":"2 1 MTkxMjM= Mon Jan 22 07:56:55 2024  1705910215 FAT1023975/1 v 2 0 1293 daemon mksp1 9.7.2.0006 15 - - - - - - 0 - - - 3807842D3D8C4FD2BBC2AC758CB7E445 NQ== 924257 Mjk3NzQ1Nw=="}
{"log_msg":"2 1 MTkxMjM= Mon Jan 22 11:52:20 2024  1705924340 FAT1023975/1 v 0 15 0 daemon mksp1 9.7.2.0006 15 - - - - - - 0 - - - 5594D1E399F444B483F06CF9D3A2CF57 Ng== 611558 MTUzNTgxNw=="}
{"log_msg":"# Startup Sentinel RMS License Manager v9.7.2.0006 Tue Jan 23 04:29:03 2024  1705984143 mksp1 0 7 v2.0 66814"}
{"log_msg":"2 1 MTkxMjM= Tue Jan 23 04:29:45 2024  1705984185 FAT1023975/1 v 0 15 0 daemon mksp1 9.7.2.0006 15 - - - - - - 0 - - - CAAB7E3F7BFD430EB11B555939F9D8D1 MA== 316272 MzgzMDg4"}
{"log_msg":"# Startup Sentinel RMS License Manager v9.7.2.0006 Thu Jan 25 13:22:13 2024  1706188933 mksp1 0 7 v2.0 604274"}
{"log_msg":"2 1 MTkxMjM= Thu Jan 25 13:23:04 2024  1706188984 FAT1023975/1 v 0 15 0 daemon mksp1 9.7.2.0006 15 - - - - - - 0 - - - 343F2E57E9F4477F8C0E018B370E1D79 MA== 1505125 MjEwOTQwMQ=="}
{"log_msg":"# Startup Sentinel RMS License Manager v9.7.2.0006 Tue Jan 30 10:39:32 2024  1706611172 mksp1 0 6 v2.0 245638"}
{"log_msg":"2 1 MTkxMjM= Tue Jan 30 10:40:20 2024  1706611220 FAT1023975/1 v 0 15 0 daemon mksp1 9.7.2.0006 15 - - - - - - 0 - - - 913C08F32F614624A1241C4FA4EA6315 MA== 349736 NTk1Mzc2"}
{"log_msg":"2 1 MTkxMjM= Thu Feb 01 19:10:41 2024  1706813935 FAT1023975/1 v 11 0 202715 daemon mksp1 9.7.2.0006 15 - - - - - - 0 - - - 913C08F32F614624A1241C4FA4EA6315 MQ== 731764 MTA4MTUwMg=="}
{"log_msg":"2 1 MTkxMjM= Thu Feb 01 19:10:50 2024  1706814650 FAT1023975/1 v 14 15 0 daemon mksp1 9.7.2.0006 15 - - - - - - 0 - - - 913C08F32F614624A1241C4FA4EA6315 Mg== 731012 MTQ2Mjc3OA=="}
{"log_msg":"2 1 MTkxMjM= Thu Feb 01 19:18:09 2024  1706815088 FAT1023975/1 v 11 0 438 daemon mksp1 9.7.2.0006 15 - - - - - - 0 - - - 913C08F32F614624A1241C4FA4EA6315 Mw== 391419 MTEyMjQzMw=="}
{"log_msg":"2 1 MTkxMjM= Thu Feb 01 19:18:34 2024  1706815114 FAT1023975/1 v 14 15 0 daemon mksp1 9.7.2.0006 15 - - - - - - 0 - - - 913C08F32F614624A1241C4FA4EA6315 NA== 682049 MTA3MzQ3MA=="}
{"log_msg":"# Startup Sentinel RMS License Manager v9.7.2.0006 Thu Feb 01 20:59:16 2024  1706821156 mksp1 0 7 v2.0 115930"}
{"log_msg":"2 1 MTkxMjM= Thu Feb 01 20:59:58 2024  1706821198 FAT1023975/1 v 0 15 0 daemon mksp1 9.7.2.0006 15 - - - - - - 0 - - - 46F1F5474EB145BDAAD98AC75E3D1B23 MA== 95754 MjExNjg2"}
{"log_msg":"2 1 MTkxMjM= Fri Feb 02 08:18:40 2024  1706861920 FAT1023975/1 v 2 0 40722 daemon mksp1 9.7.2.0006 15 - - - - - - 0 - - - 46F1F5474EB145BDAAD98AC75E3D1B23 MQ== 695098 NzkwODU0"}
{"log_msg":"2 1 MTkxMjM= Mon Feb 05 05:23:43 2024  1707110623 FAT1023975/1 v 0 15 0 daemon mksp1 9.7.2.0006 15 - - - - - - 0 - - - C985A16977D14BC9862676091EFBD084 Mg== 312781 MTAwNzg4MQ=="}
{"log_msg":"# Startup Sentinel RMS License Manager v9.7.2.0006 Tue Feb 06 08:36:03 2024  1707208563 mksp1 0 7 v2.0 405071"}
{"log_msg":"2 1 MTkxMjM= Tue Feb 06 08:37:06 2024  1707208626 FAT1023975/1 v 0 15 0 daemon mksp1 9.7.2.0006 15 - - - - - - 0 - - - EDC638C389AB4E39A94333D4BD6CEA41 MA== 257956 NjYzMDI5"}
{"log_msg":"# Startup Sentinel RMS License Manager v9.7.2.0006 Tue Feb 06 13:28:24 2024  1707226104 mksp1 0 6 v2.0 149102"}
{"log_msg":"2 1 MTkxMjM= Tue Feb 06 13:29:18 2024  1707226158 FAT1023975/1 v 0 15 0 daemon mksp1 9.7.2.0006 15 - - - - - - 0 - - - 393F1C4E4886440DAD444C8453427637 MA== 760710 OTA5ODE0"}
