false","pri":"INFO"}
{"time":"2024-02-06T08:36:51.000Z","host":"mksp1","pname":"server-daemon","msg":"updating processing_types in section register with value None","pri":"INFO"}
{"time":"2024-02-06T08:36:51.000Z","host":"mksp1","pname":"server-daemon","msg":"updating support_package_url in section register with value None","pri":"INFO"}
{"time":"2024-02-06T08:36:51.000Z","host":"mksp1","pname":"server-daemon","msg":"updating server_api_url in section register with value http://serverapi.docker:8001/api/servers","pri":"INFO"}
{"time":"2024-02-06T08:36:51.000Z","host":"mksp1","pname":"server-daemon","msg":"updating username in section database with value MediaKind","pri":"INFO"}
{"time":"2024-02-06T08:36:51.000Z","host":"mksp1","pname":"server-daemon","msg":"updating password in section database with value Med/aK1nd","pri":"INFO"}
{"time":"2024-02-06T08:36:51.000Z","host":"mksp1","pname":"server-daemon","msg":"updating ready_file_path in section general with value /var/run/ericsson/server-daemon/ready","pri":"INFO"}
{"time":"2024-02-06T08:36:56.607Z","msg":"Configuration: {'database': {'host': 'localhost', 'name': 'envivioCluster', 'port': '27017', 'url': 'mongodb://10.69.8.31:27017,10.69.8.32:27017/envivioCluster?replicaSet=repldb'}, 'features': {'heartbeat': 'True', 'ip_address': 'True', 'readiness': 'True', 'register_on_startup': 'False', 'software': 'False', 'statistics': 'True', 'system': 'True'}, 'general': {'identifier': 'mksp1', 'ip_address': '10.69.8.31', 'ready_file_path': '/var/run/ericsson/server-daemon/ready', 'software': '/opt/ericsson/server-daemon/etc/software.json'}, 'register': {'api_timeout': '5', 'can_be_deleted': 'true', 'can_be_rebooted': 'false', 'hide_server': 'false', 'http_timeout': '5', 'processing_types': 'None', 'retries': '600', 'server_api_url': 'http://serverapi.docker:8001/api/servers', 'server_timeout': '10', 'support_package_url': 'None'}, 'statistics_config': {'psu_i2c_sensor1': 'auto,0x5b,0x79', 'psu_i2c_sensor1_chip_scan': '0x2d,0x0E,0xC5', 'psu_i2c_sensor2': 'auto,0x59,0x79', 'psu_i2c_sensor2_chip_scan': '0x2d,0x0E,0xC5', 'psu_strategy': ''}, 'time': {'interval': '5', 'interval.heartbeat': '3', 'interval.ip_address': '60', 'interval.readiness': '5', 'interval.software': '60', 'interval.statistics': '60', 'interval.system': '60'}}","pid":1,"tid":140418853228800,"pri":"INFO","tname":"MainThread","subsys":"envivio.server.daemon.app","host":"mksp1","pname":"server-daemon","file":{"name":"app.py","line":252}}
{"time":"2024-02-06T08:36:56.686Z","msg":"Call to initialize()","pid":1,"tid":140418853228800,"pri":"INFO","tname":"MainThread","subsys":"envivio.server.daemon.app","host":"mksp1","pname":"server-daemon","file":{"name":"app.py","line":198}}
{"time":"2024-02-06T08:36:56.781Z","msg":"Called get_or_create_server_info for server_id=mksp1","pid":1,"tid":140418853228800,"pri":"INFO","tname":"MainThread","subsys":"envivio.server.daemon.app","host":"mksp1","pname":"server-daemon","file":{"name":"app.py","line":188}}
{"time":"2024-02-06T08:36:56.909Z","msg":"Adding job tentatively -- it will be properly scheduled when the scheduler starts","pid":1,"tid":140418853228800,"pri":"INFO","tname":"MainThread","subsys":"apscheduler.scheduler","host":"mksp1","pname":"server-daemon","file":{"name":"base.py","line":444}}
{"time":"2024-02-06T08:36:56.982Z","msg":"Adding job tentatively -- it will be properly scheduled when the scheduler starts","pid":1,"tid":140418853228800,"pri":"INFO","tname":"MainThread","subsys":"apscheduler.scheduler","host":"mksp1","pname":"server-daemon","file":{"name":"base.py","line":444}}
{"time":"2024-02-06T08:36:56.983Z","msg":"Adding job tentatively -- it will be properly scheduled when the scheduler starts","pid":1,"tid":140418853228800,"pri":"INFO","tname":"MainThread","subsys":"apscheduler.scheduler","host":"mksp1","pname":"server-daemon","file":{"name":"base.py","line":444}}
{"time":"2024-02-06T08:36:56.983Z","msg":"Adding job tentatively -- it will be properly scheduled when the scheduler starts","pid":1,"tid":140418853228800,"pri":"INFO","tname":"MainThread","subsys":"apscheduler.scheduler","host":"mksp1","pname":"server-daemon","file":{"name":"base.py","line":444}}
{"time":"2024-02-06T08:36:56.983Z","msg":"Adding job tentatively -- it will be properly scheduled when the scheduler starts","pid":1,"tid":140418853228800,"pri":"INFO","tname":"MainThread","subsys":"apscheduler.scheduler","host":"mksp1","pname":"server-daemon","file":{"name":"base.py","line":444}}
{"time":"2024-02-06T08:36:56.983Z","msg":"Adding job tentatively -- it will be properly scheduled when the scheduler starts","pid":1,"tid":140418853228800,"pri":"INFO","tname":"MainThread","subsys":"apscheduler.scheduler","host":"mksp1","pname":"server-daemon","file":{"name":"base.py","line":444}}
{"time":"2024-02-06T08:36:56.984Z","msg":"Adding job tentatively -- it will be properly scheduled when the scheduler starts","pid":1,"tid":140418853228800,"pri":"INFO","tname":"MainThread","subsys":"apscheduler.scheduler","host":"mksp1","pname":"server-daemon","file":{"name":"base.py","line":444}}
{"time":"2024-02-06T08:36:56.984Z","msg":"Adding job tentatively -- it will be properly scheduled when the scheduler starts","pid":1,"tid":140418853228800,"pri":"INFO","tname":"MainThread","subsys":"apscheduler.scheduler","host":"mksp1","pname":"server-daemon","file":{"name":"base.py","line":444}}
{"time":"2024-02-06T08:36:56.986Z","msg":"Added job \"heartbeat\" to job store \"default\"","pid":1,"tid":140418853228800,"pri":"INFO","tname":"MainThread","subsys":"apscheduler.scheduler","host":"mksp1","pname":"server-daemon","file":{"name":"base.py","line":885}}
{"time":"2024-02-06T08:36:56.986Z","msg":"Added job \"ip_address\" to job store \"default\"","pid":1,"tid":140418853228800,"pri":"INFO","tname":"MainThread","subsys":"apscheduler.scheduler","host":"mksp1","pname":"server-daemon","file":{"name":"base.py","line":885}}
{"time":"2024-02-06T08:36:56.986Z","msg":"Added job \"ip_address\" to job store \"default\"","pid":1,"tid":140418853228800,"pri":"INFO","tname":"MainThread","subsys":"apscheduler.scheduler","host":"mksp1","pname":"server-daemon","file":{"name":"base.py","line":885}}
{"time":"2024-02-06T08:36:56.986Z","msg":"Added job \"system\" to job store \"default\"","pid":1,"tid":140418853228800,"pri":"INFO","tname":"MainThread","subsys":"apscheduler.scheduler","host":"mksp1","pname":"server-daemon","file":{"name":"base.py","line":885}}
{"time":"2024-02-06T08:36:56.986Z","msg":"Added job \"statistics\" to job store \"default\"","pid":1,"tid":140418853228800,"pri":"INFO","tname":"MainThread","subsys":"apscheduler.scheduler","host":"mksp1","pname":"server-daemon","file":{"name":"base.py","line":885}}
{"time":"2024-02-06T08:36:56.987Z","msg":"Added job \"statistics\" to job store \"default\"","pid":1,"tid":140418853228800,"pri":"INFO","tname":"MainThread","subsys":"apscheduler.scheduler","host":"mksp1","pname":"server-daemon","file":{"name":"base.py","line":885}}
{"time":"2024-02-06T08:36:56.987Z","msg":"Added job \"readiness\" to job store \"default\"","pid":1,"tid":140418853228800,"pri":"INFO","tname":"MainThread","subsys":"apscheduler.scheduler","host":"mksp1","pname":"server-daemon","file":{"name":"base.py","line":885}}
{"time":"2024-02-06T08:36:56.987Z","msg":"Added job \"readiness\" to job store \"default\"","pid":1,"tid":140418853228800,"pri":"INFO","tname":"MainThread","subsys":"apscheduler.scheduler","host":"mksp1","pname":"server-daemon","file":{"name":"base.py","line":885}}
{"time":"2024-02-06T08:36:56.987Z","msg":"Scheduler started","pid":1,"tid":140418853228800,"pri":"INFO","tname":"MainThread","subsys":"apscheduler.scheduler","host":"mksp1","pname":"server-daemon","file":{"name":"base.py","line":171}}
{"time":"2024-02-06T08:36:56.988Z","msg":"Removed job 65051bf85d624f8da23ec6dc5903c778","pid":1,"tid":140418427635456,"pri":"INFO","tname":"APScheduler","subsys":"apscheduler.scheduler","host":"mksp1","pname":"server-daemon","file":{"name":"base.py","line":631}}
{"time":"2024-02-06T08:36:56.989Z","msg":"Removed job d8e69cd1e4d84e328b08f845e2810f12","pid":1,"tid":140418427635456,"pri":"INFO","tname":"APScheduler","subsys":"apscheduler.scheduler","host":"mksp1","pname":"server-daemon","file":{"name":"base.py","line":631}}
{"time":"2024-02-06T08:36:56.989Z","msg":"Removed job da57cfd8d0814c49b0d938c3c2061436","pid":1,"tid":140418427635456,"pri":"INFO","tname":"APScheduler","subsys":"apscheduler.scheduler","host":"mksp1","pname":"server-daemon","file":{"name":"base.py","line":631}}
{"time":"2024-02-06T13:29:09.000Z","host":"mksp1","pname":"server-daemon","msg":"updating ip_address in section general with value 10.69.8.31","pri":"INFO"}
{"time":"2024-02-06T13:29:09.000Z","host":"mksp1","pname":"server-daemon","msg":"updating identifier in section general with value mksp1","pri":"INFO"}
{"time":"2024-02-06T13:29:09.000Z","host":"mksp1","pname":"server-daemon","msg":"updating statistics in section features with value True","pri":"INFO"}
{"time":"2024-02-06T13:29:09.000Z","host":"mksp1","pname":"server-daemon","msg":"updating readiness in section features with value True","pri":"INFO"}
{"time":"2024-02-06T13:29:09.000Z","host":"mksp1","pname":"server-daemon","msg":"updating register_on_startup in section features with value False","pri":"INFO"}
{"time":"2024-02-06T13:29:09.000Z","host":"mksp1","pname":"server-daemon","msg":"updating software in section features with value False","pri":"INFO"}
{"time":"2024-02-06T13:29:09.000Z","host":"mksp1","pname":"server-daemon","msg":"updating url in section database with value mongodb://10.69.8.31:27017,10.69.8.32:27017/envivioCluster?replicaSet=repldb","pri":"INFO"}
{"time":"2024-02-06T13:29:09.000Z","host":"mksp1","pname":"server-daemon","msg":"updating interval.statistics in section time with value 60","pri":"INFO"}
{"time":"2024-02-06T13:29:09.000Z","host":"mksp1","pname":"server-daemon","msg":"updating psu_strategy in section statistics_config with value ","pri":"INFO"}
{"time":"2024-02-06T13:29:09.000Z","host":"mksp1","pname":"server-daemon","msg":"updating retries in section register with value 600","pri":"INFO"}
{"time":"2024-02-06T13:29:09.000Z","host":"mksp1","pname":"server-daemon","msg":"updating http_timeout in section register with value 5","pri":"INFO"}
{"time":"2024-02-06T13:29:09.000Z","host":"mksp1","pname":"server-daemon","msg":"updating server_timeout in section register with value 10","pri":"INFO"}
{"time":"2024-02-06T13:29:09.000Z","host":"mksp1","pname":"server-daemon","msg":"updating can_be_deleted in section register with value true","pri":"INFO"}
{"time":"2024-02-06T13:29:09.000Z","host":"mksp1","pname":"server-daemon","msg":"updating can_be_rebooted in section register with value false","pri":"INFO"}
{"time":"2024-02-06T13:29:09.000Z","host":"mksp1","pname":"server-daemon","msg":"updating hide_server in section register with value false","pri":"INFO"}
{"time":"2024-02-06T13:29:09.000Z","host":"mksp1","pname":"server-daemon","msg":"updating processing_types in section register with value None","pri":"INFO"}
{"time":"2024-02-06T13:29:09.000Z","host":"mksp1","pname":"server-daemon","msg":"updating support_package_url in section register with value None","pri":"INFO"}
{"time":"2024-02-06T13:29:09.000Z","host":"mksp1","pname":"server-daemon","msg":"updating server_api_url in section register with value http://serverapi.docker:8001/api/servers","pri":"INFO"}
{"time":"2024-02-06T13:29:09.000Z","host":"mksp1","pname":"server-daemon","msg":"updating username in section database with value MediaKind","pri":"INFO"}
{"time":"2024-02-06T13:29:09.000Z","host":"mksp1","pname":"server-daemon","msg":"updating password in section database with value Med/aK1nd","pri":"INFO"}
{"time":"2024-02-06T13:29:09.000Z","host":"mksp1","pname":"server-daemon","msg":"updating ready_file_path in section general with value /var/run/ericsson/server-daemon/ready","pri":"INFO"}
{"time":"2024-02-06T13:29:14.683Z","msg":"Configuration: {'database': {'host': 'localhost', 'name': 'envivioCluster', 'port': '27017', 'url': 'mongodb://10.69.8.31:27017,10.69.8.32:27017/envivioCluster?replicaSet=repldb'}, 'features': {'heartbeat': 'True', 'ip_address': 'True', 'readiness': 'True', 'register_on_startup': 'False', 'software': 'False', 'statistics': 'True', 'system': 'True'}, 'general': {'identifier': 'mksp1', 'ip_address': '10.69.8.31', 'ready_file_path': '/var/run/ericsson/server-daemon/ready', 'software': '/opt/ericsson/server-daemon/etc/software.json'}, 'register': {'api_timeout': '5', 'can_be_deleted': 'true', 'can_be_rebooted': 'false', 'hide_server': 'false', 'http_timeout': '5', 'processing_types': 'None', 'retries': '600', 'server_api_url': 'http://serverapi.docker:8001/api/servers', 'server_timeout': '10', 'support_package_url': 'None'}, 'statistics_config': {'psu_i2c_sensor1': 'auto,0x5b,0x79', 'psu_i2c_sensor1_chip_scan': '0x2d,0x0E,0xC5', 'psu_i2c_sensor2': 'auto,0x59,0x79', 'psu_i2c_sensor2_chip_scan': '0x2d,0x0E,0xC5', 'psu_strategy': ''}, 'time': {'interval': '5', 'interval.heartbeat': '3', 'interval.ip_address': '60', 'interval.readiness': '5', 'interval.software': '60', 'interval.statistics': '60', 'interval.system': '60'}}","pid":1,"tid":140343476506880,"pri":"INFO","tname":"MainThread","subsys":"envivio.server.daemon.app","host":"mksp1","pname":"server-daemon","file":{"name":"app.py","line":252}}
{"time":"2024-02-06T13:29:14.689Z","msg":"Call to initialize()","pid":1,"tid":140343476506880,"pri":"INFO","tname":"MainThread","subsys":"envivio.server.daemon.app","host":"mksp1","pname":"server-daemon","file":{"name":"app.py","line":198}}
{"time":"2024-02-06T13:29:14.791Z","msg":"Called get_or_create_server_info for server_id=mksp1","pid":1,"tid":140343476506880,"pri":"INFO","tname":"MainThread","subsys":"envivio.server.daemon.app","host":"mksp1","pname":"server-daemon","file":{"name":"app.py","line":188}}
{"time":"2024-02-06T13:29:15.005Z","msg":"Adding job tentatively -- it will be properly scheduled when the scheduler starts","pid":1,"tid":140343476506880,"pri":"INFO","tname":"MainThread","subsys":"apscheduler.scheduler","host":"mksp1","pname":"server-daemon","file":{"name":"base.py","line":444}}
{"time":"2024-02-06T13:29:15.080Z","msg":"Adding job tentatively -- it will be properly scheduled when the scheduler starts","pid":1,"tid":140343476506880,"pri":"INFO","tname":"MainThread","subsys":"apscheduler.scheduler","host":"mksp1","pname":"server-daemon","file":{"name":"base.py","line":444}}
{"time":"2024-02-06T13:29:15.080Z","msg":"Adding job tentatively -- it will be properly scheduled when the scheduler starts","pid":1,"tid":140343476506880,"pri":"INFO","tname":"MainThread","subsys":"apscheduler.scheduler","host":"mksp1","pname":"server-daemon","file":{"name":"base.py","line":444}}
{"time":"2024-02-06T13:29:15.081Z","msg":"Adding job tentatively -- it will be properly scheduled when the scheduler starts","pid":1,"tid":140343476506880,"pri":"INFO","tname":"MainThread","subsys":"apscheduler.scheduler","host":"mksp1","pname":"server-daemon","file":{"name":"base.py","line":444}}
{"time":"2024-02-06T13:29:15.081Z","msg":"Adding job tentatively -- it will be properly scheduled when the scheduler starts","pid":1,"tid":140343476506880,"pri":"INFO","tname":"MainThread","subsys":"apscheduler.scheduler","host":"mksp1","pname":"server-daemon","file":{"name":"base.py","line":444}}
{"time":"2024-02-06T13:29:15.081Z","msg":"Adding job tentatively -- it will be properly scheduled when the scheduler starts","pid":1,"tid":140343476506880,"pri":"INFO","tname":"MainThread","subsys":"apscheduler.scheduler","host":"mksp1","pname":"server-daemon","file":{"name":"base.py","line":444}}
{"time":"2024-02-06T13:29:15.081Z","msg":"Adding job tentatively -- it will be properly scheduled when the scheduler starts","pid":1,"tid":140343476506880,"pri":"INFO","tname":"MainThread","subsys":"apscheduler.scheduler","host":"mksp1","pname":"server-daemon","file":{"name":"base.py","line":444}}
{"time":"2024-02-06T13:29:15.082Z","msg":"Adding job tentatively -- it will be properly scheduled when the scheduler starts","pid":1,"tid":140343476506880,"pri":"INFO","tname":"MainThread","subsys":"apscheduler.scheduler","host":"mksp1","pname":"server-daemon","file":{"name":"base.py","line":444}}
{"time":"2024-02-06T13:29:15.084Z","msg":"Added job \"heartbeat\" to job store \"default\""{"time":"2024-02-01T20:59:49.000Z","host":"mksp1","pname":"server-daemon","msg":"updating ip_address in section general with value 10.69.8.31","pri":"INFO"}
{"time":"2024-02-01T20:59:49.000Z","host":"mksp1","pname":"server-daemon","msg":"updating identifier in section general with value mksp1","pri":"INFO"}
{"time":"2024-02-01T20:59:49.000Z","host":"mksp1","pname":"server-daemon","msg":"updating statistics in section features with value True","pri":"INFO"}
{"time":"2024-02-01T20:59:49.000Z","host":"mksp1","pname":"server-daemon","msg":"updating readiness in section features with value True","pri":"INFO"}
{"time":"2024-02-01T20:59:49.000Z","host":"mksp1","pname":"server-daemon","msg":"updating register_on_startup in section features with value False","pri":"INFO"}
{"time":"2024-02-01T20:59:49.000Z","host":"mksp1","pname":"server-daemon","msg":"updating software in section features with value False","pri":"INFO"}
{"time":"2024-02-01T20:59:49.000Z","host":"mksp1","pname":"server-daemon","msg":"updating url in section database with value mongodb://10.69.8.31:27017,10.69.8.32:27017/envivioCluster?replicaSet=repldb","pri":"INFO"}
{"time":"2024-02-01T20:59:49.000Z","host":"mksp1","pname":"server-daemon","msg":"updating interval.statistics in section time with value 60","pri":"INFO"}
{"time":"2024-02-01T20:59:49.000Z","host":"mksp1","pname":"server-daemon","msg":"updating psu_strategy in section statistics_config with value ","pri":"INFO"}
{"time":"2024-02-01T20:59:49.000Z","host":"mksp1","pname":"server-daemon","msg":"updating retries in section register with value 600","pri":"INFO"}
{"time":"2024-02-01T20:59:49.000Z","host":"mksp1","pname":"server-daemon","msg":"updating http_timeout in section register with value 5","pri":"INFO"}
{"time":"2024-02-01T20:59:49.000Z","host":"mksp1","pname":"server-daemon","msg":"updating server_timeout in section register with value 10","pri":"INFO"}
{"time":"2024-02-01T20:59:49.000Z","host":"mksp1","pname":"server-daemon","msg":"updating can_be_deleted in section register with value true","pri":"INFO"}
{"time":"2024-02-01T20:59:49.000Z","host":"mksp1","pname":"server-daemon","msg":"updating can_be_rebooted in section register with value false","pri":"INFO"}
{"time":"2024-02-01T20:59:49.000Z","host":"mksp1","pname":"server-daemon","msg":"updating hide_server in section register with value false","pri":"INFO"}
{"time":"2024-02-01T20:59:49.000Z","host":"mksp1","pname":"server-daemon","msg":"updating processing_types in section register with value None","pri":"INFO"}
{"time":"2024-02-01T20:59:49.000Z","host":"mksp1","pname":"server-daemon","msg":"updating support_package_url in section register with value None","pri":"INFO"}
{"time":"2024-02-01T20:59:49.000Z","host":"mksp1","pname":"server-daemon","msg":"updating server_api_url in section register with value http://serverapi.docker:8001/api/servers","pri":"INFO"}
{"time":"2024-02-01T20:59:49.000Z","host":"mksp1","pname":"server-daemon","msg":"updating username in section database with value MediaKind","pri":"INFO"}
{"time":"2024-02-01T20:59:49.000Z","host":"mksp1","pname":"server-daemon","msg":"updating password in section database with value Med/aK1nd","pri":"INFO"}
{"time":"2024-02-01T20:59:49.000Z","host":"mksp1","pname":"server-daemon","msg":"updating ready_file_path in section general with value /var/run/ericsson/server-daemon/ready","pri":"INFO"}
{"time":"2024-02-01T20:59:54.698Z","msg":"Configuration: {'database': {'host': 'localhost', 'name': 'envivioCluster', 'port': '27017', 'url': 'mongodb://10.69.8.31:27017,10.69.8.32:27017/envivioCluster?replicaSet=repldb'}, 'features': {'heartbeat': 'True', 'ip_address': 'True', 'readiness': 'True', 'register_on_startup': 'False', 'software': 'False', 'statistics': 'True', 'system': 'True'}, 'general': {'identifier': 'mksp1', 'ip_address': '10.69.8.31', 'ready_file_path': '/var/run/ericsson/server-daemon/ready', 'software': '/opt/ericsson/server-daemon/etc/software.json'}, 'register': {'api_timeout': '5', 'can_be_deleted': 'true', 'can_be_rebooted': 'false', 'hide_server': 'false', 'http_timeout': '5', 'processing_types': 'None', 'retries': '600', 'server_api_url': 'http://serverapi.docker:8001/api/servers', 'server_timeout': '10', 'support_package_url': 'None'}, 'statistics_config': {'psu_i2c_sensor1': 'auto,0x5b,0x79', 'psu_i2c_sensor1_chip_scan': '0x2d,0x0E,0xC5', 'psu_i2c_sensor2': 'auto,0x59,0x79', 'psu_i2c_sensor2_chip_scan': '0x2d,0x0E,0xC5', 'psu_strategy': ''}, 'time': {'interval': '5', 'interval.heartbeat': '3', 'interval.ip_address': '60', 'interval.readiness': '5', 'interval.software': '60', 'interval.statistics': '60', 'interval.system': '60'}}","pid":1,"tid":140154240635136,"pri":"INFO","tname":"MainThread","subsys":"envivio.server.daemon.app","host":"mksp1","pname":"server-daemon","file":{"name":"app.py","line":252}}
{"time":"2024-02-01T20:59:54.704Z","msg":"Call to initialize()","pid":1,"tid":140154240635136,"pri":"INFO","tname":"MainThread","subsys":"envivio.server.daemon.app","host":"mksp1","pname":"server-daemon","file":{"name":"app.py","line":198}}
{"time":"2024-02-01T20:59:54.790Z","msg":"Called get_or_create_server_info for server_id=mksp1","pid":1,"tid":140154240635136,"pri":"INFO","tname":"MainThread","subsys":"envivio.server.daemon.app","host":"mksp1","pname":"server-daemon","file":{"name":"app.py","line":188}}
{"time":"2024-02-01T20:59:54.993Z","msg":"Adding job tentatively -- it will be properly scheduled when the scheduler starts","pid":1,"tid":140154240635136,"pri":"INFO","tname":"MainThread","subsys":"apscheduler.scheduler","host":"mksp1","pname":"server-daemon","file":{"name":"base.py","line":444}}
{"time":"2024-02-01T20:59:54.996Z","msg":"Adding job tentatively -- it will be properly scheduled when the scheduler starts","pid":1,"tid":140154240635136,"pri":"INFO","tname":"MainThread","subsys":"apscheduler.scheduler","host":"mksp1","pname":"server-daemon","file":{"name":"base.py","line":444}}
{"time":"2024-02-01T20:59:54.996Z","msg":"Adding job tentatively -- it will be properly scheduled when the scheduler starts","pid":1,"tid":140154240635136,"pri":"INFO","tname":"MainThread","subsys":"apscheduler.scheduler","host":"mksp1","pname":"server-daemon","file":{"name":"base.py","line":444}}
{"time":"2024-02-01T20:59:54.996Z","msg":"Adding job tentatively -- it will be properly scheduled when the scheduler starts","pid":1,"tid":140154240635136,"pri":"INFO","tname":"MainThread","subsys":"apscheduler.scheduler","host":"mksp1","pname":"server-daemon","file":{"name":"base.py","line":444}}
{"time":"2024-02-01T20:59:54.997Z","msg":"Adding job tentatively -- it will be properly scheduled when the scheduler starts","pid":1,"tid":140154240635136,"pri":"INFO","tname":"MainThread","subsys":"apscheduler.scheduler","host":"mksp1","pname":"server-daemon","file":{"name":"base.py","line":444}}
{"time":"2024-02-01T20:59:54.997Z","msg":"Adding job tentatively -- it will be properly scheduled when the scheduler starts","pid":1,"tid":140154240635136,"pri":"INFO","tname":"MainThread","subsys":"apscheduler.scheduler","host":"mksp1","pname":"server-daemon","file":{"name":"base.py","line":444}}
{"time":"2024-02-01T20:59:54.997Z","msg":"Adding job tentatively -- it will be properly scheduled when the scheduler starts","pid":1,"tid":140154240635136,"pri":"INFO","tname":"MainThread","subsys":"apscheduler.scheduler","host":"mksp1","pname":"server-daemon","file":{"name":"base.py","line":444}}
{"time":"2024-02-01T20:59:54.997Z","msg":"Adding job tentatively -- it will be properly scheduled when the scheduler starts","pid":1,"tid":140154240635136,"pri":"INFO","tname":"MainThread","subsys":"apscheduler.scheduler","host":"mksp1","pname":"server-daemon","file":{"name":"base.py","line":444}}
{"time":"2024-02-01T20:59:54.999Z","msg":"Added job \"heartbeat\" to job store \"default\"","pid":1,"tid":140154240635136,"pri":"INFO","tname":"MainThread","subsys":"apscheduler.scheduler","host":"mksp1","pname":"server-daemon","file":{"name":"base.py","line":885}}
{"time":"2024-02-01T20:59:54.999Z","msg":"Added job \"ip_address\" to job store \"default\"","pid":1,"tid":140154240635136,"pri":"INFO","tname":"MainThread","subsys":"apscheduler.scheduler","host":"mksp1","pname":"server-daemon","file":{"name":"base.py","line":885}}
{"time":"2024-02-01T20:59:55.000Z","msg":"Added job \"ip_address\" to job store \"default\"","pid":1,"tid":140154240635136,"pri":"INFO","tname":"MainThread","subsys":"apscheduler.scheduler","host":"mksp1","pname":"server-daemon","file":{"name":"base.py","line":885}}
{"time":"2024-02-01T20:59:55.000Z","msg":"Added job \"system\" to job store \"default\"","pid":1,"tid":140154240635136,"pri":"INFO","tname":"MainThread","subsys":"apscheduler.scheduler","host":"mksp1","pname":"server-daemon","file":{"name":"base.py","line":885}}
{"time":"2024-02-01T20:59:55.000Z","msg":"Added job \"statistics\" to job store \"default\"","pid":1,"tid":140154240635136,"pri":"INFO","tname":"MainThread","subsys":"apscheduler.scheduler","host":"mksp1","pname":"server-daemon","file":{"name":"base.py","line":885}}
{"time":"2024-02-01T20:59:55.000Z","msg":"Added job \"statistics\" to job store \"default\"","pid":1,"tid":140154240635136,"pri":"INFO","tname":"MainThread","subsys":"apscheduler.scheduler","host":"mksp1","pname":"server-daemon","file":{"name":"base.py","line":885}}
{"time":"2024-02-01T20:59:55.000Z","msg":"Added job \"readiness\" to job store \"default\"","pid":1,"tid":140154240635136,"pri":"INFO","tname":"MainThread","subsys":"apscheduler.scheduler","host":"mksp1","pname":"server-daemon","file":{"name":"base.py","line":885}}
{"time":"2024-02-01T20:59:55.001Z","msg":"Added job \"readiness\" to job store \"default\"","pid":1,"tid":140154240635136,"pri":"INFO","tname":"MainThread","subsys":"apscheduler.scheduler","host":"mksp1","pname":"server-daemon","file":{"name":"base.py","line":885}}
{"time":"2024-02-01T20:59:55.001Z","msg":"Scheduler started","pid":1,"tid":140154240635136,"pri":"INFO","tname":"MainThread","subsys":"apscheduler.scheduler","host":"mksp1","pname":"server-daemon","file":{"name":"base.py","line":171}}
{"time":"2024-02-01T20:59:55.002Z","msg":"Removed job f6271b48c3c4479ab3fdc330fb891cf8","pid":1,"tid":140153817384704,"pri":"INFO","tname":"APScheduler","subsys":"apscheduler.scheduler","host":"mksp1","pname":"server-daemon","file":{"name":"base.py","line":631}}
{"time":"2024-02-01T20:59:55.003Z","msg":"Removed job 1ee4b9199a4340218cf7a4122010f7d5","pid":1,"tid":140153817384704,"pri":"INFO","tname":"APScheduler","subsys":"apscheduler.scheduler","host":"mksp1","pname":"server-daemon","file":{"name":"base.py","line":631}}
{"time":"2024-02-01T20:59:55.003Z","msg":"Removed job 5608de9978ea486ea77995488dc6e02d","pid":1,"tid":140153817384704,"pri":"INFO","tname":"APScheduler","subsys":"apscheduler.scheduler","host":"mksp1","pname":"server-daemon","file":{"name":"base.py","line":631}}
{"time":"2024-02-04T11:00:06.012Z","msg":"Job \"heartbeat (trigger: interval[0:00:03], next run at: 2024-02-04 11:00:06 UTC)\" raised an exception","pid":1,"tid":140153808992000,"pri":"ERROR","tname":"ThreadPoolExecutor-0_0","subsys":"apscheduler.executors.default","exc_info":"Traceback (most recent call last):\n  File \"/usr/local/lib/python3.9/site-packages/apscheduler/executors/base.py\", line 125, in run_job\n    retval = job.func(*job.args, **job.kwargs)\n  File \"/src/envivio/server/daemon/features.py\", line 46, in heartbeat\n    controller_access.heartbeat(server_id)\n  File \"/usr/local/lib/python3.9/site-packages/enviviocontrib/serverlib/controller.py\", line 63, in heartbeat\n    collection.update_one(\n  File \"/usr/local/lib64/python3.9/site-packages/pymongo/collection.py\", line 1028, in update_one\n    self._update_retryable(\n  File \"/usr/local/lib64/python3.9/site-packages/pymongo/collection.py\", line 877, in _update_retryable\n    return self.__database.client._retryable_write(\n  File \"/usr/local/lib64/python3.9/site-packages/pymongo/mongo_client.py\", line 1552, in _retryable_write\n    return self._retry_with_session(retryable, func, s, None)\n  File \"/usr/local/lib64/python3.9/site-packages/pymongo/mongo_client.py\", line 1438, in _retry_with_session\n    return self._retry_internal(retryable, func, session, bulk)\n  File \"/usr/local/lib64/python3.9/site-packages/pymongo/mongo_client.py\", line 1458, in _retry_internal\n    server = self._select_server(writable_server_selector, session)\n  File \"/usr/local/lib64/python3.9/site-packages/pymongo/mongo_client.py\", line 1346, in _select_server\n    server = topology.select_server(server_selector)\n  File \"/usr/local/lib64/python3.9/site-packages/pymongo/topology.py\", line 244, in select_server\n    return random.choice(self.select_servers(selector,\n  File \"/usr/local/lib64/python3.9/site-packages/pymongo/topology.py\", line 202, in select_servers\n    server_descriptions = self._select_servers_loop(\n  File \"/usr/local/lib64/python3.9/site-packages/pymongo/topology.py\", line 218, in _select_servers_loop\n    raise ServerSelectionTimeoutError(\npymongo.errors.ServerSelectionTimeoutError: No primary available for writes, Timeout: 2.0s, Topology Description: <TopologyDescription id: 65bc064a30ecfaed524944fb, topology_type: ReplicaSetNoPrimary, servers: [<ServerDescription ('10.69.8.201', 27018) server_type: Unknown, rtt: None, error=AutoReconnect('10.69.8.201:27018: [Errno 111] Connection refused')>, <ServerDescription ('10.69.8.31', 27017) server_type: RSSecondary, rtt: 0.0003585696441414416>, <ServerDescription ('10.69.8.32', 27017) server_type: Unknown, rtt: None, error=AutoReconnect('10.69.8.32:27017: [Errno 111] Connection refused')>]>","host":"mksp1","pname":"server-daemon","file":{"name":"base.py","line":131}}
{"time":"2024-02-04T11:00:07.012Z","msg":"Readiness: Could not contact MongoDB","pid":1,"tid":140153305691904,"pri":"ERROR","tname":"ThreadPoolExecutor-0_3","subsys":"envivio.server.daemon.readiness","host":"mksp1","pname":"server-daemon","file":{"name":"readiness.py","line":20}}
{"time":"2024-02-06T08:36:51.000Z","host":"mksp1","pname":"server-daemon","msg":"updating ip_address in section general with value 10.69.8.31","pri":"INFO"}
{"time":"2024-02-06T08:36:51.000Z","host":"mksp1","pname":"server-daemon","msg":"updating identifier in section general with value mksp1","pri":"INFO"}
{"time":"2024-02-06T08:36:51.000Z","host":"mksp1","pname":"server-daemon","msg":"updating statistics in section features with value True","pri":"INFO"}
{"time":"2024-02-06T08:36:51.000Z","host":"mksp1","pname":"server-daemon","msg":"updating readiness in section features with value True","pri":"INFO"}
{"time":"2024-02-06T08:36:51.000Z","host":"mksp1","pname":"server-daemon","msg":"updating register_on_startup in section features with value False","pri":"INFO"}
{"time":"2024-02-06T08:36:51.000Z","host":"mksp1","pname":"server-daemon","msg":"updating software in section features with value False","pri":"INFO"}
{"time":"2024-02-06T08:36:51.000Z","host":"mksp1","pname":"server-daemon","msg":"updating url in section database with value mongodb://10.69.8.31:27017,10.69.8.32:27017/envivioCluster?replicaSet=repldb","pri":"INFO"}
{"time":"2024-02-06T08:36:51.000Z","host":"mksp1","pname":"server-daemon","msg":"updating interval.statistics in section time with value 60","pri":"INFO"}
{"time":"2024-02-06T08:36:51.000Z","host":"mksp1","pname":"server-daemon","msg":"updating psu_strategy in section statistics_config with value ","pri":"INFO"}
{"time":"2024-02-06T08:36:51.000Z","host":"mksp1","pname":"server-daemon","msg":"updating retries in section register with value 600","pri":"INFO"}
{"time":"2024-02-06T08:36:51.000Z","host":"mksp1","pname":"server-daemon","msg":"updating http_timeout in section register with value 5","pri":"INFO"}
{"time":"2024-02-06T08:36:51.000Z","host":"mksp1","pname":"server-daemon","msg":"updating server_timeout in section register with value 10","pri":"INFO"}
{"time":"2024-02-06T08:36:51.000Z","host":"mksp1","pname":"server-daemon","msg":"updating can_be_deleted in section register with value true","pri":"INFO"}
{"time":"2024-02-06T08:36:51.000Z","host":"mksp1","pname":"server-daemon","msg":"updating can_be_rebooted in section register with value false","pri":"INFO"}
{"time":"2024-02-06T08:36:51.000Z","host":"mksp1","pname":"server-daemon","msg":"updating hide_server in section register with value ,"pid":1,"tid":140343476506880,"pri":"INFO","tname":"MainThread","subsys":"apscheduler.scheduler","host":"mksp1","pname":"server-daemon","file":{"name":"base.py","line":885}}
{"time":"2024-02-06T13:29:15.084Z","msg":"Added job \"ip_address\" to job store \"default\"","pid":1,"tid":140343476506880,"pri":"INFO","tname":"MainThread","subsys":"apscheduler.scheduler","host":"mksp1","pname":"server-daemon","file":{"name":"base.py","line":885}}
{"time":"2024-02-06T13:29:15.084Z","msg":"Added job \"ip_address\" to job store \"default\"","pid":1,"tid":140343476506880,"pri":"INFO","tname":"MainThread","subsys":"apscheduler.scheduler","host":"mksp1","pname":"server-daemon","file":{"name":"base.py","line":885}}
{"time":"2024-02-06T13:29:15.084Z","msg":"Added job \"system\" to job store \"default\"","pid":1,"tid":140343476506880,"pri":"INFO","tname":"MainThread","subsys":"apscheduler.scheduler","host":"mksp1","pname":"server-daemon","file":{"name":"base.py","line":885}}
{"time":"2024-02-06T13:29:15.084Z","msg":"Added job \"statistics\" to job store \"default\"","pid":1,"tid":140343476506880,"pri":"INFO","tname":"MainThread","subsys":"apscheduler.scheduler","host":"mksp1","pname":"server-daemon","file":{"name":"base.py","line":885}}
{"time":"2024-02-06T13:29:15.084Z","msg":"Added job \"statistics\" to job store \"default\"","pid":1,"tid":140343476506880,"pri":"INFO","tname":"MainThread","subsys":"apscheduler.scheduler","host":"mksp1","pname":"server-daemon","file":{"name":"base.py","line":885}}
{"time":"2024-02-06T13:29:15.085Z","msg":"Added job \"readiness\" to job store \"default\"","pid":1,"tid":140343476506880,"pri":"INFO","tname":"MainThread","subsys":"apscheduler.scheduler","host":"mksp1","pname":"server-daemon","file":{"name":"base.py","line":885}}
{"time":"2024-02-06T13:29:15.085Z","msg":"Added job \"readiness\" to job store \"default\"","pid":1,"tid":140343476506880,"pri":"INFO","tname":"MainThread","subsys":"apscheduler.scheduler","host":"mksp1","pname":"server-daemon","file":{"name":"base.py","line":885}}
{"time":"2024-02-06T13:29:15.085Z","msg":"Scheduler started","pid":1,"tid":140343476506880,"pri":"INFO","tname":"MainThread","subsys":"apscheduler.scheduler","host":"mksp1","pname":"server-daemon","file":{"name":"base.py","line":171}}
{"time":"2024-02-06T13:29:15.086Z","msg":"Removed job c7f0790b4e554064a86daa3c111e19e5","pid":1,"tid":140343181813504,"pri":"INFO","tname":"APScheduler","subsys":"apscheduler.scheduler","host":"mksp1","pname":"server-daemon","file":{"name":"base.py","line":631}}
{"time":"2024-02-06T13:29:15.087Z","msg":"Removed job 119621f4dd41434e996399badb665700","pid":1,"tid":140343181813504,"pri":"INFO","tname":"APScheduler","subsys":"apscheduler.scheduler","host":"mksp1","pname":"server-daemon","file":{"name":"base.py","line":631}}
{"time":"2024-02-06T13:29:15.088Z","msg":"Removed job ecc769fd80884fbdace4fd7e7bec2f9f","pid":1,"tid":140343181813504,"pri":"INFO","tname":"APScheduler","subsys":"apscheduler.scheduler","host":"mksp1","pname":"server-daemon","file":{"name":"base.py","line":631}}
