Writing /var/install/multiplexer-20.0.3-29/asi-driver/last_configure.sh
*** Files: copy-asi-config ***
Files copy-asi-config completed successfully
*** Script: install-asi-config ***
Script install-asi-config completed successfully
*** Script: remove-container-driver ***
Dependencies resolved.
================================================================================
 Package                   Arch     Version         Repository             Size
================================================================================
Removing:
 mediakind-reboot-daemon   noarch   1.0.0-2.el8     @reboot-daemon_repo   2.0 k

Transaction Summary
================================================================================
Remove  1 Package

Freed space: 2.0 k
Running transaction check
Transaction check succeeded.
Running transaction test
Transaction test succeeded.
Running transaction
  Preparing        :                                                        1/1 
  Running scriptlet: mediakind-reboot-daemon-1.0.0-2.el8.noarch             1/1 
Removed /etc/systemd/system/multi-user.target.wants/mediakind-reboot-daemon-listener.service.

  Erasing          : mediakind-reboot-daemon-1.0.0-2.el8.noarch             1/1 
  Running scriptlet: mediakind-reboot-daemon-1.0.0-2.el8.noarch             1/1 
  Verifying        : mediakind-reboot-daemon-1.0.0-2.el8.noarch             1/1 

Removed:
  mediakind-reboot-daemon-1.0.0-2.el8.noarch                                    

Complete!
Script remove-container-driver completed successfully
*** Script: prepare-drivers-location ***
Script prepare-drivers-location completed successfully
*** Files: driver-packages ***
Files driver-packages completed successfully
*** Script: install-deltacast-dektec ***
Dependencies resolved.
================================================================================
 Package                     Arch     Version              Repository      Size
================================================================================
Installing:
 dektec-driver-DtPcie        x86_64   2022.06.0-4.el8      @commandline    11 M
 deltacast-x300              x86_64   6.10-17.el8          @commandline    70 M
 mediakind-dektec-firmware   x86_64   1.0.3-12.el7         @commandline    29 M

Transaction Summary
================================================================================
Install  3 Packages

Total size: 109 M
Installed size: 426 M
Downloading Packages:
Running transaction check
Transaction check succeeded.
Running transaction test
Transaction test succeeded.
Running transaction
  Preparing        :                                                        1/1 
  Running scriptlet: mediakind-dektec-firmware-1.0.3-12.el7.x86_64          1/3 
Failed to stop firmware-upgrade.service: Unit firmware-upgrade.service not loaded.
Failed to stop firmware-on-shutdown.service: Unit firmware-on-shutdown.service not loaded.

  Installing       : mediakind-dektec-firmware-1.0.3-12.el7.x86_64          1/3 
  Running scriptlet: mediakind-dektec-firmware-1.0.3-12.el7.x86_64          1/3 
Created symlink /etc/systemd/system/multi-user.target.wants/firmware-upgrade.service → /usr/lib/systemd/system/firmware-upgrade.service.
Created symlink /etc/systemd/system/multi-user.target.wants/firmware-on-shutdown.service → /usr/lib/systemd/system/firmware-on-shutdown.service.

  Running scriptlet: deltacast-x300-6.10-17.el8.x86_64                      2/3 
  Installing       : deltacast-x300-6.10-17.el8.x86_64                      2/3 
  Running scriptlet: deltacast-x300-6.10-17.el8.x86_64                      2/3 
  Installing       : dektec-driver-DtPcie-2022.06.0-4.el8.x86_64            3/3 
  Running scriptlet: dektec-driver-DtPcie-2022.06.0-4.el8.x86_64            3/3 
  Running scriptlet: mediakind-dektec-firmware-1.0.3-12.el7.x86_64          3/3 
  Running scriptlet: deltacast-x300-6.10-17.el8.x86_64                      3/3 
  Running scriptlet: dektec-driver-DtPcie-2022.06.0-4.el8.x86_64            3/3 
  Verifying        : dektec-driver-DtPcie-2022.06.0-4.el8.x86_64            1/3 
  Verifying        : deltacast-x300-6.10-17.el8.x86_64                      2/3 
  Verifying        : mediakind-dektec-firmware-1.0.3-12.el7.x86_64          3/3 

Installed:
  dektec-driver-DtPcie-2022.06.0-4.el8.x86_64                                   
  deltacast-x300-6.10-17.el8.x86_64                                             
  mediakind-dektec-firmware-1.0.3-12.el7.x86_64                                 

Complete!
Script install-deltacast-dektec completed successfully
*** Script: load-deltacast-x300-driver ***
Script load-deltacast-x300-driver completed successfully
*** Script: dektec-firmware ***
1
Script dektec-firmware completed successfully
*** Script: restart_sp ***
Script restart_sp completed successfully
