*******************************************
Thu May 12 15:28:28 KST 2022 - configure_sp
setfacl: /var/opt/envivio: No such file or directory
setfacl: /etc/opt/envivio: No such file or directory
setfacl: /var/opt/mfvp: No such file or directory
setfacl: /etc/opt/mfvp: No such file or directory
find: ‘/opt/mfvp/’: No such file or directory
*******************************************
Thu May 12 15:43:19 KST 2022 - configure_sp
setfacl: /var/opt/envivio: No such file or directory
setfacl: /etc/opt/envivio: No such file or directory
setfacl: /var/opt/mfvp: No such file or directory
setfacl: /etc/opt/mfvp: No such file or directory
*******************************************
Thu May 12 15:52:36 KST 2022 - configure_sp
setfacl: /var/opt/envivio: No such file or directory
setfacl: /etc/opt/envivio: No such file or directory
setfacl: /var/opt/mfvp: No such file or directory
setfacl: /etc/opt/mfvp: No such file or directory
*******************************************
Thu May 12 15:59:04 KST 2022 - configure_sp
setfacl: /var/opt/envivio: No such file or directory
setfacl: /etc/opt/envivio: No such file or directory
setfacl: /var/opt/mfvp: No such file or directory
setfacl: /etc/opt/mfvp: No such file or directory
*******************************************
Thu May 12 16:08:35 KST 2022 - configure_sp
setfacl: /var/opt/envivio: No such file or directory
setfacl: /etc/opt/envivio: No such file or directory
setfacl: /var/opt/mfvp: No such file or directory
setfacl: /etc/opt/mfvp: No such file or directory
*******************************************
Fri May 13 11:38:35 KST 2022 - configure_sp
setfacl: /var/opt/envivio: No such file or directory
setfacl: /etc/opt/envivio: No such file or directory
setfacl: /var/opt/mfvp: No such file or directory
setfacl: /etc/opt/mfvp: No such file or directory
*******************************************
Tue Jul 12 18:56:05 KST 2022 - configure_sp
setfacl: /var/opt/envivio: No such file or directory
setfacl: /etc/opt/envivio: No such file or directory
setfacl: /var/opt/mfvp: No such file or directory
setfacl: /etc/opt/mfvp: No such file or directory
*******************************************
Tue Jul 12 19:33:51 KST 2022 - configure_sp
setfacl: /var/opt/envivio: No such file or directory
setfacl: /etc/opt/envivio: No such file or directory
setfacl: /var/opt/mfvp: No such file or directory
setfacl: /etc/opt/mfvp: No such file or directory
*******************************************
Tue Jul 12 19:42:22 KST 2022 - configure_sp
setfacl: /var/opt/envivio: No such file or directory
setfacl: /etc/opt/envivio: No such file or directory
setfacl: /var/opt/mfvp: No such file or directory
setfacl: /etc/opt/mfvp: No such file or directory
*******************************************
Tue Jul 12 19:48:46 KST 2022 - configure_sp
setfacl: /var/opt/envivio: No such file or directory
setfacl: /etc/opt/envivio: No such file or directory
setfacl: /var/opt/mfvp: No such file or directory
setfacl: /etc/opt/mfvp: No such file or directory
*******************************************
Tue Aug  8 00:27:27 KST 2023 - configure_sp
setfacl: /var/opt/envivio: No such file or directory
setfacl: /etc/opt/envivio: No such file or directory
setfacl: /var/opt/mfvp: No such file or directory
setfacl: /etc/opt/mfvp: No such file or directory
*******************************************
Tue Aug  8 00:51:32 KST 2023 - configure_sp
setfacl: /var/opt/envivio: No such file or directory
setfacl: /etc/opt/envivio: No such file or directory
setfacl: /var/opt/mfvp: No such file or directory
setfacl: /etc/opt/mfvp: No such file or directory
